#
# A fatal error has been detected by the Java Runtime Environment:
#
#  SIGSEGV (0xb) at pc=0x0000000132ae08f9, pid=8472, tid=6147
#
# JRE version: OpenJDK Runtime Environment Temurin-17.0.4.1+1 (17.0.4.1+1) (build 17.0.4.1+1)
# Java VM: OpenJDK 64-Bit Server VM Temurin-17.0.4.1+1 (17.0.4.1+1, mixed mode, tiered, compressed oops, compressed class ptrs, g1 gc, bsd-amd64)
# Problematic frame:
# C  [libopencv_java455.dylib+0xc8f9]  Java_org_opencv_core_Mat_nPutD+0x129
#
# No core dump will be written. Core dumps have been disabled. To enable core dumping, try "ulimit -c unlimited" before starting Java again
#
# If you would like to submit a bug report, please visit:
#   https://github.com/adoptium/adoptium-support/issues
# The crash happened outside the Java Virtual Machine in native code.
# See problematic frame for where to report the bug.
#

---------------  S U M M A R Y ------------

Command Line: -Dfile.encoding=UTF-8 -XX:+ShowCodeDetailsInExceptionMessages edu.uh.compsci.eastonmark.jeremy.biovision.BioVision /Users/jreastonmarks/Downloads/haarcascade_car.xml /Users/jreastonmarks/Downloads/videoplayback.mp4

Host: "MacBookPro11,4" x86_64 2200 MHz, 8 cores, 16G, Darwin 21.6.0, macOS 10.16 (21G115)
Time: Thu Nov  3 21:26:25 2022 CDT elapsed time: 3.040131 seconds (0d 0h 0m 3s)

---------------  T H R E A D  ---------------

Current thread (0x00007fdb2100e000):  JavaThread "main" [_thread_in_native, id=6147, stack(0x000070000baa3000,0x000070000bba3000)]

Stack: [0x000070000baa3000,0x000070000bba3000],  sp=0x000070000bba2700,  free space=1021k
Native frames: (J=compiled Java code, j=interpreted, Vv=VM code, C=native code)
C  [libopencv_java455.dylib+0xc8f9]  Java_org_opencv_core_Mat_nPutD+0x129
J 510  org.opencv.core.Mat.nPutD(JIII[D)I (0 bytes) @ 0x000000011aff2e07 [0x000000011aff2d20+0x00000000000000e7]
J 514 c2 org.opencv.core.Mat.put(II[D)I (88 bytes) @ 0x000000011aff3930 [0x000000011aff38a0+0x0000000000000090]
J 517 c1 edu.uh.compsci.eastonmark.jeremy.biovision.BioVision.singleStreamParse(Lorg/opencv/core/Mat;II)Lorg/opencv/core/Mat; (869 bytes) @ 0x0000000113b390e4 [0x0000000113b381a0+0x0000000000000f44]
j  edu.uh.compsci.eastonmark.jeremy.biovision.BioVision.detectAndDisplay(Lorg/opencv/core/Mat;)V+41
j  edu.uh.compsci.eastonmark.jeremy.biovision.BioVision.run(Ljava/lang/String;Ljava/lang/String;)V+127
j  edu.uh.compsci.eastonmark.jeremy.biovision.BioVision.main([Ljava/lang/String;)V+20
v  ~StubRoutines::call_stub
V  [libjvm.dylib+0x51bc86]  _ZN9JavaCalls11call_helperEP9JavaValueRK12methodHandleP17JavaCallArgumentsP10JavaThread+0x2b6
V  [libjvm.dylib+0x57f048]  _ZL17jni_invoke_staticP7JNIEnv_P9JavaValueP8_jobject11JNICallTypeP10_jmethodIDP18JNI_ArgumentPusherP10JavaThread+0x158
V  [libjvm.dylib+0x582598]  jni_CallStaticVoidMethod+0x198
C  [libjli.dylib+0x4fcd]  JavaMain+0xc1d
C  [libjli.dylib+0x7699]  ThreadJavaMain+0x9
C  [libsystem_pthread.dylib+0x64e1]  _pthread_start+0x7d
C  [libsystem_pthread.dylib+0x1f6b]  thread_start+0xf

Java frames: (J=compiled Java code, j=interpreted, Vv=VM code)
J 510  org.opencv.core.Mat.nPutD(JIII[D)I (0 bytes) @ 0x000000011aff2d8a [0x000000011aff2d20+0x000000000000006a]
J 514 c2 org.opencv.core.Mat.put(II[D)I (88 bytes) @ 0x000000011aff3930 [0x000000011aff38a0+0x0000000000000090]
J 517 c1 edu.uh.compsci.eastonmark.jeremy.biovision.BioVision.singleStreamParse(Lorg/opencv/core/Mat;II)Lorg/opencv/core/Mat; (869 bytes) @ 0x0000000113b390e4 [0x0000000113b381a0+0x0000000000000f44]
j  edu.uh.compsci.eastonmark.jeremy.biovision.BioVision.detectAndDisplay(Lorg/opencv/core/Mat;)V+41
j  edu.uh.compsci.eastonmark.jeremy.biovision.BioVision.run(Ljava/lang/String;Ljava/lang/String;)V+127
j  edu.uh.compsci.eastonmark.jeremy.biovision.BioVision.main([Ljava/lang/String;)V+20
v  ~StubRoutines::call_stub

siginfo: si_signo: 11 (SIGSEGV), si_code: 1 (SEGV_MAPERR), si_addr: 0x00007fdb26be7f0c

Register to memory mapping:

RAX=0x0 is NULL
RBX=0x00000000000000d8 is an unknown value
RCX=0x0000000000000003 is an unknown value
RDX=0x0 is NULL
RSP=0x000070000bba2700 is pointing into the stack for thread: 0x00007fdb2100e000
RBP=0x000070000bba2780 is pointing into the stack for thread: 0x00007fdb2100e000
RSI=0x0 is NULL
RDI=0x0000000042ff4010 is an unknown value
R8 =0x00007fdb26be7f0c is an unknown value
R9 =0x000000070ecb1158 points into unknown readable memory: 0x0000000000000000 | 00 00 00 00 00 00 00 00
R10=0xffffffffffffff04 is an unknown value
R11=0x0000000000000003 is an unknown value
R12=0x0000000000000003 is an unknown value
R13=0x0000000132ae1564: Java_org_opencv_core_Mat_nPutD+0xd94 in /private/var/folders/_p/m6x4kgz57tl496mjv9yzmr3m0000gn/T/opencv_openpnp13068978601614840657/nu/pattern/opencv/osx/x86_64/libopencv_java455.dylib at 0x0000000132ad4000
R14=0x0000600003ed1e60 points into unknown readable memory: 0x0000000242ff4010 | 10 40 ff 42 02 00 00 00
R15=0xfffffffffffffe40 is an unknown value


Registers:
RAX=0x0000000000000000, RBX=0x00000000000000d8, RCX=0x0000000000000003, RDX=0x0000000000000000
RSP=0x000070000bba2700, RBP=0x000070000bba2780, RSI=0x0000000000000000, RDI=0x0000000042ff4010
R8 =0x00007fdb26be7f0c, R9 =0x000000070ecb1158, R10=0xffffffffffffff04, R11=0x0000000000000003
R12=0x0000000000000003, R13=0x0000000132ae1564, R14=0x0000600003ed1e60, R15=0xfffffffffffffe40
RIP=0x0000000132ae08f9, EFLAGS=0x0000000000010293, ERR=0x0000000000000006
  TRAPNO=0x000000000000000e

Top of Stack: (sp=0x000070000bba2700)
0x000070000bba2700:   000070000bba2790 0000000132adb060
0x000070000bba2710:   0000000242ff4010 0000000000000000
0x000070000bba2720:   0000000000000000 000000070ecb1158
0x000070000bba2730:   0000000000000000 00007fdb2100e2a8
0x000070000bba2740:   0000000300000000 00000000fffffe40
0x000070000bba2750:   fffffffffffffe40 000000012cc24bb8
0x000070000bba2760:   0000000000000000 0000000000000090
0x000070000bba2770:   000070000bba27c8 00007fdb2100e000
0x000070000bba2780:   000070000bba27e0 000000011aff2e07
0x000070000bba2790:   000070000bba27b8 000000011aff2a5c
0x000070000bba27a0:   0000000000000090 0000000000000000
0x000070000bba27b0:   0000000000000003 000000070ecb1148
0x000070000bba27c0:   000000070ecb1148 000000070da00000
0x000070000bba27d0:   000000070da00000 000000070ecb1038
0x000070000bba27e0:   000000070ecb1038 000000011aff3930
0x000070000bba27f0:   ffffff04fffffe40 000000070ecb1148
0x000070000bba2800:   00000000ffffff04 000000011aff38c0
0x000070000bba2810:   000000070da00000 0000000000000206
0x000070000bba2820:   000070000bba2a20 0000000113b390e4
0x000070000bba2830:   000000010c48c000 00007ff846f86000
0x000070000bba2840:   000070000bba2870 00007ff8056365a4
0x000070000bba2850:   00007ff80563656c 0000000000000060
0x000070000bba2860:   0000000000000001 00007ff846f86000
0x000070000bba2870:   00000000000002d0 0000000000000000
0x000070000bba2880:   00007fdb20704d70 000000011350897d
0x000070000bba2890:   0000000000000000 000000012cc27200
0x000070000bba28a0:   000070000bba28a0 0000000000000000
0x000070000bba28b0:   000070000bba2910 000000012f108bd8
0x000070000bba28c0:   0000000000000000 000000070da00000
0x000070000bba28d0:   0000016800000180 000000070da000d8
0x000070000bba28e0:   000000d800000500 000000070ecb1038
0x000070000bba28f0:   000002d000000280 000000070da00138 

Instructions: (pc=0x0000000132ae08f9)
0x0000000132ae07f9:   00 41 8b 5e 08 29 cb 0f 8e 99 0c 00 00 45 89 c7
0x0000000132ae0809:   41 8b 56 0c 44 39 c2 0f 8e 89 0c 00 00 89 4d c8
0x0000000132ae0819:   48 8b 75 10 0f af d3 44 29 fa 45 8b 26 41 c1 ec
0x0000000132ae0829:   03 41 81 e4 ff 01 00 00 41 ff c4 44 0f af e2 45
0x0000000132ae0839:   39 cc 45 0f 4f e1 48 8b 07 31 d2 48 89 7d b8 ff
0x0000000132ae0849:   90 f0 06 00 00 41 8b 5e 0c 45 85 e4 44 89 65 c4
0x0000000132ae0859:   48 89 45 a8 49 89 c1 0f 8e 07 06 00 00 44 39 fb
0x0000000132ae0869:   0f 8e fe 05 00 00 48 63 45 c8 4d 63 d7 49 89 c7
0x0000000132ae0879:   41 8b 3e 4c 8d 2d e1 0c 00 00 4c 8b 4d a8 8b 45
0x0000000132ae0889:   c4 41 89 c4 4c 89 7d d0 66 2e 0f 1f 84 00 00 00
0x0000000132ae0899:   00 00 0f 1f 44 00 00 89 f8 83 e0 07 83 f8 06 0f
0x0000000132ae08a9:   87 41 02 00 00 49 63 44 85 00 4c 01 e8 ff e0 49
0x0000000132ae08b9:   8b 46 48 48 8b 08 49 0f af cf 4c 8b 40 08 4d 0f
0x0000000132ae08c9:   af c2 49 01 c8 4d 03 46 10 31 d2 31 c0 44 89 e1
0x0000000132ae08d9:   0f 1f 80 00 00 00 00 f2 41 0f 2d 34 c1 85 f6 79
0x0000000132ae08e9:   02 31 f6 81 fe ff 00 00 00 7c 05 be ff 00 00 00
0x0000000132ae08f9:   41 88 34 00 44 8d 61 ff 41 8b 3e 48 83 c2 f8 83
0x0000000132ae0909:   f9 02 0f 8c db 01 00 00 89 fe c1 ee 03 81 e6 ff
0x0000000132ae0919:   01 00 00 48 89 c3 48 ff c3 44 89 e1 39 f0 48 89
0x0000000132ae0929:   d8 72 b4 e9 bb 01 00 00 49 8b 46 48 48 8b 08 49
0x0000000132ae0939:   0f af cf 48 8b 40 08 49 0f af c2 48 01 c8 49 03
0x0000000132ae0949:   46 10 31 c9 31 db 90 44 89 e6 f2 41 0f 2d 3c d9
0x0000000132ae0959:   89 3c 98 44 8d 66 ff 41 8b 3e 48 83 c1 f8 83 fe
0x0000000132ae0969:   02 7c 18 89 fe c1 ee 03 81 e6 ff 01 00 00 48 89
0x0000000132ae0979:   da 48 ff c2 39 f3 48 89 d3 72 cc 49 29 c9 e9 63
0x0000000132ae0989:   01 00 00 49 8b 46 48 41 89 f8 41 c1 e8 03 41 81
0x0000000132ae0999:   e0 ff 01 00 00 48 8b 08 49 0f af cf 48 8b 50 08
0x0000000132ae09a9:   49 0f af d2 48 01 ca 49 03 56 10 31 db 31 c0 44
0x0000000132ae09b9:   89 e1 0f 1f 44 00 00 f2 41 0f 2d 34 c1 85 f6 79
0x0000000132ae09c9:   02 31 f6 81 fe ff ff 00 00 7c 05 be ff ff 00 00
0x0000000132ae09d9:   66 89 34 42 44 8d 61 ff 48 83 c3 f8 83 f9 02 0f
0x0000000132ae09e9:   8c 84 00 00 00 48 89 c6 48 ff c6 44 89 e1 44 39 


Stack slot to memory mapping:
stack at sp + 0 slots: 0x000070000bba2790 is pointing into the stack for thread: 0x00007fdb2100e000
stack at sp + 1 slots: 0x0000000132adb060: Java_org_opencv_core_Mat_n_1clone+0x40 in /private/var/folders/_p/m6x4kgz57tl496mjv9yzmr3m0000gn/T/opencv_openpnp13068978601614840657/nu/pattern/opencv/osx/x86_64/libopencv_java455.dylib at 0x0000000132ad4000
stack at sp + 2 slots: 0x0000000242ff4010 is an unknown value
stack at sp + 3 slots: 0x0 is NULL
stack at sp + 4 slots: 0x0 is NULL
stack at sp + 5 slots: 0x000000070ecb1158 points into unknown readable memory: 0x0000000000000000 | 00 00 00 00 00 00 00 00
stack at sp + 6 slots: 0x0 is NULL
stack at sp + 7 slots: 0x00007fdb2100e2a8 points into unknown readable memory: 0x000000010e2e9e48 | 48 9e 2e 0e 01 00 00 00


---------------  P R O C E S S  ---------------

Threads class SMR info:
_java_thread_list=0x0000600001a88d20, length=16, elements={
0x00007fdb2100e000, 0x00007fdb24010a00, 0x00007fdb21844800, 0x00007fdb2100c000,
0x00007fdb2100c600, 0x00007fdb21021600, 0x00007fdb21021c00, 0x00007fdb21022200,
0x00007fdb21016c00, 0x00007fdb20808200, 0x00007fdb20832000, 0x00007fdb2401f000,
0x00007fdb25077600, 0x00007fdb25813400, 0x00007fdb218a2000, 0x00007fdb21137800
}

Java Threads: ( => current thread )
=>0x00007fdb2100e000 JavaThread "main" [_thread_in_native, id=6147, stack(0x000070000baa3000,0x000070000bba3000)]
  0x00007fdb24010a00 JavaThread "Reference Handler" daemon [_thread_blocked, id=14851, stack(0x000070000c1b8000,0x000070000c2b8000)]
  0x00007fdb21844800 JavaThread "Finalizer" daemon [_thread_blocked, id=15363, stack(0x000070000c2bb000,0x000070000c3bb000)]
  0x00007fdb2100c000 JavaThread "Signal Dispatcher" daemon [_thread_blocked, id=41987, stack(0x000070000c4c4000,0x000070000c5c4000)]
  0x00007fdb2100c600 JavaThread "Service Thread" daemon [_thread_blocked, id=41731, stack(0x000070000c5c7000,0x000070000c6c7000)]
  0x00007fdb21021600 JavaThread "Monitor Deflation Thread" daemon [_thread_blocked, id=41475, stack(0x000070000c6ca000,0x000070000c7ca000)]
  0x00007fdb21021c00 JavaThread "C2 CompilerThread0" daemon [_thread_in_native, id=23299, stack(0x000070000c7cd000,0x000070000c8cd000)]
  0x00007fdb21022200 JavaThread "C1 CompilerThread0" daemon [_thread_blocked, id=41219, stack(0x000070000c8d0000,0x000070000c9d0000)]
  0x00007fdb21016c00 JavaThread "Sweeper thread" daemon [_thread_blocked, id=23811, stack(0x000070000c9d3000,0x000070000cad3000)]
  0x00007fdb20808200 JavaThread "Notification Thread" daemon [_thread_blocked, id=24323, stack(0x000070000cad6000,0x000070000cbd6000)]
  0x00007fdb20832000 JavaThread "Common-Cleaner" daemon [_thread_blocked, id=24579, stack(0x000070000ccdc000,0x000070000cddc000)]
  0x00007fdb2401f000 JavaThread "AppKit Thread" daemon [_thread_in_native, id=259, stack(0x00007ff7b33ae000,0x00007ff7b3bae000)]
  0x00007fdb25077600 JavaThread "AWT-Shutdown" [_thread_blocked, id=77059, stack(0x000070000d995000,0x000070000da95000)]
  0x00007fdb25813400 JavaThread "Java2D Queue Flusher" daemon [_thread_blocked, id=68099, stack(0x000070000db1b000,0x000070000dc1b000)]
  0x00007fdb218a2000 JavaThread "Java2D Disposer" daemon [_thread_blocked, id=63747, stack(0x000070000dc1e000,0x000070000dd1e000)]
  0x00007fdb21137800 JavaThread "AWT-EventQueue-0" [_thread_in_native, id=88327, stack(0x000070000dd21000,0x000070000de21000)]

Other Threads:
  0x00007fdb207064f0 VMThread "VM Thread" [stack: 0x000070000c0b5000,0x000070000c1b5000] [id=14339]
  0x00007fdb220119b0 WatcherThread [stack: 0x000070000cbd9000,0x000070000ccd9000] [id=40451]
  0x00007fdb22005260 GCTaskThread "GC Thread#0" [stack: 0x000070000bba6000,0x000070000bca6000] [id=12291]
  0x00007fdb22413b80 GCTaskThread "GC Thread#1" [stack: 0x000070000d403000,0x000070000d503000] [id=85783]
  0x00007fdb22414130 GCTaskThread "GC Thread#2" [stack: 0x000070000d506000,0x000070000d606000] [id=44819]
  0x00007fdb24d12b80 GCTaskThread "GC Thread#3" [stack: 0x000070000d609000,0x000070000d709000] [id=85251]
  0x00007fdb223108e0 GCTaskThread "GC Thread#4" [stack: 0x000070000d70c000,0x000070000d80c000] [id=84739]
  0x00007fdb24d12ff0 GCTaskThread "GC Thread#5" [stack: 0x000070000d80f000,0x000070000d90f000] [id=45315]
  0x00007fdb22005900 ConcurrentGCThread "G1 Main Marker" [stack: 0x000070000bca9000,0x000070000bda9000] [id=19459]
  0x00007fdb22404080 ConcurrentGCThread "G1 Conc#0" [stack: 0x000070000bdac000,0x000070000beac000] [id=18691]
  0x00007fdb24d04080 ConcurrentGCThread "G1 Refine#0" [stack: 0x000070000beaf000,0x000070000bfaf000] [id=18179]
  0x00007fdb22306310 ConcurrentGCThread "G1 Service" [stack: 0x000070000bfb2000,0x000070000c0b2000] [id=17923]

Threads with active compile tasks:

VM state: not at safepoint (normal execution)

VM Mutex/Monitor currently owned by a thread: None

Heap address: 0x0000000700000000, size: 4096 MB, Compressed Oops mode: Zero based, Oop shift amount: 3

CDS archive(s) not mapped
Compressed class space mapped at: 0x0000000800000000-0x0000000840000000, reserved size: 1073741824
Narrow klass base: 0x0000000800000000, Narrow klass shift: 0, Narrow klass range: 0x40000000

GC Precious Log:
 CPUs: 8 total, 8 available
 Memory: 16384M
 Large Page Support: Disabled
 NUMA Support: Disabled
 Compressed Oops: Enabled (Zero based)
 Heap Region Size: 2M
 Heap Min Capacity: 8M
 Heap Initial Capacity: 256M
 Heap Max Capacity: 4G
 Pre-touch: Disabled
 Parallel Workers: 8
 Concurrent Workers: 2
 Concurrent Refinement Workers: 8
 Periodic GC: Disabled

Heap:
 garbage-first heap   total 262144K, used 30564K [0x0000000700000000, 0x0000000800000000)
  region size 2048K, 12 young (24576K), 1 survivors (2048K)
 Metaspace       used 15781K, committed 16000K, reserved 1064960K
  class space    used 1559K, committed 1664K, reserved 1048576K

Heap Regions: E=young(eden), S=young(survivor), O=old, HS=humongous(starts), HC=humongous(continues), CS=collection set, F=free, OA=open archive, CA=closed archive, TAMS=top-at-mark-start (previous, next)
|   0|0x0000000700000000, 0x0000000700200000, 0x0000000700200000|100%|HS|  |TAMS 0x0000000700000000, 0x0000000700000000| Complete 
|   1|0x0000000700200000, 0x0000000700400000, 0x0000000700400000|100%|HC|  |TAMS 0x0000000700200000, 0x0000000700200000| Complete 
|   2|0x0000000700400000, 0x0000000700600000, 0x0000000700600000|100%|HS|  |TAMS 0x0000000700400000, 0x0000000700400000| Complete 
|   3|0x0000000700600000, 0x0000000700800000, 0x0000000700800000|100%|HC|  |TAMS 0x0000000700600000, 0x0000000700600000| Complete 
|   4|0x0000000700800000, 0x0000000700800000, 0x0000000700a00000|  0%| F|  |TAMS 0x0000000700800000, 0x0000000700800000| Untracked 
|   5|0x0000000700a00000, 0x0000000700a00000, 0x0000000700c00000|  0%| F|  |TAMS 0x0000000700a00000, 0x0000000700a00000| Untracked 
|   6|0x0000000700c00000, 0x0000000700c00000, 0x0000000700e00000|  0%| F|  |TAMS 0x0000000700c00000, 0x0000000700c00000| Untracked 
|   7|0x0000000700e00000, 0x0000000700e00000, 0x0000000701000000|  0%| F|  |TAMS 0x0000000700e00000, 0x0000000700e00000| Untracked 
|   8|0x0000000701000000, 0x0000000701000000, 0x0000000701200000|  0%| F|  |TAMS 0x0000000701000000, 0x0000000701000000| Untracked 
|   9|0x0000000701200000, 0x0000000701200000, 0x0000000701400000|  0%| F|  |TAMS 0x0000000701200000, 0x0000000701200000| Untracked 
|  10|0x0000000701400000, 0x0000000701400000, 0x0000000701600000|  0%| F|  |TAMS 0x0000000701400000, 0x0000000701400000| Untracked 
|  11|0x0000000701600000, 0x0000000701600000, 0x0000000701800000|  0%| F|  |TAMS 0x0000000701600000, 0x0000000701600000| Untracked 
|  12|0x0000000701800000, 0x0000000701800000, 0x0000000701a00000|  0%| F|  |TAMS 0x0000000701800000, 0x0000000701800000| Untracked 
|  13|0x0000000701a00000, 0x0000000701a00000, 0x0000000701c00000|  0%| F|  |TAMS 0x0000000701a00000, 0x0000000701a00000| Untracked 
|  14|0x0000000701c00000, 0x0000000701c00000, 0x0000000701e00000|  0%| F|  |TAMS 0x0000000701c00000, 0x0000000701c00000| Untracked 
|  15|0x0000000701e00000, 0x0000000701e00000, 0x0000000702000000|  0%| F|  |TAMS 0x0000000701e00000, 0x0000000701e00000| Untracked 
|  16|0x0000000702000000, 0x0000000702000000, 0x0000000702200000|  0%| F|  |TAMS 0x0000000702000000, 0x0000000702000000| Untracked 
|  17|0x0000000702200000, 0x0000000702200000, 0x0000000702400000|  0%| F|  |TAMS 0x0000000702200000, 0x0000000702200000| Untracked 
|  18|0x0000000702400000, 0x0000000702400000, 0x0000000702600000|  0%| F|  |TAMS 0x0000000702400000, 0x0000000702400000| Untracked 
|  19|0x0000000702600000, 0x0000000702600000, 0x0000000702800000|  0%| F|  |TAMS 0x0000000702600000, 0x0000000702600000| Untracked 
|  20|0x0000000702800000, 0x0000000702800000, 0x0000000702a00000|  0%| F|  |TAMS 0x0000000702800000, 0x0000000702800000| Untracked 
|  21|0x0000000702a00000, 0x0000000702a00000, 0x0000000702c00000|  0%| F|  |TAMS 0x0000000702a00000, 0x0000000702a00000| Untracked 
|  22|0x0000000702c00000, 0x0000000702c00000, 0x0000000702e00000|  0%| F|  |TAMS 0x0000000702c00000, 0x0000000702c00000| Untracked 
|  23|0x0000000702e00000, 0x0000000702e00000, 0x0000000703000000|  0%| F|  |TAMS 0x0000000702e00000, 0x0000000702e00000| Untracked 
|  24|0x0000000703000000, 0x0000000703000000, 0x0000000703200000|  0%| F|  |TAMS 0x0000000703000000, 0x0000000703000000| Untracked 
|  25|0x0000000703200000, 0x0000000703200000, 0x0000000703400000|  0%| F|  |TAMS 0x0000000703200000, 0x0000000703200000| Untracked 
|  26|0x0000000703400000, 0x0000000703400000, 0x0000000703600000|  0%| F|  |TAMS 0x0000000703400000, 0x0000000703400000| Untracked 
|  27|0x0000000703600000, 0x0000000703600000, 0x0000000703800000|  0%| F|  |TAMS 0x0000000703600000, 0x0000000703600000| Untracked 
|  28|0x0000000703800000, 0x0000000703800000, 0x0000000703a00000|  0%| F|  |TAMS 0x0000000703800000, 0x0000000703800000| Untracked 
|  29|0x0000000703a00000, 0x0000000703a00000, 0x0000000703c00000|  0%| F|  |TAMS 0x0000000703a00000, 0x0000000703a00000| Untracked 
|  30|0x0000000703c00000, 0x0000000703c00000, 0x0000000703e00000|  0%| F|  |TAMS 0x0000000703c00000, 0x0000000703c00000| Untracked 
|  31|0x0000000703e00000, 0x0000000703e00000, 0x0000000704000000|  0%| F|  |TAMS 0x0000000703e00000, 0x0000000703e00000| Untracked 
|  32|0x0000000704000000, 0x0000000704000000, 0x0000000704200000|  0%| F|  |TAMS 0x0000000704000000, 0x0000000704000000| Untracked 
|  33|0x0000000704200000, 0x0000000704200000, 0x0000000704400000|  0%| F|  |TAMS 0x0000000704200000, 0x0000000704200000| Untracked 
|  34|0x0000000704400000, 0x0000000704400000, 0x0000000704600000|  0%| F|  |TAMS 0x0000000704400000, 0x0000000704400000| Untracked 
|  35|0x0000000704600000, 0x0000000704600000, 0x0000000704800000|  0%| F|  |TAMS 0x0000000704600000, 0x0000000704600000| Untracked 
|  36|0x0000000704800000, 0x0000000704800000, 0x0000000704a00000|  0%| F|  |TAMS 0x0000000704800000, 0x0000000704800000| Untracked 
|  37|0x0000000704a00000, 0x0000000704a00000, 0x0000000704c00000|  0%| F|  |TAMS 0x0000000704a00000, 0x0000000704a00000| Untracked 
|  38|0x0000000704c00000, 0x0000000704c00000, 0x0000000704e00000|  0%| F|  |TAMS 0x0000000704c00000, 0x0000000704c00000| Untracked 
|  39|0x0000000704e00000, 0x0000000704e00000, 0x0000000705000000|  0%| F|  |TAMS 0x0000000704e00000, 0x0000000704e00000| Untracked 
|  40|0x0000000705000000, 0x0000000705000000, 0x0000000705200000|  0%| F|  |TAMS 0x0000000705000000, 0x0000000705000000| Untracked 
|  41|0x0000000705200000, 0x0000000705200000, 0x0000000705400000|  0%| F|  |TAMS 0x0000000705200000, 0x0000000705200000| Untracked 
|  42|0x0000000705400000, 0x0000000705400000, 0x0000000705600000|  0%| F|  |TAMS 0x0000000705400000, 0x0000000705400000| Untracked 
|  43|0x0000000705600000, 0x0000000705600000, 0x0000000705800000|  0%| F|  |TAMS 0x0000000705600000, 0x0000000705600000| Untracked 
|  44|0x0000000705800000, 0x0000000705800000, 0x0000000705a00000|  0%| F|  |TAMS 0x0000000705800000, 0x0000000705800000| Untracked 
|  45|0x0000000705a00000, 0x0000000705a00000, 0x0000000705c00000|  0%| F|  |TAMS 0x0000000705a00000, 0x0000000705a00000| Untracked 
|  46|0x0000000705c00000, 0x0000000705c00000, 0x0000000705e00000|  0%| F|  |TAMS 0x0000000705c00000, 0x0000000705c00000| Untracked 
|  47|0x0000000705e00000, 0x0000000705e00000, 0x0000000706000000|  0%| F|  |TAMS 0x0000000705e00000, 0x0000000705e00000| Untracked 
|  48|0x0000000706000000, 0x0000000706000000, 0x0000000706200000|  0%| F|  |TAMS 0x0000000706000000, 0x0000000706000000| Untracked 
|  49|0x0000000706200000, 0x0000000706200000, 0x0000000706400000|  0%| F|  |TAMS 0x0000000706200000, 0x0000000706200000| Untracked 
|  50|0x0000000706400000, 0x0000000706400000, 0x0000000706600000|  0%| F|  |TAMS 0x0000000706400000, 0x0000000706400000| Untracked 
|  51|0x0000000706600000, 0x0000000706600000, 0x0000000706800000|  0%| F|  |TAMS 0x0000000706600000, 0x0000000706600000| Untracked 
|  52|0x0000000706800000, 0x0000000706800000, 0x0000000706a00000|  0%| F|  |TAMS 0x0000000706800000, 0x0000000706800000| Untracked 
|  53|0x0000000706a00000, 0x0000000706a00000, 0x0000000706c00000|  0%| F|  |TAMS 0x0000000706a00000, 0x0000000706a00000| Untracked 
|  54|0x0000000706c00000, 0x0000000706c00000, 0x0000000706e00000|  0%| F|  |TAMS 0x0000000706c00000, 0x0000000706c00000| Untracked 
|  55|0x0000000706e00000, 0x0000000706e00000, 0x0000000707000000|  0%| F|  |TAMS 0x0000000706e00000, 0x0000000706e00000| Untracked 
|  56|0x0000000707000000, 0x0000000707000000, 0x0000000707200000|  0%| F|  |TAMS 0x0000000707000000, 0x0000000707000000| Untracked 
|  57|0x0000000707200000, 0x0000000707200000, 0x0000000707400000|  0%| F|  |TAMS 0x0000000707200000, 0x0000000707200000| Untracked 
|  58|0x0000000707400000, 0x0000000707400000, 0x0000000707600000|  0%| F|  |TAMS 0x0000000707400000, 0x0000000707400000| Untracked 
|  59|0x0000000707600000, 0x0000000707600000, 0x0000000707800000|  0%| F|  |TAMS 0x0000000707600000, 0x0000000707600000| Untracked 
|  60|0x0000000707800000, 0x0000000707800000, 0x0000000707a00000|  0%| F|  |TAMS 0x0000000707800000, 0x0000000707800000| Untracked 
|  61|0x0000000707a00000, 0x0000000707a00000, 0x0000000707c00000|  0%| F|  |TAMS 0x0000000707a00000, 0x0000000707a00000| Untracked 
|  62|0x0000000707c00000, 0x0000000707c00000, 0x0000000707e00000|  0%| F|  |TAMS 0x0000000707c00000, 0x0000000707c00000| Untracked 
|  63|0x0000000707e00000, 0x0000000707e00000, 0x0000000708000000|  0%| F|  |TAMS 0x0000000707e00000, 0x0000000707e00000| Untracked 
|  64|0x0000000708000000, 0x0000000708000000, 0x0000000708200000|  0%| F|  |TAMS 0x0000000708000000, 0x0000000708000000| Untracked 
|  65|0x0000000708200000, 0x0000000708200000, 0x0000000708400000|  0%| F|  |TAMS 0x0000000708200000, 0x0000000708200000| Untracked 
|  66|0x0000000708400000, 0x0000000708400000, 0x0000000708600000|  0%| F|  |TAMS 0x0000000708400000, 0x0000000708400000| Untracked 
|  67|0x0000000708600000, 0x0000000708600000, 0x0000000708800000|  0%| F|  |TAMS 0x0000000708600000, 0x0000000708600000| Untracked 
|  68|0x0000000708800000, 0x0000000708800000, 0x0000000708a00000|  0%| F|  |TAMS 0x0000000708800000, 0x0000000708800000| Untracked 
|  69|0x0000000708a00000, 0x0000000708a00000, 0x0000000708c00000|  0%| F|  |TAMS 0x0000000708a00000, 0x0000000708a00000| Untracked 
|  70|0x0000000708c00000, 0x0000000708c00000, 0x0000000708e00000|  0%| F|  |TAMS 0x0000000708c00000, 0x0000000708c00000| Untracked 
|  71|0x0000000708e00000, 0x0000000708e00000, 0x0000000709000000|  0%| F|  |TAMS 0x0000000708e00000, 0x0000000708e00000| Untracked 
|  72|0x0000000709000000, 0x0000000709000000, 0x0000000709200000|  0%| F|  |TAMS 0x0000000709000000, 0x0000000709000000| Untracked 
|  73|0x0000000709200000, 0x0000000709200000, 0x0000000709400000|  0%| F|  |TAMS 0x0000000709200000, 0x0000000709200000| Untracked 
|  74|0x0000000709400000, 0x0000000709400000, 0x0000000709600000|  0%| F|  |TAMS 0x0000000709400000, 0x0000000709400000| Untracked 
|  75|0x0000000709600000, 0x0000000709600000, 0x0000000709800000|  0%| F|  |TAMS 0x0000000709600000, 0x0000000709600000| Untracked 
|  76|0x0000000709800000, 0x0000000709800000, 0x0000000709a00000|  0%| F|  |TAMS 0x0000000709800000, 0x0000000709800000| Untracked 
|  77|0x0000000709a00000, 0x0000000709a00000, 0x0000000709c00000|  0%| F|  |TAMS 0x0000000709a00000, 0x0000000709a00000| Untracked 
|  78|0x0000000709c00000, 0x0000000709c00000, 0x0000000709e00000|  0%| F|  |TAMS 0x0000000709c00000, 0x0000000709c00000| Untracked 
|  79|0x0000000709e00000, 0x0000000709e00000, 0x000000070a000000|  0%| F|  |TAMS 0x0000000709e00000, 0x0000000709e00000| Untracked 
|  80|0x000000070a000000, 0x000000070a000000, 0x000000070a200000|  0%| F|  |TAMS 0x000000070a000000, 0x000000070a000000| Untracked 
|  81|0x000000070a200000, 0x000000070a200000, 0x000000070a400000|  0%| F|  |TAMS 0x000000070a200000, 0x000000070a200000| Untracked 
|  82|0x000000070a400000, 0x000000070a400000, 0x000000070a600000|  0%| F|  |TAMS 0x000000070a400000, 0x000000070a400000| Untracked 
|  83|0x000000070a600000, 0x000000070a600000, 0x000000070a800000|  0%| F|  |TAMS 0x000000070a600000, 0x000000070a600000| Untracked 
|  84|0x000000070a800000, 0x000000070a800000, 0x000000070aa00000|  0%| F|  |TAMS 0x000000070a800000, 0x000000070a800000| Untracked 
|  85|0x000000070aa00000, 0x000000070aa00000, 0x000000070ac00000|  0%| F|  |TAMS 0x000000070aa00000, 0x000000070aa00000| Untracked 
|  86|0x000000070ac00000, 0x000000070ac00000, 0x000000070ae00000|  0%| F|  |TAMS 0x000000070ac00000, 0x000000070ac00000| Untracked 
|  87|0x000000070ae00000, 0x000000070ae00000, 0x000000070b000000|  0%| F|  |TAMS 0x000000070ae00000, 0x000000070ae00000| Untracked 
|  88|0x000000070b000000, 0x000000070b000000, 0x000000070b200000|  0%| F|  |TAMS 0x000000070b000000, 0x000000070b000000| Untracked 
|  89|0x000000070b200000, 0x000000070b200000, 0x000000070b400000|  0%| F|  |TAMS 0x000000070b200000, 0x000000070b200000| Untracked 
|  90|0x000000070b400000, 0x000000070b400000, 0x000000070b600000|  0%| F|  |TAMS 0x000000070b400000, 0x000000070b400000| Untracked 
|  91|0x000000070b600000, 0x000000070b600000, 0x000000070b800000|  0%| F|  |TAMS 0x000000070b600000, 0x000000070b600000| Untracked 
|  92|0x000000070b800000, 0x000000070b800000, 0x000000070ba00000|  0%| F|  |TAMS 0x000000070b800000, 0x000000070b800000| Untracked 
|  93|0x000000070ba00000, 0x000000070ba00000, 0x000000070bc00000|  0%| F|  |TAMS 0x000000070ba00000, 0x000000070ba00000| Untracked 
|  94|0x000000070bc00000, 0x000000070bc00000, 0x000000070be00000|  0%| F|  |TAMS 0x000000070bc00000, 0x000000070bc00000| Untracked 
|  95|0x000000070be00000, 0x000000070be00000, 0x000000070c000000|  0%| F|  |TAMS 0x000000070be00000, 0x000000070be00000| Untracked 
|  96|0x000000070c000000, 0x000000070c000000, 0x000000070c200000|  0%| F|  |TAMS 0x000000070c000000, 0x000000070c000000| Untracked 
|  97|0x000000070c200000, 0x000000070c200000, 0x000000070c400000|  0%| F|  |TAMS 0x000000070c200000, 0x000000070c200000| Untracked 
|  98|0x000000070c400000, 0x000000070c400000, 0x000000070c600000|  0%| F|  |TAMS 0x000000070c400000, 0x000000070c400000| Untracked 
|  99|0x000000070c600000, 0x000000070c600000, 0x000000070c800000|  0%| F|  |TAMS 0x000000070c600000, 0x000000070c600000| Untracked 
| 100|0x000000070c800000, 0x000000070c800000, 0x000000070ca00000|  0%| F|  |TAMS 0x000000070c800000, 0x000000070c800000| Untracked 
| 101|0x000000070ca00000, 0x000000070ca00000, 0x000000070cc00000|  0%| F|  |TAMS 0x000000070ca00000, 0x000000070ca00000| Untracked 
| 102|0x000000070cc00000, 0x000000070cc00000, 0x000000070ce00000|  0%| F|  |TAMS 0x000000070cc00000, 0x000000070cc00000| Untracked 
| 103|0x000000070ce00000, 0x000000070ce00000, 0x000000070d000000|  0%| F|  |TAMS 0x000000070ce00000, 0x000000070ce00000| Untracked 
| 104|0x000000070d000000, 0x000000070d000000, 0x000000070d200000|  0%| F|  |TAMS 0x000000070d000000, 0x000000070d000000| Untracked 
| 105|0x000000070d200000, 0x000000070d200000, 0x000000070d400000|  0%| F|  |TAMS 0x000000070d200000, 0x000000070d200000| Untracked 
| 106|0x000000070d400000, 0x000000070d400000, 0x000000070d600000|  0%| F|  |TAMS 0x000000070d400000, 0x000000070d400000| Untracked 
| 107|0x000000070d600000, 0x000000070d600000, 0x000000070d800000|  0%| F|  |TAMS 0x000000070d600000, 0x000000070d600000| Untracked 
| 108|0x000000070d800000, 0x000000070d800000, 0x000000070da00000|  0%| F|  |TAMS 0x000000070d800000, 0x000000070d800000| Untracked 
| 109|0x000000070da00000, 0x000000070dbd90e0, 0x000000070dc00000| 92%| S|CS|TAMS 0x000000070da00000, 0x000000070da00000| Complete 
| 110|0x000000070dc00000, 0x000000070dc00000, 0x000000070de00000|  0%| F|  |TAMS 0x000000070dc00000, 0x000000070dc00000| Untracked 
| 111|0x000000070de00000, 0x000000070de00000, 0x000000070e000000|  0%| F|  |TAMS 0x000000070de00000, 0x000000070de00000| Untracked 
| 112|0x000000070e000000, 0x000000070e000000, 0x000000070e200000|  0%| F|  |TAMS 0x000000070e000000, 0x000000070e000000| Untracked 
| 113|0x000000070e200000, 0x000000070e200000, 0x000000070e400000|  0%| F|  |TAMS 0x000000070e200000, 0x000000070e200000| Untracked 
| 114|0x000000070e400000, 0x000000070e400000, 0x000000070e600000|  0%| F|  |TAMS 0x000000070e400000, 0x000000070e400000| Untracked 
| 115|0x000000070e600000, 0x000000070e600000, 0x000000070e800000|  0%| F|  |TAMS 0x000000070e600000, 0x000000070e600000| Untracked 
| 116|0x000000070e800000, 0x000000070e800000, 0x000000070ea00000|  0%| F|  |TAMS 0x000000070e800000, 0x000000070e800000| Untracked 
| 117|0x000000070ea00000, 0x000000070ea00800, 0x000000070ec00000|  0%| E|  |TAMS 0x000000070ea00000, 0x000000070ea00000| Complete 
| 118|0x000000070ec00000, 0x000000070ee00000, 0x000000070ee00000|100%| E|CS|TAMS 0x000000070ec00000, 0x000000070ec00000| Complete 
| 119|0x000000070ee00000, 0x000000070f000000, 0x000000070f000000|100%| E|CS|TAMS 0x000000070ee00000, 0x000000070ee00000| Complete 
| 120|0x000000070f000000, 0x000000070f200000, 0x000000070f200000|100%| E|CS|TAMS 0x000000070f000000, 0x000000070f000000| Complete 
| 121|0x000000070f200000, 0x000000070f400000, 0x000000070f400000|100%| E|CS|TAMS 0x000000070f200000, 0x000000070f200000| Complete 
| 122|0x000000070f400000, 0x000000070f600000, 0x000000070f600000|100%| E|CS|TAMS 0x000000070f400000, 0x000000070f400000| Complete 
| 123|0x000000070f600000, 0x000000070f800000, 0x000000070f800000|100%| E|CS|TAMS 0x000000070f600000, 0x000000070f600000| Complete 
| 124|0x000000070f800000, 0x000000070fa00000, 0x000000070fa00000|100%| E|CS|TAMS 0x000000070f800000, 0x000000070f800000| Complete 
| 125|0x000000070fa00000, 0x000000070fc00000, 0x000000070fc00000|100%| E|CS|TAMS 0x000000070fa00000, 0x000000070fa00000| Complete 
| 126|0x000000070fc00000, 0x000000070fe00000, 0x000000070fe00000|100%| E|CS|TAMS 0x000000070fc00000, 0x000000070fc00000| Complete 
| 127|0x000000070fe00000, 0x0000000710000000, 0x0000000710000000|100%| E|CS|TAMS 0x000000070fe00000, 0x000000070fe00000| Complete 

Card table byte_map: [0x000000010e743000,0x000000010ef43000] _byte_map_base: 0x000000010af43000

Marking Bits (Prev, Next): (CMBitMap*) 0x00007fdb24008210, (CMBitMap*) 0x00007fdb24008250
 Prev Bits: [0x00000001224fb000, 0x00000001264fb000)
 Next Bits: [0x00000001264fb000, 0x000000012a4fb000)

Polling page: 0x000000010c46c000

Metaspace:

Usage:
  Non-class:     13.89 MB used.
      Class:      1.52 MB used.
       Both:     15.41 MB used.

Virtual space:
  Non-class space:       16.00 MB reserved,      14.00 MB ( 88%) committed,  2 nodes.
      Class space:        1.00 GB reserved,       1.62 MB ( <1%) committed,  1 nodes.
             Both:        1.02 GB reserved,      15.62 MB (  2%) committed. 

Chunk freelists:
   Non-Class:  2.06 MB
       Class:  2.25 MB
        Both:  4.30 MB

MaxMetaspaceSize: unlimited
CompressedClassSpaceSize: 1.00 GB
Initial GC threshold: 21.00 MB
Current GC threshold: 21.00 MB
CDS: off
MetaspaceReclaimPolicy: balanced
 - commit_granule_bytes: 65536.
 - commit_granule_words: 8192.
 - virtual_space_node_default_size: 1048576.
 - enlarge_chunks_in_place: 1.
 - new_chunks_are_fully_committed: 0.
 - uncommit_free_chunks: 1.
 - use_allocation_guard: 0.
 - handle_deallocations: 1.


Internal statistics:

num_allocs_failed_limit: 0.
num_arena_births: 136.
num_arena_deaths: 0.
num_vsnodes_births: 3.
num_vsnodes_deaths: 0.
num_space_committed: 250.
num_space_uncommitted: 0.
num_chunks_returned_to_freelist: 0.
num_chunks_taken_from_freelist: 242.
num_chunk_merges: 0.
num_chunk_splits: 128.
num_chunks_enlarged: 41.
num_purges: 0.
num_inconsistent_stats: 0.

CodeHeap 'non-profiled nmethods': size=120028Kb used=325Kb max_used=325Kb free=119702Kb
 bounds [0x000000011afc4000, 0x000000011b234000, 0x00000001224fb000]
CodeHeap 'profiled nmethods': size=120028Kb used=1232Kb max_used=1232Kb free=118795Kb
 bounds [0x0000000113a8d000, 0x0000000113cfd000, 0x000000011afc4000]
CodeHeap 'non-nmethods': size=5704Kb used=1490Kb max_used=1506Kb free=4214Kb
 bounds [0x00000001134fb000, 0x000000011376b000, 0x0000000113a8d000]
 total_blobs=1720 nmethods=826 adapters=808
 compilation: enabled
              stopped_count=0, restarted_count=0
 full_count=0

Compilation events (20 events):
Event: 3.003 Thread 0x00007fdb21021c00  805       4       java.util.Arrays::copyOfRange (64 bytes)
Event: 3.003 Thread 0x00007fdb21022200 nmethod 804 0x0000000113bb9190 code [0x0000000113bb9360, 0x0000000113bb9790]
Event: 3.004 Thread 0x00007fdb21022200  807       3       jdk.internal.org.objectweb.asm.Frame::setLocal (65 bytes)
Event: 3.004 Thread 0x00007fdb21022200 nmethod 807 0x0000000113bb9a10 code [0x0000000113bb9be0, 0x0000000113bba120]
Event: 3.005 Thread 0x00007fdb21021c00 nmethod 805 0x000000011b012b90 code [0x000000011b012d20, 0x000000011b013018]
Event: 3.009 Thread 0x00007fdb21021c00  811       4       java.lang.StringLatin1::newString (24 bytes)
Event: 3.013 Thread 0x00007fdb21021c00 nmethod 811 0x000000011b013490 code [0x000000011b013620, 0x000000011b013a78]
Event: 3.024 Thread 0x00007fdb21022200  812       1       java.awt.Color::getRGB (5 bytes)
Event: 3.024 Thread 0x00007fdb21022200 nmethod 812 0x000000011b013c10 code [0x000000011b013da0, 0x000000011b013e70]
Event: 3.024 Thread 0x00007fdb21022200  813       1       java.util.concurrent.locks.AbstractOwnableSynchronizer::setExclusiveOwnerThread (6 bytes)
Event: 3.024 Thread 0x00007fdb21022200 nmethod 813 0x000000011b013f10 code [0x000000011b0140a0, 0x000000011b0141b0]
Event: 3.034 Thread 0x00007fdb21022200  814       3       java.util.AbstractList::<init> (10 bytes)
Event: 3.034 Thread 0x00007fdb21022200 nmethod 814 0x0000000113bba310 code [0x0000000113bba4c0, 0x0000000113bba690]
Event: 3.034 Thread 0x00007fdb21022200  815       3       java.lang.invoke.LambdaFormEditor$TransformKey::inRange (36 bytes)
Event: 3.035 Thread 0x00007fdb21022200 nmethod 815 0x0000000113bba790 code [0x0000000113bba920, 0x0000000113bbaa70]
Event: 3.035 Thread 0x00007fdb21022200  817       3       java.lang.invoke.ClassSpecializer$SpeciesData::fieldCount (10 bytes)
Event: 3.035 Thread 0x00007fdb21022200 nmethod 817 0x0000000113bbab10 code [0x0000000113bbacc0, 0x0000000113bbaea0]
Event: 3.035 Thread 0x00007fdb21022200  816       3       java.lang.invoke.DirectMethodHandle::preparedLambdaForm (31 bytes)
Event: 3.036 Thread 0x00007fdb21022200 nmethod 816 0x0000000113bbaf90 code [0x0000000113bbb180, 0x0000000113bbb640]
Event: 3.036 Thread 0x00007fdb21022200  818       3       jdk.internal.org.objectweb.asm.ClassReader::<init> (371 bytes)

GC Heap History (4 events):
Event: 2.192 GC heap before
{Heap before GC invocations=0 (full 0):
 garbage-first heap   total 262144K, used 22528K [0x0000000700000000, 0x0000000800000000)
  region size 2048K, 11 young (22528K), 0 survivors (0K)
 Metaspace       used 9749K, committed 9920K, reserved 1064960K
  class space    used 870K, committed 960K, reserved 1048576K
}
Event: 2.196 GC heap after
{Heap after GC invocations=1 (full 0):
 garbage-first heap   total 262144K, used 1839K [0x0000000700000000, 0x0000000800000000)
  region size 2048K, 1 young (2048K), 1 survivors (2048K)
 Metaspace       used 9749K, committed 9920K, reserved 1064960K
  class space    used 870K, committed 960K, reserved 1048576K
}
Event: 2.292 GC heap before
{Heap before GC invocations=1 (full 0):
 garbage-first heap   total 262144K, used 36655K [0x0000000700000000, 0x0000000800000000)
  region size 2048K, 18 young (36864K), 1 survivors (2048K)
 Metaspace       used 9750K, committed 9920K, reserved 1064960K
  class space    used 870K, committed 960K, reserved 1048576K
}
Event: 2.296 GC heap after
{Heap after GC invocations=2 (full 0):
 garbage-first heap   total 262144K, used 1892K [0x0000000700000000, 0x0000000800000000)
  region size 2048K, 1 young (2048K), 1 survivors (2048K)
 Metaspace       used 9750K, committed 9920K, reserved 1064960K
  class space    used 870K, committed 960K, reserved 1048576K
}

Deoptimization events (20 events):
Event: 2.203 Thread 0x00007fdb2100e000 Uncommon trap: trap_request=0xffffff45 fr.pc=0x000000011aff477c relative=0x00000000000006fc
Event: 2.203 Thread 0x00007fdb2100e000 Uncommon trap: reason=unstable_if action=reinterpret pc=0x000000011aff477c method=edu.uh.compsci.eastonmark.jeremy.biovision.BioVision.singleStreamParse(Lorg/opencv/core/Mat;II)Lorg/opencv/core/Mat; @ 309 c2
Event: 2.203 Thread 0x00007fdb2100e000 DEOPT PACKING pc=0x000000011aff477c sp=0x000070000bba2900
Event: 2.203 Thread 0x00007fdb2100e000 DEOPT UNPACKING pc=0x000000011354d099 sp=0x000070000bba28a8 mode 2
Event: 2.247 Thread 0x00007fdb2100e000 DEOPT PACKING pc=0x0000000113b3fbf8 sp=0x000070000bba2770
Event: 2.247 Thread 0x00007fdb2100e000 DEOPT UNPACKING pc=0x000000011354d82f sp=0x000070000bba1d98 mode 0
Event: 2.252 Thread 0x00007fdb2100e000 Uncommon trap: trap_request=0xffffff45 fr.pc=0x000000011aff6104 relative=0x0000000000000cc4
Event: 2.252 Thread 0x00007fdb2100e000 Uncommon trap: reason=unstable_if action=reinterpret pc=0x000000011aff6104 method=edu.uh.compsci.eastonmark.jeremy.biovision.BioVision.singleStreamParse(Lorg/opencv/core/Mat;II)Lorg/opencv/core/Mat; @ 188 c2
Event: 2.252 Thread 0x00007fdb2100e000 DEOPT PACKING pc=0x000000011aff6104 sp=0x000070000bba28d0
Event: 2.252 Thread 0x00007fdb2100e000 DEOPT UNPACKING pc=0x000000011354d099 sp=0x000070000bba28a8 mode 2
Event: 2.323 Thread 0x00007fdb2100e000 DEOPT PACKING pc=0x0000000113b44f78 sp=0x000070000bba2770
Event: 2.323 Thread 0x00007fdb2100e000 DEOPT UNPACKING pc=0x000000011354d82f sp=0x000070000bba1d98 mode 0
Event: 2.335 Thread 0x00007fdb2100e000 Uncommon trap: trap_request=0xffffff45 fr.pc=0x000000011aff9594 relative=0x0000000000001ab4
Event: 2.335 Thread 0x00007fdb2100e000 Uncommon trap: reason=unstable_if action=reinterpret pc=0x000000011aff9594 method=edu.uh.compsci.eastonmark.jeremy.biovision.BioVision.singleStreamParse(Lorg/opencv/core/Mat;II)Lorg/opencv/core/Mat; @ 178 c2
Event: 2.335 Thread 0x00007fdb2100e000 DEOPT PACKING pc=0x000000011aff9594 sp=0x000070000bba28c0
Event: 2.335 Thread 0x00007fdb2100e000 DEOPT UNPACKING pc=0x000000011354d099 sp=0x000070000bba28b0 mode 2
Event: 2.527 Thread 0x00007fdb2100e000 Uncommon trap: trap_request=0xffffff45 fr.pc=0x000000011afe5518 relative=0x00000000000000f8
Event: 2.527 Thread 0x00007fdb2100e000 Uncommon trap: reason=unstable_if action=reinterpret pc=0x000000011afe5518 method=java.lang.ThreadLocal$ThreadLocalMap.getEntry(Ljava/lang/ThreadLocal;)Ljava/lang/ThreadLocal$ThreadLocalMap$Entry; @ 21 c2
Event: 2.527 Thread 0x00007fdb2100e000 DEOPT PACKING pc=0x000000011afe5518 sp=0x000070000bba2080
Event: 2.527 Thread 0x00007fdb2100e000 DEOPT UNPACKING pc=0x000000011354d099 sp=0x000070000bba1fb8 mode 2

Classes unloaded (0 events):
No events

Classes redefined (0 events):
No events

Internal exceptions (20 events):
Event: 2.335 Thread 0x00007fdb2100e000 Implicit null exception at 0x000000011aff874c to 0x000000011aff94f7
Event: 2.510 Thread 0x00007fdb2100e000 Exception <a 'java/lang/ClassNotFoundException'{0x000000070f189760}: sun/awt/resources/spi/awtProvider> (0x000000070f189760) 
thrown [src/hotspot/share/classfile/systemDictionary.cpp, line 256]
Event: 2.517 Thread 0x00007fdb2100e000 Exception <a 'java/io/FileNotFoundException'{0x000000070f190108}> (0x000000070f190108) 
thrown [src/hotspot/share/prims/jni.cpp, line 516]
Event: 2.523 Thread 0x00007fdb2100e000 Exception <a 'java/io/FileNotFoundException'{0x000000070f1bd0f8}> (0x000000070f1bd0f8) 
thrown [src/hotspot/share/prims/jni.cpp, line 516]
Event: 2.527 Thread 0x00007fdb2100e000 Implicit null exception at 0x000000011afe547f to 0x000000011afe5500
Event: 2.548 Thread 0x00007fdb2100e000 Exception <a 'java/lang/ClassNotFoundException'{0x000000070f1e2e48}: sun/awt/resources/spi/awtosxProvider> (0x000000070f1e2e48) 
thrown [src/hotspot/share/classfile/systemDictionary.cpp, line 256]
Event: 2.772 Thread 0x00007fdb2100e000 Exception <a 'java/lang/NoSuchMethodError'{0x000000070ef04c30}: 'void java.lang.invoke.DirectMethodHandle$Holder.invokeStatic(java.lang.Object, java.lang.Object)'> (0x000000070ef04c30) 
thrown [src/hotspot/share/interpreter/linkResolver.cpp, line 759]
Event: 2.819 Thread 0x00007fdb2100e000 Exception <a 'java/lang/NoSuchMethodError'{0x000000070ef41768}: 'void java.lang.invoke.DirectMethodHandle$Holder.invokeStaticInit(java.lang.Object)'> (0x000000070ef41768) 
thrown [src/hotspot/share/interpreter/linkResolver.cpp, line 759]
Event: 2.830 Thread 0x00007fdb2100e000 Exception <a 'java/lang/NoSuchMethodError'{0x000000070ef64598}: 'java.lang.Object java.lang.invoke.DirectMethodHandle$Holder.newInvokeSpecial(java.lang.Object, java.lang.Object, java.lang.Object, java.lang.Object, java.lang.Object)'> (0x000000070ef64598) 
thrown [src/hotspot/share/interpreter/linkResolver.cpp, line 759]
Event: 2.832 Thread 0x00007fdb2100e000 Exception <a 'java/lang/NoSuchMethodError'{0x000000070ef6ff60}: 'java.lang.Object java.lang.invoke.DirectMethodHandle$Holder.invokeStatic(java.lang.Object, int, java.lang.Object, java.lang.Object, java.lang.Object, java.lang.Object)'> (0x000000070ef6ff60) 
thrown [src/hotspot/share/interpreter/linkResolver.cpp, line 759]
Event: 2.843 Thread 0x00007fdb2100e000 Exception <a 'java/lang/ClassNotFoundException'{0x000000070efc3518}: com/apple/laf/resources/spi/aquaProvider> (0x000000070efc3518) 
thrown [src/hotspot/share/classfile/systemDictionary.cpp, line 256]
Event: 2.875 Thread 0x00007fdb2100e000 Exception <a 'java/lang/ClassNotFoundException'{0x000000070ec37948}: com/sun/swing/internal/plaf/basic/resources/spi/basicProvider> (0x000000070ec37948) 
thrown [src/hotspot/share/classfile/systemDictionary.cpp, line 256]
Event: 2.914 Thread 0x00007fdb2100e000 Exception <a 'java/lang/NoSuchMethodError'{0x000000070ec69280}: 'java.lang.Object java.lang.invoke.DirectMethodHandle$Holder.newInvokeSpecial(java.lang.Object, java.lang.Object, java.lang.Object, int, java.lang.Object)'> (0x000000070ec69280) 
thrown [src/hotspot/share/interpreter/linkResolver.cpp, line 759]
Event: 2.949 Thread 0x00007fdb2100e000 Exception <a 'java/lang/NoSuchMethodError'{0x000000070ec81ca8}: 'java.lang.Object java.lang.invoke.Invokers$Holder.linkToTargetMethod(int, int, int, int, java.lang.Object)'> (0x000000070ec81ca8) 
thrown [src/hotspot/share/interpreter/linkResolver.cpp, line 759]
Event: 2.951 Thread 0x00007fdb2100e000 Exception <a 'java/lang/NoSuchMethodError'{0x000000070ec85790}: 'void java.lang.invoke.DirectMethodHandle$Holder.invokeStatic(java.lang.Object, java.lang.Object, long)'> (0x000000070ec85790) 
thrown [src/hotspot/share/interpreter/linkResolver.cpp, line 759]
Event: 2.960 Thread 0x00007fdb2401f000 Exception <a 'java/lang/NoSuchMethodError'{0x000000070ee4b698}: 'void java.lang.invoke.DirectMethodHandle$Holder.invokeSpecial(java.lang.Object, java.lang.Object, long)'> (0x000000070ee4b698) 
thrown [src/hotspot/share/interpreter/linkResolver.cpp, line 759]
Event: 3.001 Thread 0x00007fdb2100e000 Exception <a 'java/lang/NoSuchMethodError'{0x000000070ec9c818}: 'void java.lang.invoke.DirectMethodHandle$Holder.invokeStatic(java.lang.Object, long, long)'> (0x000000070ec9c818) 
thrown [src/hotspot/share/interpreter/linkResolver.cpp, line 759]
Event: 3.001 Thread 0x00007fdb2100e000 Exception <a 'java/lang/NoSuchMethodError'{0x000000070eca1e40}: 'java.lang.Object java.lang.invoke.DirectMethodHandle$Holder.newInvokeSpecial(java.lang.Object, long)'> (0x000000070eca1e40) 
thrown [src/hotspot/share/interpreter/linkResolver.cpp, line 759]
Event: 3.004 Thread 0x00007fdb2100e000 Exception <a 'java/lang/NoSuchMethodError'{0x000000070ecac188}: 'java.lang.Object java.lang.invoke.DirectMethodHandle$Holder.newInvokeSpecial(java.lang.Object, java.lang.Object, int)'> (0x000000070ecac188) 
thrown [src/hotspot/share/interpreter/linkResolver.cpp, line 759]
Event: 3.008 Thread 0x00007fdb2401f000 Exception <a 'java/lang/NoSuchMethodError'{0x000000070ee59e20}: 'void java.lang.invoke.DirectMethodHandle$Holder.invokeStatic(java.lang.Object, long)'> (0x000000070ee59e20) 
thrown [src/hotspot/share/interpreter/linkResolver.cpp, line 759]

VM Operations (10 events):
Event: 0.170 Executing VM operation: HandshakeAllThreads
Event: 0.170 Executing VM operation: HandshakeAllThreads done
Event: 0.245 Executing VM operation: HandshakeAllThreads
Event: 0.245 Executing VM operation: HandshakeAllThreads done
Event: 1.245 Executing VM operation: Cleanup
Event: 1.245 Executing VM operation: Cleanup done
Event: 2.192 Executing VM operation: G1CollectForAllocation
Event: 2.196 Executing VM operation: G1CollectForAllocation done
Event: 2.292 Executing VM operation: G1CollectForAllocation
Event: 2.296 Executing VM operation: G1CollectForAllocation done

Events (20 events):
Event: 3.033 loading class sun/font/StrikeCache$1 done
Event: 3.033 loading class sun/font/GlyphList
Event: 3.033 loading class sun/font/GlyphList done
Event: 3.034 loading class sun/font/FontManagerFactory
Event: 3.034 loading class sun/font/FontManagerFactory done
Event: 3.034 loading class sun/font/FontManagerFactory$1
Event: 3.034 loading class sun/font/FontManagerFactory$1 done
Event: 3.034 loading class sun/font/CFontManager
Event: 3.034 loading class sun/font/CFontManager done
Event: 3.035 loading class sun/font/CompositeFont
Event: 3.035 loading class sun/font/CompositeFont done
Event: 3.035 loading class sun/font/SunFontManager$2
Event: 3.035 loading class sun/font/SunFontManager$2 done
Event: 3.036 loading class sun/font/CFontConfiguration
Event: 3.036 loading class sun/awt/FontConfiguration
Event: 3.037 loading class sun/awt/FontConfiguration done
Event: 3.037 loading class sun/font/CFontConfiguration done
Event: 3.037 loading class sun/font/CompositeFontDescriptor
Event: 3.037 loading class sun/font/CompositeFontDescriptor done
Event: 3.038 loading class sun/awt/FontDescriptor


Dynamic libraries:
0x000000010c46f000 	/Users/jreastonmarks/.p2/pool/plugins/org.eclipse.justj.openjdk.hotspot.jre.full.macosx.x86_64_17.0.4.v20221004-1257/jre/lib/libjli.dylib
0x00007ff810535000 	/usr/lib/libz.1.dylib
0x00007ff810615000 	/usr/lib/libSystem.B.dylib
0x00007ff810610000 	/usr/lib/system/libcache.dylib
0x00007ff8105cc000 	/usr/lib/system/libcommonCrypto.dylib
0x00007ff8105f5000 	/usr/lib/system/libcompiler_rt.dylib
0x00007ff8105eb000 	/usr/lib/system/libcopyfile.dylib
0x00007ff8055a3000 	/usr/lib/system/libcorecrypto.dylib
0x00007ff805661000 	/usr/lib/system/libdispatch.dylib
0x00007ff805821000 	/usr/lib/system/libdyld.dylib
0x00007ff810607000 	/usr/lib/system/libkeymgr.dylib
0x00007ff8105aa000 	/usr/lib/system/libmacho.dylib
0x00007ff80fc2b000 	/usr/lib/system/libquarantine.dylib
0x00007ff810605000 	/usr/lib/system/libremovefile.dylib
0x00007ff80a7b6000 	/usr/lib/system/libsystem_asl.dylib
0x00007ff80554c000 	/usr/lib/system/libsystem_blocks.dylib
0x00007ff8056e5000 	/usr/lib/system/libsystem_c.dylib
0x00007ff8105fd000 	/usr/lib/system/libsystem_collections.dylib
0x00007ff80eedf000 	/usr/lib/system/libsystem_configuration.dylib
0x00007ff80e188000 	/usr/lib/system/libsystem_containermanager.dylib
0x00007ff8102e2000 	/usr/lib/system/libsystem_coreservices.dylib
0x00007ff807e57000 	/usr/lib/system/libsystem_darwin.dylib
0x00007ff810608000 	/usr/lib/system/libsystem_dnssd.dylib
0x00007ff8056e2000 	/usr/lib/system/libsystem_featureflags.dylib
0x00007ff805837000 	/usr/lib/system/libsystem_info.dylib
0x00007ff810548000 	/usr/lib/system/libsystem_m.dylib
0x00007ff805635000 	/usr/lib/system/libsystem_malloc.dylib
0x00007ff80a751000 	/usr/lib/system/libsystem_networkextension.dylib
0x00007ff80827d000 	/usr/lib/system/libsystem_notify.dylib
0x00007ff816885000 	/usr/lib/system/libsystem_product_info_filter.dylib
0x00007ff80eee3000 	/usr/lib/system/libsystem_sandbox.dylib
0x00007ff810602000 	/usr/lib/system/libsystem_secinit.dylib
0x00007ff8057dd000 	/usr/lib/system/libsystem_kernel.dylib
0x00007ff80582d000 	/usr/lib/system/libsystem_platform.dylib
0x00007ff805815000 	/usr/lib/system/libsystem_pthread.dylib
0x00007ff80c004000 	/usr/lib/system/libsystem_symptoms.dylib
0x00007ff80558a000 	/usr/lib/system/libsystem_trace.dylib
0x00007ff8105d8000 	/usr/lib/system/libunwind.dylib
0x00007ff80554e000 	/usr/lib/system/libxpc.dylib
0x00007ff8057c7000 	/usr/lib/libc++abi.dylib
0x00007ff8056a8000 	/usr/lib/libobjc.A.dylib
0x00007ff8105e3000 	/usr/lib/liboah.dylib
0x00007ff80576e000 	/usr/lib/libc++.1.dylib
0x00007ff81c687000 	/System/Library/Frameworks/Cocoa.framework/Versions/A/Cocoa
0x00007ff8082db000 	/System/Library/Frameworks/AppKit.framework/Versions/C/AppKit
0x00007ff80b7f2000 	/System/Library/Frameworks/CoreData.framework/Versions/A/CoreData
0x00007ff8066de000 	/System/Library/Frameworks/Foundation.framework/Versions/C/Foundation
0x00007ff80916b000 	/System/Library/PrivateFrameworks/UIFoundation.framework/Versions/A/UIFoundation
0x00007ff816588000 	/System/Library/PrivateFrameworks/RemoteViewServices.framework/Versions/A/RemoteViewServices
0x00007ff80e869000 	/System/Library/PrivateFrameworks/XCTTargetBootstrap.framework/Versions/A/XCTTargetBootstrap
0x00007ff81241e000 	/System/Library/PrivateFrameworks/InternationalSupport.framework/Versions/A/InternationalSupport
0x00007ff8124a8000 	/System/Library/PrivateFrameworks/UserActivity.framework/Versions/A/UserActivity
0x00007ff8117fc000 	/usr/lib/libspindump.dylib
0x00007ff8093fa000 	/System/Library/Frameworks/UniformTypeIdentifiers.framework/Versions/A/UniformTypeIdentifiers
0x00007ff80cf8d000 	/usr/lib/libapp_launch_measurement.dylib
0x00007ff80c1c4000 	/System/Library/PrivateFrameworks/CoreAnalytics.framework/Versions/A/CoreAnalytics
0x00007ff80cf90000 	/System/Library/PrivateFrameworks/CoreAutoLayout.framework/Versions/A/CoreAutoLayout
0x00007ff80e1c0000 	/System/Library/Frameworks/Metal.framework/Versions/A/Metal
0x00007ff80eeef000 	/usr/lib/liblangid.dylib
0x00007ff80e86e000 	/System/Library/PrivateFrameworks/CoreSVG.framework/Versions/A/CoreSVG
0x00007ff80a7e6000 	/System/Library/PrivateFrameworks/SkyLight.framework/Versions/A/SkyLight
0x00007ff80ab85000 	/System/Library/Frameworks/CoreGraphics.framework/Versions/A/CoreGraphics
0x00007ff816c48000 	/System/Library/Frameworks/Accelerate.framework/Versions/A/Accelerate
0x00007ff81127b000 	/System/Library/PrivateFrameworks/IconServices.framework/Versions/A/IconServices
0x00007ff80e1a5000 	/System/Library/Frameworks/IOSurface.framework/Versions/A/IOSurface
0x00007ff80c1f2000 	/usr/lib/libDiagnosticMessagesClient.dylib
0x00007ff81a32b000 	/System/Library/Frameworks/ApplicationServices.framework/Versions/A/ApplicationServices
0x00007ff80e855000 	/System/Library/PrivateFrameworks/DFRFoundation.framework/Versions/A/DFRFoundation
0x00007ff807bc3000 	/usr/lib/libicucore.A.dylib
0x00007ff813214000 	/System/Library/Frameworks/AudioToolbox.framework/Versions/A/AudioToolbox
0x00007ff81242a000 	/System/Library/PrivateFrameworks/DataDetectorsCore.framework/Versions/A/DataDetectorsCore
0x00007ff90e925000 	/System/Library/PrivateFrameworks/TextInput.framework/Versions/A/TextInput
0x00007ff80a769000 	/usr/lib/libMobileGestalt.dylib
0x00007ff80e561000 	/System/Library/Frameworks/Carbon.framework/Versions/A/Frameworks/HIToolbox.framework/Versions/A/HIToolbox
0x00007ff80c98f000 	/System/Library/Frameworks/QuartzCore.framework/Versions/A/QuartzCore
0x00007ff807868000 	/System/Library/Frameworks/Security.framework/Versions/A/Security
0x00007ff8165c0000 	/System/Library/Frameworks/Carbon.framework/Versions/A/Frameworks/SpeechRecognition.framework/Versions/A/SpeechRecognition
0x00007ff80cced000 	/System/Library/PrivateFrameworks/CoreUI.framework/Versions/A/CoreUI
0x00007ff807132000 	/System/Library/Frameworks/CoreAudio.framework/Versions/A/CoreAudio
0x00007ff80c2e1000 	/System/Library/Frameworks/DiskArbitration.framework/Versions/A/DiskArbitration
0x00007ff811bea000 	/System/Library/PrivateFrameworks/MultitouchSupport.framework/Versions/A/MultitouchSupport
0x00007ff80a768000 	/usr/lib/libenergytrace.dylib
0x00007ff8081c7000 	/System/Library/Frameworks/IOKit.framework/Versions/A/IOKit
0x00007ff8169b0000 	/System/Library/Frameworks/CoreServices.framework/Versions/A/CoreServices
0x00007ff80cf27000 	/System/Library/PrivateFrameworks/PerformanceAnalysis.framework/Versions/A/PerformanceAnalysis
0x00007ffa1e607000 	/System/Library/Frameworks/OpenGL.framework/Versions/A/OpenGL
0x00007ff80fb51000 	/System/Library/PrivateFrameworks/MobileKeyBag.framework/Versions/A/MobileKeyBag
0x00007ff80b251000 	/System/Library/Frameworks/ColorSync.framework/Versions/A/ColorSync
0x00007ff805862000 	/System/Library/Frameworks/CoreFoundation.framework/Versions/A/CoreFoundation
0x00007ff80eae5000 	/System/Library/Frameworks/CoreImage.framework/Versions/A/CoreImage
0x00007ff806f46000 	/System/Library/Frameworks/CoreText.framework/Versions/A/CoreText
0x00007ff80e89e000 	/System/Library/Frameworks/ImageIO.framework/Versions/A/ImageIO
0x00007ff81061b000 	/System/Library/PrivateFrameworks/SoftLinking.framework/Versions/A/SoftLinking
0x00007ff80cfd8000 	/usr/lib/libxml2.2.dylib
0x00007ff81089f000 	/usr/lib/libcompression.dylib
0x00007ff812351000 	/System/Library/PrivateFrameworks/TextureIO.framework/Versions/A/TextureIO
0x00007ff810f8d000 	/usr/lib/libate.dylib
0x00007ff810d69000 	/usr/lib/liblzma.5.dylib
0x00007ff8063f0000 	/System/Library/Frameworks/SystemConfiguration.framework/Versions/A/SystemConfiguration
0x00007ff810617000 	/usr/lib/libfakelink.dylib
0x00007ff80a2c1000 	/System/Library/Frameworks/CFNetwork.framework/Versions/A/CFNetwork
0x00007ff810758000 	/usr/lib/libarchive.2.dylib
0x00007ff80eeeb000 	/System/Library/PrivateFrameworks/AppleSystemInfo.framework/Versions/A/AppleSystemInfo
0x00007ff80fc52000 	/usr/lib/libbsm.0.dylib
0x00007ff8098d0000 	/usr/lib/libnetwork.dylib
0x00007ff8105b0000 	/usr/lib/system/libkxld.dylib
0x00007ff80f885000 	/System/Library/PrivateFrameworks/IOMobileFramebuffer.framework/Versions/A/IOMobileFramebuffer
0x00007ffb1dfd6000 	/usr/lib/libCoreEntitlements.dylib
0x00007ff8102c4000 	/System/Library/PrivateFrameworks/AppleFSCompression.framework/Versions/A/AppleFSCompression
0x00007ff80fc3a000 	/usr/lib/libcoretls.dylib
0x00007ff810d83000 	/usr/lib/libcoretls_cfhelpers.dylib
0x00007ff81089a000 	/usr/lib/libpam.2.dylib
0x00007ff80bc23000 	/usr/lib/libsqlite3.dylib
0x00007ff810df2000 	/usr/lib/libxar.1.dylib
0x00007ff8102d4000 	/usr/lib/libbz2.1.0.dylib
0x00007ff81061c000 	/usr/lib/libpcap.A.dylib
0x00007ff80bffc000 	/usr/lib/libdns_services.dylib
0x00007ff81086a000 	/usr/lib/libapple_nghttp2.dylib
0x00007ff810656000 	/usr/lib/libiconv.2.dylib
0x00007ff8105a9000 	/usr/lib/libcharset.1.dylib
0x00007ff80cf5b000 	/System/Library/Frameworks/CoreServices.framework/Versions/A/Frameworks/FSEvents.framework/Versions/A/FSEvents
0x00007ff807e61000 	/System/Library/Frameworks/CoreServices.framework/Versions/A/Frameworks/CarbonCore.framework/Versions/A/CarbonCore
0x00007ff80c245000 	/System/Library/Frameworks/CoreServices.framework/Versions/A/Frameworks/Metadata.framework/Versions/A/Metadata
0x00007ff8102e7000 	/System/Library/Frameworks/CoreServices.framework/Versions/A/Frameworks/OSServices.framework/Versions/A/OSServices
0x00007ff8107df000 	/System/Library/Frameworks/CoreServices.framework/Versions/A/Frameworks/SearchKit.framework/Versions/A/SearchKit
0x00007ff80bf8e000 	/System/Library/Frameworks/CoreServices.framework/Versions/A/Frameworks/AE.framework/Versions/A/AE
0x00007ff805d65000 	/System/Library/Frameworks/CoreServices.framework/Versions/A/Frameworks/LaunchServices.framework/Versions/A/LaunchServices
0x00007ff810d1a000 	/System/Library/Frameworks/CoreServices.framework/Versions/A/Frameworks/DictionaryServices.framework/Versions/A/DictionaryServices
0x00007ff80cf68000 	/System/Library/Frameworks/CoreServices.framework/Versions/A/Frameworks/SharedFileList.framework/Versions/A/SharedFileList
0x00007ff80fc2e000 	/usr/lib/libCheckFix.dylib
0x00007ff80a7cd000 	/System/Library/PrivateFrameworks/TCC.framework/Versions/A/TCC
0x00007ff80eef1000 	/System/Library/PrivateFrameworks/CoreNLP.framework/Versions/A/CoreNLP
0x00007ff80c1f5000 	/System/Library/PrivateFrameworks/MetadataUtilities.framework/Versions/A/MetadataUtilities
0x00007ff8064a1000 	/usr/lib/libmecabra.dylib
0x00007ff80fc62000 	/usr/lib/libmecab.dylib
0x00007ff80646c000 	/usr/lib/libCRFSuite.dylib
0x00007ff80fcbc000 	/usr/lib/libgermantok.dylib
0x00007ff810845000 	/usr/lib/libThaiTokenizer.dylib
0x00007ff80c2e8000 	/System/Library/Frameworks/Accelerate.framework/Versions/A/Frameworks/vImage.framework/Versions/A/vImage
0x00007ff816987000 	/System/Library/Frameworks/Accelerate.framework/Versions/A/Frameworks/vecLib.framework/Versions/A/vecLib
0x00007ff810e33000 	/System/Library/Frameworks/Accelerate.framework/Versions/A/Frameworks/vecLib.framework/Versions/A/libvMisc.dylib
0x00007ff80f6b0000 	/System/Library/Frameworks/Accelerate.framework/Versions/A/Frameworks/vecLib.framework/Versions/A/libvDSP.dylib
0x00007ff8060e0000 	/System/Library/Frameworks/Accelerate.framework/Versions/A/Frameworks/vecLib.framework/Versions/A/libBLAS.dylib
0x00007ff81097c000 	/System/Library/Frameworks/Accelerate.framework/Versions/A/Frameworks/vecLib.framework/Versions/A/libLAPACK.dylib
0x00007ff80fcbf000 	/System/Library/Frameworks/Accelerate.framework/Versions/A/Frameworks/vecLib.framework/Versions/A/libLinearAlgebra.dylib
0x00007ff810882000 	/System/Library/Frameworks/Accelerate.framework/Versions/A/Frameworks/vecLib.framework/Versions/A/libSparseBLAS.dylib
0x00007ff810976000 	/System/Library/Frameworks/Accelerate.framework/Versions/A/Frameworks/vecLib.framework/Versions/A/libQuadrature.dylib
0x00007ff80efdc000 	/System/Library/Frameworks/Accelerate.framework/Versions/A/Frameworks/vecLib.framework/Versions/A/libBNNS.dylib
0x00007ff80637a000 	/System/Library/Frameworks/Accelerate.framework/Versions/A/Frameworks/vecLib.framework/Versions/A/libSparse.dylib
0x00007ff80efd5000 	/System/Library/PrivateFrameworks/LinguisticData.framework/Versions/A/LinguisticData
0x00007ff806330000 	/System/Library/PrivateFrameworks/Lexicon.framework/Versions/A/Lexicon
0x00007ff810e2c000 	/usr/lib/libChineseTokenizer.dylib
0x00007ff806a9b000 	/System/Library/PrivateFrameworks/LanguageModeling.framework/Versions/A/LanguageModeling
0x00007ff810847000 	/System/Library/PrivateFrameworks/AppleSauce.framework/Versions/A/AppleSauce
0x00007ff80f873000 	/System/Library/PrivateFrameworks/CoreEmoji.framework/Versions/A/CoreEmoji
0x00007ff810747000 	/usr/lib/libcmph.dylib
0x00007ff80cf3f000 	/System/Library/Frameworks/OpenDirectory.framework/Versions/A/Frameworks/CFOpenDirectory.framework/Versions/A/CFOpenDirectory
0x00007ff80cf33000 	/System/Library/Frameworks/OpenDirectory.framework/Versions/A/OpenDirectory
0x00007ff810d85000 	/System/Library/PrivateFrameworks/APFS.framework/Versions/A/APFS
0x00007ff80fb89000 	/System/Library/Frameworks/SecurityFoundation.framework/Versions/A/SecurityFoundation
0x00007ff810e00000 	/usr/lib/libutil.dylib
0x00007ff80818b000 	/System/Library/PrivateFrameworks/CoreServicesStore.framework/Versions/A/CoreServicesStore
0x00007ff810e04000 	/usr/lib/libxslt.1.dylib
0x00007ff80fc16000 	/System/Library/PrivateFrameworks/BackgroundTaskManagement.framework/Versions/A/BackgroundTaskManagement
0x00007ff812271000 	/System/Library/Frameworks/ImageIO.framework/Versions/A/Resources/libRadiance.dylib
0x00007ff81227a000 	/System/Library/Frameworks/ImageIO.framework/Versions/A/Resources/libJPEG.dylib
0x00007ff8121c9000 	/System/Library/Frameworks/ImageIO.framework/Versions/A/Resources/libPng.dylib
0x00007ff8121ea000 	/System/Library/Frameworks/ImageIO.framework/Versions/A/Resources/libTIFF.dylib
0x00007ff8122da000 	/System/Library/Frameworks/ImageIO.framework/Versions/A/Resources/libGIF.dylib
0x00007ff811b04000 	/System/Library/Frameworks/ImageIO.framework/Versions/A/Resources/libJP2.dylib
0x00007ff811242000 	/usr/lib/libexpat.1.dylib
0x00007ff811ab9000 	/System/Library/PrivateFrameworks/AppleJPEG.framework/Versions/A/AppleJPEG
0x00007ff80e425000 	/System/Library/PrivateFrameworks/FontServices.framework/libFontParser.dylib
0x00007ff80bf38000 	/System/Library/PrivateFrameworks/RunningBoardServices.framework/Versions/A/RunningBoardServices
0x00007ff81cc42000 	/System/Library/PrivateFrameworks/IOSurfaceAccelerator.framework/Versions/A/IOSurfaceAccelerator
0x00007ff811be6000 	/System/Library/PrivateFrameworks/WatchdogClient.framework/Versions/A/WatchdogClient
0x00007ff806b89000 	/System/Library/Frameworks/CoreDisplay.framework/Versions/A/CoreDisplay
0x00007ff80e323000 	/System/Library/Frameworks/CoreMedia.framework/Versions/A/CoreMedia
0x00007ff80e1b7000 	/System/Library/PrivateFrameworks/IOAccelerator.framework/Versions/A/IOAccelerator
0x00007ff80d0bc000 	/System/Library/Frameworks/CoreVideo.framework/Versions/A/CoreVideo
0x00007ff810898000 	/System/Library/Frameworks/MetalPerformanceShaders.framework/Versions/A/MetalPerformanceShaders
0x00007ff811c23000 	/System/Library/Frameworks/VideoToolbox.framework/Versions/A/VideoToolbox
0x00007ff80be82000 	/System/Library/PrivateFrameworks/BaseBoard.framework/Versions/A/BaseBoard
0x00007ff80bc09000 	/System/Library/PrivateFrameworks/ProtocolBuffer.framework/Versions/A/ProtocolBuffer
0x00007ff81226a000 	/System/Library/PrivateFrameworks/GPUWrangler.framework/Versions/A/GPUWrangler
0x00007ff81224e000 	/System/Library/PrivateFrameworks/IOPresentment.framework/Versions/A/IOPresentment
0x00007ff812274000 	/System/Library/PrivateFrameworks/DSExternalDisplay.framework/Versions/A/DSExternalDisplay
0x00007ffa1e5fb000 	/System/Library/Frameworks/OpenGL.framework/Versions/A/Libraries/libCoreFSCache.dylib
0x00007ffb0b6d2000 	/System/Library/PrivateFrameworks/GPUCompiler.framework/Versions/31001/Libraries/libGPUCompilerUtils.dylib
0x00007ff8122df000 	/System/Library/PrivateFrameworks/CMCaptureCore.framework/Versions/A/CMCaptureCore
0x00007ff8117ea000 	/System/Library/PrivateFrameworks/AppServerSupport.framework/Versions/A/AppServerSupport
0x00007ff813aad000 	/System/Library/PrivateFrameworks/perfdata.framework/Versions/A/perfdata
0x00007ff806cb5000 	/System/Library/PrivateFrameworks/AudioToolboxCore.framework/Versions/A/AudioToolboxCore
0x00007ff80e301000 	/System/Library/PrivateFrameworks/caulk.framework/Versions/A/caulk
0x00007ff8133bf000 	/usr/lib/libAudioStatistics.dylib
0x00007ff90b0b3000 	/System/Library/PrivateFrameworks/SystemPolicy.framework/Versions/A/SystemPolicy
0x00007ff81361a000 	/usr/lib/libSMC.dylib
0x00007ff81c53a000 	/System/Library/Frameworks/CoreMIDI.framework/Versions/A/CoreMIDI
0x00007ff812198000 	/usr/lib/libAudioToolboxUtility.dylib
0x00007ff9072df000 	/System/Library/PrivateFrameworks/OSAServicesClient.framework/Versions/A/OSAServicesClient
0x00007ff813aba000 	/usr/lib/libperfcheck.dylib
0x00007ff90bb60000 	/usr/lib/libmis.dylib
0x00007ffa1e656000 	/System/Library/Frameworks/OpenGL.framework/Versions/A/Libraries/libGLU.dylib
0x00007ffa1e61a000 	/System/Library/Frameworks/OpenGL.framework/Versions/A/Libraries/libGFXShared.dylib
0x00007ffa1e823000 	/System/Library/Frameworks/OpenGL.framework/Versions/A/Libraries/libGL.dylib
0x00007ffa1e623000 	/System/Library/Frameworks/OpenGL.framework/Versions/A/Libraries/libGLImage.dylib
0x00007ffa1e617000 	/System/Library/Frameworks/OpenGL.framework/Versions/A/Libraries/libCVMSPluginSupport.dylib
0x00007ffa1e602000 	/System/Library/Frameworks/OpenGL.framework/Versions/A/Libraries/libCoreVMClient.dylib
0x00007ff80ee6d000 	/System/Library/Frameworks/MetalPerformanceShaders.framework/Versions/A/Frameworks/MPSCore.framework/Versions/A/MPSCore
0x00007ff81022f000 	/System/Library/Frameworks/MetalPerformanceShaders.framework/Versions/A/Frameworks/MPSImage.framework/Versions/A/MPSImage
0x00007ff80fcd5000 	/System/Library/Frameworks/MetalPerformanceShaders.framework/Versions/A/Frameworks/MPSNeuralNetwork.framework/Versions/A/MPSNeuralNetwork
0x00007ff810149000 	/System/Library/Frameworks/MetalPerformanceShaders.framework/Versions/A/Frameworks/MPSMatrix.framework/Versions/A/MPSMatrix
0x00007ff80ff04000 	/System/Library/Frameworks/MetalPerformanceShaders.framework/Versions/A/Frameworks/MPSRayIntersector.framework/Versions/A/MPSRayIntersector
0x00007ff810181000 	/System/Library/Frameworks/MetalPerformanceShaders.framework/Versions/A/Frameworks/MPSNDArray.framework/Versions/A/MPSNDArray
0x00007ffa240db000 	/System/Library/Frameworks/MetalPerformanceShaders.framework/Versions/A/Frameworks/MPSFunctions.framework/Versions/A/MPSFunctions
0x00007ff805fbc000 	/System/Library/PrivateFrameworks/MetalTools.framework/Versions/A/MetalTools
0x00007ff80eee9000 	/System/Library/PrivateFrameworks/AggregateDictionary.framework/Versions/A/AggregateDictionary
0x00007ff811024000 	/usr/lib/libIOReport.dylib
0x00007ffa1fc32000 	/System/Library/Frameworks/OpenCL.framework/Versions/A/OpenCL
0x00007ff811388000 	/System/Library/PrivateFrameworks/FaceCore.framework/Versions/A/FaceCore
0x00007ff811379000 	/System/Library/PrivateFrameworks/GraphVisualizer.framework/Versions/A/GraphVisualizer
0x00007ffb0b5dd000 	/System/Library/PrivateFrameworks/FontServices.framework/Versions/A/FontServices
0x00007ff8117a2000 	/System/Library/PrivateFrameworks/OTSVG.framework/Versions/A/OTSVG
0x00007ff80cca2000 	/System/Library/Frameworks/ApplicationServices.framework/Versions/A/Frameworks/ATS.framework/Versions/A/Resources/libFontRegistry.dylib
0x00007ff8117f2000 	/System/Library/PrivateFrameworks/FontServices.framework/libhvf.dylib
0x00007ffb0b5de000 	/System/Library/PrivateFrameworks/FontServices.framework/libXTFontStaticRegistryData.dylib
0x00007ff8111f2000 	/System/Library/PrivateFrameworks/AppleVA.framework/Versions/A/AppleVA
0x00007ff8133df000 	/System/Library/Frameworks/ApplicationServices.framework/Versions/A/Frameworks/ATS.framework/Versions/A/ATS
0x00007ff80b34f000 	/System/Library/Frameworks/ApplicationServices.framework/Versions/A/Frameworks/HIServices.framework/Versions/A/HIServices
0x00007ff8122e9000 	/System/Library/Frameworks/ApplicationServices.framework/Versions/A/Frameworks/PrintCore.framework/Versions/A/PrintCore
0x00007ff81376d000 	/System/Library/Frameworks/ApplicationServices.framework/Versions/A/Frameworks/QD.framework/Versions/A/QD
0x00007ff813765000 	/System/Library/Frameworks/ApplicationServices.framework/Versions/A/Frameworks/ColorSyncLegacy.framework/Versions/A/ColorSyncLegacy
0x00007ff8133cf000 	/System/Library/Frameworks/ApplicationServices.framework/Versions/A/Frameworks/SpeechSynthesis.framework/Versions/A/SpeechSynthesis
0x00007ff8122aa000 	/System/Library/Frameworks/ApplicationServices.framework/Versions/A/Frameworks/ATSUI.framework/Versions/A/ATSUI
0x00007ff8136fa000 	/usr/lib/libcups.2.dylib
0x00007ff813ac9000 	/System/Library/Frameworks/Kerberos.framework/Versions/A/Kerberos
0x00007ff813ad8000 	/System/Library/Frameworks/GSS.framework/Versions/A/GSS
0x00007ff81344b000 	/usr/lib/libresolv.9.dylib
0x00007ff811801000 	/System/Library/PrivateFrameworks/Heimdal.framework/Versions/A/Heimdal
0x00007ff81a6bd000 	/System/Library/Frameworks/Kerberos.framework/Versions/A/Libraries/libHeimdalProxy.dylib
0x00007ff80c00c000 	/System/Library/Frameworks/Network.framework/Versions/A/Network
0x00007ff81125c000 	/usr/lib/libheimdal-asn1.dylib
0x00007ff813b23000 	/System/Library/PrivateFrameworks/CommonAuth.framework/Versions/A/CommonAuth
0x00007ff813351000 	/System/Library/PrivateFrameworks/AudioSession.framework/Versions/A/AudioSession
0x00007ff8112ec000 	/System/Library/PrivateFrameworks/MediaExperience.framework/Versions/A/MediaExperience
0x00007ff8131e3000 	/System/Library/PrivateFrameworks/AudioSession.framework/libSessionUtility.dylib
0x00007ff813779000 	/System/Library/PrivateFrameworks/AudioResourceArbitration.framework/Versions/A/AudioResourceArbitration
0x00007ff8177fa000 	/System/Library/PrivateFrameworks/PowerLog.framework/Versions/A/PowerLog
0x00007ff811265000 	/System/Library/PrivateFrameworks/IconFoundation.framework/Versions/A/IconFoundation
0x00007ff8165b0000 	/System/Library/PrivateFrameworks/SpeechRecognitionCore.framework/Versions/A/SpeechRecognitionCore
0x000000010d5c3000 	/Users/jreastonmarks/.p2/pool/plugins/org.eclipse.justj.openjdk.hotspot.jre.full.macosx.x86_64_17.0.4.v20221004-1257/jre/lib/server/libjvm.dylib
0x000000010c4a0000 	/Users/jreastonmarks/.p2/pool/plugins/org.eclipse.justj.openjdk.hotspot.jre.full.macosx.x86_64_17.0.4.v20221004-1257/jre/lib/libjimage.dylib
0x000000010c517000 	/Users/jreastonmarks/.p2/pool/plugins/org.eclipse.justj.openjdk.hotspot.jre.full.macosx.x86_64_17.0.4.v20221004-1257/jre/lib/libjava.dylib
0x000000010c506000 	/Users/jreastonmarks/.p2/pool/plugins/org.eclipse.justj.openjdk.hotspot.jre.full.macosx.x86_64_17.0.4.v20221004-1257/jre/lib/libzip.dylib
0x000000010cfb6000 	/Users/jreastonmarks/.p2/pool/plugins/org.eclipse.justj.openjdk.hotspot.jre.full.macosx.x86_64_17.0.4.v20221004-1257/jre/lib/libnio.dylib
0x000000010cfe5000 	/Users/jreastonmarks/.p2/pool/plugins/org.eclipse.justj.openjdk.hotspot.jre.full.macosx.x86_64_17.0.4.v20221004-1257/jre/lib/libnet.dylib
0x0000000132ad4000 	/private/var/folders/_p/m6x4kgz57tl496mjv9yzmr3m0000gn/T/opencv_openpnp13068978601614840657/nu/pattern/opencv/osx/x86_64/libopencv_java455.dylib
0x00007ff90aecb000 	/System/Library/Frameworks/AVFoundation.framework/Versions/A/AVFoundation
0x00007ffa22cf2000 	/System/Library/Frameworks/AVFAudio.framework/Versions/A/AVFAudio
0x00007ff81841e000 	/System/Library/PrivateFrameworks/AVFCore.framework/Versions/A/AVFCore
0x00007ff81f699000 	/System/Library/PrivateFrameworks/AVFCapture.framework/Versions/A/AVFCapture
0x00007ff8147c8000 	/System/Library/Frameworks/IOBluetooth.framework/Versions/A/IOBluetooth
0x00007ff817753000 	/System/Library/Frameworks/CoreBluetooth.framework/Versions/A/CoreBluetooth
0x00007ff81a742000 	/System/Library/Frameworks/AudioUnit.framework/Versions/A/AudioUnit
0x00007ff80f969000 	/System/Library/PrivateFrameworks/CoreUtils.framework/Versions/A/CoreUtils
0x00007ffb0a840000 	/System/Library/PrivateFrameworks/CoreUtilsExtras.framework/Versions/A/CoreUtilsExtras
0x00007ff909b3e000 	/System/Library/PrivateFrameworks/AirPlaySync.framework/Versions/A/AirPlaySync
0x00007ff812513000 	/System/Library/Frameworks/MediaToolbox.framework/Versions/A/MediaToolbox
0x00007ff817dbb000 	/System/Library/PrivateFrameworks/CoreAVCHD.framework/Versions/A/CoreAVCHD
0x00007ff816c90000 	/System/Library/Frameworks/MediaAccessibility.framework/Versions/A/MediaAccessibility
0x00007ff817db7000 	/System/Library/PrivateFrameworks/Mangrove.framework/Versions/A/Mangrove
0x00007ff80fb78000 	/System/Library/PrivateFrameworks/AssertionServices.framework/Versions/A/AssertionServices
0x00007ff816c9b000 	/System/Library/PrivateFrameworks/AlgosScoreFramework.framework/Versions/A/AlgosScoreFramework
0x00007ffb07b34000 	/System/Library/PrivateFrameworks/CMPhoto.framework/Versions/A/CMPhoto
0x00007ff81890f000 	/System/Library/PrivateFrameworks/AppleVPA.framework/Versions/A/AppleVPA
0x00007ff8179fc000 	/System/Library/PrivateFrameworks/CoreAUC.framework/Versions/A/CoreAUC
0x00007ffb07b1d000 	/System/Library/PrivateFrameworks/CMImaging.framework/Versions/A/CMImaging
0x00007ff81f7eb000 	/System/Library/PrivateFrameworks/Quagga.framework/Versions/A/Quagga
0x00007ff90554c000 	/System/Library/PrivateFrameworks/CMCapture.framework/Versions/A/CMCapture
0x00007ff81353a000 	/System/Library/Frameworks/CoreMediaIO.framework/Versions/A/CoreMediaIO
0x00007ff81a86a000 	/System/Library/PrivateFrameworks/Espresso.framework/Versions/A/Espresso
0x00007ff81a133000 	/System/Library/PrivateFrameworks/AppSupport.framework/Versions/A/AppSupport
0x00007ffa1126a000 	/System/Library/PrivateFrameworks/ANECompiler.framework/Versions/A/ANECompiler
0x00007ff81c4ba000 	/System/Library/PrivateFrameworks/AppleNeuralEngine.framework/Versions/A/AppleNeuralEngine
0x00007ffb0e0f3000 	/System/Library/PrivateFrameworks/MIL.framework/Versions/A/MIL
0x00007ffa240ee000 	/System/Library/Frameworks/MetalPerformanceShadersGraph.framework/Versions/A/MetalPerformanceShadersGraph
0x00007ff81b409000 	/System/Library/PrivateFrameworks/ANEServices.framework/Versions/A/ANEServices
0x00007ff813bb4000 	/System/Library/PrivateFrameworks/CorePhoneNumbers.framework/Versions/A/CorePhoneNumbers
0x00007ff80828c000 	/usr/lib/libsandbox.1.dylib
0x00007ff811162000 	/usr/lib/libMatch.1.dylib
0x00007ff90f92b000 	/usr/lib/libncurses.5.4.dylib
0x00007ff819dc2000 	/System/Library/PrivateFrameworks/BackBoardServices.framework/Versions/A/BackBoardServices
0x00007ff81860e000 	/System/Library/PrivateFrameworks/FrontBoardServices.framework/Versions/A/FrontBoardServices
0x00007ff81869f000 	/System/Library/PrivateFrameworks/BoardServices.framework/Versions/A/BoardServices
0x0000000130bf5000 	/System/Library/Components/AudioCodecs.component/Contents/MacOS/AudioCodecs
0x00007ff80814d000 	/System/Library/PrivateFrameworks/CoreServicesInternal.framework/Versions/A/CoreServicesInternal
0x00007ffa15b28000 	/System/Library/Extensions/AppleIntelHD5000GraphicsMTLDriver.bundle/Contents/MacOS/AppleIntelHD5000GraphicsMTLDriver
0x00007ff90bb7b000 	/System/Library/PrivateFrameworks/GPURawCounter.framework/Versions/A/GPURawCounter
0x00007ffa1fc8a000 	/System/Library/Frameworks/OpenCL.framework/Versions/A/Libraries/libcldcpuengine.dylib
0x00007ffa195d9000 	/System/Library/Extensions/AppleIntelHD5000GraphicsGLDriver.bundle/Contents/MacOS/AppleIntelHD5000GraphicsGLDriver
0x00007ffa1e694000 	/System/Library/Frameworks/OpenGL.framework/Versions/A/Libraries/libGLProgrammability.dylib
0x00007ff915cfb000 	/System/Library/PrivateFrameworks/GPUSupport.framework/Versions/A/Libraries/libGPUSupportMercury.dylib
0x00007ffa1e9b8000 	/System/Library/Frameworks/OpenGL.framework/Versions/A/Resources/GLRendererFloat.bundle/GLRendererFloat
0x000000012ecfe000 	/Users/jreastonmarks/.p2/pool/plugins/org.eclipse.justj.openjdk.hotspot.jre.full.macosx.x86_64_17.0.4.v20221004-1257/jre/lib/libawt.dylib
0x000000012edbd000 	/Users/jreastonmarks/.p2/pool/plugins/org.eclipse.justj.openjdk.hotspot.jre.full.macosx.x86_64_17.0.4.v20221004-1257/jre/lib/libmlib_image.dylib
0x00007ffa24044000 	/System/Library/Frameworks/JavaRuntimeSupport.framework/Versions/A/JavaRuntimeSupport
0x00007ff90abd7000 	/System/Library/Frameworks/Carbon.framework/Versions/A/Carbon
0x00007ff818a74000 	/System/Library/PrivateFrameworks/CoreSymbolication.framework/Versions/A/CoreSymbolication
0x00007ff81dfd9000 	/System/Library/Frameworks/Carbon.framework/Versions/A/Frameworks/CommonPanels.framework/Versions/A/CommonPanels
0x00007ff81a0a9000 	/System/Library/Frameworks/Carbon.framework/Versions/A/Frameworks/Help.framework/Versions/A/Help
0x00007ff81dfdd000 	/System/Library/Frameworks/Carbon.framework/Versions/A/Frameworks/ImageCapture.framework/Versions/A/ImageCapture
0x00007ff81dfad000 	/System/Library/Frameworks/Carbon.framework/Versions/A/Frameworks/OpenScripting.framework/Versions/A/OpenScripting
0x00007ff81dfd5000 	/System/Library/Frameworks/Carbon.framework/Versions/A/Frameworks/Ink.framework/Versions/A/Ink
0x00007ff90abd3000 	/System/Library/Frameworks/Carbon.framework/Versions/A/Frameworks/Print.framework/Versions/A/Print
0x00007ff81dfd1000 	/System/Library/Frameworks/Carbon.framework/Versions/A/Frameworks/SecurityHI.framework/Versions/A/SecurityHI
0x00007ff818a39000 	/System/Library/PrivateFrameworks/DebugSymbols.framework/Versions/A/DebugSymbols
0x0000000130614000 	/Users/jreastonmarks/.p2/pool/plugins/org.eclipse.justj.openjdk.hotspot.jre.full.macosx.x86_64_17.0.4.v20221004-1257/jre/lib/libawt_lwawt.dylib
0x000000012c74b000 	/Users/jreastonmarks/.p2/pool/plugins/org.eclipse.justj.openjdk.hotspot.jre.full.macosx.x86_64_17.0.4.v20221004-1257/jre/lib/libosxapp.dylib
0x00007ff909ea1000 	/System/Library/Frameworks/ExceptionHandling.framework/Versions/A/ExceptionHandling
0x000000013073e000 	/Users/jreastonmarks/.p2/pool/plugins/org.eclipse.justj.openjdk.hotspot.jre.full.macosx.x86_64_17.0.4.v20221004-1257/jre/lib/libfontmanager.dylib
0x000000012eefc000 	/Users/jreastonmarks/.p2/pool/plugins/org.eclipse.justj.openjdk.hotspot.jre.full.macosx.x86_64_17.0.4.v20221004-1257/jre/lib/libfreetype.dylib
0x00007ff817deb000 	/System/Library/Frameworks/FileProvider.framework/Versions/A/FileProvider
0x00007ff80bdef000 	/System/Library/Frameworks/Accounts.framework/Versions/A/Accounts
0x00007ff817f64000 	/System/Library/PrivateFrameworks/GenerationalStorage.framework/Versions/A/GenerationalStorage
0x00007ff8177ef000 	/System/Library/PrivateFrameworks/SymptomDiagnosticReporter.framework/Versions/A/SymptomDiagnosticReporter
0x00007ff80940e000 	/System/Library/PrivateFrameworks/DesktopServicesPriv.framework/Versions/A/DesktopServicesPriv
0x00007ff80d13b000 	/System/Library/PrivateFrameworks/UserManagement.framework/Versions/A/UserManagement
0x00007ff81375a000 	/System/Library/PrivateFrameworks/NetAuth.framework/Versions/A/NetAuth
0x00007ff814669000 	/System/Library/PrivateFrameworks/Sharing.framework/Versions/A/Sharing
0x00007ff80d10e000 	/System/Library/PrivateFrameworks/login.framework/Versions/A/Frameworks/loginsupport.framework/Versions/A/loginsupport
0x00007ff819bd7000 	/System/Library/PrivateFrameworks/Apple80211.framework/Versions/A/Apple80211
0x00007ff810314000 	/System/Library/PrivateFrameworks/AuthKit.framework/Versions/A/AuthKit
0x00007ff80f890000 	/System/Library/Frameworks/CoreWLAN.framework/Versions/A/CoreWLAN
0x00007ff819c3f000 	/System/Library/PrivateFrameworks/CoreWiFi.framework/Versions/A/CoreWiFi
0x00007ff813478000 	/System/Library/PrivateFrameworks/MultiverseSupport.framework/Versions/A/MultiverseSupport
0x00007ff81a036000 	/System/Library/PrivateFrameworks/RemoteServiceDiscovery.framework/Versions/A/RemoteServiceDiscovery
0x00007ff81790c000 	/System/Library/PrivateFrameworks/DiskManagement.framework/Versions/A/DiskManagement
0x00007ff817820000 	/System/Library/PrivateFrameworks/AppleIDAuthSupport.framework/Versions/A/AppleIDAuthSupport
0x00007ffb05f58000 	/System/Library/PrivateFrameworks/AAAFoundation.framework/Versions/A/AAAFoundation
0x00007ff813b95000 	/System/Library/PrivateFrameworks/KeychainCircle.framework/Versions/A/KeychainCircle
0x00007ff81a046000 	/System/Library/PrivateFrameworks/RemoteXPC.framework/Versions/A/RemoteXPC
0x00007ff8178d8000 	/System/Library/PrivateFrameworks/MediaKit.framework/Versions/A/MediaKit
0x00007ff81782c000 	/System/Library/Frameworks/DiscRecording.framework/Versions/A/DiscRecording
0x00007ff81116a000 	/usr/lib/libCoreStorage.dylib
0x00007ff81a0b1000 	/usr/lib/libcsfde.dylib
0x00007ff814895000 	/System/Library/PrivateFrameworks/ProtectedCloudStorage.framework/Versions/A/ProtectedCloudStorage
0x00007ff81a0ad000 	/System/Library/PrivateFrameworks/EFILogin.framework/Versions/A/EFILogin
0x00007ff817f8a000 	/System/Library/PrivateFrameworks/OctagonTrust.framework/Versions/A/OctagonTrust
0x00007ff91295b000 	/System/Library/CoreServices/RawCamera.bundle/Contents/MacOS/RawCamera
0x00007ff813b33000 	/System/Library/PrivateFrameworks/MobileAsset.framework/Versions/A/MobileAsset
0x00007ff81a769000 	/System/Library/PrivateFrameworks/StreamingZip.framework/Versions/A/StreamingZip
0x00007ff910184000 	/System/Library/Frameworks/Accelerate.framework/Versions/A/Frameworks/vImage.framework/Versions/A/Libraries/libCGInterfaces.dylib
0x000000012eee2000 	/usr/lib/libobjc-trampolines.dylib
0x00007ff80ce33000 	/System/Library/PrivateFrameworks/ViewBridge.framework/Versions/A/ViewBridge
0x00007ff81102d000 	/System/Library/PrivateFrameworks/CrashReporterSupport.framework/Versions/A/CrashReporterSupport
0x00007ff917b9c000 	/System/Library/PrivateFrameworks/OSAnalytics.framework/Versions/A/OSAnalytics
0x00007ff922d4e000 	/System/Library/PrivateFrameworks/Symbolication.framework/Versions/A/Symbolication
0x00007ff90bb3d000 	/System/Library/PrivateFrameworks/MallocStackLogging.framework/Versions/A/MallocStackLogging
0x00007ffa1e82e000 	/System/Library/Frameworks/OpenGL.framework/Versions/A/Resources/GLEngine.bundle/GLEngine
0x00007ff8118b8000 	/System/Library/PrivateFrameworks/login.framework/Versions/A/login
0x0000000137e24000 	/Users/jreastonmarks/.p2/pool/plugins/org.eclipse.justj.openjdk.hotspot.jre.full.macosx.x86_64_17.0.4.v20221004-1257/jre/lib/libosxui.dylib


VM Arguments:
jvm_args: -Dfile.encoding=UTF-8 -XX:+ShowCodeDetailsInExceptionMessages 
java_command: edu.uh.compsci.eastonmark.jeremy.biovision.BioVision /Users/jreastonmarks/Downloads/haarcascade_car.xml /Users/jreastonmarks/Downloads/videoplayback.mp4
java_class_path (initial): /Users/jreastonmarks/Library/CloudStorage/GoogleDrive-coachjeremyeastonmarks@gmail.com/My Drive/UH/RCE/src/biovision/target/classes:/Users/jreastonmarks/.m2/repository/org/openpnp/opencv/4.5.5-1/opencv-4.5.5-1.jar
Launcher Type: SUN_STANDARD

[Global flags]
     intx CICompilerCount                          = 4                                         {product} {ergonomic}
     uint ConcGCThreads                            = 2                                         {product} {ergonomic}
     uint G1ConcRefinementThreads                  = 8                                         {product} {ergonomic}
   size_t G1HeapRegionSize                         = 2097152                                   {product} {ergonomic}
    uintx GCDrainStackTargetSize                   = 64                                        {product} {ergonomic}
   size_t InitialHeapSize                          = 268435456                                 {product} {ergonomic}
   size_t MarkStackSize                            = 4194304                                   {product} {ergonomic}
   size_t MaxHeapSize                              = 4294967296                                {product} {ergonomic}
   size_t MaxNewSize                               = 2575302656                                {product} {ergonomic}
   size_t MinHeapDeltaBytes                        = 2097152                                   {product} {ergonomic}
   size_t MinHeapSize                              = 8388608                                   {product} {ergonomic}
    uintx NonNMethodCodeHeapSize                   = 5839372                                {pd product} {ergonomic}
    uintx NonProfiledCodeHeapSize                  = 122909434                              {pd product} {ergonomic}
    uintx ProfiledCodeHeapSize                     = 122909434                              {pd product} {ergonomic}
    uintx ReservedCodeCacheSize                    = 251658240                              {pd product} {ergonomic}
     bool SegmentedCodeCache                       = true                                      {product} {ergonomic}
     bool ShowCodeDetailsInExceptionMessages       = true                                   {manageable} {command line}
   size_t SoftMaxHeapSize                          = 4294967296                             {manageable} {ergonomic}
     bool UseCompressedClassPointers               = true                           {product lp64_product} {ergonomic}
     bool UseCompressedOops                        = true                           {product lp64_product} {ergonomic}
     bool UseG1GC                                  = true                                      {product} {ergonomic}
     bool UseNUMA                                  = false                                     {product} {ergonomic}
     bool UseNUMAInterleaving                      = false                                     {product} {ergonomic}

Logging:
Log output configuration:
 #0: stdout all=warning uptime,level,tags
 #1: stderr all=off uptime,level,tags

Environment Variables:
PATH=/usr/bin:/bin:/usr/sbin:/sbin
SHELL=/bin/bash
TMPDIR=/var/folders/_p/m6x4kgz57tl496mjv9yzmr3m0000gn/T/

Signal Handlers:
   SIGSEGV: _ZL13crash_handleriP9__siginfoPv in libjvm.dylib, mask=11100110000111110111111111111111, flags=SA_RESTART|SA_SIGINFO
    SIGBUS: _ZL13crash_handleriP9__siginfoPv in libjvm.dylib, mask=11100110000111110111111111111111, flags=SA_RESTART|SA_SIGINFO
    SIGFPE: _ZL13crash_handleriP9__siginfoPv in libjvm.dylib, mask=11100110000111110111111111111111, flags=SA_RESTART|SA_SIGINFO
   SIGPIPE: _ZL17javaSignalHandleriP9__siginfoPv in libjvm.dylib, mask=11100110000111110111111111111111, flags=SA_RESTART|SA_SIGINFO
   SIGXFSZ: _ZL17javaSignalHandleriP9__siginfoPv in libjvm.dylib, mask=11100110000111110111111111111111, flags=SA_RESTART|SA_SIGINFO
    SIGILL: _ZL13crash_handleriP9__siginfoPv in libjvm.dylib, mask=11100110000111110111111111111111, flags=SA_RESTART|SA_SIGINFO
   SIGUSR2: _ZL10SR_handleriP9__siginfoP17__darwin_ucontext in libjvm.dylib, mask=00100000000000000000000000000000, flags=SA_RESTART|SA_SIGINFO
    SIGHUP: _ZL11UserHandleriPvS_ in libjvm.dylib, mask=11100110000111110111111111111111, flags=SA_RESTART|SA_SIGINFO
    SIGINT: _ZL11UserHandleriPvS_ in libjvm.dylib, mask=11100110000111110111111111111111, flags=SA_RESTART|SA_SIGINFO
   SIGTERM: _ZL11UserHandleriPvS_ in libjvm.dylib, mask=11100110000111110111111111111111, flags=SA_RESTART|SA_SIGINFO
   SIGQUIT: _ZL11UserHandleriPvS_ in libjvm.dylib, mask=11100110000111110111111111111111, flags=SA_RESTART|SA_SIGINFO
  *** Handler was modified!
  *** Expected: _ZL17javaSignalHandleriP9__siginfoPv in libjvm.dylib, mask=11100110100111111111111111111111, flags=SA_RESTART|SA_SIGINFO
   SIGTRAP: _ZL13crash_handleriP9__siginfoPv in libjvm.dylib, mask=11100110000111110111111111111111, flags=SA_RESTART|SA_SIGINFO


---------------  S Y S T E M  ---------------

OS:
uname: Darwin 21.6.0 Darwin Kernel Version 21.6.0: Mon Aug 22 20:17:10 PDT 2022; root:xnu-8020.140.49~2/RELEASE_X86_64 x86_64
OS uptime: 22 days 0:01 hours
rlimit (soft/hard): STACK 8192k/65532k , CORE 0k/infinity , NPROC 2784/4176 , NOFILE 10240/infinity , AS infinity/infinity , CPU infinity/infinity , DATA infinity/infinity , FSIZE infinity/infinity , MEMLOCK infinity/infinity , RSS infinity/infinity
load average: 4.04 4.27 4.51

CPU: total 8 (initial active 8) (4 cores per cpu, 2 threads per core) family 6 model 70 stepping 1 microcode 0x1c, cx8, cmov, fxsr, ht, mmx, sse, sse2, sse3, ssse3, sse4.1, sse4.2, popcnt, lzcnt, tsc, tscinvbit, avx, avx2, aes, erms, clmul, bmi1, bmi2, fma, vzeroupper, clflush

Memory: 4k page, physical 16777216k(40064k free), swap 5242880k(1190144k free)

vm_info: OpenJDK 64-Bit Server VM (17.0.4.1+1) for bsd-amd64 JRE (17.0.4.1+1), built on Aug 17 2022 13:35:43 by "temurin" with clang 4.2.1 Compatible Apple LLVM 10.0.1 (clang-1001.0.46.4)

END.
