#
# A fatal error has been detected by the Java Runtime Environment:
#
#  SIGSEGV (0xb) at pc=0x000000012a8d78f9, pid=7636, tid=6147
#
# JRE version: OpenJDK Runtime Environment Temurin-17.0.4.1+1 (17.0.4.1+1) (build 17.0.4.1+1)
# Java VM: OpenJDK 64-Bit Server VM Temurin-17.0.4.1+1 (17.0.4.1+1, mixed mode, tiered, compressed oops, compressed class ptrs, g1 gc, bsd-amd64)
# Problematic frame:
# C  [libopencv_java455.dylib+0xc8f9]  Java_org_opencv_core_Mat_nPutD+0x129
#
# No core dump will be written. Core dumps have been disabled. To enable core dumping, try "ulimit -c unlimited" before starting Java again
#
# If you would like to submit a bug report, please visit:
#   https://github.com/adoptium/adoptium-support/issues
# The crash happened outside the Java Virtual Machine in native code.
# See problematic frame for where to report the bug.
#

---------------  S U M M A R Y ------------

Command Line: -Dfile.encoding=UTF-8 -XX:+ShowCodeDetailsInExceptionMessages edu.uh.compsci.eastonmark.jeremy.biovision.BioVision /Users/jreastonmarks/Downloads/haarcascade_car.xml /Users/jreastonmarks/Downloads/videoplayback.mp4

Host: "MacBookPro11,4" x86_64 2200 MHz, 8 cores, 16G, Darwin 21.6.0, macOS 10.16 (21G115)
Time: Thu Nov  3 21:16:56 2022 CDT elapsed time: 3.755851 seconds (0d 0h 0m 3s)

---------------  T H R E A D  ---------------

Current thread (0x00007fefd7008200):  JavaThread "main" [_thread_in_native, id=6147, stack(0x0000700007a01000,0x0000700007b01000)]

Stack: [0x0000700007a01000,0x0000700007b01000],  sp=0x0000700007b007e0,  free space=1021k
Native frames: (J=compiled Java code, j=interpreted, Vv=VM code, C=native code)
C  [libopencv_java455.dylib+0xc8f9]  Java_org_opencv_core_Mat_nPutD+0x129
J 501  org.opencv.core.Mat.nPutD(JIII[D)I (0 bytes) @ 0x00000001143f2a87 [0x00000001143f29a0+0x00000000000000e7]
J 805 c2 edu.uh.compsci.eastonmark.jeremy.biovision.BioVision.singleStreamParse(Lorg/opencv/core/Mat;II)Lorg/opencv/core/Mat; (821 bytes) @ 0x0000000114414bf0 [0x00000001144146c0+0x0000000000000530]
j  edu.uh.compsci.eastonmark.jeremy.biovision.BioVision.detectAndDisplay(Lorg/opencv/core/Mat;)V+41
j  edu.uh.compsci.eastonmark.jeremy.biovision.BioVision.run(Ljava/lang/String;Ljava/lang/String;)V+127
j  edu.uh.compsci.eastonmark.jeremy.biovision.BioVision.main([Ljava/lang/String;)V+20
v  ~StubRoutines::call_stub
V  [libjvm.dylib+0x51bc86]  _ZN9JavaCalls11call_helperEP9JavaValueRK12methodHandleP17JavaCallArgumentsP10JavaThread+0x2b6
V  [libjvm.dylib+0x57f048]  _ZL17jni_invoke_staticP7JNIEnv_P9JavaValueP8_jobject11JNICallTypeP10_jmethodIDP18JNI_ArgumentPusherP10JavaThread+0x158
V  [libjvm.dylib+0x582598]  jni_CallStaticVoidMethod+0x198
C  [libjli.dylib+0x4fcd]  JavaMain+0xc1d
C  [libjli.dylib+0x7699]  ThreadJavaMain+0x9
C  [libsystem_pthread.dylib+0x64e1]  _pthread_start+0x7d
C  [libsystem_pthread.dylib+0x1f6b]  thread_start+0xf

Java frames: (J=compiled Java code, j=interpreted, Vv=VM code)
J 501  org.opencv.core.Mat.nPutD(JIII[D)I (0 bytes) @ 0x00000001143f2a0a [0x00000001143f29a0+0x000000000000006a]
J 805 c2 edu.uh.compsci.eastonmark.jeremy.biovision.BioVision.singleStreamParse(Lorg/opencv/core/Mat;II)Lorg/opencv/core/Mat; (821 bytes) @ 0x0000000114414bf0 [0x00000001144146c0+0x0000000000000530]
j  edu.uh.compsci.eastonmark.jeremy.biovision.BioVision.detectAndDisplay(Lorg/opencv/core/Mat;)V+41
j  edu.uh.compsci.eastonmark.jeremy.biovision.BioVision.run(Ljava/lang/String;Ljava/lang/String;)V+127
j  edu.uh.compsci.eastonmark.jeremy.biovision.BioVision.main([Ljava/lang/String;)V+20
v  ~StubRoutines::call_stub

siginfo: si_signo: 11 (SIGSEGV), si_code: 1 (SEGV_MAPERR), si_addr: 0x00007fefdd497000

Register to memory mapping:

RAX=0x0000000000000002 is an unknown value
RBX=0x0000000000000002 is an unknown value
RCX=0x0000000000000001 is an unknown value
RDX=0xfffffffffffffff0 is an unknown value
RSP=0x0000700007b007e0 is pointing into the stack for thread: 0x00007fefd7008200
RBP=0x0000700007b00860 is pointing into the stack for thread: 0x00007fefd7008200
RSI=0x0 is NULL
RDI=0x0000000042ff4010 is an unknown value
R8 =0x00007fefdd496ffe points into unknown readable memory: 00 00
R9 =0x000000070ecbce98 is pointing into object: [D 
{0x000000070ecbce88} - klass: {type array double}
 - length: 3
R10=0x0000000000000032 is an unknown value
R11=0x0000000000000003 is an unknown value
R12=0x0000000000000001 is an unknown value
R13=0x000000012a8d8564: Java_org_opencv_core_Mat_nPutD+0xd94 in /private/var/folders/_p/m6x4kgz57tl496mjv9yzmr3m0000gn/T/opencv_openpnp3824621851356374378/nu/pattern/opencv/osx/x86_64/libopencv_java455.dylib at 0x000000012a8cb000
R14=0x000060000262b120 points into unknown readable memory: 0x0000000242ff4010 | 10 40 ff 42 02 00 00 00
R15=0xfffffffffffffedd is an unknown value


Registers:
RAX=0x0000000000000002, RBX=0x0000000000000002, RCX=0x0000000000000001, RDX=0xfffffffffffffff0
RSP=0x0000700007b007e0, RBP=0x0000700007b00860, RSI=0x0000000000000000, RDI=0x0000000042ff4010
R8 =0x00007fefdd496ffe, R9 =0x000000070ecbce98, R10=0x0000000000000032, R11=0x0000000000000003
R12=0x0000000000000001, R13=0x000000012a8d8564, R14=0x000060000262b120, R15=0xfffffffffffffedd
RIP=0x000000012a8d78f9, EFLAGS=0x0000000000010293, ERR=0x0000000000000006
  TRAPNO=0x000000000000000e

Top of Stack: (sp=0x0000700007b007e0)
0x0000700007b007e0:   00007fefd7008200 000060000262b1e0
0x0000700007b007f0:   000000070fbc1648 0000700007b007f8
0x0000700007b00800:   000000010bc1feb1 000000070ecbce98
0x0000700007b00810:   000000010c108a20 00007fefd70084a8
0x0000700007b00820:   0000000306654e30 00000001fffffedd
0x0000700007b00830:   fffffffffffffedd 0000000000000400
0x0000700007b00840:   0000000000000000 000000000000009e
0x0000700007b00850:   0000700007b008a8 00007fefd7008200
0x0000700007b00860:   0000700007b008c0 00000001143f2a87
0x0000700007b00870:   0000700007b00898 00000001143f26dc
0x0000700007b00880:   0000700007b008c8 0000000000000400
0x0000700007b00890:   0000000000000000 000000070ecbce88
0x0000700007b008a0:   0000700007b008a8 0000000706654e30
0x0000700007b008b0:   0000000706654e30 000000010c9f5a27
0x0000700007b008c0:   0000000000000003 0000000114414bf0
0x0000700007b008d0:   000000070660dfc0 000000070660dfd8
0x0000700007b008e0:   000002d000000500 4094000000000000
0x0000700007b008f0:   0000018000000280 000001b000000300
0x0000700007b00900:   000000d8000001c0 000000fc00000100
0x0000700007b00910:   0000000000000090 0000012e07b00918
0x0000700007b00920:   000000010bc231fc 000000070fbc15c8
0x0000700007b00930:   000000070fbc1608 0000009e00000032
0x0000700007b00940:   000000070fbc1648 000000010000009d
0x0000700007b00950:   000000070ecbce88 0000700007b00970
0x0000700007b00960:   0000700007b009c0 000005000c902317
0x0000700007b00970:   fffffedd000002d0 00000240ffffff9d
0x0000700007b00980:   000001d400000340 0000700000000400
0x0000700007b00990:   000000010c108a20 0000000000000000
0x0000700007b009a0:   0000700007b00a20 000000010c90223e
0x0000700007b009b0:   000000010c90223e 00000000000002d0
0x0000700007b009c0:   0000000000000500 000000070660dfc0
0x0000700007b009d0:   000000070660dfd8 0000700007b009d8 

Instructions: (pc=0x000000012a8d78f9)
0x000000012a8d77f9:   00 41 8b 5e 08 29 cb 0f 8e 99 0c 00 00 45 89 c7
0x000000012a8d7809:   41 8b 56 0c 44 39 c2 0f 8e 89 0c 00 00 89 4d c8
0x000000012a8d7819:   48 8b 75 10 0f af d3 44 29 fa 45 8b 26 41 c1 ec
0x000000012a8d7829:   03 41 81 e4 ff 01 00 00 41 ff c4 44 0f af e2 45
0x000000012a8d7839:   39 cc 45 0f 4f e1 48 8b 07 31 d2 48 89 7d b8 ff
0x000000012a8d7849:   90 f0 06 00 00 41 8b 5e 0c 45 85 e4 44 89 65 c4
0x000000012a8d7859:   48 89 45 a8 49 89 c1 0f 8e 07 06 00 00 44 39 fb
0x000000012a8d7869:   0f 8e fe 05 00 00 48 63 45 c8 4d 63 d7 49 89 c7
0x000000012a8d7879:   41 8b 3e 4c 8d 2d e1 0c 00 00 4c 8b 4d a8 8b 45
0x000000012a8d7889:   c4 41 89 c4 4c 89 7d d0 66 2e 0f 1f 84 00 00 00
0x000000012a8d7899:   00 00 0f 1f 44 00 00 89 f8 83 e0 07 83 f8 06 0f
0x000000012a8d78a9:   87 41 02 00 00 49 63 44 85 00 4c 01 e8 ff e0 49
0x000000012a8d78b9:   8b 46 48 48 8b 08 49 0f af cf 4c 8b 40 08 4d 0f
0x000000012a8d78c9:   af c2 49 01 c8 4d 03 46 10 31 d2 31 c0 44 89 e1
0x000000012a8d78d9:   0f 1f 80 00 00 00 00 f2 41 0f 2d 34 c1 85 f6 79
0x000000012a8d78e9:   02 31 f6 81 fe ff 00 00 00 7c 05 be ff 00 00 00
0x000000012a8d78f9:   41 88 34 00 44 8d 61 ff 41 8b 3e 48 83 c2 f8 83
0x000000012a8d7909:   f9 02 0f 8c db 01 00 00 89 fe c1 ee 03 81 e6 ff
0x000000012a8d7919:   01 00 00 48 89 c3 48 ff c3 44 89 e1 39 f0 48 89
0x000000012a8d7929:   d8 72 b4 e9 bb 01 00 00 49 8b 46 48 48 8b 08 49
0x000000012a8d7939:   0f af cf 48 8b 40 08 49 0f af c2 48 01 c8 49 03
0x000000012a8d7949:   46 10 31 c9 31 db 90 44 89 e6 f2 41 0f 2d 3c d9
0x000000012a8d7959:   89 3c 98 44 8d 66 ff 41 8b 3e 48 83 c1 f8 83 fe
0x000000012a8d7969:   02 7c 18 89 fe c1 ee 03 81 e6 ff 01 00 00 48 89
0x000000012a8d7979:   da 48 ff c2 39 f3 48 89 d3 72 cc 49 29 c9 e9 63
0x000000012a8d7989:   01 00 00 49 8b 46 48 41 89 f8 41 c1 e8 03 41 81
0x000000012a8d7999:   e0 ff 01 00 00 48 8b 08 49 0f af cf 48 8b 50 08
0x000000012a8d79a9:   49 0f af d2 48 01 ca 49 03 56 10 31 db 31 c0 44
0x000000012a8d79b9:   89 e1 0f 1f 44 00 00 f2 41 0f 2d 34 c1 85 f6 79
0x000000012a8d79c9:   02 31 f6 81 fe ff ff 00 00 7c 05 be ff ff 00 00
0x000000012a8d79d9:   66 89 34 42 44 8d 61 ff 48 83 c3 f8 83 f9 02 0f
0x000000012a8d79e9:   8c 84 00 00 00 48 89 c6 48 ff c6 44 89 e1 44 39 


Stack slot to memory mapping:
stack at sp + 0 slots: 0x00007fefd7008200 is a thread
stack at sp + 1 slots: 0x000060000262b1e0 points into unknown readable memory: 0x0000000242ff4010 | 10 40 ff 42 02 00 00 00
stack at sp + 2 slots: 0x000000070fbc1648 is an oop: org.opencv.core.Mat 
{0x000000070fbc1648} - klass: 'org/opencv/core/Mat'
 - ---- fields (total size 3 words):
 - public final 'nativeObj' 'J' @16  105553156288992 (262b1e0 6000)
stack at sp + 3 slots: 0x0000700007b007f8 is pointing into the stack for thread: 0x00007fefd7008200
stack at sp + 4 slots: 0x000000010bc1feb1 is pointing into metadata
stack at sp + 5 slots: 0x000000070ecbce98 is pointing into object: [D 
{0x000000070ecbce88} - klass: {type array double}
 - length: 3
stack at sp + 6 slots: 0x000000010c108a20 is pointing into metadata
stack at sp + 7 slots: 0x00007fefd70084a8 points into unknown readable memory: 0x0000000106cd3e48 | 48 3e cd 06 01 00 00 00


---------------  P R O C E S S  ---------------

Threads class SMR info:
_java_thread_list=0x0000600000206f40, length=16, elements={
0x00007fefd7008200, 0x00007fefd780c000, 0x00007fefd9816200, 0x00007fefd8811800,
0x00007fefd8808800, 0x00007fefd8891c00, 0x00007fefd8892200, 0x00007fefd7009e00,
0x00007fefd7030200, 0x00007fefd702b600, 0x00007fefdb05dc00, 0x00007fefd8893200,
0x00007fefd78aae00, 0x00007fefd99c6e00, 0x00007fefd8988e00, 0x00007fefd89ac400
}

Java Threads: ( => current thread )
=>0x00007fefd7008200 JavaThread "main" [_thread_in_native, id=6147, stack(0x0000700007a01000,0x0000700007b01000)]
  0x00007fefd780c000 JavaThread "Reference Handler" daemon [_thread_blocked, id=16899, stack(0x0000700008116000,0x0000700008216000)]
  0x00007fefd9816200 JavaThread "Finalizer" daemon [_thread_blocked, id=16387, stack(0x0000700008219000,0x0000700008319000)]
  0x00007fefd8811800 JavaThread "Signal Dispatcher" daemon [_thread_blocked, id=22787, stack(0x0000700008422000,0x0000700008522000)]
  0x00007fefd8808800 JavaThread "Service Thread" daemon [_thread_blocked, id=41987, stack(0x0000700008525000,0x0000700008625000)]
  0x00007fefd8891c00 JavaThread "Monitor Deflation Thread" daemon [_thread_blocked, id=41731, stack(0x0000700008628000,0x0000700008728000)]
  0x00007fefd8892200 JavaThread "C2 CompilerThread0" daemon [_thread_in_native, id=41219, stack(0x000070000872b000,0x000070000882b000)]
  0x00007fefd7009e00 JavaThread "C1 CompilerThread0" daemon [_thread_blocked, id=40707, stack(0x000070000882e000,0x000070000892e000)]
  0x00007fefd7030200 JavaThread "Sweeper thread" daemon [_thread_blocked, id=40195, stack(0x0000700008931000,0x0000700008a31000)]
  0x00007fefd702b600 JavaThread "Notification Thread" daemon [_thread_blocked, id=39683, stack(0x0000700008a34000,0x0000700008b34000)]
  0x00007fefdb05dc00 JavaThread "Common-Cleaner" daemon [_thread_blocked, id=39171, stack(0x0000700008c3a000,0x0000700008d3a000)]
  0x00007fefd8893200 JavaThread "AppKit Thread" daemon [_thread_in_native, id=259, stack(0x00007ff7ba9c4000,0x00007ff7bb1c4000)]
  0x00007fefd78aae00 JavaThread "AWT-Shutdown" [_thread_blocked, id=52995, stack(0x0000700009976000,0x0000700009a76000)]
  0x00007fefd99c6e00 JavaThread "Java2D Queue Flusher" daemon [_thread_blocked, id=70403, stack(0x0000700009afc000,0x0000700009bfc000)]
  0x00007fefd8988e00 JavaThread "Java2D Disposer" daemon [_thread_blocked, id=67843, stack(0x0000700009bff000,0x0000700009cff000)]
  0x00007fefd89ac400 JavaThread "AWT-EventQueue-0" [_thread_in_native, id=130823, stack(0x0000700009d02000,0x0000700009e02000)]

Other Threads:
  0x00007fefdc804680 VMThread "VM Thread" [stack: 0x0000700008013000,0x0000700008113000] [id=17667]
  0x00007fefd93051f0 WatcherThread [stack: 0x0000700008b37000,0x0000700008c37000] [id=23299]
  0x00007fefd9605fb0 GCTaskThread "GC Thread#0" [stack: 0x0000700007b04000,0x0000700007c04000] [id=20227]
  0x00007fefd900f620 GCTaskThread "GC Thread#1" [stack: 0x0000700009467000,0x0000700009567000] [id=85531]
  0x00007fefd900f8c0 GCTaskThread "GC Thread#2" [stack: 0x000070000956a000,0x000070000966a000] [id=85779]
  0x00007fefd6f32990 GCTaskThread "GC Thread#3" [stack: 0x000070000966d000,0x000070000976d000] [id=45315]
  0x00007fefd6f32c30 GCTaskThread "GC Thread#4" [stack: 0x0000700009770000,0x0000700009870000] [id=84739]
  0x00007fefd6f330a0 GCTaskThread "GC Thread#5" [stack: 0x0000700009873000,0x0000700009973000] [id=45571]
  0x00007fefd9313b60 GCTaskThread "GC Thread#6" [stack: 0x0000700009e05000,0x0000700009f05000] [id=93235]
  0x00007fefd9261ed0 GCTaskThread "GC Thread#7" [stack: 0x0000700009f08000,0x000070000a008000] [id=126723]
  0x00007fefd9606650 ConcurrentGCThread "G1 Main Marker" [stack: 0x0000700007c07000,0x0000700007d07000] [id=19715]
  0x00007fefd9606ed0 ConcurrentGCThread "G1 Conc#0" [stack: 0x0000700007d0a000,0x0000700007e0a000] [id=19203]
  0x00007fefd9004b80 ConcurrentGCThread "G1 Refine#0" [stack: 0x0000700007e0d000,0x0000700007f0d000] [id=18435]
  0x00007fefd9005410 ConcurrentGCThread "G1 Service" [stack: 0x0000700007f10000,0x0000700008010000] [id=13315]

Threads with active compile tasks:
C2 CompilerThread0     3768  838       4       java.lang.StringLatin1::toLowerCase (186 bytes)

VM state: not at safepoint (normal execution)

VM Mutex/Monitor currently owned by a thread: None

Heap address: 0x0000000700000000, size: 4096 MB, Compressed Oops mode: Zero based, Oop shift amount: 3

CDS archive(s) not mapped
Compressed class space mapped at: 0x0000000800000000-0x0000000840000000, reserved size: 1073741824
Narrow klass base: 0x0000000800000000, Narrow klass shift: 0, Narrow klass range: 0x40000000

GC Precious Log:
 CPUs: 8 total, 8 available
 Memory: 16384M
 Large Page Support: Disabled
 NUMA Support: Disabled
 Compressed Oops: Enabled (Zero based)
 Heap Region Size: 2M
 Heap Min Capacity: 8M
 Heap Initial Capacity: 256M
 Heap Max Capacity: 4G
 Pre-touch: Disabled
 Parallel Workers: 8
 Concurrent Workers: 2
 Concurrent Refinement Workers: 8
 Periodic GC: Disabled

Heap:
 garbage-first heap   total 262144K, used 37367K [0x0000000700000000, 0x0000000800000000)
  region size 2048K, 12 young (24576K), 2 survivors (4096K)
 Metaspace       used 15830K, committed 16064K, reserved 1064960K
  class space    used 1562K, committed 1728K, reserved 1048576K

Heap Regions: E=young(eden), S=young(survivor), O=old, HS=humongous(starts), HC=humongous(continues), CS=collection set, F=free, OA=open archive, CA=closed archive, TAMS=top-at-mark-start (previous, next)
|   0|0x0000000700000000, 0x0000000700200000, 0x0000000700200000|100%|HS|  |TAMS 0x0000000700000000, 0x0000000700000000| Complete 
|   1|0x0000000700200000, 0x0000000700400000, 0x0000000700400000|100%|HC|  |TAMS 0x0000000700200000, 0x0000000700200000| Complete 
|   2|0x0000000700400000, 0x0000000700600000, 0x0000000700600000|100%|HS|  |TAMS 0x0000000700400000, 0x0000000700400000| Complete 
|   3|0x0000000700600000, 0x0000000700800000, 0x0000000700800000|100%|HC|  |TAMS 0x0000000700600000, 0x0000000700600000| Complete 
|   4|0x0000000700800000, 0x0000000700a00000, 0x0000000700a00000|100%|HS|  |TAMS 0x0000000700800000, 0x0000000700800000| Complete 
|   5|0x0000000700a00000, 0x0000000700c00000, 0x0000000700c00000|100%|HC|  |TAMS 0x0000000700a00000, 0x0000000700a00000| Complete 
|   6|0x0000000700c00000, 0x0000000700e00000, 0x0000000700e00000|100%|HS|  |TAMS 0x0000000700c00000, 0x0000000700c00000| Complete 
|   7|0x0000000700e00000, 0x0000000701000000, 0x0000000701000000|100%|HC|  |TAMS 0x0000000700e00000, 0x0000000700e00000| Complete 
|   8|0x0000000701000000, 0x0000000701000000, 0x0000000701200000|  0%| F|  |TAMS 0x0000000701000000, 0x0000000701000000| Untracked 
|   9|0x0000000701200000, 0x0000000701200000, 0x0000000701400000|  0%| F|  |TAMS 0x0000000701200000, 0x0000000701200000| Untracked 
|  10|0x0000000701400000, 0x0000000701400000, 0x0000000701600000|  0%| F|  |TAMS 0x0000000701400000, 0x0000000701400000| Untracked 
|  11|0x0000000701600000, 0x0000000701600000, 0x0000000701800000|  0%| F|  |TAMS 0x0000000701600000, 0x0000000701600000| Untracked 
|  12|0x0000000701800000, 0x0000000701800000, 0x0000000701a00000|  0%| F|  |TAMS 0x0000000701800000, 0x0000000701800000| Untracked 
|  13|0x0000000701a00000, 0x0000000701a00000, 0x0000000701c00000|  0%| F|  |TAMS 0x0000000701a00000, 0x0000000701a00000| Untracked 
|  14|0x0000000701c00000, 0x0000000701c00000, 0x0000000701e00000|  0%| F|  |TAMS 0x0000000701c00000, 0x0000000701c00000| Untracked 
|  15|0x0000000701e00000, 0x0000000701e00000, 0x0000000702000000|  0%| F|  |TAMS 0x0000000701e00000, 0x0000000701e00000| Untracked 
|  16|0x0000000702000000, 0x0000000702000000, 0x0000000702200000|  0%| F|  |TAMS 0x0000000702000000, 0x0000000702000000| Untracked 
|  17|0x0000000702200000, 0x0000000702200000, 0x0000000702400000|  0%| F|  |TAMS 0x0000000702200000, 0x0000000702200000| Untracked 
|  18|0x0000000702400000, 0x0000000702400000, 0x0000000702600000|  0%| F|  |TAMS 0x0000000702400000, 0x0000000702400000| Untracked 
|  19|0x0000000702600000, 0x0000000702600000, 0x0000000702800000|  0%| F|  |TAMS 0x0000000702600000, 0x0000000702600000| Untracked 
|  20|0x0000000702800000, 0x0000000702800000, 0x0000000702a00000|  0%| F|  |TAMS 0x0000000702800000, 0x0000000702800000| Untracked 
|  21|0x0000000702a00000, 0x0000000702a00000, 0x0000000702c00000|  0%| F|  |TAMS 0x0000000702a00000, 0x0000000702a00000| Untracked 
|  22|0x0000000702c00000, 0x0000000702c00000, 0x0000000702e00000|  0%| F|  |TAMS 0x0000000702c00000, 0x0000000702c00000| Untracked 
|  23|0x0000000702e00000, 0x0000000702e00000, 0x0000000703000000|  0%| F|  |TAMS 0x0000000702e00000, 0x0000000702e00000| Untracked 
|  24|0x0000000703000000, 0x0000000703000000, 0x0000000703200000|  0%| F|  |TAMS 0x0000000703000000, 0x0000000703000000| Untracked 
|  25|0x0000000703200000, 0x0000000703200000, 0x0000000703400000|  0%| F|  |TAMS 0x0000000703200000, 0x0000000703200000| Untracked 
|  26|0x0000000703400000, 0x0000000703400000, 0x0000000703600000|  0%| F|  |TAMS 0x0000000703400000, 0x0000000703400000| Untracked 
|  27|0x0000000703600000, 0x0000000703600000, 0x0000000703800000|  0%| F|  |TAMS 0x0000000703600000, 0x0000000703600000| Untracked 
|  28|0x0000000703800000, 0x0000000703800000, 0x0000000703a00000|  0%| F|  |TAMS 0x0000000703800000, 0x0000000703800000| Untracked 
|  29|0x0000000703a00000, 0x0000000703a00000, 0x0000000703c00000|  0%| F|  |TAMS 0x0000000703a00000, 0x0000000703a00000| Untracked 
|  30|0x0000000703c00000, 0x0000000703c00000, 0x0000000703e00000|  0%| F|  |TAMS 0x0000000703c00000, 0x0000000703c00000| Untracked 
|  31|0x0000000703e00000, 0x0000000703e00000, 0x0000000704000000|  0%| F|  |TAMS 0x0000000703e00000, 0x0000000703e00000| Untracked 
|  32|0x0000000704000000, 0x0000000704000000, 0x0000000704200000|  0%| F|  |TAMS 0x0000000704000000, 0x0000000704000000| Untracked 
|  33|0x0000000704200000, 0x0000000704200000, 0x0000000704400000|  0%| F|  |TAMS 0x0000000704200000, 0x0000000704200000| Untracked 
|  34|0x0000000704400000, 0x0000000704400000, 0x0000000704600000|  0%| F|  |TAMS 0x0000000704400000, 0x0000000704400000| Untracked 
|  35|0x0000000704600000, 0x0000000704600000, 0x0000000704800000|  0%| F|  |TAMS 0x0000000704600000, 0x0000000704600000| Untracked 
|  36|0x0000000704800000, 0x0000000704800000, 0x0000000704a00000|  0%| F|  |TAMS 0x0000000704800000, 0x0000000704800000| Untracked 
|  37|0x0000000704a00000, 0x0000000704a00000, 0x0000000704c00000|  0%| F|  |TAMS 0x0000000704a00000, 0x0000000704a00000| Untracked 
|  38|0x0000000704c00000, 0x0000000704c00000, 0x0000000704e00000|  0%| F|  |TAMS 0x0000000704c00000, 0x0000000704c00000| Untracked 
|  39|0x0000000704e00000, 0x0000000704e00000, 0x0000000705000000|  0%| F|  |TAMS 0x0000000704e00000, 0x0000000704e00000| Untracked 
|  40|0x0000000705000000, 0x0000000705000000, 0x0000000705200000|  0%| F|  |TAMS 0x0000000705000000, 0x0000000705000000| Untracked 
|  41|0x0000000705200000, 0x0000000705200000, 0x0000000705400000|  0%| F|  |TAMS 0x0000000705200000, 0x0000000705200000| Untracked 
|  42|0x0000000705400000, 0x0000000705400000, 0x0000000705600000|  0%| F|  |TAMS 0x0000000705400000, 0x0000000705400000| Untracked 
|  43|0x0000000705600000, 0x0000000705600000, 0x0000000705800000|  0%| F|  |TAMS 0x0000000705600000, 0x0000000705600000| Untracked 
|  44|0x0000000705800000, 0x0000000705800000, 0x0000000705a00000|  0%| F|  |TAMS 0x0000000705800000, 0x0000000705800000| Untracked 
|  45|0x0000000705a00000, 0x0000000705a00000, 0x0000000705c00000|  0%| F|  |TAMS 0x0000000705a00000, 0x0000000705a00000| Untracked 
|  46|0x0000000705c00000, 0x0000000705c00000, 0x0000000705e00000|  0%| F|  |TAMS 0x0000000705c00000, 0x0000000705c00000| Untracked 
|  47|0x0000000705e00000, 0x0000000705e00000, 0x0000000706000000|  0%| F|  |TAMS 0x0000000705e00000, 0x0000000705e00000| Untracked 
|  48|0x0000000706000000, 0x0000000706000000, 0x0000000706200000|  0%| F|  |TAMS 0x0000000706000000, 0x0000000706000000| Untracked 
|  49|0x0000000706200000, 0x0000000706200000, 0x0000000706400000|  0%| F|  |TAMS 0x0000000706200000, 0x0000000706200000| Untracked 
|  50|0x0000000706400000, 0x000000070647ddc0, 0x0000000706600000| 24%| S|CS|TAMS 0x0000000706400000, 0x0000000706400000| Complete 
|  51|0x0000000706600000, 0x0000000706800000, 0x0000000706800000|100%| S|CS|TAMS 0x0000000706600000, 0x0000000706600000| Complete 
|  52|0x0000000706800000, 0x0000000706800000, 0x0000000706a00000|  0%| F|  |TAMS 0x0000000706800000, 0x0000000706800000| Untracked 
|  53|0x0000000706a00000, 0x0000000706a00000, 0x0000000706c00000|  0%| F|  |TAMS 0x0000000706a00000, 0x0000000706a00000| Untracked 
|  54|0x0000000706c00000, 0x0000000706c00000, 0x0000000706e00000|  0%| F|  |TAMS 0x0000000706c00000, 0x0000000706c00000| Untracked 
|  55|0x0000000706e00000, 0x0000000706e00000, 0x0000000707000000|  0%| F|  |TAMS 0x0000000706e00000, 0x0000000706e00000| Untracked 
|  56|0x0000000707000000, 0x0000000707000000, 0x0000000707200000|  0%| F|  |TAMS 0x0000000707000000, 0x0000000707000000| Untracked 
|  57|0x0000000707200000, 0x0000000707200000, 0x0000000707400000|  0%| F|  |TAMS 0x0000000707200000, 0x0000000707200000| Untracked 
|  58|0x0000000707400000, 0x0000000707400000, 0x0000000707600000|  0%| F|  |TAMS 0x0000000707400000, 0x0000000707400000| Untracked 
|  59|0x0000000707600000, 0x0000000707600000, 0x0000000707800000|  0%| F|  |TAMS 0x0000000707600000, 0x0000000707600000| Untracked 
|  60|0x0000000707800000, 0x0000000707800000, 0x0000000707a00000|  0%| F|  |TAMS 0x0000000707800000, 0x0000000707800000| Untracked 
|  61|0x0000000707a00000, 0x0000000707a00000, 0x0000000707c00000|  0%| F|  |TAMS 0x0000000707a00000, 0x0000000707a00000| Untracked 
|  62|0x0000000707c00000, 0x0000000707c00000, 0x0000000707e00000|  0%| F|  |TAMS 0x0000000707c00000, 0x0000000707c00000| Untracked 
|  63|0x0000000707e00000, 0x0000000707e00000, 0x0000000708000000|  0%| F|  |TAMS 0x0000000707e00000, 0x0000000707e00000| Untracked 
|  64|0x0000000708000000, 0x0000000708000000, 0x0000000708200000|  0%| F|  |TAMS 0x0000000708000000, 0x0000000708000000| Untracked 
|  65|0x0000000708200000, 0x0000000708200000, 0x0000000708400000|  0%| F|  |TAMS 0x0000000708200000, 0x0000000708200000| Untracked 
|  66|0x0000000708400000, 0x0000000708400000, 0x0000000708600000|  0%| F|  |TAMS 0x0000000708400000, 0x0000000708400000| Untracked 
|  67|0x0000000708600000, 0x0000000708600000, 0x0000000708800000|  0%| F|  |TAMS 0x0000000708600000, 0x0000000708600000| Untracked 
|  68|0x0000000708800000, 0x0000000708800000, 0x0000000708a00000|  0%| F|  |TAMS 0x0000000708800000, 0x0000000708800000| Untracked 
|  69|0x0000000708a00000, 0x0000000708a00000, 0x0000000708c00000|  0%| F|  |TAMS 0x0000000708a00000, 0x0000000708a00000| Untracked 
|  70|0x0000000708c00000, 0x0000000708c00000, 0x0000000708e00000|  0%| F|  |TAMS 0x0000000708c00000, 0x0000000708c00000| Untracked 
|  71|0x0000000708e00000, 0x0000000708e00000, 0x0000000709000000|  0%| F|  |TAMS 0x0000000708e00000, 0x0000000708e00000| Untracked 
|  72|0x0000000709000000, 0x0000000709000000, 0x0000000709200000|  0%| F|  |TAMS 0x0000000709000000, 0x0000000709000000| Untracked 
|  73|0x0000000709200000, 0x0000000709200000, 0x0000000709400000|  0%| F|  |TAMS 0x0000000709200000, 0x0000000709200000| Untracked 
|  74|0x0000000709400000, 0x0000000709400000, 0x0000000709600000|  0%| F|  |TAMS 0x0000000709400000, 0x0000000709400000| Untracked 
|  75|0x0000000709600000, 0x0000000709600000, 0x0000000709800000|  0%| F|  |TAMS 0x0000000709600000, 0x0000000709600000| Untracked 
|  76|0x0000000709800000, 0x0000000709800000, 0x0000000709a00000|  0%| F|  |TAMS 0x0000000709800000, 0x0000000709800000| Untracked 
|  77|0x0000000709a00000, 0x0000000709a00000, 0x0000000709c00000|  0%| F|  |TAMS 0x0000000709a00000, 0x0000000709a00000| Untracked 
|  78|0x0000000709c00000, 0x0000000709c00000, 0x0000000709e00000|  0%| F|  |TAMS 0x0000000709c00000, 0x0000000709c00000| Untracked 
|  79|0x0000000709e00000, 0x0000000709e00000, 0x000000070a000000|  0%| F|  |TAMS 0x0000000709e00000, 0x0000000709e00000| Untracked 
|  80|0x000000070a000000, 0x000000070a000000, 0x000000070a200000|  0%| F|  |TAMS 0x000000070a000000, 0x000000070a000000| Untracked 
|  81|0x000000070a200000, 0x000000070a200000, 0x000000070a400000|  0%| F|  |TAMS 0x000000070a200000, 0x000000070a200000| Untracked 
|  82|0x000000070a400000, 0x000000070a400000, 0x000000070a600000|  0%| F|  |TAMS 0x000000070a400000, 0x000000070a400000| Untracked 
|  83|0x000000070a600000, 0x000000070a600000, 0x000000070a800000|  0%| F|  |TAMS 0x000000070a600000, 0x000000070a600000| Untracked 
|  84|0x000000070a800000, 0x000000070a800000, 0x000000070aa00000|  0%| F|  |TAMS 0x000000070a800000, 0x000000070a800000| Untracked 
|  85|0x000000070aa00000, 0x000000070aa00000, 0x000000070ac00000|  0%| F|  |TAMS 0x000000070aa00000, 0x000000070aa00000| Untracked 
|  86|0x000000070ac00000, 0x000000070ac00000, 0x000000070ae00000|  0%| F|  |TAMS 0x000000070ac00000, 0x000000070ac00000| Untracked 
|  87|0x000000070ae00000, 0x000000070ae00000, 0x000000070b000000|  0%| F|  |TAMS 0x000000070ae00000, 0x000000070ae00000| Untracked 
|  88|0x000000070b000000, 0x000000070b000000, 0x000000070b200000|  0%| F|  |TAMS 0x000000070b000000, 0x000000070b000000| Untracked 
|  89|0x000000070b200000, 0x000000070b200000, 0x000000070b400000|  0%| F|  |TAMS 0x000000070b200000, 0x000000070b200000| Untracked 
|  90|0x000000070b400000, 0x000000070b400000, 0x000000070b600000|  0%| F|  |TAMS 0x000000070b400000, 0x000000070b400000| Untracked 
|  91|0x000000070b600000, 0x000000070b600000, 0x000000070b800000|  0%| F|  |TAMS 0x000000070b600000, 0x000000070b600000| Untracked 
|  92|0x000000070b800000, 0x000000070b800000, 0x000000070ba00000|  0%| F|  |TAMS 0x000000070b800000, 0x000000070b800000| Untracked 
|  93|0x000000070ba00000, 0x000000070ba00000, 0x000000070bc00000|  0%| F|  |TAMS 0x000000070ba00000, 0x000000070ba00000| Untracked 
|  94|0x000000070bc00000, 0x000000070bc00000, 0x000000070be00000|  0%| F|  |TAMS 0x000000070bc00000, 0x000000070bc00000| Untracked 
|  95|0x000000070be00000, 0x000000070be00000, 0x000000070c000000|  0%| F|  |TAMS 0x000000070be00000, 0x000000070be00000| Untracked 
|  96|0x000000070c000000, 0x000000070c000000, 0x000000070c200000|  0%| F|  |TAMS 0x000000070c000000, 0x000000070c000000| Untracked 
|  97|0x000000070c200000, 0x000000070c200000, 0x000000070c400000|  0%| F|  |TAMS 0x000000070c200000, 0x000000070c200000| Untracked 
|  98|0x000000070c400000, 0x000000070c400000, 0x000000070c600000|  0%| F|  |TAMS 0x000000070c400000, 0x000000070c400000| Untracked 
|  99|0x000000070c600000, 0x000000070c600000, 0x000000070c800000|  0%| F|  |TAMS 0x000000070c600000, 0x000000070c600000| Untracked 
| 100|0x000000070c800000, 0x000000070c800000, 0x000000070ca00000|  0%| F|  |TAMS 0x000000070c800000, 0x000000070c800000| Untracked 
| 101|0x000000070ca00000, 0x000000070ca00000, 0x000000070cc00000|  0%| F|  |TAMS 0x000000070ca00000, 0x000000070ca00000| Untracked 
| 102|0x000000070cc00000, 0x000000070cc00000, 0x000000070ce00000|  0%| F|  |TAMS 0x000000070cc00000, 0x000000070cc00000| Untracked 
| 103|0x000000070ce00000, 0x000000070ce00000, 0x000000070d000000|  0%| F|  |TAMS 0x000000070ce00000, 0x000000070ce00000| Untracked 
| 104|0x000000070d000000, 0x000000070d000000, 0x000000070d200000|  0%| F|  |TAMS 0x000000070d000000, 0x000000070d000000| Untracked 
| 105|0x000000070d200000, 0x000000070d200000, 0x000000070d400000|  0%| F|  |TAMS 0x000000070d200000, 0x000000070d200000| Untracked 
| 106|0x000000070d400000, 0x000000070d400000, 0x000000070d600000|  0%| F|  |TAMS 0x000000070d400000, 0x000000070d400000| Untracked 
| 107|0x000000070d600000, 0x000000070d600000, 0x000000070d800000|  0%| F|  |TAMS 0x000000070d600000, 0x000000070d600000| Untracked 
| 108|0x000000070d800000, 0x000000070d800000, 0x000000070da00000|  0%| F|  |TAMS 0x000000070d800000, 0x000000070d800000| Untracked 
| 109|0x000000070da00000, 0x000000070da00000, 0x000000070dc00000|  0%| F|  |TAMS 0x000000070da00000, 0x000000070da00000| Untracked 
| 110|0x000000070dc00000, 0x000000070dc00000, 0x000000070de00000|  0%| F|  |TAMS 0x000000070dc00000, 0x000000070dc00000| Untracked 
| 111|0x000000070de00000, 0x000000070de00000, 0x000000070e000000|  0%| F|  |TAMS 0x000000070de00000, 0x000000070de00000| Untracked 
| 112|0x000000070e000000, 0x000000070e000000, 0x000000070e200000|  0%| F|  |TAMS 0x000000070e000000, 0x000000070e000000| Untracked 
| 113|0x000000070e200000, 0x000000070e200000, 0x000000070e400000|  0%| F|  |TAMS 0x000000070e200000, 0x000000070e200000| Untracked 
| 114|0x000000070e400000, 0x000000070e400000, 0x000000070e600000|  0%| F|  |TAMS 0x000000070e400000, 0x000000070e400000| Untracked 
| 115|0x000000070e600000, 0x000000070e600000, 0x000000070e800000|  0%| F|  |TAMS 0x000000070e600000, 0x000000070e600000| Untracked 
| 116|0x000000070e800000, 0x000000070e800000, 0x000000070ea00000|  0%| F|  |TAMS 0x000000070e800000, 0x000000070e800000| Untracked 
| 117|0x000000070ea00000, 0x000000070ea00000, 0x000000070ec00000|  0%| F|  |TAMS 0x000000070ea00000, 0x000000070ea00000| Untracked 
| 118|0x000000070ec00000, 0x000000070ed00800, 0x000000070ee00000| 50%| E|  |TAMS 0x000000070ec00000, 0x000000070ec00000| Complete 
| 119|0x000000070ee00000, 0x000000070f000000, 0x000000070f000000|100%| E|CS|TAMS 0x000000070ee00000, 0x000000070ee00000| Complete 
| 120|0x000000070f000000, 0x000000070f200000, 0x000000070f200000|100%| E|CS|TAMS 0x000000070f000000, 0x000000070f000000| Complete 
| 121|0x000000070f200000, 0x000000070f400000, 0x000000070f400000|100%| E|CS|TAMS 0x000000070f200000, 0x000000070f200000| Complete 
| 122|0x000000070f400000, 0x000000070f600000, 0x000000070f600000|100%| E|CS|TAMS 0x000000070f400000, 0x000000070f400000| Complete 
| 123|0x000000070f600000, 0x000000070f800000, 0x000000070f800000|100%| E|CS|TAMS 0x000000070f600000, 0x000000070f600000| Complete 
| 124|0x000000070f800000, 0x000000070fa00000, 0x000000070fa00000|100%| E|CS|TAMS 0x000000070f800000, 0x000000070f800000| Complete 
| 125|0x000000070fa00000, 0x000000070fc00000, 0x000000070fc00000|100%| E|CS|TAMS 0x000000070fa00000, 0x000000070fa00000| Complete 
| 126|0x000000070fc00000, 0x000000070fe00000, 0x000000070fe00000|100%| E|CS|TAMS 0x000000070fc00000, 0x000000070fc00000| Complete 
| 127|0x000000070fe00000, 0x0000000710000000, 0x0000000710000000|100%| E|CS|TAMS 0x000000070fe00000, 0x000000070fe00000| Complete 

Card table byte_map: [0x000000010a73a000,0x000000010af3a000] _byte_map_base: 0x0000000106f3a000

Marking Bits (Prev, Next): (CMBitMap*) 0x00007fefdb01e410, (CMBitMap*) 0x00007fefdb01e450
 Prev Bits: [0x000000011b8f9000, 0x000000011f8f9000)
 Next Bits: [0x000000011f8f9000, 0x00000001238f9000)

Polling page: 0x0000000104e56000

Metaspace:

Usage:
  Non-class:     13.93 MB used.
      Class:      1.53 MB used.
       Both:     15.46 MB used.

Virtual space:
  Non-class space:       16.00 MB reserved,      14.00 MB ( 88%) committed,  2 nodes.
      Class space:        1.00 GB reserved,       1.69 MB ( <1%) committed,  1 nodes.
             Both:        1.02 GB reserved,      15.69 MB (  2%) committed. 

Chunk freelists:
   Non-Class:  2.01 MB
       Class:  2.25 MB
        Both:  4.25 MB

MaxMetaspaceSize: unlimited
CompressedClassSpaceSize: 1.00 GB
Initial GC threshold: 21.00 MB
Current GC threshold: 21.00 MB
CDS: off
MetaspaceReclaimPolicy: balanced
 - commit_granule_bytes: 65536.
 - commit_granule_words: 8192.
 - virtual_space_node_default_size: 1048576.
 - enlarge_chunks_in_place: 1.
 - new_chunks_are_fully_committed: 0.
 - uncommit_free_chunks: 1.
 - use_allocation_guard: 0.
 - handle_deallocations: 1.


Internal statistics:

num_allocs_failed_limit: 0.
num_arena_births: 136.
num_arena_deaths: 0.
num_vsnodes_births: 3.
num_vsnodes_deaths: 0.
num_space_committed: 251.
num_space_uncommitted: 0.
num_chunks_returned_to_freelist: 0.
num_chunks_taken_from_freelist: 210.
num_chunk_merges: 0.
num_chunk_splits: 128.
num_chunks_enlarged: 77.
num_purges: 0.
num_inconsistent_stats: 0.

CodeHeap 'non-profiled nmethods': size=120028Kb used=371Kb max_used=371Kb free=119656Kb
 bounds [0x00000001143c2000, 0x0000000114632000, 0x000000011b8f9000]
CodeHeap 'profiled nmethods': size=120028Kb used=1287Kb max_used=1287Kb free=118740Kb
 bounds [0x000000010ce8b000, 0x000000010d0fb000, 0x00000001143c2000]
CodeHeap 'non-nmethods': size=5704Kb used=1491Kb max_used=1513Kb free=4212Kb
 bounds [0x000000010c8f9000, 0x000000010cb69000, 0x000000010ce8b000]
 total_blobs=1732 nmethods=838 adapters=808
 compilation: enabled
              stopped_count=0, restarted_count=0
 full_count=0

Compilation events (20 events):
Event: 3.707 Thread 0x00007fefd7009e00  827       1       java.util.concurrent.locks.AbstractOwnableSynchronizer::getExclusiveOwnerThread (5 bytes)
Event: 3.708 Thread 0x00007fefd7009e00 nmethod 827 0x000000011441d990 code [0x000000011441db20, 0x000000011441dbf0]
Event: 3.710 Thread 0x00007fefd7009e00  828       3       java.util.concurrent.ConcurrentHashMap::<init> (5 bytes)
Event: 3.710 Thread 0x00007fefd7009e00 nmethod 828 0x000000010cfc8d90 code [0x000000010cfc8f40, 0x000000010cfc90f0]
Event: 3.711 Thread 0x00007fefd7009e00  829       1       sun.font.FontFamily::getRank (5 bytes)
Event: 3.711 Thread 0x00007fefd7009e00 nmethod 829 0x000000011441dc90 code [0x000000011441de20, 0x000000011441def0]
Event: 3.716 Thread 0x00007fefd7009e00  830       3       java.lang.ref.Finalizer::register (10 bytes)
Event: 3.716 Thread 0x00007fefd7009e00 nmethod 830 0x000000010cfc9210 code [0x000000010cfc93c0, 0x000000010cfc9540]
Event: 3.716 Thread 0x00007fefd7009e00  831   !   3       java.lang.ref.Finalizer::<init> (49 bytes)
Event: 3.717 Thread 0x00007fefd7009e00 nmethod 831 0x000000010cfc9610 code [0x000000010cfc9800, 0x000000010cfc9df0]
Event: 3.736 Thread 0x00007fefd7009e00  832       3       sun.font.FontUtilities::isLogging (4 bytes)
Event: 3.736 Thread 0x00007fefd7009e00 nmethod 832 0x000000010cfca010 code [0x000000010cfca1a0, 0x000000010cfca290]
Event: 3.737 Thread 0x00007fefd7009e00  833       3       sun.font.FontFamily::getFamily (17 bytes)
Event: 3.738 Thread 0x00007fefd7009e00 nmethod 833 0x000000010cfca310 code [0x000000010cfca500, 0x000000010cfca940]
Event: 3.738 Thread 0x00007fefd7009e00  834       3       sun.font.CFontManager::registerFont (17 bytes)
Event: 3.738 Thread 0x00007fefd7009e00 nmethod 834 0x000000010cfcab10 code [0x000000010cfcace0, 0x000000010cfcaf30]
Event: 3.738 Thread 0x00007fefd7009e00  835       3       sun.font.CFont::<init> (49 bytes)
Event: 3.739 Thread 0x00007fefd7009e00 nmethod 835 0x000000010cfcb090 code [0x000000010cfcb2a0, 0x000000010cfcba10]
Event: 3.741 Thread 0x00007fefd7009e00  837       3       sun.font.FontFamily::closerWeight (134 bytes)
Event: 3.742 Thread 0x00007fefd7009e00 nmethod 837 0x000000010cfcbc10 code [0x000000010cfcbea0, 0x000000010cfccc30]

GC Heap History (6 events):
Event: 2.077 GC heap before
{Heap before GC invocations=0 (full 0):
 garbage-first heap   total 262144K, used 22528K [0x0000000700000000, 0x0000000800000000)
  region size 2048K, 11 young (22528K), 0 survivors (0K)
 Metaspace       used 9748K, committed 9920K, reserved 1064960K
  class space    used 870K, committed 960K, reserved 1048576K
}
Event: 2.080 GC heap after
{Heap after GC invocations=1 (full 0):
 garbage-first heap   total 262144K, used 1842K [0x0000000700000000, 0x0000000800000000)
  region size 2048K, 1 young (2048K), 1 survivors (2048K)
 Metaspace       used 9748K, committed 9920K, reserved 1064960K
  class space    used 870K, committed 960K, reserved 1048576K
}
Event: 2.175 GC heap before
{Heap before GC invocations=1 (full 0):
 garbage-first heap   total 262144K, used 36658K [0x0000000700000000, 0x0000000800000000)
  region size 2048K, 18 young (36864K), 1 survivors (2048K)
 Metaspace       used 9748K, committed 9920K, reserved 1064960K
  class space    used 870K, committed 960K, reserved 1048576K
}
Event: 2.182 GC heap after
{Heap after GC invocations=2 (full 0):
 garbage-first heap   total 262144K, used 1912K [0x0000000700000000, 0x0000000800000000)
  region size 2048K, 1 young (2048K), 1 survivors (2048K)
 Metaspace       used 9748K, committed 9920K, reserved 1064960K
  class space    used 870K, committed 960K, reserved 1048576K
}
Event: 3.598 GC heap before
{Heap before GC invocations=2 (full 0):
 garbage-first heap   total 262144K, used 171896K [0x0000000700000000, 0x0000000800000000)
  region size 2048K, 76 young (155648K), 1 survivors (2048K)
 Metaspace       used 15812K, committed 16064K, reserved 1064960K
  class space    used 1562K, committed 1728K, reserved 1048576K
}
Event: 3.602 GC heap after
{Heap after GC invocations=3 (full 0):
 garbage-first heap   total 262144K, used 10743K [0x0000000700000000, 0x0000000800000000)
  region size 2048K, 2 young (4096K), 2 survivors (4096K)
 Metaspace       used 15812K, committed 16064K, reserved 1064960K
  class space    used 1562K, committed 1728K, reserved 1048576K
}

Deoptimization events (20 events):
Event: 2.422 Thread 0x00007fefd7008200 DEOPT PACKING pc=0x00000001143e3218 sp=0x0000700007b00080
Event: 2.422 Thread 0x00007fefd7008200 DEOPT UNPACKING pc=0x000000010c94b099 sp=0x0000700007afffb8 mode 2
Event: 2.895 Thread 0x00007fefd89ac400 Uncommon trap: trap_request=0xffffff45 fr.pc=0x00000001143cffec relative=0x000000000000034c
Event: 2.895 Thread 0x00007fefd89ac400 Uncommon trap: reason=unstable_if action=reinterpret pc=0x00000001143cffec method=java.lang.StringUTF16.compress([CI[BII)I @ 20 c2
Event: 2.895 Thread 0x00007fefd89ac400 DEOPT PACKING pc=0x00000001143cffec sp=0x0000700009dff080
Event: 2.895 Thread 0x00007fefd89ac400 DEOPT UNPACKING pc=0x000000010c94b099 sp=0x0000700009dff020 mode 2
Event: 2.895 Thread 0x00007fefd89ac400 Uncommon trap: trap_request=0xffffff45 fr.pc=0x00000001143d2dfc relative=0x000000000000005c
Event: 2.895 Thread 0x00007fefd89ac400 Uncommon trap: reason=unstable_if action=reinterpret pc=0x00000001143d2dfc method=java.lang.String.isLatin1()Z @ 10 c2
Event: 2.895 Thread 0x00007fefd89ac400 DEOPT PACKING pc=0x00000001143d2dfc sp=0x0000700009dff230
Event: 2.895 Thread 0x00007fefd89ac400 DEOPT UNPACKING pc=0x000000010c94b099 sp=0x0000700009dff1e0 mode 2
Event: 2.901 Thread 0x00007fefd7008200 DEOPT PACKING pc=0x000000010cf36cf8 sp=0x0000700007b00830
Event: 2.901 Thread 0x00007fefd7008200 DEOPT UNPACKING pc=0x000000010c94b82f sp=0x0000700007affd98 mode 0
Event: 3.157 Thread 0x00007fefd7008200 Uncommon trap: trap_request=0xffffff45 fr.pc=0x00000001143fbf98 relative=0x0000000000000c38
Event: 3.157 Thread 0x00007fefd7008200 Uncommon trap: reason=unstable_if action=reinterpret pc=0x00000001143fbf98 method=edu.uh.compsci.eastonmark.jeremy.biovision.BioVision.singleStreamParse(Lorg/opencv/core/Mat;II)Lorg/opencv/core/Mat; @ 491 c2
Event: 3.157 Thread 0x00007fefd7008200 DEOPT PACKING pc=0x00000001143fbf98 sp=0x0000700007b008e0
Event: 3.157 Thread 0x00007fefd7008200 DEOPT UNPACKING pc=0x000000010c94b099 sp=0x0000700007b008a8 mode 2
Event: 3.615 Thread 0x00007fefd7008200 Uncommon trap: trap_request=0xffffffbe fr.pc=0x0000000114415ec4 relative=0x0000000000001804
Event: 3.615 Thread 0x00007fefd7008200 Uncommon trap: reason=profile_predicate action=maybe_recompile pc=0x0000000114415ec4 method=edu.uh.compsci.eastonmark.jeremy.biovision.BioVision.singleStreamParse(Lorg/opencv/core/Mat;II)Lorg/opencv/core/Mat; @ 482 c2
Event: 3.615 Thread 0x00007fefd7008200 DEOPT PACKING pc=0x0000000114415ec4 sp=0x0000700007b008d0
Event: 3.615 Thread 0x00007fefd7008200 DEOPT UNPACKING pc=0x000000010c94b099 sp=0x0000700007b008a8 mode 2

Classes unloaded (0 events):
No events

Classes redefined (0 events):
No events

Internal exceptions (20 events):
Event: 2.222 Thread 0x00007fefd7008200 Implicit null exception at 0x00000001143f812c to 0x00000001143f8f1f
Event: 2.401 Thread 0x00007fefd7008200 Exception <a 'java/lang/ClassNotFoundException'{0x000000070f189ae8}: sun/awt/resources/spi/awtProvider> (0x000000070f189ae8) 
thrown [src/hotspot/share/classfile/systemDictionary.cpp, line 256]
Event: 2.409 Thread 0x00007fefd7008200 Exception <a 'java/io/FileNotFoundException'{0x000000070f190490}> (0x000000070f190490) 
thrown [src/hotspot/share/prims/jni.cpp, line 516]
Event: 2.418 Thread 0x00007fefd7008200 Exception <a 'java/io/FileNotFoundException'{0x000000070f1bd480}> (0x000000070f1bd480) 
thrown [src/hotspot/share/prims/jni.cpp, line 516]
Event: 2.422 Thread 0x00007fefd7008200 Implicit null exception at 0x00000001143e317f to 0x00000001143e3200
Event: 2.442 Thread 0x00007fefd7008200 Exception <a 'java/lang/ClassNotFoundException'{0x000000070f1e31d0}: sun/awt/resources/spi/awtosxProvider> (0x000000070f1e31d0) 
thrown [src/hotspot/share/classfile/systemDictionary.cpp, line 256]
Event: 2.674 Thread 0x00007fefd7008200 Exception <a 'java/lang/NoSuchMethodError'{0x000000070ef04fc0}: 'void java.lang.invoke.DirectMethodHandle$Holder.invokeStatic(java.lang.Object, java.lang.Object)'> (0x000000070ef04fc0) 
thrown [src/hotspot/share/interpreter/linkResolver.cpp, line 759]
Event: 2.718 Thread 0x00007fefd7008200 Exception <a 'java/lang/NoSuchMethodError'{0x000000070ef41af8}: 'void java.lang.invoke.DirectMethodHandle$Holder.invokeStaticInit(java.lang.Object)'> (0x000000070ef41af8) 
thrown [src/hotspot/share/interpreter/linkResolver.cpp, line 759]
Event: 2.728 Thread 0x00007fefd7008200 Exception <a 'java/lang/NoSuchMethodError'{0x000000070ef64928}: 'java.lang.Object java.lang.invoke.DirectMethodHandle$Holder.newInvokeSpecial(java.lang.Object, java.lang.Object, java.lang.Object, java.lang.Object, java.lang.Object)'> (0x000000070ef64928) 
thrown [src/hotspot/share/interpreter/linkResolver.cpp, line 759]
Event: 2.730 Thread 0x00007fefd7008200 Exception <a 'java/lang/NoSuchMethodError'{0x000000070ef702f0}: 'java.lang.Object java.lang.invoke.DirectMethodHandle$Holder.invokeStatic(java.lang.Object, int, java.lang.Object, java.lang.Object, java.lang.Object, java.lang.Object)'> (0x000000070ef702f0) 
thrown [src/hotspot/share/interpreter/linkResolver.cpp, line 759]
Event: 2.738 Thread 0x00007fefd7008200 Exception <a 'java/lang/ClassNotFoundException'{0x000000070efc38a8}: com/apple/laf/resources/spi/aquaProvider> (0x000000070efc38a8) 
thrown [src/hotspot/share/classfile/systemDictionary.cpp, line 256]
Event: 2.761 Thread 0x00007fefd7008200 Exception <a 'java/lang/ClassNotFoundException'{0x000000070ec37c58}: com/sun/swing/internal/plaf/basic/resources/spi/basicProvider> (0x000000070ec37c58) 
thrown [src/hotspot/share/classfile/systemDictionary.cpp, line 256]
Event: 2.785 Thread 0x00007fefd7008200 Exception <a 'java/lang/NoSuchMethodError'{0x000000070ec69590}: 'java.lang.Object java.lang.invoke.DirectMethodHandle$Holder.newInvokeSpecial(java.lang.Object, java.lang.Object, java.lang.Object, int, java.lang.Object)'> (0x000000070ec69590) 
thrown [src/hotspot/share/interpreter/linkResolver.cpp, line 759]
Event: 2.809 Thread 0x00007fefd7008200 Exception <a 'java/lang/NoSuchMethodError'{0x000000070ec81fb8}: 'java.lang.Object java.lang.invoke.Invokers$Holder.linkToTargetMethod(int, int, int, int, java.lang.Object)'> (0x000000070ec81fb8) 
thrown [src/hotspot/share/interpreter/linkResolver.cpp, line 759]
Event: 2.811 Thread 0x00007fefd7008200 Exception <a 'java/lang/NoSuchMethodError'{0x000000070ec85aa0}: 'void java.lang.invoke.DirectMethodHandle$Holder.invokeStatic(java.lang.Object, java.lang.Object, long)'> (0x000000070ec85aa0) 
thrown [src/hotspot/share/interpreter/linkResolver.cpp, line 759]
Event: 2.819 Thread 0x00007fefd8893200 Exception <a 'java/lang/NoSuchMethodError'{0x000000070ee4b698}: 'void java.lang.invoke.DirectMethodHandle$Holder.invokeSpecial(java.lang.Object, java.lang.Object, long)'> (0x000000070ee4b698) 
thrown [src/hotspot/share/interpreter/linkResolver.cpp, line 759]
Event: 2.845 Thread 0x00007fefd7008200 Exception <a 'java/lang/NoSuchMethodError'{0x000000070ec9cb28}: 'void java.lang.invoke.DirectMethodHandle$Holder.invokeStatic(java.lang.Object, long, long)'> (0x000000070ec9cb28) 
thrown [src/hotspot/share/interpreter/linkResolver.cpp, line 759]
Event: 2.846 Thread 0x00007fefd7008200 Exception <a 'java/lang/NoSuchMethodError'{0x000000070eca2150}: 'java.lang.Object java.lang.invoke.DirectMethodHandle$Holder.newInvokeSpecial(java.lang.Object, long)'> (0x000000070eca2150) 
thrown [src/hotspot/share/interpreter/linkResolver.cpp, line 759]
Event: 2.849 Thread 0x00007fefd7008200 Exception <a 'java/lang/NoSuchMethodError'{0x000000070ecac498}: 'java.lang.Object java.lang.invoke.DirectMethodHandle$Holder.newInvokeSpecial(java.lang.Object, java.lang.Object, int)'> (0x000000070ecac498) 
thrown [src/hotspot/share/interpreter/linkResolver.cpp, line 759]
Event: 2.852 Thread 0x00007fefd8893200 Exception <a 'java/lang/NoSuchMethodError'{0x000000070ee59e20}: 'void java.lang.invoke.DirectMethodHandle$Holder.invokeStatic(java.lang.Object, long)'> (0x000000070ee59e20) 
thrown [src/hotspot/share/interpreter/linkResolver.cpp, line 759]

VM Operations (14 events):
Event: 0.153 Executing VM operation: HandshakeAllThreads
Event: 0.153 Executing VM operation: HandshakeAllThreads done
Event: 0.239 Executing VM operation: HandshakeAllThreads
Event: 0.239 Executing VM operation: HandshakeAllThreads done
Event: 1.240 Executing VM operation: Cleanup
Event: 1.240 Executing VM operation: Cleanup done
Event: 2.077 Executing VM operation: G1CollectForAllocation
Event: 2.080 Executing VM operation: G1CollectForAllocation done
Event: 2.175 Executing VM operation: G1CollectForAllocation
Event: 2.182 Executing VM operation: G1CollectForAllocation done
Event: 3.185 Executing VM operation: Cleanup
Event: 3.198 Executing VM operation: Cleanup done
Event: 3.598 Executing VM operation: G1CollectForAllocation
Event: 3.602 Executing VM operation: G1CollectForAllocation done

Events (20 events):
Event: 2.896 loading class java/lang/ProcessEnvironment$Variable
Event: 2.896 loading class java/lang/ProcessEnvironment$ExternalData
Event: 2.896 loading class java/lang/ProcessEnvironment$ExternalData done
Event: 2.896 loading class java/lang/ProcessEnvironment$Variable done
Event: 2.896 loading class java/lang/ProcessEnvironment$Value
Event: 2.896 loading class java/lang/ProcessEnvironment$Value done
Event: 2.897 loading class java/lang/ProcessEnvironment$StringEnvironment
Event: 2.897 loading class java/lang/ProcessEnvironment$StringEnvironment done
Event: 2.897 loading class sun/font/FontDesignMetrics$MetricsKey
Event: 2.897 loading class sun/font/FontDesignMetrics$MetricsKey done
Event: 2.897 loading class sun/font/FontFamily
Event: 2.898 loading class sun/font/FontFamily done
Event: 2.898 loading class sun/font/SunFontManager$9
Event: 2.898 loading class sun/font/SunFontManager$9 done
Event: 2.898 loading class sun/font/CFontManager$1
Event: 2.898 loading class sun/font/CFontManager$1 done
Event: 3.587 loading class sun/font/CFont
Event: 3.588 loading class sun/font/FontSubstitution
Event: 3.588 loading class sun/font/FontSubstitution done
Event: 3.588 loading class sun/font/CFont done


Dynamic libraries:
0x0000000104e59000 	/Users/jreastonmarks/.p2/pool/plugins/org.eclipse.justj.openjdk.hotspot.jre.full.macosx.x86_64_17.0.4.v20221004-1257/jre/lib/libjli.dylib
0x00007ff810535000 	/usr/lib/libz.1.dylib
0x00007ff810615000 	/usr/lib/libSystem.B.dylib
0x00007ff810610000 	/usr/lib/system/libcache.dylib
0x00007ff8105cc000 	/usr/lib/system/libcommonCrypto.dylib
0x00007ff8105f5000 	/usr/lib/system/libcompiler_rt.dylib
0x00007ff8105eb000 	/usr/lib/system/libcopyfile.dylib
0x00007ff8055a3000 	/usr/lib/system/libcorecrypto.dylib
0x00007ff805661000 	/usr/lib/system/libdispatch.dylib
0x00007ff805821000 	/usr/lib/system/libdyld.dylib
0x00007ff810607000 	/usr/lib/system/libkeymgr.dylib
0x00007ff8105aa000 	/usr/lib/system/libmacho.dylib
0x00007ff80fc2b000 	/usr/lib/system/libquarantine.dylib
0x00007ff810605000 	/usr/lib/system/libremovefile.dylib
0x00007ff80a7b6000 	/usr/lib/system/libsystem_asl.dylib
0x00007ff80554c000 	/usr/lib/system/libsystem_blocks.dylib
0x00007ff8056e5000 	/usr/lib/system/libsystem_c.dylib
0x00007ff8105fd000 	/usr/lib/system/libsystem_collections.dylib
0x00007ff80eedf000 	/usr/lib/system/libsystem_configuration.dylib
0x00007ff80e188000 	/usr/lib/system/libsystem_containermanager.dylib
0x00007ff8102e2000 	/usr/lib/system/libsystem_coreservices.dylib
0x00007ff807e57000 	/usr/lib/system/libsystem_darwin.dylib
0x00007ff810608000 	/usr/lib/system/libsystem_dnssd.dylib
0x00007ff8056e2000 	/usr/lib/system/libsystem_featureflags.dylib
0x00007ff805837000 	/usr/lib/system/libsystem_info.dylib
0x00007ff810548000 	/usr/lib/system/libsystem_m.dylib
0x00007ff805635000 	/usr/lib/system/libsystem_malloc.dylib
0x00007ff80a751000 	/usr/lib/system/libsystem_networkextension.dylib
0x00007ff80827d000 	/usr/lib/system/libsystem_notify.dylib
0x00007ff816885000 	/usr/lib/system/libsystem_product_info_filter.dylib
0x00007ff80eee3000 	/usr/lib/system/libsystem_sandbox.dylib
0x00007ff810602000 	/usr/lib/system/libsystem_secinit.dylib
0x00007ff8057dd000 	/usr/lib/system/libsystem_kernel.dylib
0x00007ff80582d000 	/usr/lib/system/libsystem_platform.dylib
0x00007ff805815000 	/usr/lib/system/libsystem_pthread.dylib
0x00007ff80c004000 	/usr/lib/system/libsystem_symptoms.dylib
0x00007ff80558a000 	/usr/lib/system/libsystem_trace.dylib
0x00007ff8105d8000 	/usr/lib/system/libunwind.dylib
0x00007ff80554e000 	/usr/lib/system/libxpc.dylib
0x00007ff8057c7000 	/usr/lib/libc++abi.dylib
0x00007ff8056a8000 	/usr/lib/libobjc.A.dylib
0x00007ff8105e3000 	/usr/lib/liboah.dylib
0x00007ff80576e000 	/usr/lib/libc++.1.dylib
0x00007ff81c687000 	/System/Library/Frameworks/Cocoa.framework/Versions/A/Cocoa
0x00007ff8082db000 	/System/Library/Frameworks/AppKit.framework/Versions/C/AppKit
0x00007ff80b7f2000 	/System/Library/Frameworks/CoreData.framework/Versions/A/CoreData
0x00007ff8066de000 	/System/Library/Frameworks/Foundation.framework/Versions/C/Foundation
0x00007ff80916b000 	/System/Library/PrivateFrameworks/UIFoundation.framework/Versions/A/UIFoundation
0x00007ff816588000 	/System/Library/PrivateFrameworks/RemoteViewServices.framework/Versions/A/RemoteViewServices
0x00007ff80e869000 	/System/Library/PrivateFrameworks/XCTTargetBootstrap.framework/Versions/A/XCTTargetBootstrap
0x00007ff81241e000 	/System/Library/PrivateFrameworks/InternationalSupport.framework/Versions/A/InternationalSupport
0x00007ff8124a8000 	/System/Library/PrivateFrameworks/UserActivity.framework/Versions/A/UserActivity
0x00007ff8117fc000 	/usr/lib/libspindump.dylib
0x00007ff8093fa000 	/System/Library/Frameworks/UniformTypeIdentifiers.framework/Versions/A/UniformTypeIdentifiers
0x00007ff80cf8d000 	/usr/lib/libapp_launch_measurement.dylib
0x00007ff80c1c4000 	/System/Library/PrivateFrameworks/CoreAnalytics.framework/Versions/A/CoreAnalytics
0x00007ff80cf90000 	/System/Library/PrivateFrameworks/CoreAutoLayout.framework/Versions/A/CoreAutoLayout
0x00007ff80e1c0000 	/System/Library/Frameworks/Metal.framework/Versions/A/Metal
0x00007ff80eeef000 	/usr/lib/liblangid.dylib
0x00007ff80e86e000 	/System/Library/PrivateFrameworks/CoreSVG.framework/Versions/A/CoreSVG
0x00007ff80a7e6000 	/System/Library/PrivateFrameworks/SkyLight.framework/Versions/A/SkyLight
0x00007ff80ab85000 	/System/Library/Frameworks/CoreGraphics.framework/Versions/A/CoreGraphics
0x00007ff816c48000 	/System/Library/Frameworks/Accelerate.framework/Versions/A/Accelerate
0x00007ff81127b000 	/System/Library/PrivateFrameworks/IconServices.framework/Versions/A/IconServices
0x00007ff80e1a5000 	/System/Library/Frameworks/IOSurface.framework/Versions/A/IOSurface
0x00007ff80c1f2000 	/usr/lib/libDiagnosticMessagesClient.dylib
0x00007ff81a32b000 	/System/Library/Frameworks/ApplicationServices.framework/Versions/A/ApplicationServices
0x00007ff80e855000 	/System/Library/PrivateFrameworks/DFRFoundation.framework/Versions/A/DFRFoundation
0x00007ff807bc3000 	/usr/lib/libicucore.A.dylib
0x00007ff813214000 	/System/Library/Frameworks/AudioToolbox.framework/Versions/A/AudioToolbox
0x00007ff81242a000 	/System/Library/PrivateFrameworks/DataDetectorsCore.framework/Versions/A/DataDetectorsCore
0x00007ff90e925000 	/System/Library/PrivateFrameworks/TextInput.framework/Versions/A/TextInput
0x00007ff80a769000 	/usr/lib/libMobileGestalt.dylib
0x00007ff80e561000 	/System/Library/Frameworks/Carbon.framework/Versions/A/Frameworks/HIToolbox.framework/Versions/A/HIToolbox
0x00007ff80c98f000 	/System/Library/Frameworks/QuartzCore.framework/Versions/A/QuartzCore
0x00007ff807868000 	/System/Library/Frameworks/Security.framework/Versions/A/Security
0x00007ff8165c0000 	/System/Library/Frameworks/Carbon.framework/Versions/A/Frameworks/SpeechRecognition.framework/Versions/A/SpeechRecognition
0x00007ff80cced000 	/System/Library/PrivateFrameworks/CoreUI.framework/Versions/A/CoreUI
0x00007ff807132000 	/System/Library/Frameworks/CoreAudio.framework/Versions/A/CoreAudio
0x00007ff80c2e1000 	/System/Library/Frameworks/DiskArbitration.framework/Versions/A/DiskArbitration
0x00007ff811bea000 	/System/Library/PrivateFrameworks/MultitouchSupport.framework/Versions/A/MultitouchSupport
0x00007ff80a768000 	/usr/lib/libenergytrace.dylib
0x00007ff8081c7000 	/System/Library/Frameworks/IOKit.framework/Versions/A/IOKit
0x00007ff8169b0000 	/System/Library/Frameworks/CoreServices.framework/Versions/A/CoreServices
0x00007ff80cf27000 	/System/Library/PrivateFrameworks/PerformanceAnalysis.framework/Versions/A/PerformanceAnalysis
0x00007ffa1e607000 	/System/Library/Frameworks/OpenGL.framework/Versions/A/OpenGL
0x00007ff80fb51000 	/System/Library/PrivateFrameworks/MobileKeyBag.framework/Versions/A/MobileKeyBag
0x00007ff80b251000 	/System/Library/Frameworks/ColorSync.framework/Versions/A/ColorSync
0x00007ff805862000 	/System/Library/Frameworks/CoreFoundation.framework/Versions/A/CoreFoundation
0x00007ff80eae5000 	/System/Library/Frameworks/CoreImage.framework/Versions/A/CoreImage
0x00007ff806f46000 	/System/Library/Frameworks/CoreText.framework/Versions/A/CoreText
0x00007ff80e89e000 	/System/Library/Frameworks/ImageIO.framework/Versions/A/ImageIO
0x00007ff81061b000 	/System/Library/PrivateFrameworks/SoftLinking.framework/Versions/A/SoftLinking
0x00007ff80cfd8000 	/usr/lib/libxml2.2.dylib
0x00007ff81089f000 	/usr/lib/libcompression.dylib
0x00007ff812351000 	/System/Library/PrivateFrameworks/TextureIO.framework/Versions/A/TextureIO
0x00007ff810f8d000 	/usr/lib/libate.dylib
0x00007ff810d69000 	/usr/lib/liblzma.5.dylib
0x00007ff8063f0000 	/System/Library/Frameworks/SystemConfiguration.framework/Versions/A/SystemConfiguration
0x00007ff810617000 	/usr/lib/libfakelink.dylib
0x00007ff80a2c1000 	/System/Library/Frameworks/CFNetwork.framework/Versions/A/CFNetwork
0x00007ff810758000 	/usr/lib/libarchive.2.dylib
0x00007ff80eeeb000 	/System/Library/PrivateFrameworks/AppleSystemInfo.framework/Versions/A/AppleSystemInfo
0x00007ff80fc52000 	/usr/lib/libbsm.0.dylib
0x00007ff8098d0000 	/usr/lib/libnetwork.dylib
0x00007ff8105b0000 	/usr/lib/system/libkxld.dylib
0x00007ff80f885000 	/System/Library/PrivateFrameworks/IOMobileFramebuffer.framework/Versions/A/IOMobileFramebuffer
0x00007ffb1dfd6000 	/usr/lib/libCoreEntitlements.dylib
0x00007ff8102c4000 	/System/Library/PrivateFrameworks/AppleFSCompression.framework/Versions/A/AppleFSCompression
0x00007ff80fc3a000 	/usr/lib/libcoretls.dylib
0x00007ff810d83000 	/usr/lib/libcoretls_cfhelpers.dylib
0x00007ff81089a000 	/usr/lib/libpam.2.dylib
0x00007ff80bc23000 	/usr/lib/libsqlite3.dylib
0x00007ff810df2000 	/usr/lib/libxar.1.dylib
0x00007ff8102d4000 	/usr/lib/libbz2.1.0.dylib
0x00007ff81061c000 	/usr/lib/libpcap.A.dylib
0x00007ff80bffc000 	/usr/lib/libdns_services.dylib
0x00007ff81086a000 	/usr/lib/libapple_nghttp2.dylib
0x00007ff810656000 	/usr/lib/libiconv.2.dylib
0x00007ff8105a9000 	/usr/lib/libcharset.1.dylib
0x00007ff80cf5b000 	/System/Library/Frameworks/CoreServices.framework/Versions/A/Frameworks/FSEvents.framework/Versions/A/FSEvents
0x00007ff807e61000 	/System/Library/Frameworks/CoreServices.framework/Versions/A/Frameworks/CarbonCore.framework/Versions/A/CarbonCore
0x00007ff80c245000 	/System/Library/Frameworks/CoreServices.framework/Versions/A/Frameworks/Metadata.framework/Versions/A/Metadata
0x00007ff8102e7000 	/System/Library/Frameworks/CoreServices.framework/Versions/A/Frameworks/OSServices.framework/Versions/A/OSServices
0x00007ff8107df000 	/System/Library/Frameworks/CoreServices.framework/Versions/A/Frameworks/SearchKit.framework/Versions/A/SearchKit
0x00007ff80bf8e000 	/System/Library/Frameworks/CoreServices.framework/Versions/A/Frameworks/AE.framework/Versions/A/AE
0x00007ff805d65000 	/System/Library/Frameworks/CoreServices.framework/Versions/A/Frameworks/LaunchServices.framework/Versions/A/LaunchServices
0x00007ff810d1a000 	/System/Library/Frameworks/CoreServices.framework/Versions/A/Frameworks/DictionaryServices.framework/Versions/A/DictionaryServices
0x00007ff80cf68000 	/System/Library/Frameworks/CoreServices.framework/Versions/A/Frameworks/SharedFileList.framework/Versions/A/SharedFileList
0x00007ff80fc2e000 	/usr/lib/libCheckFix.dylib
0x00007ff80a7cd000 	/System/Library/PrivateFrameworks/TCC.framework/Versions/A/TCC
0x00007ff80eef1000 	/System/Library/PrivateFrameworks/CoreNLP.framework/Versions/A/CoreNLP
0x00007ff80c1f5000 	/System/Library/PrivateFrameworks/MetadataUtilities.framework/Versions/A/MetadataUtilities
0x00007ff8064a1000 	/usr/lib/libmecabra.dylib
0x00007ff80fc62000 	/usr/lib/libmecab.dylib
0x00007ff80646c000 	/usr/lib/libCRFSuite.dylib
0x00007ff80fcbc000 	/usr/lib/libgermantok.dylib
0x00007ff810845000 	/usr/lib/libThaiTokenizer.dylib
0x00007ff80c2e8000 	/System/Library/Frameworks/Accelerate.framework/Versions/A/Frameworks/vImage.framework/Versions/A/vImage
0x00007ff816987000 	/System/Library/Frameworks/Accelerate.framework/Versions/A/Frameworks/vecLib.framework/Versions/A/vecLib
0x00007ff810e33000 	/System/Library/Frameworks/Accelerate.framework/Versions/A/Frameworks/vecLib.framework/Versions/A/libvMisc.dylib
0x00007ff80f6b0000 	/System/Library/Frameworks/Accelerate.framework/Versions/A/Frameworks/vecLib.framework/Versions/A/libvDSP.dylib
0x00007ff8060e0000 	/System/Library/Frameworks/Accelerate.framework/Versions/A/Frameworks/vecLib.framework/Versions/A/libBLAS.dylib
0x00007ff81097c000 	/System/Library/Frameworks/Accelerate.framework/Versions/A/Frameworks/vecLib.framework/Versions/A/libLAPACK.dylib
0x00007ff80fcbf000 	/System/Library/Frameworks/Accelerate.framework/Versions/A/Frameworks/vecLib.framework/Versions/A/libLinearAlgebra.dylib
0x00007ff810882000 	/System/Library/Frameworks/Accelerate.framework/Versions/A/Frameworks/vecLib.framework/Versions/A/libSparseBLAS.dylib
0x00007ff810976000 	/System/Library/Frameworks/Accelerate.framework/Versions/A/Frameworks/vecLib.framework/Versions/A/libQuadrature.dylib
0x00007ff80efdc000 	/System/Library/Frameworks/Accelerate.framework/Versions/A/Frameworks/vecLib.framework/Versions/A/libBNNS.dylib
0x00007ff80637a000 	/System/Library/Frameworks/Accelerate.framework/Versions/A/Frameworks/vecLib.framework/Versions/A/libSparse.dylib
0x00007ff80efd5000 	/System/Library/PrivateFrameworks/LinguisticData.framework/Versions/A/LinguisticData
0x00007ff806330000 	/System/Library/PrivateFrameworks/Lexicon.framework/Versions/A/Lexicon
0x00007ff810e2c000 	/usr/lib/libChineseTokenizer.dylib
0x00007ff806a9b000 	/System/Library/PrivateFrameworks/LanguageModeling.framework/Versions/A/LanguageModeling
0x00007ff810847000 	/System/Library/PrivateFrameworks/AppleSauce.framework/Versions/A/AppleSauce
0x00007ff80f873000 	/System/Library/PrivateFrameworks/CoreEmoji.framework/Versions/A/CoreEmoji
0x00007ff810747000 	/usr/lib/libcmph.dylib
0x00007ff80cf3f000 	/System/Library/Frameworks/OpenDirectory.framework/Versions/A/Frameworks/CFOpenDirectory.framework/Versions/A/CFOpenDirectory
0x00007ff80cf33000 	/System/Library/Frameworks/OpenDirectory.framework/Versions/A/OpenDirectory
0x00007ff810d85000 	/System/Library/PrivateFrameworks/APFS.framework/Versions/A/APFS
0x00007ff80fb89000 	/System/Library/Frameworks/SecurityFoundation.framework/Versions/A/SecurityFoundation
0x00007ff810e00000 	/usr/lib/libutil.dylib
0x00007ff80818b000 	/System/Library/PrivateFrameworks/CoreServicesStore.framework/Versions/A/CoreServicesStore
0x00007ff810e04000 	/usr/lib/libxslt.1.dylib
0x00007ff80fc16000 	/System/Library/PrivateFrameworks/BackgroundTaskManagement.framework/Versions/A/BackgroundTaskManagement
0x00007ff812271000 	/System/Library/Frameworks/ImageIO.framework/Versions/A/Resources/libRadiance.dylib
0x00007ff81227a000 	/System/Library/Frameworks/ImageIO.framework/Versions/A/Resources/libJPEG.dylib
0x00007ff8121c9000 	/System/Library/Frameworks/ImageIO.framework/Versions/A/Resources/libPng.dylib
0x00007ff8121ea000 	/System/Library/Frameworks/ImageIO.framework/Versions/A/Resources/libTIFF.dylib
0x00007ff8122da000 	/System/Library/Frameworks/ImageIO.framework/Versions/A/Resources/libGIF.dylib
0x00007ff811b04000 	/System/Library/Frameworks/ImageIO.framework/Versions/A/Resources/libJP2.dylib
0x00007ff811242000 	/usr/lib/libexpat.1.dylib
0x00007ff811ab9000 	/System/Library/PrivateFrameworks/AppleJPEG.framework/Versions/A/AppleJPEG
0x00007ff80e425000 	/System/Library/PrivateFrameworks/FontServices.framework/libFontParser.dylib
0x00007ff80bf38000 	/System/Library/PrivateFrameworks/RunningBoardServices.framework/Versions/A/RunningBoardServices
0x00007ff81cc42000 	/System/Library/PrivateFrameworks/IOSurfaceAccelerator.framework/Versions/A/IOSurfaceAccelerator
0x00007ff811be6000 	/System/Library/PrivateFrameworks/WatchdogClient.framework/Versions/A/WatchdogClient
0x00007ff806b89000 	/System/Library/Frameworks/CoreDisplay.framework/Versions/A/CoreDisplay
0x00007ff80e323000 	/System/Library/Frameworks/CoreMedia.framework/Versions/A/CoreMedia
0x00007ff80e1b7000 	/System/Library/PrivateFrameworks/IOAccelerator.framework/Versions/A/IOAccelerator
0x00007ff80d0bc000 	/System/Library/Frameworks/CoreVideo.framework/Versions/A/CoreVideo
0x00007ff810898000 	/System/Library/Frameworks/MetalPerformanceShaders.framework/Versions/A/MetalPerformanceShaders
0x00007ff811c23000 	/System/Library/Frameworks/VideoToolbox.framework/Versions/A/VideoToolbox
0x00007ff80be82000 	/System/Library/PrivateFrameworks/BaseBoard.framework/Versions/A/BaseBoard
0x00007ff80bc09000 	/System/Library/PrivateFrameworks/ProtocolBuffer.framework/Versions/A/ProtocolBuffer
0x00007ff81226a000 	/System/Library/PrivateFrameworks/GPUWrangler.framework/Versions/A/GPUWrangler
0x00007ff81224e000 	/System/Library/PrivateFrameworks/IOPresentment.framework/Versions/A/IOPresentment
0x00007ff812274000 	/System/Library/PrivateFrameworks/DSExternalDisplay.framework/Versions/A/DSExternalDisplay
0x00007ffa1e5fb000 	/System/Library/Frameworks/OpenGL.framework/Versions/A/Libraries/libCoreFSCache.dylib
0x00007ffb0b6d2000 	/System/Library/PrivateFrameworks/GPUCompiler.framework/Versions/31001/Libraries/libGPUCompilerUtils.dylib
0x00007ff8122df000 	/System/Library/PrivateFrameworks/CMCaptureCore.framework/Versions/A/CMCaptureCore
0x00007ff8117ea000 	/System/Library/PrivateFrameworks/AppServerSupport.framework/Versions/A/AppServerSupport
0x00007ff813aad000 	/System/Library/PrivateFrameworks/perfdata.framework/Versions/A/perfdata
0x00007ff806cb5000 	/System/Library/PrivateFrameworks/AudioToolboxCore.framework/Versions/A/AudioToolboxCore
0x00007ff80e301000 	/System/Library/PrivateFrameworks/caulk.framework/Versions/A/caulk
0x00007ff8133bf000 	/usr/lib/libAudioStatistics.dylib
0x00007ff90b0b3000 	/System/Library/PrivateFrameworks/SystemPolicy.framework/Versions/A/SystemPolicy
0x00007ff81361a000 	/usr/lib/libSMC.dylib
0x00007ff81c53a000 	/System/Library/Frameworks/CoreMIDI.framework/Versions/A/CoreMIDI
0x00007ff812198000 	/usr/lib/libAudioToolboxUtility.dylib
0x00007ff9072df000 	/System/Library/PrivateFrameworks/OSAServicesClient.framework/Versions/A/OSAServicesClient
0x00007ff813aba000 	/usr/lib/libperfcheck.dylib
0x00007ff90bb60000 	/usr/lib/libmis.dylib
0x00007ffa1e656000 	/System/Library/Frameworks/OpenGL.framework/Versions/A/Libraries/libGLU.dylib
0x00007ffa1e61a000 	/System/Library/Frameworks/OpenGL.framework/Versions/A/Libraries/libGFXShared.dylib
0x00007ffa1e823000 	/System/Library/Frameworks/OpenGL.framework/Versions/A/Libraries/libGL.dylib
0x00007ffa1e623000 	/System/Library/Frameworks/OpenGL.framework/Versions/A/Libraries/libGLImage.dylib
0x00007ffa1e617000 	/System/Library/Frameworks/OpenGL.framework/Versions/A/Libraries/libCVMSPluginSupport.dylib
0x00007ffa1e602000 	/System/Library/Frameworks/OpenGL.framework/Versions/A/Libraries/libCoreVMClient.dylib
0x00007ff80ee6d000 	/System/Library/Frameworks/MetalPerformanceShaders.framework/Versions/A/Frameworks/MPSCore.framework/Versions/A/MPSCore
0x00007ff81022f000 	/System/Library/Frameworks/MetalPerformanceShaders.framework/Versions/A/Frameworks/MPSImage.framework/Versions/A/MPSImage
0x00007ff80fcd5000 	/System/Library/Frameworks/MetalPerformanceShaders.framework/Versions/A/Frameworks/MPSNeuralNetwork.framework/Versions/A/MPSNeuralNetwork
0x00007ff810149000 	/System/Library/Frameworks/MetalPerformanceShaders.framework/Versions/A/Frameworks/MPSMatrix.framework/Versions/A/MPSMatrix
0x00007ff80ff04000 	/System/Library/Frameworks/MetalPerformanceShaders.framework/Versions/A/Frameworks/MPSRayIntersector.framework/Versions/A/MPSRayIntersector
0x00007ff810181000 	/System/Library/Frameworks/MetalPerformanceShaders.framework/Versions/A/Frameworks/MPSNDArray.framework/Versions/A/MPSNDArray
0x00007ffa240db000 	/System/Library/Frameworks/MetalPerformanceShaders.framework/Versions/A/Frameworks/MPSFunctions.framework/Versions/A/MPSFunctions
0x00007ff805fbc000 	/System/Library/PrivateFrameworks/MetalTools.framework/Versions/A/MetalTools
0x00007ff80eee9000 	/System/Library/PrivateFrameworks/AggregateDictionary.framework/Versions/A/AggregateDictionary
0x00007ff811024000 	/usr/lib/libIOReport.dylib
0x00007ffa1fc32000 	/System/Library/Frameworks/OpenCL.framework/Versions/A/OpenCL
0x00007ff811388000 	/System/Library/PrivateFrameworks/FaceCore.framework/Versions/A/FaceCore
0x00007ff811379000 	/System/Library/PrivateFrameworks/GraphVisualizer.framework/Versions/A/GraphVisualizer
0x00007ffb0b5dd000 	/System/Library/PrivateFrameworks/FontServices.framework/Versions/A/FontServices
0x00007ff8117a2000 	/System/Library/PrivateFrameworks/OTSVG.framework/Versions/A/OTSVG
0x00007ff80cca2000 	/System/Library/Frameworks/ApplicationServices.framework/Versions/A/Frameworks/ATS.framework/Versions/A/Resources/libFontRegistry.dylib
0x00007ff8117f2000 	/System/Library/PrivateFrameworks/FontServices.framework/libhvf.dylib
0x00007ffb0b5de000 	/System/Library/PrivateFrameworks/FontServices.framework/libXTFontStaticRegistryData.dylib
0x00007ff8111f2000 	/System/Library/PrivateFrameworks/AppleVA.framework/Versions/A/AppleVA
0x00007ff8133df000 	/System/Library/Frameworks/ApplicationServices.framework/Versions/A/Frameworks/ATS.framework/Versions/A/ATS
0x00007ff80b34f000 	/System/Library/Frameworks/ApplicationServices.framework/Versions/A/Frameworks/HIServices.framework/Versions/A/HIServices
0x00007ff8122e9000 	/System/Library/Frameworks/ApplicationServices.framework/Versions/A/Frameworks/PrintCore.framework/Versions/A/PrintCore
0x00007ff81376d000 	/System/Library/Frameworks/ApplicationServices.framework/Versions/A/Frameworks/QD.framework/Versions/A/QD
0x00007ff813765000 	/System/Library/Frameworks/ApplicationServices.framework/Versions/A/Frameworks/ColorSyncLegacy.framework/Versions/A/ColorSyncLegacy
0x00007ff8133cf000 	/System/Library/Frameworks/ApplicationServices.framework/Versions/A/Frameworks/SpeechSynthesis.framework/Versions/A/SpeechSynthesis
0x00007ff8122aa000 	/System/Library/Frameworks/ApplicationServices.framework/Versions/A/Frameworks/ATSUI.framework/Versions/A/ATSUI
0x00007ff8136fa000 	/usr/lib/libcups.2.dylib
0x00007ff813ac9000 	/System/Library/Frameworks/Kerberos.framework/Versions/A/Kerberos
0x00007ff813ad8000 	/System/Library/Frameworks/GSS.framework/Versions/A/GSS
0x00007ff81344b000 	/usr/lib/libresolv.9.dylib
0x00007ff811801000 	/System/Library/PrivateFrameworks/Heimdal.framework/Versions/A/Heimdal
0x00007ff81a6bd000 	/System/Library/Frameworks/Kerberos.framework/Versions/A/Libraries/libHeimdalProxy.dylib
0x00007ff80c00c000 	/System/Library/Frameworks/Network.framework/Versions/A/Network
0x00007ff81125c000 	/usr/lib/libheimdal-asn1.dylib
0x00007ff813b23000 	/System/Library/PrivateFrameworks/CommonAuth.framework/Versions/A/CommonAuth
0x00007ff813351000 	/System/Library/PrivateFrameworks/AudioSession.framework/Versions/A/AudioSession
0x00007ff8112ec000 	/System/Library/PrivateFrameworks/MediaExperience.framework/Versions/A/MediaExperience
0x00007ff8131e3000 	/System/Library/PrivateFrameworks/AudioSession.framework/libSessionUtility.dylib
0x00007ff813779000 	/System/Library/PrivateFrameworks/AudioResourceArbitration.framework/Versions/A/AudioResourceArbitration
0x00007ff8177fa000 	/System/Library/PrivateFrameworks/PowerLog.framework/Versions/A/PowerLog
0x00007ff811265000 	/System/Library/PrivateFrameworks/IconFoundation.framework/Versions/A/IconFoundation
0x00007ff8165b0000 	/System/Library/PrivateFrameworks/SpeechRecognitionCore.framework/Versions/A/SpeechRecognitionCore
0x0000000105fad000 	/Users/jreastonmarks/.p2/pool/plugins/org.eclipse.justj.openjdk.hotspot.jre.full.macosx.x86_64_17.0.4.v20221004-1257/jre/lib/server/libjvm.dylib
0x0000000104e8a000 	/Users/jreastonmarks/.p2/pool/plugins/org.eclipse.justj.openjdk.hotspot.jre.full.macosx.x86_64_17.0.4.v20221004-1257/jre/lib/libjimage.dylib
0x0000000104f01000 	/Users/jreastonmarks/.p2/pool/plugins/org.eclipse.justj.openjdk.hotspot.jre.full.macosx.x86_64_17.0.4.v20221004-1257/jre/lib/libjava.dylib
0x0000000104ef0000 	/Users/jreastonmarks/.p2/pool/plugins/org.eclipse.justj.openjdk.hotspot.jre.full.macosx.x86_64_17.0.4.v20221004-1257/jre/lib/libzip.dylib
0x000000010599d000 	/Users/jreastonmarks/.p2/pool/plugins/org.eclipse.justj.openjdk.hotspot.jre.full.macosx.x86_64_17.0.4.v20221004-1257/jre/lib/libverify.dylib
0x00000001059c4000 	/Users/jreastonmarks/.p2/pool/plugins/org.eclipse.justj.openjdk.hotspot.jre.full.macosx.x86_64_17.0.4.v20221004-1257/jre/lib/libnio.dylib
0x00000001059f3000 	/Users/jreastonmarks/.p2/pool/plugins/org.eclipse.justj.openjdk.hotspot.jre.full.macosx.x86_64_17.0.4.v20221004-1257/jre/lib/libnet.dylib
0x000000012a8cb000 	/private/var/folders/_p/m6x4kgz57tl496mjv9yzmr3m0000gn/T/opencv_openpnp3824621851356374378/nu/pattern/opencv/osx/x86_64/libopencv_java455.dylib
0x00007ff90aecb000 	/System/Library/Frameworks/AVFoundation.framework/Versions/A/AVFoundation
0x00007ffa22cf2000 	/System/Library/Frameworks/AVFAudio.framework/Versions/A/AVFAudio
0x00007ff81841e000 	/System/Library/PrivateFrameworks/AVFCore.framework/Versions/A/AVFCore
0x00007ff81f699000 	/System/Library/PrivateFrameworks/AVFCapture.framework/Versions/A/AVFCapture
0x00007ff8147c8000 	/System/Library/Frameworks/IOBluetooth.framework/Versions/A/IOBluetooth
0x00007ff817753000 	/System/Library/Frameworks/CoreBluetooth.framework/Versions/A/CoreBluetooth
0x00007ff81a742000 	/System/Library/Frameworks/AudioUnit.framework/Versions/A/AudioUnit
0x00007ff80f969000 	/System/Library/PrivateFrameworks/CoreUtils.framework/Versions/A/CoreUtils
0x00007ffb0a840000 	/System/Library/PrivateFrameworks/CoreUtilsExtras.framework/Versions/A/CoreUtilsExtras
0x00007ff909b3e000 	/System/Library/PrivateFrameworks/AirPlaySync.framework/Versions/A/AirPlaySync
0x00007ff812513000 	/System/Library/Frameworks/MediaToolbox.framework/Versions/A/MediaToolbox
0x00007ff817dbb000 	/System/Library/PrivateFrameworks/CoreAVCHD.framework/Versions/A/CoreAVCHD
0x00007ff816c90000 	/System/Library/Frameworks/MediaAccessibility.framework/Versions/A/MediaAccessibility
0x00007ff817db7000 	/System/Library/PrivateFrameworks/Mangrove.framework/Versions/A/Mangrove
0x00007ff80fb78000 	/System/Library/PrivateFrameworks/AssertionServices.framework/Versions/A/AssertionServices
0x00007ff816c9b000 	/System/Library/PrivateFrameworks/AlgosScoreFramework.framework/Versions/A/AlgosScoreFramework
0x00007ffb07b34000 	/System/Library/PrivateFrameworks/CMPhoto.framework/Versions/A/CMPhoto
0x00007ff81890f000 	/System/Library/PrivateFrameworks/AppleVPA.framework/Versions/A/AppleVPA
0x00007ff8179fc000 	/System/Library/PrivateFrameworks/CoreAUC.framework/Versions/A/CoreAUC
0x00007ffb07b1d000 	/System/Library/PrivateFrameworks/CMImaging.framework/Versions/A/CMImaging
0x00007ff81f7eb000 	/System/Library/PrivateFrameworks/Quagga.framework/Versions/A/Quagga
0x00007ff90554c000 	/System/Library/PrivateFrameworks/CMCapture.framework/Versions/A/CMCapture
0x00007ff81353a000 	/System/Library/Frameworks/CoreMediaIO.framework/Versions/A/CoreMediaIO
0x00007ff81a86a000 	/System/Library/PrivateFrameworks/Espresso.framework/Versions/A/Espresso
0x00007ff81a133000 	/System/Library/PrivateFrameworks/AppSupport.framework/Versions/A/AppSupport
0x00007ffa1126a000 	/System/Library/PrivateFrameworks/ANECompiler.framework/Versions/A/ANECompiler
0x00007ff81c4ba000 	/System/Library/PrivateFrameworks/AppleNeuralEngine.framework/Versions/A/AppleNeuralEngine
0x00007ffb0e0f3000 	/System/Library/PrivateFrameworks/MIL.framework/Versions/A/MIL
0x00007ffa240ee000 	/System/Library/Frameworks/MetalPerformanceShadersGraph.framework/Versions/A/MetalPerformanceShadersGraph
0x00007ff81b409000 	/System/Library/PrivateFrameworks/ANEServices.framework/Versions/A/ANEServices
0x00007ff813bb4000 	/System/Library/PrivateFrameworks/CorePhoneNumbers.framework/Versions/A/CorePhoneNumbers
0x00007ff80828c000 	/usr/lib/libsandbox.1.dylib
0x00007ff811162000 	/usr/lib/libMatch.1.dylib
0x00007ff90f92b000 	/usr/lib/libncurses.5.4.dylib
0x00007ff819dc2000 	/System/Library/PrivateFrameworks/BackBoardServices.framework/Versions/A/BackBoardServices
0x00007ff81860e000 	/System/Library/PrivateFrameworks/FrontBoardServices.framework/Versions/A/FrontBoardServices
0x00007ff81869f000 	/System/Library/PrivateFrameworks/BoardServices.framework/Versions/A/BoardServices
0x00000001289ec000 	/System/Library/Components/AudioCodecs.component/Contents/MacOS/AudioCodecs
0x00007ff80814d000 	/System/Library/PrivateFrameworks/CoreServicesInternal.framework/Versions/A/CoreServicesInternal
0x00007ffa15b28000 	/System/Library/Extensions/AppleIntelHD5000GraphicsMTLDriver.bundle/Contents/MacOS/AppleIntelHD5000GraphicsMTLDriver
0x00007ff90bb7b000 	/System/Library/PrivateFrameworks/GPURawCounter.framework/Versions/A/GPURawCounter
0x00007ffa1fc8a000 	/System/Library/Frameworks/OpenCL.framework/Versions/A/Libraries/libcldcpuengine.dylib
0x00007ffa195d9000 	/System/Library/Extensions/AppleIntelHD5000GraphicsGLDriver.bundle/Contents/MacOS/AppleIntelHD5000GraphicsGLDriver
0x00007ffa1e694000 	/System/Library/Frameworks/OpenGL.framework/Versions/A/Libraries/libGLProgrammability.dylib
0x00007ff915cfb000 	/System/Library/PrivateFrameworks/GPUSupport.framework/Versions/A/Libraries/libGPUSupportMercury.dylib
0x00007ffa1e9b8000 	/System/Library/Frameworks/OpenGL.framework/Versions/A/Resources/GLRendererFloat.bundle/GLRendererFloat
0x00000001297fe000 	/Users/jreastonmarks/.p2/pool/plugins/org.eclipse.justj.openjdk.hotspot.jre.full.macosx.x86_64_17.0.4.v20221004-1257/jre/lib/libawt.dylib
0x00000001298bd000 	/Users/jreastonmarks/.p2/pool/plugins/org.eclipse.justj.openjdk.hotspot.jre.full.macosx.x86_64_17.0.4.v20221004-1257/jre/lib/libmlib_image.dylib
0x00007ffa24044000 	/System/Library/Frameworks/JavaRuntimeSupport.framework/Versions/A/JavaRuntimeSupport
0x00007ff90abd7000 	/System/Library/Frameworks/Carbon.framework/Versions/A/Carbon
0x00007ff818a74000 	/System/Library/PrivateFrameworks/CoreSymbolication.framework/Versions/A/CoreSymbolication
0x00007ff81dfd9000 	/System/Library/Frameworks/Carbon.framework/Versions/A/Frameworks/CommonPanels.framework/Versions/A/CommonPanels
0x00007ff81a0a9000 	/System/Library/Frameworks/Carbon.framework/Versions/A/Frameworks/Help.framework/Versions/A/Help
0x00007ff81dfdd000 	/System/Library/Frameworks/Carbon.framework/Versions/A/Frameworks/ImageCapture.framework/Versions/A/ImageCapture
0x00007ff81dfad000 	/System/Library/Frameworks/Carbon.framework/Versions/A/Frameworks/OpenScripting.framework/Versions/A/OpenScripting
0x00007ff81dfd5000 	/System/Library/Frameworks/Carbon.framework/Versions/A/Frameworks/Ink.framework/Versions/A/Ink
0x00007ff90abd3000 	/System/Library/Frameworks/Carbon.framework/Versions/A/Frameworks/Print.framework/Versions/A/Print
0x00007ff81dfd1000 	/System/Library/Frameworks/Carbon.framework/Versions/A/Frameworks/SecurityHI.framework/Versions/A/SecurityHI
0x00007ff818a39000 	/System/Library/PrivateFrameworks/DebugSymbols.framework/Versions/A/DebugSymbols
0x0000000129a7e000 	/Users/jreastonmarks/.p2/pool/plugins/org.eclipse.justj.openjdk.hotspot.jre.full.macosx.x86_64_17.0.4.v20221004-1257/jre/lib/libawt_lwawt.dylib
0x000000010b7d6000 	/Users/jreastonmarks/.p2/pool/plugins/org.eclipse.justj.openjdk.hotspot.jre.full.macosx.x86_64_17.0.4.v20221004-1257/jre/lib/libosxapp.dylib
0x00007ff909ea1000 	/System/Library/Frameworks/ExceptionHandling.framework/Versions/A/ExceptionHandling
0x0000000129d33000 	/Users/jreastonmarks/.p2/pool/plugins/org.eclipse.justj.openjdk.hotspot.jre.full.macosx.x86_64_17.0.4.v20221004-1257/jre/lib/libfontmanager.dylib
0x0000000129959000 	/Users/jreastonmarks/.p2/pool/plugins/org.eclipse.justj.openjdk.hotspot.jre.full.macosx.x86_64_17.0.4.v20221004-1257/jre/lib/libfreetype.dylib
0x00007ff817deb000 	/System/Library/Frameworks/FileProvider.framework/Versions/A/FileProvider
0x00007ff80bdef000 	/System/Library/Frameworks/Accounts.framework/Versions/A/Accounts
0x00007ff817f64000 	/System/Library/PrivateFrameworks/GenerationalStorage.framework/Versions/A/GenerationalStorage
0x00007ff8177ef000 	/System/Library/PrivateFrameworks/SymptomDiagnosticReporter.framework/Versions/A/SymptomDiagnosticReporter
0x00007ff80940e000 	/System/Library/PrivateFrameworks/DesktopServicesPriv.framework/Versions/A/DesktopServicesPriv
0x00007ff80d13b000 	/System/Library/PrivateFrameworks/UserManagement.framework/Versions/A/UserManagement
0x00007ff81375a000 	/System/Library/PrivateFrameworks/NetAuth.framework/Versions/A/NetAuth
0x00007ff814669000 	/System/Library/PrivateFrameworks/Sharing.framework/Versions/A/Sharing
0x00007ff80d10e000 	/System/Library/PrivateFrameworks/login.framework/Versions/A/Frameworks/loginsupport.framework/Versions/A/loginsupport
0x00007ff819bd7000 	/System/Library/PrivateFrameworks/Apple80211.framework/Versions/A/Apple80211
0x00007ff810314000 	/System/Library/PrivateFrameworks/AuthKit.framework/Versions/A/AuthKit
0x00007ff80f890000 	/System/Library/Frameworks/CoreWLAN.framework/Versions/A/CoreWLAN
0x00007ff819c3f000 	/System/Library/PrivateFrameworks/CoreWiFi.framework/Versions/A/CoreWiFi
0x00007ff813478000 	/System/Library/PrivateFrameworks/MultiverseSupport.framework/Versions/A/MultiverseSupport
0x00007ff81a036000 	/System/Library/PrivateFrameworks/RemoteServiceDiscovery.framework/Versions/A/RemoteServiceDiscovery
0x00007ff81790c000 	/System/Library/PrivateFrameworks/DiskManagement.framework/Versions/A/DiskManagement
0x00007ff817820000 	/System/Library/PrivateFrameworks/AppleIDAuthSupport.framework/Versions/A/AppleIDAuthSupport
0x00007ffb05f58000 	/System/Library/PrivateFrameworks/AAAFoundation.framework/Versions/A/AAAFoundation
0x00007ff813b95000 	/System/Library/PrivateFrameworks/KeychainCircle.framework/Versions/A/KeychainCircle
0x00007ff81a046000 	/System/Library/PrivateFrameworks/RemoteXPC.framework/Versions/A/RemoteXPC
0x00007ff8178d8000 	/System/Library/PrivateFrameworks/MediaKit.framework/Versions/A/MediaKit
0x00007ff81782c000 	/System/Library/Frameworks/DiscRecording.framework/Versions/A/DiscRecording
0x00007ff81116a000 	/usr/lib/libCoreStorage.dylib
0x00007ff81a0b1000 	/usr/lib/libcsfde.dylib
0x00007ff814895000 	/System/Library/PrivateFrameworks/ProtectedCloudStorage.framework/Versions/A/ProtectedCloudStorage
0x00007ff81a0ad000 	/System/Library/PrivateFrameworks/EFILogin.framework/Versions/A/EFILogin
0x00007ff817f8a000 	/System/Library/PrivateFrameworks/OctagonTrust.framework/Versions/A/OctagonTrust
0x00007ff91295b000 	/System/Library/CoreServices/RawCamera.bundle/Contents/MacOS/RawCamera
0x00007ff813b33000 	/System/Library/PrivateFrameworks/MobileAsset.framework/Versions/A/MobileAsset
0x00007ff81a769000 	/System/Library/PrivateFrameworks/StreamingZip.framework/Versions/A/StreamingZip
0x00007ff910184000 	/System/Library/Frameworks/Accelerate.framework/Versions/A/Frameworks/vImage.framework/Versions/A/Libraries/libCGInterfaces.dylib
0x00000001289bc000 	/usr/lib/libobjc-trampolines.dylib
0x00007ff80ce33000 	/System/Library/PrivateFrameworks/ViewBridge.framework/Versions/A/ViewBridge
0x00007ffa1e82e000 	/System/Library/Frameworks/OpenGL.framework/Versions/A/Resources/GLEngine.bundle/GLEngine
0x00007ff8118b8000 	/System/Library/PrivateFrameworks/login.framework/Versions/A/login
0x0000000130b66000 	/Users/jreastonmarks/.p2/pool/plugins/org.eclipse.justj.openjdk.hotspot.jre.full.macosx.x86_64_17.0.4.v20221004-1257/jre/lib/libosxui.dylib
0x00007ffa1089f000 	/System/Library/CoreServices/Encodings/libSimplifiedChineseConverter.dylib


VM Arguments:
jvm_args: -Dfile.encoding=UTF-8 -XX:+ShowCodeDetailsInExceptionMessages 
java_command: edu.uh.compsci.eastonmark.jeremy.biovision.BioVision /Users/jreastonmarks/Downloads/haarcascade_car.xml /Users/jreastonmarks/Downloads/videoplayback.mp4
java_class_path (initial): /Users/jreastonmarks/Library/CloudStorage/GoogleDrive-coachjeremyeastonmarks@gmail.com/My Drive/UH/RCE/src/biovision/target/classes:/Users/jreastonmarks/.m2/repository/org/openpnp/opencv/4.5.5-1/opencv-4.5.5-1.jar
Launcher Type: SUN_STANDARD

[Global flags]
     intx CICompilerCount                          = 4                                         {product} {ergonomic}
     uint ConcGCThreads                            = 2                                         {product} {ergonomic}
     uint G1ConcRefinementThreads                  = 8                                         {product} {ergonomic}
   size_t G1HeapRegionSize                         = 2097152                                   {product} {ergonomic}
    uintx GCDrainStackTargetSize                   = 64                                        {product} {ergonomic}
   size_t InitialHeapSize                          = 268435456                                 {product} {ergonomic}
   size_t MarkStackSize                            = 4194304                                   {product} {ergonomic}
   size_t MaxHeapSize                              = 4294967296                                {product} {ergonomic}
   size_t MaxNewSize                               = 2575302656                                {product} {ergonomic}
   size_t MinHeapDeltaBytes                        = 2097152                                   {product} {ergonomic}
   size_t MinHeapSize                              = 8388608                                   {product} {ergonomic}
    uintx NonNMethodCodeHeapSize                   = 5839372                                {pd product} {ergonomic}
    uintx NonProfiledCodeHeapSize                  = 122909434                              {pd product} {ergonomic}
    uintx ProfiledCodeHeapSize                     = 122909434                              {pd product} {ergonomic}
    uintx ReservedCodeCacheSize                    = 251658240                              {pd product} {ergonomic}
     bool SegmentedCodeCache                       = true                                      {product} {ergonomic}
     bool ShowCodeDetailsInExceptionMessages       = true                                   {manageable} {command line}
   size_t SoftMaxHeapSize                          = 4294967296                             {manageable} {ergonomic}
     bool UseCompressedClassPointers               = true                           {product lp64_product} {ergonomic}
     bool UseCompressedOops                        = true                           {product lp64_product} {ergonomic}
     bool UseG1GC                                  = true                                      {product} {ergonomic}
     bool UseNUMA                                  = false                                     {product} {ergonomic}
     bool UseNUMAInterleaving                      = false                                     {product} {ergonomic}

Logging:
Log output configuration:
 #0: stdout all=warning uptime,level,tags
 #1: stderr all=off uptime,level,tags

Environment Variables:
PATH=/usr/bin:/bin:/usr/sbin:/sbin
SHELL=/bin/bash
TMPDIR=/var/folders/_p/m6x4kgz57tl496mjv9yzmr3m0000gn/T/

Signal Handlers:
   SIGSEGV: _ZL13crash_handleriP9__siginfoPv in libjvm.dylib, mask=11100110000111110111111111111111, flags=SA_RESTART|SA_SIGINFO
    SIGBUS: _ZL13crash_handleriP9__siginfoPv in libjvm.dylib, mask=11100110000111110111111111111111, flags=SA_RESTART|SA_SIGINFO
    SIGFPE: _ZL13crash_handleriP9__siginfoPv in libjvm.dylib, mask=11100110000111110111111111111111, flags=SA_RESTART|SA_SIGINFO
   SIGPIPE: _ZL17javaSignalHandleriP9__siginfoPv in libjvm.dylib, mask=11100110000111110111111111111111, flags=SA_RESTART|SA_SIGINFO
   SIGXFSZ: _ZL17javaSignalHandleriP9__siginfoPv in libjvm.dylib, mask=11100110000111110111111111111111, flags=SA_RESTART|SA_SIGINFO
    SIGILL: _ZL13crash_handleriP9__siginfoPv in libjvm.dylib, mask=11100110000111110111111111111111, flags=SA_RESTART|SA_SIGINFO
   SIGUSR2: _ZL10SR_handleriP9__siginfoP17__darwin_ucontext in libjvm.dylib, mask=00100000000000000000000000000000, flags=SA_RESTART|SA_SIGINFO
    SIGHUP: _ZL11UserHandleriPvS_ in libjvm.dylib, mask=11100110000111110111111111111111, flags=SA_RESTART|SA_SIGINFO
    SIGINT: _ZL11UserHandleriPvS_ in libjvm.dylib, mask=11100110000111110111111111111111, flags=SA_RESTART|SA_SIGINFO
   SIGTERM: _ZL11UserHandleriPvS_ in libjvm.dylib, mask=11100110000111110111111111111111, flags=SA_RESTART|SA_SIGINFO
   SIGQUIT: _ZL11UserHandleriPvS_ in libjvm.dylib, mask=11100110000111110111111111111111, flags=SA_RESTART|SA_SIGINFO
  *** Handler was modified!
  *** Expected: _ZL17javaSignalHandleriP9__siginfoPv in libjvm.dylib, mask=11100110100111111111111111111111, flags=SA_RESTART|SA_SIGINFO
   SIGTRAP: _ZL13crash_handleriP9__siginfoPv in libjvm.dylib, mask=11100110000111110111111111111111, flags=SA_RESTART|SA_SIGINFO


---------------  S Y S T E M  ---------------

OS:
uname: Darwin 21.6.0 Darwin Kernel Version 21.6.0: Mon Aug 22 20:17:10 PDT 2022; root:xnu-8020.140.49~2/RELEASE_X86_64 x86_64
OS uptime: 21 days 23:52 hours
rlimit (soft/hard): STACK 8192k/65532k , CORE 0k/infinity , NPROC 2784/4176 , NOFILE 10240/infinity , AS infinity/infinity , CPU infinity/infinity , DATA infinity/infinity , FSIZE infinity/infinity , MEMLOCK infinity/infinity , RSS infinity/infinity
load average: 4.32 4.56 4.77

CPU: total 8 (initial active 8) (4 cores per cpu, 2 threads per core) family 6 model 70 stepping 1 microcode 0x1c, cx8, cmov, fxsr, ht, mmx, sse, sse2, sse3, ssse3, sse4.1, sse4.2, popcnt, lzcnt, tsc, tscinvbit, avx, avx2, aes, erms, clmul, bmi1, bmi2, fma, vzeroupper, clflush

Memory: 4k page, physical 16777216k(242812k free), swap 5242880k(1222912k free)

vm_info: OpenJDK 64-Bit Server VM (17.0.4.1+1) for bsd-amd64 JRE (17.0.4.1+1), built on Aug 17 2022 13:35:43 by "temurin" with clang 4.2.1 Compatible Apple LLVM 10.0.1 (clang-1001.0.46.4)

END.
