#
# A fatal error has been detected by the Java Runtime Environment:
#
#  SIGSEGV (0xb) at pc=0x000000012bee08f9, pid=7837, tid=5635
#
# JRE version: OpenJDK Runtime Environment Temurin-17.0.4.1+1 (17.0.4.1+1) (build 17.0.4.1+1)
# Java VM: OpenJDK 64-Bit Server VM Temurin-17.0.4.1+1 (17.0.4.1+1, mixed mode, tiered, compressed oops, compressed class ptrs, g1 gc, bsd-amd64)
# Problematic frame:
# C  [libopencv_java455.dylib+0xc8f9]  Java_org_opencv_core_Mat_nPutD+0x129
#
# No core dump will be written. Core dumps have been disabled. To enable core dumping, try "ulimit -c unlimited" before starting Java again
#
# If you would like to submit a bug report, please visit:
#   https://github.com/adoptium/adoptium-support/issues
# The crash happened outside the Java Virtual Machine in native code.
# See problematic frame for where to report the bug.
#

---------------  S U M M A R Y ------------

Command Line: -Dfile.encoding=UTF-8 -XX:+ShowCodeDetailsInExceptionMessages edu.uh.compsci.eastonmark.jeremy.biovision.BioVision /Users/jreastonmarks/Downloads/haarcascade_car.xml /Users/jreastonmarks/Downloads/videoplayback.mp4

Host: "MacBookPro11,4" x86_64 2200 MHz, 8 cores, 16G, Darwin 21.6.0, macOS 10.16 (21G115)
Time: Thu Nov  3 21:19:08 2022 CDT elapsed time: 2.070971 seconds (0d 0h 0m 2s)

---------------  T H R E A D  ---------------

Current thread (0x00007fe892808c00):  JavaThread "main" [_thread_in_native, id=5635, stack(0x0000700000f90000,0x0000700001090000)]

Stack: [0x0000700000f90000,0x0000700001090000],  sp=0x000070000108f640,  free space=1021k
Native frames: (J=compiled Java code, j=interpreted, Vv=VM code, C=native code)
C  [libopencv_java455.dylib+0xc8f9]  Java_org_opencv_core_Mat_nPutD+0x129
J 500  org.opencv.core.Mat.nPutD(JIII[D)I (0 bytes) @ 0x00000001191aea87 [0x00000001191ae9a0+0x00000000000000e7]
J 503 c2 org.opencv.core.Mat.put(II[D)I (88 bytes) @ 0x00000001191af2b0 [0x00000001191af220+0x0000000000000090]
J 505% c1 edu.uh.compsci.eastonmark.jeremy.biovision.BioVision.singleStreamParse(Lorg/opencv/core/Mat;II)Lorg/opencv/core/Mat; (869 bytes) @ 0x0000000111ce6cf4 [0x0000000111ce5cc0+0x0000000000001034]
j  edu.uh.compsci.eastonmark.jeremy.biovision.BioVision.detectAndDisplay(Lorg/opencv/core/Mat;)V+41
j  edu.uh.compsci.eastonmark.jeremy.biovision.BioVision.run(Ljava/lang/String;Ljava/lang/String;)V+127
j  edu.uh.compsci.eastonmark.jeremy.biovision.BioVision.main([Ljava/lang/String;)V+20
v  ~StubRoutines::call_stub
V  [libjvm.dylib+0x51bc86]  _ZN9JavaCalls11call_helperEP9JavaValueRK12methodHandleP17JavaCallArgumentsP10JavaThread+0x2b6
V  [libjvm.dylib+0x57f048]  _ZL17jni_invoke_staticP7JNIEnv_P9JavaValueP8_jobject11JNICallTypeP10_jmethodIDP18JNI_ArgumentPusherP10JavaThread+0x158
V  [libjvm.dylib+0x582598]  jni_CallStaticVoidMethod+0x198
C  [libjli.dylib+0x4fcd]  JavaMain+0xc1d
C  [libjli.dylib+0x7699]  ThreadJavaMain+0x9
C  [libsystem_pthread.dylib+0x64e1]  _pthread_start+0x7d
C  [libsystem_pthread.dylib+0x1f6b]  thread_start+0xf

Java frames: (J=compiled Java code, j=interpreted, Vv=VM code)
J 500  org.opencv.core.Mat.nPutD(JIII[D)I (0 bytes) @ 0x00000001191aea0a [0x00000001191ae9a0+0x000000000000006a]
J 503 c2 org.opencv.core.Mat.put(II[D)I (88 bytes) @ 0x00000001191af2b0 [0x00000001191af220+0x0000000000000090]
J 505% c1 edu.uh.compsci.eastonmark.jeremy.biovision.BioVision.singleStreamParse(Lorg/opencv/core/Mat;II)Lorg/opencv/core/Mat; (869 bytes) @ 0x0000000111ce6cf4 [0x0000000111ce5cc0+0x0000000000001034]
j  edu.uh.compsci.eastonmark.jeremy.biovision.BioVision.detectAndDisplay(Lorg/opencv/core/Mat;)V+41
j  edu.uh.compsci.eastonmark.jeremy.biovision.BioVision.run(Ljava/lang/String;Ljava/lang/String;)V+127
j  edu.uh.compsci.eastonmark.jeremy.biovision.BioVision.main([Ljava/lang/String;)V+20
v  ~StubRoutines::call_stub

siginfo: si_signo: 11 (SIGSEGV), si_code: 1 (SEGV_MAPERR), si_addr: 0x00007fe89723f000

Register to memory mapping:

RAX=0x0000000000000002 is an unknown value
RBX=0x0000000000000002 is an unknown value
RCX=0x0000000000000001 is an unknown value
RDX=0xfffffffffffffff0 is an unknown value
RSP=0x000070000108f640 is pointing into the stack for thread: 0x00007fe892808c00
RBP=0x000070000108f6c0 is pointing into the stack for thread: 0x00007fe892808c00
RSI=0x0 is NULL
RDI=0x0000000042ff4010 is an unknown value
R8 =0x00007fe89723effe points into unknown readable memory: 00 00
R9 =0x000000070f183d08 is pointing into object: [D 
{0x000000070f183cf8} - klass: {type array double}
 - length: 3
R10=0x000000000000003a is an unknown value
R11=0x0000000000000003 is an unknown value
R12=0x0000000000000001 is an unknown value
R13=0x000000012bee1564: Java_org_opencv_core_Mat_nPutD+0xd94 in /private/var/folders/_p/m6x4kgz57tl496mjv9yzmr3m0000gn/T/opencv_openpnp3988490300587180046/nu/pattern/opencv/osx/x86_64/libopencv_java455.dylib at 0x000000012bed4000
R14=0x0000600002b9b4e0 points into unknown readable memory: 0x0000000242ff4010 | 10 40 ff 42 02 00 00 00
R15=0xfffffffffffffeca is an unknown value


Registers:
RAX=0x0000000000000002, RBX=0x0000000000000002, RCX=0x0000000000000001, RDX=0xfffffffffffffff0
RSP=0x000070000108f640, RBP=0x000070000108f6c0, RSI=0x0000000000000000, RDI=0x0000000042ff4010
R8 =0x00007fe89723effe, R9 =0x000000070f183d08, R10=0x000000000000003a, R11=0x0000000000000003
R12=0x0000000000000001, R13=0x000000012bee1564, R14=0x0000600002b9b4e0, R15=0xfffffffffffffeca
RIP=0x000000012bee08f9, EFLAGS=0x0000000000010293, ERR=0x0000000000000006
  TRAPNO=0x000000000000000e

Top of Stack: (sp=0x000070000108f640)
0x000070000108f640:   0000000000000003 000070000108f780
0x000070000108f650:   000070000108f680 000000010713bba2
0x000070000108f660:   0000000000000000 000000070f183d08
0x000070000108f670:   000070000108f690 00007fe892808ea8
0x000070000108f680:   0000000300000003 00000001fffffeca
0x000070000108f690:   fffffffffffffeca 000000070fa11fa0
0x000070000108f6a0:   0000000000000000 000000070fa120e8
0x000070000108f6b0:   000070000108f708 00007fe892808c00
0x000070000108f6c0:   000070000108f720 00000001191aea87
0x000070000108f6d0:   000070000108f6f8 00000001191ae6dc
0x000070000108f6e0:   a73e86cab4d200ab 0000000000000136
0x000070000108f6f0:   0000000000000000 000000070f183cf8
0x000070000108f700:   000070000108f750 000000070fffe328
0x000070000108f710:   000000070fffe328 00000001191aee88
0x000070000108f720:   000000070fa11fa0 00000001191af2b0
0x000070000108f730:   0000003afffffeca 000000070f183cf8
0x000070000108f740:   0000000000000003 00000008000405e8
0x000070000108f750:   000000070fffe328 000000070f1524c0
0x000070000108f760:   000070000108fa20 0000000111ce6cf4
0x000070000108f770:   00000000000001e2 0000000110c01450
0x000070000108f780:   0000000000000001 00007ff846f86000
0x000070000108f790:   000070000108f7d0 00007ff805652abb
0x000070000108f7a0:   0000000000000000 00000000000000b0
0x000070000108f7b0:   0000000000000000 0000000110c00fc2
0x000070000108f7c0:   000070000108f818 0000000000000004
0x000070000108f7d0:   000070000108f800 00000001076c41c5
0x000070000108f7e0:   0000000107b52f90 0000000000000016
0x000070000108f7f0:   00000000000000b0 0000000000000004
0x000070000108f800:   000070000108f850 0000000106f70f91
0x000070000108f810:   000070000108f8d0 0000000000000000
0x000070000108f820:   0000000000000000 0000000000000000
0x000070000108f830:   0000000000000000 000070000108f860 

Instructions: (pc=0x000000012bee08f9)
0x000000012bee07f9:   00 41 8b 5e 08 29 cb 0f 8e 99 0c 00 00 45 89 c7
0x000000012bee0809:   41 8b 56 0c 44 39 c2 0f 8e 89 0c 00 00 89 4d c8
0x000000012bee0819:   48 8b 75 10 0f af d3 44 29 fa 45 8b 26 41 c1 ec
0x000000012bee0829:   03 41 81 e4 ff 01 00 00 41 ff c4 44 0f af e2 45
0x000000012bee0839:   39 cc 45 0f 4f e1 48 8b 07 31 d2 48 89 7d b8 ff
0x000000012bee0849:   90 f0 06 00 00 41 8b 5e 0c 45 85 e4 44 89 65 c4
0x000000012bee0859:   48 89 45 a8 49 89 c1 0f 8e 07 06 00 00 44 39 fb
0x000000012bee0869:   0f 8e fe 05 00 00 48 63 45 c8 4d 63 d7 49 89 c7
0x000000012bee0879:   41 8b 3e 4c 8d 2d e1 0c 00 00 4c 8b 4d a8 8b 45
0x000000012bee0889:   c4 41 89 c4 4c 89 7d d0 66 2e 0f 1f 84 00 00 00
0x000000012bee0899:   00 00 0f 1f 44 00 00 89 f8 83 e0 07 83 f8 06 0f
0x000000012bee08a9:   87 41 02 00 00 49 63 44 85 00 4c 01 e8 ff e0 49
0x000000012bee08b9:   8b 46 48 48 8b 08 49 0f af cf 4c 8b 40 08 4d 0f
0x000000012bee08c9:   af c2 49 01 c8 4d 03 46 10 31 d2 31 c0 44 89 e1
0x000000012bee08d9:   0f 1f 80 00 00 00 00 f2 41 0f 2d 34 c1 85 f6 79
0x000000012bee08e9:   02 31 f6 81 fe ff 00 00 00 7c 05 be ff 00 00 00
0x000000012bee08f9:   41 88 34 00 44 8d 61 ff 41 8b 3e 48 83 c2 f8 83
0x000000012bee0909:   f9 02 0f 8c db 01 00 00 89 fe c1 ee 03 81 e6 ff
0x000000012bee0919:   01 00 00 48 89 c3 48 ff c3 44 89 e1 39 f0 48 89
0x000000012bee0929:   d8 72 b4 e9 bb 01 00 00 49 8b 46 48 48 8b 08 49
0x000000012bee0939:   0f af cf 48 8b 40 08 49 0f af c2 48 01 c8 49 03
0x000000012bee0949:   46 10 31 c9 31 db 90 44 89 e6 f2 41 0f 2d 3c d9
0x000000012bee0959:   89 3c 98 44 8d 66 ff 41 8b 3e 48 83 c1 f8 83 fe
0x000000012bee0969:   02 7c 18 89 fe c1 ee 03 81 e6 ff 01 00 00 48 89
0x000000012bee0979:   da 48 ff c2 39 f3 48 89 d3 72 cc 49 29 c9 e9 63
0x000000012bee0989:   01 00 00 49 8b 46 48 41 89 f8 41 c1 e8 03 41 81
0x000000012bee0999:   e0 ff 01 00 00 48 8b 08 49 0f af cf 48 8b 50 08
0x000000012bee09a9:   49 0f af d2 48 01 ca 49 03 56 10 31 db 31 c0 44
0x000000012bee09b9:   89 e1 0f 1f 44 00 00 f2 41 0f 2d 34 c1 85 f6 79
0x000000012bee09c9:   02 31 f6 81 fe ff ff 00 00 7c 05 be ff ff 00 00
0x000000012bee09d9:   66 89 34 42 44 8d 61 ff 48 83 c3 f8 83 f9 02 0f
0x000000012bee09e9:   8c 84 00 00 00 48 89 c6 48 ff c6 44 89 e1 44 39 


Stack slot to memory mapping:
stack at sp + 0 slots: 0x0000000000000003 is an unknown value
stack at sp + 1 slots: 0x000070000108f780 is pointing into the stack for thread: 0x00007fe892808c00
stack at sp + 2 slots: 0x000070000108f680 is pointing into the stack for thread: 0x00007fe892808c00
stack at sp + 3 slots: 0x000000010713bba2: _ZN17CompilationPolicy10call_eventERK12methodHandle9CompLevelP6Thread+0x42 in /Users/jreastonmarks/.p2/pool/plugins/org.eclipse.justj.openjdk.hotspot.jre.full.macosx.x86_64_17.0.4.v20221004-1257/jre/lib/server/libjvm.dylib at 0x0000000106e1a000
stack at sp + 4 slots: 0x0 is NULL
stack at sp + 5 slots: 0x000000070f183d08 is pointing into object: [D 
{0x000000070f183cf8} - klass: {type array double}
 - length: 3
stack at sp + 6 slots: 0x000070000108f690 is pointing into the stack for thread: 0x00007fe892808c00
stack at sp + 7 slots: 0x00007fe892808ea8 points into unknown readable memory: 0x0000000107b40e48 | 48 0e b4 07 01 00 00 00


---------------  P R O C E S S  ---------------

Threads class SMR info:
_java_thread_list=0x0000600000fbf600, length=11, elements={
0x00007fe892808c00, 0x00007fe894010e00, 0x00007fe89400d000, 0x00007fe89400f400,
0x00007fe894010800, 0x00007fe8940e3000, 0x00007fe8940e3600, 0x00007fe8940e3c00,
0x00007fe8940e4200, 0x00007fe89300a800, 0x00007fe892008200
}

Java Threads: ( => current thread )
=>0x00007fe892808c00 JavaThread "main" [_thread_in_native, id=5635, stack(0x0000700000f90000,0x0000700001090000)]
  0x00007fe894010e00 JavaThread "Reference Handler" daemon [_thread_blocked, id=15875, stack(0x00007000016a5000,0x00007000017a5000)]
  0x00007fe89400d000 JavaThread "Finalizer" daemon [_thread_blocked, id=17155, stack(0x00007000017a8000,0x00007000018a8000)]
  0x00007fe89400f400 JavaThread "Signal Dispatcher" daemon [_thread_blocked, id=41987, stack(0x00007000019b1000,0x0000700001ab1000)]
  0x00007fe894010800 JavaThread "Service Thread" daemon [_thread_blocked, id=41731, stack(0x0000700001ab4000,0x0000700001bb4000)]
  0x00007fe8940e3000 JavaThread "Monitor Deflation Thread" daemon [_thread_blocked, id=41475, stack(0x0000700001bb7000,0x0000700001cb7000)]
  0x00007fe8940e3600 JavaThread "C2 CompilerThread0" daemon [_thread_blocked, id=23043, stack(0x0000700001cba000,0x0000700001dba000)]
  0x00007fe8940e3c00 JavaThread "C1 CompilerThread0" daemon [_thread_blocked, id=23555, stack(0x0000700001dbd000,0x0000700001ebd000)]
  0x00007fe8940e4200 JavaThread "Sweeper thread" daemon [_thread_blocked, id=23811, stack(0x0000700001ec0000,0x0000700001fc0000)]
  0x00007fe89300a800 JavaThread "Notification Thread" daemon [_thread_blocked, id=40451, stack(0x0000700001fc3000,0x00007000020c3000)]
  0x00007fe892008200 JavaThread "Common-Cleaner" daemon [_thread_blocked, id=24323, stack(0x00007000021c9000,0x00007000022c9000)]

Other Threads:
  0x00007fe893805920 VMThread "VM Thread" [stack: 0x00007000015a2000,0x00007000016a2000] [id=15363]
  0x00007fe893807030 WatcherThread [stack: 0x00007000020c6000,0x00007000021c6000] [id=24067]
  0x00007fe893a06dd0 GCTaskThread "GC Thread#0" [stack: 0x0000700001093000,0x0000700001193000] [id=19971]
  0x00007fe893a07470 ConcurrentGCThread "G1 Main Marker" [stack: 0x0000700001196000,0x0000700001296000] [id=19459]
  0x00007fe893a07cf0 ConcurrentGCThread "G1 Conc#0" [stack: 0x0000700001299000,0x0000700001399000] [id=18691]
  0x00007fe893a0a550 ConcurrentGCThread "G1 Refine#0" [stack: 0x000070000139c000,0x000070000149c000] [id=13315]
  0x00007fe893a0ade0 ConcurrentGCThread "G1 Service" [stack: 0x000070000149f000,0x000070000159f000] [id=13571]

Threads with active compile tasks:

VM state: not at safepoint (normal execution)

VM Mutex/Monitor currently owned by a thread: None

Heap address: 0x0000000700000000, size: 4096 MB, Compressed Oops mode: Zero based, Oop shift amount: 3

CDS archive(s) not mapped
Compressed class space mapped at: 0x0000000800000000-0x0000000840000000, reserved size: 1073741824
Narrow klass base: 0x0000000800000000, Narrow klass shift: 0, Narrow klass range: 0x40000000

GC Precious Log:
 CPUs: 8 total, 8 available
 Memory: 16384M
 Large Page Support: Disabled
 NUMA Support: Disabled
 Compressed Oops: Enabled (Zero based)
 Heap Region Size: 2M
 Heap Min Capacity: 8M
 Heap Initial Capacity: 256M
 Heap Max Capacity: 4G
 Pre-touch: Disabled
 Parallel Workers: 8
 Concurrent Workers: 2
 Concurrent Refinement Workers: 8
 Periodic GC: Disabled

Heap:
 garbage-first heap   total 262144K, used 14336K [0x0000000700000000, 0x0000000800000000)
  region size 2048K, 8 young (16384K), 0 survivors (0K)
 Metaspace       used 9747K, committed 9920K, reserved 1064960K
  class space    used 870K, committed 960K, reserved 1048576K

Heap Regions: E=young(eden), S=young(survivor), O=old, HS=humongous(starts), HC=humongous(continues), CS=collection set, F=free, OA=open archive, CA=closed archive, TAMS=top-at-mark-start (previous, next)
|   0|0x0000000700000000, 0x0000000700000000, 0x0000000700200000|  0%| F|  |TAMS 0x0000000700000000, 0x0000000700000000| Untracked 
|   1|0x0000000700200000, 0x0000000700200000, 0x0000000700400000|  0%| F|  |TAMS 0x0000000700200000, 0x0000000700200000| Untracked 
|   2|0x0000000700400000, 0x0000000700400000, 0x0000000700600000|  0%| F|  |TAMS 0x0000000700400000, 0x0000000700400000| Untracked 
|   3|0x0000000700600000, 0x0000000700600000, 0x0000000700800000|  0%| F|  |TAMS 0x0000000700600000, 0x0000000700600000| Untracked 
|   4|0x0000000700800000, 0x0000000700800000, 0x0000000700a00000|  0%| F|  |TAMS 0x0000000700800000, 0x0000000700800000| Untracked 
|   5|0x0000000700a00000, 0x0000000700a00000, 0x0000000700c00000|  0%| F|  |TAMS 0x0000000700a00000, 0x0000000700a00000| Untracked 
|   6|0x0000000700c00000, 0x0000000700c00000, 0x0000000700e00000|  0%| F|  |TAMS 0x0000000700c00000, 0x0000000700c00000| Untracked 
|   7|0x0000000700e00000, 0x0000000700e00000, 0x0000000701000000|  0%| F|  |TAMS 0x0000000700e00000, 0x0000000700e00000| Untracked 
|   8|0x0000000701000000, 0x0000000701000000, 0x0000000701200000|  0%| F|  |TAMS 0x0000000701000000, 0x0000000701000000| Untracked 
|   9|0x0000000701200000, 0x0000000701200000, 0x0000000701400000|  0%| F|  |TAMS 0x0000000701200000, 0x0000000701200000| Untracked 
|  10|0x0000000701400000, 0x0000000701400000, 0x0000000701600000|  0%| F|  |TAMS 0x0000000701400000, 0x0000000701400000| Untracked 
|  11|0x0000000701600000, 0x0000000701600000, 0x0000000701800000|  0%| F|  |TAMS 0x0000000701600000, 0x0000000701600000| Untracked 
|  12|0x0000000701800000, 0x0000000701800000, 0x0000000701a00000|  0%| F|  |TAMS 0x0000000701800000, 0x0000000701800000| Untracked 
|  13|0x0000000701a00000, 0x0000000701a00000, 0x0000000701c00000|  0%| F|  |TAMS 0x0000000701a00000, 0x0000000701a00000| Untracked 
|  14|0x0000000701c00000, 0x0000000701c00000, 0x0000000701e00000|  0%| F|  |TAMS 0x0000000701c00000, 0x0000000701c00000| Untracked 
|  15|0x0000000701e00000, 0x0000000701e00000, 0x0000000702000000|  0%| F|  |TAMS 0x0000000701e00000, 0x0000000701e00000| Untracked 
|  16|0x0000000702000000, 0x0000000702000000, 0x0000000702200000|  0%| F|  |TAMS 0x0000000702000000, 0x0000000702000000| Untracked 
|  17|0x0000000702200000, 0x0000000702200000, 0x0000000702400000|  0%| F|  |TAMS 0x0000000702200000, 0x0000000702200000| Untracked 
|  18|0x0000000702400000, 0x0000000702400000, 0x0000000702600000|  0%| F|  |TAMS 0x0000000702400000, 0x0000000702400000| Untracked 
|  19|0x0000000702600000, 0x0000000702600000, 0x0000000702800000|  0%| F|  |TAMS 0x0000000702600000, 0x0000000702600000| Untracked 
|  20|0x0000000702800000, 0x0000000702800000, 0x0000000702a00000|  0%| F|  |TAMS 0x0000000702800000, 0x0000000702800000| Untracked 
|  21|0x0000000702a00000, 0x0000000702a00000, 0x0000000702c00000|  0%| F|  |TAMS 0x0000000702a00000, 0x0000000702a00000| Untracked 
|  22|0x0000000702c00000, 0x0000000702c00000, 0x0000000702e00000|  0%| F|  |TAMS 0x0000000702c00000, 0x0000000702c00000| Untracked 
|  23|0x0000000702e00000, 0x0000000702e00000, 0x0000000703000000|  0%| F|  |TAMS 0x0000000702e00000, 0x0000000702e00000| Untracked 
|  24|0x0000000703000000, 0x0000000703000000, 0x0000000703200000|  0%| F|  |TAMS 0x0000000703000000, 0x0000000703000000| Untracked 
|  25|0x0000000703200000, 0x0000000703200000, 0x0000000703400000|  0%| F|  |TAMS 0x0000000703200000, 0x0000000703200000| Untracked 
|  26|0x0000000703400000, 0x0000000703400000, 0x0000000703600000|  0%| F|  |TAMS 0x0000000703400000, 0x0000000703400000| Untracked 
|  27|0x0000000703600000, 0x0000000703600000, 0x0000000703800000|  0%| F|  |TAMS 0x0000000703600000, 0x0000000703600000| Untracked 
|  28|0x0000000703800000, 0x0000000703800000, 0x0000000703a00000|  0%| F|  |TAMS 0x0000000703800000, 0x0000000703800000| Untracked 
|  29|0x0000000703a00000, 0x0000000703a00000, 0x0000000703c00000|  0%| F|  |TAMS 0x0000000703a00000, 0x0000000703a00000| Untracked 
|  30|0x0000000703c00000, 0x0000000703c00000, 0x0000000703e00000|  0%| F|  |TAMS 0x0000000703c00000, 0x0000000703c00000| Untracked 
|  31|0x0000000703e00000, 0x0000000703e00000, 0x0000000704000000|  0%| F|  |TAMS 0x0000000703e00000, 0x0000000703e00000| Untracked 
|  32|0x0000000704000000, 0x0000000704000000, 0x0000000704200000|  0%| F|  |TAMS 0x0000000704000000, 0x0000000704000000| Untracked 
|  33|0x0000000704200000, 0x0000000704200000, 0x0000000704400000|  0%| F|  |TAMS 0x0000000704200000, 0x0000000704200000| Untracked 
|  34|0x0000000704400000, 0x0000000704400000, 0x0000000704600000|  0%| F|  |TAMS 0x0000000704400000, 0x0000000704400000| Untracked 
|  35|0x0000000704600000, 0x0000000704600000, 0x0000000704800000|  0%| F|  |TAMS 0x0000000704600000, 0x0000000704600000| Untracked 
|  36|0x0000000704800000, 0x0000000704800000, 0x0000000704a00000|  0%| F|  |TAMS 0x0000000704800000, 0x0000000704800000| Untracked 
|  37|0x0000000704a00000, 0x0000000704a00000, 0x0000000704c00000|  0%| F|  |TAMS 0x0000000704a00000, 0x0000000704a00000| Untracked 
|  38|0x0000000704c00000, 0x0000000704c00000, 0x0000000704e00000|  0%| F|  |TAMS 0x0000000704c00000, 0x0000000704c00000| Untracked 
|  39|0x0000000704e00000, 0x0000000704e00000, 0x0000000705000000|  0%| F|  |TAMS 0x0000000704e00000, 0x0000000704e00000| Untracked 
|  40|0x0000000705000000, 0x0000000705000000, 0x0000000705200000|  0%| F|  |TAMS 0x0000000705000000, 0x0000000705000000| Untracked 
|  41|0x0000000705200000, 0x0000000705200000, 0x0000000705400000|  0%| F|  |TAMS 0x0000000705200000, 0x0000000705200000| Untracked 
|  42|0x0000000705400000, 0x0000000705400000, 0x0000000705600000|  0%| F|  |TAMS 0x0000000705400000, 0x0000000705400000| Untracked 
|  43|0x0000000705600000, 0x0000000705600000, 0x0000000705800000|  0%| F|  |TAMS 0x0000000705600000, 0x0000000705600000| Untracked 
|  44|0x0000000705800000, 0x0000000705800000, 0x0000000705a00000|  0%| F|  |TAMS 0x0000000705800000, 0x0000000705800000| Untracked 
|  45|0x0000000705a00000, 0x0000000705a00000, 0x0000000705c00000|  0%| F|  |TAMS 0x0000000705a00000, 0x0000000705a00000| Untracked 
|  46|0x0000000705c00000, 0x0000000705c00000, 0x0000000705e00000|  0%| F|  |TAMS 0x0000000705c00000, 0x0000000705c00000| Untracked 
|  47|0x0000000705e00000, 0x0000000705e00000, 0x0000000706000000|  0%| F|  |TAMS 0x0000000705e00000, 0x0000000705e00000| Untracked 
|  48|0x0000000706000000, 0x0000000706000000, 0x0000000706200000|  0%| F|  |TAMS 0x0000000706000000, 0x0000000706000000| Untracked 
|  49|0x0000000706200000, 0x0000000706200000, 0x0000000706400000|  0%| F|  |TAMS 0x0000000706200000, 0x0000000706200000| Untracked 
|  50|0x0000000706400000, 0x0000000706400000, 0x0000000706600000|  0%| F|  |TAMS 0x0000000706400000, 0x0000000706400000| Untracked 
|  51|0x0000000706600000, 0x0000000706600000, 0x0000000706800000|  0%| F|  |TAMS 0x0000000706600000, 0x0000000706600000| Untracked 
|  52|0x0000000706800000, 0x0000000706800000, 0x0000000706a00000|  0%| F|  |TAMS 0x0000000706800000, 0x0000000706800000| Untracked 
|  53|0x0000000706a00000, 0x0000000706a00000, 0x0000000706c00000|  0%| F|  |TAMS 0x0000000706a00000, 0x0000000706a00000| Untracked 
|  54|0x0000000706c00000, 0x0000000706c00000, 0x0000000706e00000|  0%| F|  |TAMS 0x0000000706c00000, 0x0000000706c00000| Untracked 
|  55|0x0000000706e00000, 0x0000000706e00000, 0x0000000707000000|  0%| F|  |TAMS 0x0000000706e00000, 0x0000000706e00000| Untracked 
|  56|0x0000000707000000, 0x0000000707000000, 0x0000000707200000|  0%| F|  |TAMS 0x0000000707000000, 0x0000000707000000| Untracked 
|  57|0x0000000707200000, 0x0000000707200000, 0x0000000707400000|  0%| F|  |TAMS 0x0000000707200000, 0x0000000707200000| Untracked 
|  58|0x0000000707400000, 0x0000000707400000, 0x0000000707600000|  0%| F|  |TAMS 0x0000000707400000, 0x0000000707400000| Untracked 
|  59|0x0000000707600000, 0x0000000707600000, 0x0000000707800000|  0%| F|  |TAMS 0x0000000707600000, 0x0000000707600000| Untracked 
|  60|0x0000000707800000, 0x0000000707800000, 0x0000000707a00000|  0%| F|  |TAMS 0x0000000707800000, 0x0000000707800000| Untracked 
|  61|0x0000000707a00000, 0x0000000707a00000, 0x0000000707c00000|  0%| F|  |TAMS 0x0000000707a00000, 0x0000000707a00000| Untracked 
|  62|0x0000000707c00000, 0x0000000707c00000, 0x0000000707e00000|  0%| F|  |TAMS 0x0000000707c00000, 0x0000000707c00000| Untracked 
|  63|0x0000000707e00000, 0x0000000707e00000, 0x0000000708000000|  0%| F|  |TAMS 0x0000000707e00000, 0x0000000707e00000| Untracked 
|  64|0x0000000708000000, 0x0000000708000000, 0x0000000708200000|  0%| F|  |TAMS 0x0000000708000000, 0x0000000708000000| Untracked 
|  65|0x0000000708200000, 0x0000000708200000, 0x0000000708400000|  0%| F|  |TAMS 0x0000000708200000, 0x0000000708200000| Untracked 
|  66|0x0000000708400000, 0x0000000708400000, 0x0000000708600000|  0%| F|  |TAMS 0x0000000708400000, 0x0000000708400000| Untracked 
|  67|0x0000000708600000, 0x0000000708600000, 0x0000000708800000|  0%| F|  |TAMS 0x0000000708600000, 0x0000000708600000| Untracked 
|  68|0x0000000708800000, 0x0000000708800000, 0x0000000708a00000|  0%| F|  |TAMS 0x0000000708800000, 0x0000000708800000| Untracked 
|  69|0x0000000708a00000, 0x0000000708a00000, 0x0000000708c00000|  0%| F|  |TAMS 0x0000000708a00000, 0x0000000708a00000| Untracked 
|  70|0x0000000708c00000, 0x0000000708c00000, 0x0000000708e00000|  0%| F|  |TAMS 0x0000000708c00000, 0x0000000708c00000| Untracked 
|  71|0x0000000708e00000, 0x0000000708e00000, 0x0000000709000000|  0%| F|  |TAMS 0x0000000708e00000, 0x0000000708e00000| Untracked 
|  72|0x0000000709000000, 0x0000000709000000, 0x0000000709200000|  0%| F|  |TAMS 0x0000000709000000, 0x0000000709000000| Untracked 
|  73|0x0000000709200000, 0x0000000709200000, 0x0000000709400000|  0%| F|  |TAMS 0x0000000709200000, 0x0000000709200000| Untracked 
|  74|0x0000000709400000, 0x0000000709400000, 0x0000000709600000|  0%| F|  |TAMS 0x0000000709400000, 0x0000000709400000| Untracked 
|  75|0x0000000709600000, 0x0000000709600000, 0x0000000709800000|  0%| F|  |TAMS 0x0000000709600000, 0x0000000709600000| Untracked 
|  76|0x0000000709800000, 0x0000000709800000, 0x0000000709a00000|  0%| F|  |TAMS 0x0000000709800000, 0x0000000709800000| Untracked 
|  77|0x0000000709a00000, 0x0000000709a00000, 0x0000000709c00000|  0%| F|  |TAMS 0x0000000709a00000, 0x0000000709a00000| Untracked 
|  78|0x0000000709c00000, 0x0000000709c00000, 0x0000000709e00000|  0%| F|  |TAMS 0x0000000709c00000, 0x0000000709c00000| Untracked 
|  79|0x0000000709e00000, 0x0000000709e00000, 0x000000070a000000|  0%| F|  |TAMS 0x0000000709e00000, 0x0000000709e00000| Untracked 
|  80|0x000000070a000000, 0x000000070a000000, 0x000000070a200000|  0%| F|  |TAMS 0x000000070a000000, 0x000000070a000000| Untracked 
|  81|0x000000070a200000, 0x000000070a200000, 0x000000070a400000|  0%| F|  |TAMS 0x000000070a200000, 0x000000070a200000| Untracked 
|  82|0x000000070a400000, 0x000000070a400000, 0x000000070a600000|  0%| F|  |TAMS 0x000000070a400000, 0x000000070a400000| Untracked 
|  83|0x000000070a600000, 0x000000070a600000, 0x000000070a800000|  0%| F|  |TAMS 0x000000070a600000, 0x000000070a600000| Untracked 
|  84|0x000000070a800000, 0x000000070a800000, 0x000000070aa00000|  0%| F|  |TAMS 0x000000070a800000, 0x000000070a800000| Untracked 
|  85|0x000000070aa00000, 0x000000070aa00000, 0x000000070ac00000|  0%| F|  |TAMS 0x000000070aa00000, 0x000000070aa00000| Untracked 
|  86|0x000000070ac00000, 0x000000070ac00000, 0x000000070ae00000|  0%| F|  |TAMS 0x000000070ac00000, 0x000000070ac00000| Untracked 
|  87|0x000000070ae00000, 0x000000070ae00000, 0x000000070b000000|  0%| F|  |TAMS 0x000000070ae00000, 0x000000070ae00000| Untracked 
|  88|0x000000070b000000, 0x000000070b000000, 0x000000070b200000|  0%| F|  |TAMS 0x000000070b000000, 0x000000070b000000| Untracked 
|  89|0x000000070b200000, 0x000000070b200000, 0x000000070b400000|  0%| F|  |TAMS 0x000000070b200000, 0x000000070b200000| Untracked 
|  90|0x000000070b400000, 0x000000070b400000, 0x000000070b600000|  0%| F|  |TAMS 0x000000070b400000, 0x000000070b400000| Untracked 
|  91|0x000000070b600000, 0x000000070b600000, 0x000000070b800000|  0%| F|  |TAMS 0x000000070b600000, 0x000000070b600000| Untracked 
|  92|0x000000070b800000, 0x000000070b800000, 0x000000070ba00000|  0%| F|  |TAMS 0x000000070b800000, 0x000000070b800000| Untracked 
|  93|0x000000070ba00000, 0x000000070ba00000, 0x000000070bc00000|  0%| F|  |TAMS 0x000000070ba00000, 0x000000070ba00000| Untracked 
|  94|0x000000070bc00000, 0x000000070bc00000, 0x000000070be00000|  0%| F|  |TAMS 0x000000070bc00000, 0x000000070bc00000| Untracked 
|  95|0x000000070be00000, 0x000000070be00000, 0x000000070c000000|  0%| F|  |TAMS 0x000000070be00000, 0x000000070be00000| Untracked 
|  96|0x000000070c000000, 0x000000070c000000, 0x000000070c200000|  0%| F|  |TAMS 0x000000070c000000, 0x000000070c000000| Untracked 
|  97|0x000000070c200000, 0x000000070c200000, 0x000000070c400000|  0%| F|  |TAMS 0x000000070c200000, 0x000000070c200000| Untracked 
|  98|0x000000070c400000, 0x000000070c400000, 0x000000070c600000|  0%| F|  |TAMS 0x000000070c400000, 0x000000070c400000| Untracked 
|  99|0x000000070c600000, 0x000000070c600000, 0x000000070c800000|  0%| F|  |TAMS 0x000000070c600000, 0x000000070c600000| Untracked 
| 100|0x000000070c800000, 0x000000070c800000, 0x000000070ca00000|  0%| F|  |TAMS 0x000000070c800000, 0x000000070c800000| Untracked 
| 101|0x000000070ca00000, 0x000000070ca00000, 0x000000070cc00000|  0%| F|  |TAMS 0x000000070ca00000, 0x000000070ca00000| Untracked 
| 102|0x000000070cc00000, 0x000000070cc00000, 0x000000070ce00000|  0%| F|  |TAMS 0x000000070cc00000, 0x000000070cc00000| Untracked 
| 103|0x000000070ce00000, 0x000000070ce00000, 0x000000070d000000|  0%| F|  |TAMS 0x000000070ce00000, 0x000000070ce00000| Untracked 
| 104|0x000000070d000000, 0x000000070d000000, 0x000000070d200000|  0%| F|  |TAMS 0x000000070d000000, 0x000000070d000000| Untracked 
| 105|0x000000070d200000, 0x000000070d200000, 0x000000070d400000|  0%| F|  |TAMS 0x000000070d200000, 0x000000070d200000| Untracked 
| 106|0x000000070d400000, 0x000000070d400000, 0x000000070d600000|  0%| F|  |TAMS 0x000000070d400000, 0x000000070d400000| Untracked 
| 107|0x000000070d600000, 0x000000070d600000, 0x000000070d800000|  0%| F|  |TAMS 0x000000070d600000, 0x000000070d600000| Untracked 
| 108|0x000000070d800000, 0x000000070d800000, 0x000000070da00000|  0%| F|  |TAMS 0x000000070d800000, 0x000000070d800000| Untracked 
| 109|0x000000070da00000, 0x000000070da00000, 0x000000070dc00000|  0%| F|  |TAMS 0x000000070da00000, 0x000000070da00000| Untracked 
| 110|0x000000070dc00000, 0x000000070dc00000, 0x000000070de00000|  0%| F|  |TAMS 0x000000070dc00000, 0x000000070dc00000| Untracked 
| 111|0x000000070de00000, 0x000000070de00000, 0x000000070e000000|  0%| F|  |TAMS 0x000000070de00000, 0x000000070de00000| Untracked 
| 112|0x000000070e000000, 0x000000070e000000, 0x000000070e200000|  0%| F|  |TAMS 0x000000070e000000, 0x000000070e000000| Untracked 
| 113|0x000000070e200000, 0x000000070e200000, 0x000000070e400000|  0%| F|  |TAMS 0x000000070e200000, 0x000000070e200000| Untracked 
| 114|0x000000070e400000, 0x000000070e400000, 0x000000070e600000|  0%| F|  |TAMS 0x000000070e400000, 0x000000070e400000| Untracked 
| 115|0x000000070e600000, 0x000000070e600000, 0x000000070e800000|  0%| F|  |TAMS 0x000000070e600000, 0x000000070e600000| Untracked 
| 116|0x000000070e800000, 0x000000070e800000, 0x000000070ea00000|  0%| F|  |TAMS 0x000000070e800000, 0x000000070e800000| Untracked 
| 117|0x000000070ea00000, 0x000000070ea00000, 0x000000070ec00000|  0%| F|  |TAMS 0x000000070ea00000, 0x000000070ea00000| Untracked 
| 118|0x000000070ec00000, 0x000000070ec00000, 0x000000070ee00000|  0%| F|  |TAMS 0x000000070ec00000, 0x000000070ec00000| Untracked 
| 119|0x000000070ee00000, 0x000000070ee00000, 0x000000070f000000|  0%| F|  |TAMS 0x000000070ee00000, 0x000000070ee00000| Untracked 
| 120|0x000000070f000000, 0x000000070f1c3180, 0x000000070f200000| 88%| E|  |TAMS 0x000000070f000000, 0x000000070f000000| Complete 
| 121|0x000000070f200000, 0x000000070f400000, 0x000000070f400000|100%| E|CS|TAMS 0x000000070f200000, 0x000000070f200000| Complete 
| 122|0x000000070f400000, 0x000000070f600000, 0x000000070f600000|100%| E|CS|TAMS 0x000000070f400000, 0x000000070f400000| Complete 
| 123|0x000000070f600000, 0x000000070f800000, 0x000000070f800000|100%| E|CS|TAMS 0x000000070f600000, 0x000000070f600000| Complete 
| 124|0x000000070f800000, 0x000000070fa00000, 0x000000070fa00000|100%| E|CS|TAMS 0x000000070f800000, 0x000000070f800000| Complete 
| 125|0x000000070fa00000, 0x000000070fc00000, 0x000000070fc00000|100%| E|CS|TAMS 0x000000070fa00000, 0x000000070fa00000| Complete 
| 126|0x000000070fc00000, 0x000000070fe00000, 0x000000070fe00000|100%| E|CS|TAMS 0x000000070fc00000, 0x000000070fc00000| Complete 
| 127|0x000000070fe00000, 0x0000000710000000, 0x0000000710000000|100%| E|CS|TAMS 0x000000070fe00000, 0x000000070fe00000| Complete 

Card table byte_map: [0x000000010b5a7000,0x000000010bda7000] _byte_map_base: 0x0000000107da7000

Marking Bits (Prev, Next): (CMBitMap*) 0x00007fe89402fa10, (CMBitMap*) 0x00007fe89402fa50
 Prev Bits: [0x000000010c5a7000, 0x00000001105a7000)
 Next Bits: [0x00000001206b0000, 0x00000001246b0000)

Polling page: 0x0000000105cc3000

Metaspace:

Usage:
  Non-class:      8.67 MB used.
      Class:    870.97 KB used.
       Both:      9.52 MB used.

Virtual space:
  Non-class space:       16.00 MB reserved,       8.75 MB ( 55%) committed,  2 nodes.
      Class space:        1.00 GB reserved,     960.00 KB ( <1%) committed,  1 nodes.
             Both:        1.02 GB reserved,       9.69 MB ( <1%) committed. 

Chunk freelists:
   Non-Class:  2.94 MB
       Class:  3.09 MB
        Both:  6.03 MB

MaxMetaspaceSize: unlimited
CompressedClassSpaceSize: 1.00 GB
Initial GC threshold: 21.00 MB
Current GC threshold: 21.00 MB
CDS: off
MetaspaceReclaimPolicy: balanced
 - commit_granule_bytes: 65536.
 - commit_granule_words: 8192.
 - virtual_space_node_default_size: 1048576.
 - enlarge_chunks_in_place: 1.
 - new_chunks_are_fully_committed: 0.
 - uncommit_free_chunks: 1.
 - use_allocation_guard: 0.
 - handle_deallocations: 1.


Internal statistics:

num_allocs_failed_limit: 0.
num_arena_births: 34.
num_arena_deaths: 0.
num_vsnodes_births: 3.
num_vsnodes_deaths: 0.
num_space_committed: 155.
num_space_uncommitted: 0.
num_chunks_returned_to_freelist: 0.
num_chunks_taken_from_freelist: 72.
num_chunk_merges: 0.
num_chunk_splits: 39.
num_chunks_enlarged: 25.
num_purges: 0.
num_inconsistent_stats: 0.

CodeHeap 'non-profiled nmethods': size=120028Kb used=218Kb max_used=218Kb free=119810Kb
 bounds [0x0000000119179000, 0x00000001193e9000, 0x00000001206b0000]
CodeHeap 'profiled nmethods': size=120028Kb used=693Kb max_used=693Kb free=119334Kb
 bounds [0x0000000111c42000, 0x0000000111eb2000, 0x0000000119179000]
CodeHeap 'non-nmethods': size=5704Kb used=1223Kb max_used=1237Kb free=4480Kb
 bounds [0x00000001116b0000, 0x0000000111920000, 0x0000000111c42000]
 total_blobs=1047 nmethods=506 adapters=455
 compilation: enabled
              stopped_count=0, restarted_count=0
 full_count=0

Compilation events (20 events):
Event: 1.819 Thread 0x00007fe8940e3c00  494       3       java.lang.StringConcatHelper::mix (27 bytes)
Event: 1.819 Thread 0x00007fe8940e3c00 nmethod 494 0x0000000111ce2d90 code [0x0000000111ce2f60, 0x0000000111ce3380]
Event: 1.819 Thread 0x00007fe8940e3c00  495       3       java.lang.StringConcatHelper::checkOverflow (17 bytes)
Event: 1.820 Thread 0x00007fe8940e3c00 nmethod 495 0x0000000111ce3590 code [0x0000000111ce3740, 0x0000000111ce3920]
Event: 2.023 Thread 0x00007fe8940e3c00  496       3       org.opencv.core.Mat::type (8 bytes)
Event: 2.023 Thread 0x00007fe8940e3c00 nmethod 496 0x0000000111ce3a10 code [0x0000000111ce3bc0, 0x0000000111ce3d00]
Event: 2.023 Thread 0x00007fe8940e3c00  498       3       org.opencv.core.Mat::put (88 bytes)
Event: 2.024 Thread 0x00007fe8940e3c00 nmethod 498 0x0000000111ce3d90 code [0x0000000111ce4040, 0x0000000111ce4be0]
Event: 2.024 Thread 0x00007fe8940e3c00  499       3       org.opencv.core.CvType::channels (6 bytes)
Event: 2.024 Thread 0x00007fe8940e3c00 nmethod 499 0x0000000111ce5090 code [0x0000000111ce5220, 0x0000000111ce5310]
Event: 2.024 Thread 0x00007fe8940e3c00  501       3       org.opencv.core.Mat::get (10 bytes)
Event: 2.024 Thread 0x00007fe8940e3c00 nmethod 501 0x0000000111ce5390 code [0x0000000111ce5540, 0x0000000111ce5680]
Event: 2.025 Thread 0x00007fe8940e3600  503       4       org.opencv.core.Mat::put (88 bytes)
Event: 2.026 Thread 0x00007fe8940e3600 nmethod 503 0x00000001191af090 code [0x00000001191af220, 0x00000001191af358]
Event: 2.027 Thread 0x00007fe8940e3600  504       4       org.opencv.core.Mat::get (10 bytes)
Event: 2.027 Thread 0x00007fe8940e3600 nmethod 504 0x00000001191af510 code [0x00000001191af6a0, 0x00000001191af748]
Event: 2.056 Thread 0x00007fe8940e3c00  505 %     3       edu.uh.compsci.eastonmark.jeremy.biovision.BioVision::singleStreamParse @ 138 (869 bytes)
Event: 2.058 Thread 0x00007fe8940e3c00 nmethod 505% 0x0000000111ce5710 code [0x0000000111ce5cc0, 0x0000000111ce91f0]
Event: 2.058 Thread 0x00007fe8940e3c00  506       3       edu.uh.compsci.eastonmark.jeremy.biovision.BioVision::singleStreamParse (869 bytes)
Event: 2.060 Thread 0x00007fe8940e3c00 nmethod 506 0x0000000111ceaa90 code [0x0000000111ceb020, 0x0000000111cee110]

GC Heap History (0 events):
No events

Deoptimization events (8 events):
Event: 0.938 Thread 0x00007fe892808c00 Uncommon trap: trap_request=0xffffff45 fr.pc=0x000000011919c8a8 relative=0x0000000000001088
Event: 0.938 Thread 0x00007fe892808c00 Uncommon trap: reason=unstable_if action=reinterpret pc=0x000000011919c8a8 method=java.util.zip.ZipFile$ZipFileInputStream.read([BII)I @ 41 c2
Event: 0.938 Thread 0x00007fe892808c00 DEOPT PACKING pc=0x000000011919c8a8 sp=0x000070000108e6b0
Event: 0.938 Thread 0x00007fe892808c00 DEOPT UNPACKING pc=0x0000000111702099 sp=0x000070000108e5d0 mode 2
Event: 0.938 Thread 0x00007fe892808c00 Uncommon trap: trap_request=0xffffff45 fr.pc=0x000000011919ac4c relative=0x000000000000038c
Event: 0.938 Thread 0x00007fe892808c00 Uncommon trap: reason=unstable_if action=reinterpret pc=0x000000011919ac4c method=java.util.zip.Inflater.inflate([BII)I @ 327 c2
Event: 0.938 Thread 0x00007fe892808c00 DEOPT PACKING pc=0x000000011919ac4c sp=0x000070000108e640
Event: 0.938 Thread 0x00007fe892808c00 DEOPT UNPACKING pc=0x0000000111702099 sp=0x000070000108e5e0 mode 2

Classes unloaded (0 events):
No events

Classes redefined (0 events):
No events

Internal exceptions (9 events):
Event: 0.268 Thread 0x00007fe892808c00 Exception <a 'java/lang/NoSuchMethodError'{0x000000070fcc1c00}: 'java.lang.Object java.lang.invoke.DirectMethodHandle$Holder.invokeStatic(java.lang.Object, int, java.lang.Object)'> (0x000000070fcc1c00) 
thrown [src/hotspot/share/interpreter/linkResolver.cpp, line 759]
Event: 0.271 Thread 0x00007fe892808c00 Exception <a 'java/lang/NoSuchMethodError'{0x000000070fcc90b0}: 'java.lang.Object java.lang.invoke.DirectMethodHandle$Holder.invokeStaticInit(java.lang.Object)'> (0x000000070fcc90b0) 
thrown [src/hotspot/share/interpreter/linkResolver.cpp, line 759]
Event: 0.277 Thread 0x00007fe892808c00 Exception <a 'java/lang/NoSuchMethodError'{0x000000070fcd4410}: 'void java.lang.invoke.DirectMethodHandle$Holder.invokeSpecial(java.lang.Object, java.lang.Object, java.lang.Object)'> (0x000000070fcd4410) 
thrown [src/hotspot/share/interpreter/linkResolver.cpp, line 759]
Event: 0.315 Thread 0x00007fe892808c00 Exception <a 'java/lang/ClassNotFoundException'{0x000000070fd13d30}: sun/util/logging/resources/spi/loggingProvider> (0x000000070fd13d30) 
thrown [src/hotspot/share/classfile/systemDictionary.cpp, line 256]
Event: 0.382 Thread 0x00007fe892808c00 Exception <a 'sun/nio/fs/UnixException'{0x000000070fdf1528}> (0x000000070fdf1528) 
thrown [src/hotspot/share/prims/jni.cpp, line 516]
Event: 0.382 Thread 0x00007fe892808c00 Exception <a 'sun/nio/fs/UnixException'{0x000000070fdf1cf0}> (0x000000070fdf1cf0) 
thrown [src/hotspot/share/prims/jni.cpp, line 516]
Event: 0.382 Thread 0x00007fe892808c00 Exception <a 'sun/nio/fs/UnixException'{0x000000070fdf2168}> (0x000000070fdf2168) 
thrown [src/hotspot/share/prims/jni.cpp, line 516]
Event: 0.382 Thread 0x00007fe892808c00 Exception <a 'sun/nio/fs/UnixException'{0x000000070fdf25d8}> (0x000000070fdf25d8) 
thrown [src/hotspot/share/prims/jni.cpp, line 516]
Event: 0.382 Thread 0x00007fe892808c00 Exception <a 'sun/nio/fs/UnixException'{0x000000070fdf2a30}> (0x000000070fdf2a30) 
thrown [src/hotspot/share/prims/jni.cpp, line 516]

VM Operations (6 events):
Event: 0.125 Executing VM operation: HandshakeAllThreads
Event: 0.125 Executing VM operation: HandshakeAllThreads done
Event: 0.206 Executing VM operation: HandshakeAllThreads
Event: 0.206 Executing VM operation: HandshakeAllThreads done
Event: 1.210 Executing VM operation: Cleanup
Event: 1.211 Executing VM operation: Cleanup done

Events (20 events):
Event: 0.390 loading class sun/nio/ch/Util done
Event: 0.390 loading class sun/nio/ch/Util$1
Event: 0.390 loading class sun/nio/ch/Util$1 done
Event: 0.390 loading class sun/nio/ch/Util$BufferCache
Event: 0.390 loading class sun/nio/ch/Util$BufferCache done
Event: 0.390 loading class java/nio/DirectByteBuffer$Deallocator
Event: 0.390 loading class java/nio/DirectByteBuffer$Deallocator done
Event: 0.391 loading class sun/nio/ch/IOStatus
Event: 0.391 loading class sun/nio/ch/IOStatus done
Event: 0.470 Protecting memory [0x00007000022cc000,0x00007000022d0000] with protection modes 3
Event: 0.470 Thread 0x00007fe89400ca00 Thread exited: 0x00007fe89400ca00
Event: 0.924 loading class jdk/internal/misc/ScopedMemoryAccess$Scope$Handle
Event: 0.924 loading class jdk/internal/misc/ScopedMemoryAccess$Scope$Handle done
Event: 0.927 loading class jdk/internal/misc/ScopedMemoryAccess$Scope
Event: 0.927 loading class jdk/internal/misc/ScopedMemoryAccess$Scope done
Event: 0.957 Thread 0x00007fe892008e00 Thread added: 0x00007fe892008e00
Event: 0.957 Protecting memory [0x00007000022cc000,0x00007000022d0000] with protection modes 0
Event: 1.812 Loaded shared library /private/var/folders/_p/m6x4kgz57tl496mjv9yzmr3m0000gn/T/opencv_openpnp3988490300587180046/nu/pattern/opencv/osx/x86_64/libopencv_java455.dylib
Event: 1.812 Protecting memory [0x00007000022cc000,0x00007000022d0000] with protection modes 3
Event: 1.812 Thread 0x00007fe892008e00 Thread exited: 0x00007fe892008e00


Dynamic libraries:
0x0000000105cc6000 	/Users/jreastonmarks/.p2/pool/plugins/org.eclipse.justj.openjdk.hotspot.jre.full.macosx.x86_64_17.0.4.v20221004-1257/jre/lib/libjli.dylib
0x00007ff810535000 	/usr/lib/libz.1.dylib
0x00007ff810615000 	/usr/lib/libSystem.B.dylib
0x00007ff810610000 	/usr/lib/system/libcache.dylib
0x00007ff8105cc000 	/usr/lib/system/libcommonCrypto.dylib
0x00007ff8105f5000 	/usr/lib/system/libcompiler_rt.dylib
0x00007ff8105eb000 	/usr/lib/system/libcopyfile.dylib
0x00007ff8055a3000 	/usr/lib/system/libcorecrypto.dylib
0x00007ff805661000 	/usr/lib/system/libdispatch.dylib
0x00007ff805821000 	/usr/lib/system/libdyld.dylib
0x00007ff810607000 	/usr/lib/system/libkeymgr.dylib
0x00007ff8105aa000 	/usr/lib/system/libmacho.dylib
0x00007ff80fc2b000 	/usr/lib/system/libquarantine.dylib
0x00007ff810605000 	/usr/lib/system/libremovefile.dylib
0x00007ff80a7b6000 	/usr/lib/system/libsystem_asl.dylib
0x00007ff80554c000 	/usr/lib/system/libsystem_blocks.dylib
0x00007ff8056e5000 	/usr/lib/system/libsystem_c.dylib
0x00007ff8105fd000 	/usr/lib/system/libsystem_collections.dylib
0x00007ff80eedf000 	/usr/lib/system/libsystem_configuration.dylib
0x00007ff80e188000 	/usr/lib/system/libsystem_containermanager.dylib
0x00007ff8102e2000 	/usr/lib/system/libsystem_coreservices.dylib
0x00007ff807e57000 	/usr/lib/system/libsystem_darwin.dylib
0x00007ff810608000 	/usr/lib/system/libsystem_dnssd.dylib
0x00007ff8056e2000 	/usr/lib/system/libsystem_featureflags.dylib
0x00007ff805837000 	/usr/lib/system/libsystem_info.dylib
0x00007ff810548000 	/usr/lib/system/libsystem_m.dylib
0x00007ff805635000 	/usr/lib/system/libsystem_malloc.dylib
0x00007ff80a751000 	/usr/lib/system/libsystem_networkextension.dylib
0x00007ff80827d000 	/usr/lib/system/libsystem_notify.dylib
0x00007ff816885000 	/usr/lib/system/libsystem_product_info_filter.dylib
0x00007ff80eee3000 	/usr/lib/system/libsystem_sandbox.dylib
0x00007ff810602000 	/usr/lib/system/libsystem_secinit.dylib
0x00007ff8057dd000 	/usr/lib/system/libsystem_kernel.dylib
0x00007ff80582d000 	/usr/lib/system/libsystem_platform.dylib
0x00007ff805815000 	/usr/lib/system/libsystem_pthread.dylib
0x00007ff80c004000 	/usr/lib/system/libsystem_symptoms.dylib
0x00007ff80558a000 	/usr/lib/system/libsystem_trace.dylib
0x00007ff8105d8000 	/usr/lib/system/libunwind.dylib
0x00007ff80554e000 	/usr/lib/system/libxpc.dylib
0x00007ff8057c7000 	/usr/lib/libc++abi.dylib
0x00007ff8056a8000 	/usr/lib/libobjc.A.dylib
0x00007ff8105e3000 	/usr/lib/liboah.dylib
0x00007ff80576e000 	/usr/lib/libc++.1.dylib
0x00007ff81c687000 	/System/Library/Frameworks/Cocoa.framework/Versions/A/Cocoa
0x00007ff8082db000 	/System/Library/Frameworks/AppKit.framework/Versions/C/AppKit
0x00007ff80b7f2000 	/System/Library/Frameworks/CoreData.framework/Versions/A/CoreData
0x00007ff8066de000 	/System/Library/Frameworks/Foundation.framework/Versions/C/Foundation
0x00007ff80916b000 	/System/Library/PrivateFrameworks/UIFoundation.framework/Versions/A/UIFoundation
0x00007ff816588000 	/System/Library/PrivateFrameworks/RemoteViewServices.framework/Versions/A/RemoteViewServices
0x00007ff80e869000 	/System/Library/PrivateFrameworks/XCTTargetBootstrap.framework/Versions/A/XCTTargetBootstrap
0x00007ff81241e000 	/System/Library/PrivateFrameworks/InternationalSupport.framework/Versions/A/InternationalSupport
0x00007ff8124a8000 	/System/Library/PrivateFrameworks/UserActivity.framework/Versions/A/UserActivity
0x00007ff8117fc000 	/usr/lib/libspindump.dylib
0x00007ff8093fa000 	/System/Library/Frameworks/UniformTypeIdentifiers.framework/Versions/A/UniformTypeIdentifiers
0x00007ff80cf8d000 	/usr/lib/libapp_launch_measurement.dylib
0x00007ff80c1c4000 	/System/Library/PrivateFrameworks/CoreAnalytics.framework/Versions/A/CoreAnalytics
0x00007ff80cf90000 	/System/Library/PrivateFrameworks/CoreAutoLayout.framework/Versions/A/CoreAutoLayout
0x00007ff80e1c0000 	/System/Library/Frameworks/Metal.framework/Versions/A/Metal
0x00007ff80eeef000 	/usr/lib/liblangid.dylib
0x00007ff80e86e000 	/System/Library/PrivateFrameworks/CoreSVG.framework/Versions/A/CoreSVG
0x00007ff80a7e6000 	/System/Library/PrivateFrameworks/SkyLight.framework/Versions/A/SkyLight
0x00007ff80ab85000 	/System/Library/Frameworks/CoreGraphics.framework/Versions/A/CoreGraphics
0x00007ff816c48000 	/System/Library/Frameworks/Accelerate.framework/Versions/A/Accelerate
0x00007ff81127b000 	/System/Library/PrivateFrameworks/IconServices.framework/Versions/A/IconServices
0x00007ff80e1a5000 	/System/Library/Frameworks/IOSurface.framework/Versions/A/IOSurface
0x00007ff80c1f2000 	/usr/lib/libDiagnosticMessagesClient.dylib
0x00007ff81a32b000 	/System/Library/Frameworks/ApplicationServices.framework/Versions/A/ApplicationServices
0x00007ff80e855000 	/System/Library/PrivateFrameworks/DFRFoundation.framework/Versions/A/DFRFoundation
0x00007ff807bc3000 	/usr/lib/libicucore.A.dylib
0x00007ff813214000 	/System/Library/Frameworks/AudioToolbox.framework/Versions/A/AudioToolbox
0x00007ff81242a000 	/System/Library/PrivateFrameworks/DataDetectorsCore.framework/Versions/A/DataDetectorsCore
0x00007ff90e925000 	/System/Library/PrivateFrameworks/TextInput.framework/Versions/A/TextInput
0x00007ff80a769000 	/usr/lib/libMobileGestalt.dylib
0x00007ff80e561000 	/System/Library/Frameworks/Carbon.framework/Versions/A/Frameworks/HIToolbox.framework/Versions/A/HIToolbox
0x00007ff80c98f000 	/System/Library/Frameworks/QuartzCore.framework/Versions/A/QuartzCore
0x00007ff807868000 	/System/Library/Frameworks/Security.framework/Versions/A/Security
0x00007ff8165c0000 	/System/Library/Frameworks/Carbon.framework/Versions/A/Frameworks/SpeechRecognition.framework/Versions/A/SpeechRecognition
0x00007ff80cced000 	/System/Library/PrivateFrameworks/CoreUI.framework/Versions/A/CoreUI
0x00007ff807132000 	/System/Library/Frameworks/CoreAudio.framework/Versions/A/CoreAudio
0x00007ff80c2e1000 	/System/Library/Frameworks/DiskArbitration.framework/Versions/A/DiskArbitration
0x00007ff811bea000 	/System/Library/PrivateFrameworks/MultitouchSupport.framework/Versions/A/MultitouchSupport
0x00007ff80a768000 	/usr/lib/libenergytrace.dylib
0x00007ff8081c7000 	/System/Library/Frameworks/IOKit.framework/Versions/A/IOKit
0x00007ff8169b0000 	/System/Library/Frameworks/CoreServices.framework/Versions/A/CoreServices
0x00007ff80cf27000 	/System/Library/PrivateFrameworks/PerformanceAnalysis.framework/Versions/A/PerformanceAnalysis
0x00007ffa1e607000 	/System/Library/Frameworks/OpenGL.framework/Versions/A/OpenGL
0x00007ff80fb51000 	/System/Library/PrivateFrameworks/MobileKeyBag.framework/Versions/A/MobileKeyBag
0x00007ff80b251000 	/System/Library/Frameworks/ColorSync.framework/Versions/A/ColorSync
0x00007ff805862000 	/System/Library/Frameworks/CoreFoundation.framework/Versions/A/CoreFoundation
0x00007ff80eae5000 	/System/Library/Frameworks/CoreImage.framework/Versions/A/CoreImage
0x00007ff806f46000 	/System/Library/Frameworks/CoreText.framework/Versions/A/CoreText
0x00007ff80e89e000 	/System/Library/Frameworks/ImageIO.framework/Versions/A/ImageIO
0x00007ff81061b000 	/System/Library/PrivateFrameworks/SoftLinking.framework/Versions/A/SoftLinking
0x00007ff80cfd8000 	/usr/lib/libxml2.2.dylib
0x00007ff81089f000 	/usr/lib/libcompression.dylib
0x00007ff812351000 	/System/Library/PrivateFrameworks/TextureIO.framework/Versions/A/TextureIO
0x00007ff810f8d000 	/usr/lib/libate.dylib
0x00007ff810d69000 	/usr/lib/liblzma.5.dylib
0x00007ff8063f0000 	/System/Library/Frameworks/SystemConfiguration.framework/Versions/A/SystemConfiguration
0x00007ff810617000 	/usr/lib/libfakelink.dylib
0x00007ff80a2c1000 	/System/Library/Frameworks/CFNetwork.framework/Versions/A/CFNetwork
0x00007ff810758000 	/usr/lib/libarchive.2.dylib
0x00007ff80eeeb000 	/System/Library/PrivateFrameworks/AppleSystemInfo.framework/Versions/A/AppleSystemInfo
0x00007ff80fc52000 	/usr/lib/libbsm.0.dylib
0x00007ff8098d0000 	/usr/lib/libnetwork.dylib
0x00007ff8105b0000 	/usr/lib/system/libkxld.dylib
0x00007ff80f885000 	/System/Library/PrivateFrameworks/IOMobileFramebuffer.framework/Versions/A/IOMobileFramebuffer
0x00007ffb1dfd6000 	/usr/lib/libCoreEntitlements.dylib
0x00007ff8102c4000 	/System/Library/PrivateFrameworks/AppleFSCompression.framework/Versions/A/AppleFSCompression
0x00007ff80fc3a000 	/usr/lib/libcoretls.dylib
0x00007ff810d83000 	/usr/lib/libcoretls_cfhelpers.dylib
0x00007ff81089a000 	/usr/lib/libpam.2.dylib
0x00007ff80bc23000 	/usr/lib/libsqlite3.dylib
0x00007ff810df2000 	/usr/lib/libxar.1.dylib
0x00007ff8102d4000 	/usr/lib/libbz2.1.0.dylib
0x00007ff81061c000 	/usr/lib/libpcap.A.dylib
0x00007ff80bffc000 	/usr/lib/libdns_services.dylib
0x00007ff81086a000 	/usr/lib/libapple_nghttp2.dylib
0x00007ff810656000 	/usr/lib/libiconv.2.dylib
0x00007ff8105a9000 	/usr/lib/libcharset.1.dylib
0x00007ff80cf5b000 	/System/Library/Frameworks/CoreServices.framework/Versions/A/Frameworks/FSEvents.framework/Versions/A/FSEvents
0x00007ff807e61000 	/System/Library/Frameworks/CoreServices.framework/Versions/A/Frameworks/CarbonCore.framework/Versions/A/CarbonCore
0x00007ff80c245000 	/System/Library/Frameworks/CoreServices.framework/Versions/A/Frameworks/Metadata.framework/Versions/A/Metadata
0x00007ff8102e7000 	/System/Library/Frameworks/CoreServices.framework/Versions/A/Frameworks/OSServices.framework/Versions/A/OSServices
0x00007ff8107df000 	/System/Library/Frameworks/CoreServices.framework/Versions/A/Frameworks/SearchKit.framework/Versions/A/SearchKit
0x00007ff80bf8e000 	/System/Library/Frameworks/CoreServices.framework/Versions/A/Frameworks/AE.framework/Versions/A/AE
0x00007ff805d65000 	/System/Library/Frameworks/CoreServices.framework/Versions/A/Frameworks/LaunchServices.framework/Versions/A/LaunchServices
0x00007ff810d1a000 	/System/Library/Frameworks/CoreServices.framework/Versions/A/Frameworks/DictionaryServices.framework/Versions/A/DictionaryServices
0x00007ff80cf68000 	/System/Library/Frameworks/CoreServices.framework/Versions/A/Frameworks/SharedFileList.framework/Versions/A/SharedFileList
0x00007ff80fc2e000 	/usr/lib/libCheckFix.dylib
0x00007ff80a7cd000 	/System/Library/PrivateFrameworks/TCC.framework/Versions/A/TCC
0x00007ff80eef1000 	/System/Library/PrivateFrameworks/CoreNLP.framework/Versions/A/CoreNLP
0x00007ff80c1f5000 	/System/Library/PrivateFrameworks/MetadataUtilities.framework/Versions/A/MetadataUtilities
0x00007ff8064a1000 	/usr/lib/libmecabra.dylib
0x00007ff80fc62000 	/usr/lib/libmecab.dylib
0x00007ff80646c000 	/usr/lib/libCRFSuite.dylib
0x00007ff80fcbc000 	/usr/lib/libgermantok.dylib
0x00007ff810845000 	/usr/lib/libThaiTokenizer.dylib
0x00007ff80c2e8000 	/System/Library/Frameworks/Accelerate.framework/Versions/A/Frameworks/vImage.framework/Versions/A/vImage
0x00007ff816987000 	/System/Library/Frameworks/Accelerate.framework/Versions/A/Frameworks/vecLib.framework/Versions/A/vecLib
0x00007ff810e33000 	/System/Library/Frameworks/Accelerate.framework/Versions/A/Frameworks/vecLib.framework/Versions/A/libvMisc.dylib
0x00007ff80f6b0000 	/System/Library/Frameworks/Accelerate.framework/Versions/A/Frameworks/vecLib.framework/Versions/A/libvDSP.dylib
0x00007ff8060e0000 	/System/Library/Frameworks/Accelerate.framework/Versions/A/Frameworks/vecLib.framework/Versions/A/libBLAS.dylib
0x00007ff81097c000 	/System/Library/Frameworks/Accelerate.framework/Versions/A/Frameworks/vecLib.framework/Versions/A/libLAPACK.dylib
0x00007ff80fcbf000 	/System/Library/Frameworks/Accelerate.framework/Versions/A/Frameworks/vecLib.framework/Versions/A/libLinearAlgebra.dylib
0x00007ff810882000 	/System/Library/Frameworks/Accelerate.framework/Versions/A/Frameworks/vecLib.framework/Versions/A/libSparseBLAS.dylib
0x00007ff810976000 	/System/Library/Frameworks/Accelerate.framework/Versions/A/Frameworks/vecLib.framework/Versions/A/libQuadrature.dylib
0x00007ff80efdc000 	/System/Library/Frameworks/Accelerate.framework/Versions/A/Frameworks/vecLib.framework/Versions/A/libBNNS.dylib
0x00007ff80637a000 	/System/Library/Frameworks/Accelerate.framework/Versions/A/Frameworks/vecLib.framework/Versions/A/libSparse.dylib
0x00007ff80efd5000 	/System/Library/PrivateFrameworks/LinguisticData.framework/Versions/A/LinguisticData
0x00007ff806330000 	/System/Library/PrivateFrameworks/Lexicon.framework/Versions/A/Lexicon
0x00007ff810e2c000 	/usr/lib/libChineseTokenizer.dylib
0x00007ff806a9b000 	/System/Library/PrivateFrameworks/LanguageModeling.framework/Versions/A/LanguageModeling
0x00007ff810847000 	/System/Library/PrivateFrameworks/AppleSauce.framework/Versions/A/AppleSauce
0x00007ff80f873000 	/System/Library/PrivateFrameworks/CoreEmoji.framework/Versions/A/CoreEmoji
0x00007ff810747000 	/usr/lib/libcmph.dylib
0x00007ff80cf3f000 	/System/Library/Frameworks/OpenDirectory.framework/Versions/A/Frameworks/CFOpenDirectory.framework/Versions/A/CFOpenDirectory
0x00007ff80cf33000 	/System/Library/Frameworks/OpenDirectory.framework/Versions/A/OpenDirectory
0x00007ff810d85000 	/System/Library/PrivateFrameworks/APFS.framework/Versions/A/APFS
0x00007ff80fb89000 	/System/Library/Frameworks/SecurityFoundation.framework/Versions/A/SecurityFoundation
0x00007ff810e00000 	/usr/lib/libutil.dylib
0x00007ff80818b000 	/System/Library/PrivateFrameworks/CoreServicesStore.framework/Versions/A/CoreServicesStore
0x00007ff810e04000 	/usr/lib/libxslt.1.dylib
0x00007ff80fc16000 	/System/Library/PrivateFrameworks/BackgroundTaskManagement.framework/Versions/A/BackgroundTaskManagement
0x00007ff812271000 	/System/Library/Frameworks/ImageIO.framework/Versions/A/Resources/libRadiance.dylib
0x00007ff81227a000 	/System/Library/Frameworks/ImageIO.framework/Versions/A/Resources/libJPEG.dylib
0x00007ff8121c9000 	/System/Library/Frameworks/ImageIO.framework/Versions/A/Resources/libPng.dylib
0x00007ff8121ea000 	/System/Library/Frameworks/ImageIO.framework/Versions/A/Resources/libTIFF.dylib
0x00007ff8122da000 	/System/Library/Frameworks/ImageIO.framework/Versions/A/Resources/libGIF.dylib
0x00007ff811b04000 	/System/Library/Frameworks/ImageIO.framework/Versions/A/Resources/libJP2.dylib
0x00007ff811242000 	/usr/lib/libexpat.1.dylib
0x00007ff811ab9000 	/System/Library/PrivateFrameworks/AppleJPEG.framework/Versions/A/AppleJPEG
0x00007ff80e425000 	/System/Library/PrivateFrameworks/FontServices.framework/libFontParser.dylib
0x00007ff80bf38000 	/System/Library/PrivateFrameworks/RunningBoardServices.framework/Versions/A/RunningBoardServices
0x00007ff81cc42000 	/System/Library/PrivateFrameworks/IOSurfaceAccelerator.framework/Versions/A/IOSurfaceAccelerator
0x00007ff811be6000 	/System/Library/PrivateFrameworks/WatchdogClient.framework/Versions/A/WatchdogClient
0x00007ff806b89000 	/System/Library/Frameworks/CoreDisplay.framework/Versions/A/CoreDisplay
0x00007ff80e323000 	/System/Library/Frameworks/CoreMedia.framework/Versions/A/CoreMedia
0x00007ff80e1b7000 	/System/Library/PrivateFrameworks/IOAccelerator.framework/Versions/A/IOAccelerator
0x00007ff80d0bc000 	/System/Library/Frameworks/CoreVideo.framework/Versions/A/CoreVideo
0x00007ff810898000 	/System/Library/Frameworks/MetalPerformanceShaders.framework/Versions/A/MetalPerformanceShaders
0x00007ff811c23000 	/System/Library/Frameworks/VideoToolbox.framework/Versions/A/VideoToolbox
0x00007ff80be82000 	/System/Library/PrivateFrameworks/BaseBoard.framework/Versions/A/BaseBoard
0x00007ff80bc09000 	/System/Library/PrivateFrameworks/ProtocolBuffer.framework/Versions/A/ProtocolBuffer
0x00007ff81226a000 	/System/Library/PrivateFrameworks/GPUWrangler.framework/Versions/A/GPUWrangler
0x00007ff81224e000 	/System/Library/PrivateFrameworks/IOPresentment.framework/Versions/A/IOPresentment
0x00007ff812274000 	/System/Library/PrivateFrameworks/DSExternalDisplay.framework/Versions/A/DSExternalDisplay
0x00007ffa1e5fb000 	/System/Library/Frameworks/OpenGL.framework/Versions/A/Libraries/libCoreFSCache.dylib
0x00007ffb0b6d2000 	/System/Library/PrivateFrameworks/GPUCompiler.framework/Versions/31001/Libraries/libGPUCompilerUtils.dylib
0x00007ff8122df000 	/System/Library/PrivateFrameworks/CMCaptureCore.framework/Versions/A/CMCaptureCore
0x00007ff8117ea000 	/System/Library/PrivateFrameworks/AppServerSupport.framework/Versions/A/AppServerSupport
0x00007ff813aad000 	/System/Library/PrivateFrameworks/perfdata.framework/Versions/A/perfdata
0x00007ff806cb5000 	/System/Library/PrivateFrameworks/AudioToolboxCore.framework/Versions/A/AudioToolboxCore
0x00007ff80e301000 	/System/Library/PrivateFrameworks/caulk.framework/Versions/A/caulk
0x00007ff8133bf000 	/usr/lib/libAudioStatistics.dylib
0x00007ff90b0b3000 	/System/Library/PrivateFrameworks/SystemPolicy.framework/Versions/A/SystemPolicy
0x00007ff81361a000 	/usr/lib/libSMC.dylib
0x00007ff81c53a000 	/System/Library/Frameworks/CoreMIDI.framework/Versions/A/CoreMIDI
0x00007ff812198000 	/usr/lib/libAudioToolboxUtility.dylib
0x00007ff9072df000 	/System/Library/PrivateFrameworks/OSAServicesClient.framework/Versions/A/OSAServicesClient
0x00007ff813aba000 	/usr/lib/libperfcheck.dylib
0x00007ff90bb60000 	/usr/lib/libmis.dylib
0x00007ffa1e656000 	/System/Library/Frameworks/OpenGL.framework/Versions/A/Libraries/libGLU.dylib
0x00007ffa1e61a000 	/System/Library/Frameworks/OpenGL.framework/Versions/A/Libraries/libGFXShared.dylib
0x00007ffa1e823000 	/System/Library/Frameworks/OpenGL.framework/Versions/A/Libraries/libGL.dylib
0x00007ffa1e623000 	/System/Library/Frameworks/OpenGL.framework/Versions/A/Libraries/libGLImage.dylib
0x00007ffa1e617000 	/System/Library/Frameworks/OpenGL.framework/Versions/A/Libraries/libCVMSPluginSupport.dylib
0x00007ffa1e602000 	/System/Library/Frameworks/OpenGL.framework/Versions/A/Libraries/libCoreVMClient.dylib
0x00007ff80ee6d000 	/System/Library/Frameworks/MetalPerformanceShaders.framework/Versions/A/Frameworks/MPSCore.framework/Versions/A/MPSCore
0x00007ff81022f000 	/System/Library/Frameworks/MetalPerformanceShaders.framework/Versions/A/Frameworks/MPSImage.framework/Versions/A/MPSImage
0x00007ff80fcd5000 	/System/Library/Frameworks/MetalPerformanceShaders.framework/Versions/A/Frameworks/MPSNeuralNetwork.framework/Versions/A/MPSNeuralNetwork
0x00007ff810149000 	/System/Library/Frameworks/MetalPerformanceShaders.framework/Versions/A/Frameworks/MPSMatrix.framework/Versions/A/MPSMatrix
0x00007ff80ff04000 	/System/Library/Frameworks/MetalPerformanceShaders.framework/Versions/A/Frameworks/MPSRayIntersector.framework/Versions/A/MPSRayIntersector
0x00007ff810181000 	/System/Library/Frameworks/MetalPerformanceShaders.framework/Versions/A/Frameworks/MPSNDArray.framework/Versions/A/MPSNDArray
0x00007ffa240db000 	/System/Library/Frameworks/MetalPerformanceShaders.framework/Versions/A/Frameworks/MPSFunctions.framework/Versions/A/MPSFunctions
0x00007ff805fbc000 	/System/Library/PrivateFrameworks/MetalTools.framework/Versions/A/MetalTools
0x00007ff80eee9000 	/System/Library/PrivateFrameworks/AggregateDictionary.framework/Versions/A/AggregateDictionary
0x00007ff811024000 	/usr/lib/libIOReport.dylib
0x00007ffa1fc32000 	/System/Library/Frameworks/OpenCL.framework/Versions/A/OpenCL
0x00007ff811388000 	/System/Library/PrivateFrameworks/FaceCore.framework/Versions/A/FaceCore
0x00007ff811379000 	/System/Library/PrivateFrameworks/GraphVisualizer.framework/Versions/A/GraphVisualizer
0x00007ffb0b5dd000 	/System/Library/PrivateFrameworks/FontServices.framework/Versions/A/FontServices
0x00007ff8117a2000 	/System/Library/PrivateFrameworks/OTSVG.framework/Versions/A/OTSVG
0x00007ff80cca2000 	/System/Library/Frameworks/ApplicationServices.framework/Versions/A/Frameworks/ATS.framework/Versions/A/Resources/libFontRegistry.dylib
0x00007ff8117f2000 	/System/Library/PrivateFrameworks/FontServices.framework/libhvf.dylib
0x00007ffb0b5de000 	/System/Library/PrivateFrameworks/FontServices.framework/libXTFontStaticRegistryData.dylib
0x00007ff8111f2000 	/System/Library/PrivateFrameworks/AppleVA.framework/Versions/A/AppleVA
0x00007ff8133df000 	/System/Library/Frameworks/ApplicationServices.framework/Versions/A/Frameworks/ATS.framework/Versions/A/ATS
0x00007ff80b34f000 	/System/Library/Frameworks/ApplicationServices.framework/Versions/A/Frameworks/HIServices.framework/Versions/A/HIServices
0x00007ff8122e9000 	/System/Library/Frameworks/ApplicationServices.framework/Versions/A/Frameworks/PrintCore.framework/Versions/A/PrintCore
0x00007ff81376d000 	/System/Library/Frameworks/ApplicationServices.framework/Versions/A/Frameworks/QD.framework/Versions/A/QD
0x00007ff813765000 	/System/Library/Frameworks/ApplicationServices.framework/Versions/A/Frameworks/ColorSyncLegacy.framework/Versions/A/ColorSyncLegacy
0x00007ff8133cf000 	/System/Library/Frameworks/ApplicationServices.framework/Versions/A/Frameworks/SpeechSynthesis.framework/Versions/A/SpeechSynthesis
0x00007ff8122aa000 	/System/Library/Frameworks/ApplicationServices.framework/Versions/A/Frameworks/ATSUI.framework/Versions/A/ATSUI
0x00007ff8136fa000 	/usr/lib/libcups.2.dylib
0x00007ff813ac9000 	/System/Library/Frameworks/Kerberos.framework/Versions/A/Kerberos
0x00007ff813ad8000 	/System/Library/Frameworks/GSS.framework/Versions/A/GSS
0x00007ff81344b000 	/usr/lib/libresolv.9.dylib
0x00007ff811801000 	/System/Library/PrivateFrameworks/Heimdal.framework/Versions/A/Heimdal
0x00007ff81a6bd000 	/System/Library/Frameworks/Kerberos.framework/Versions/A/Libraries/libHeimdalProxy.dylib
0x00007ff80c00c000 	/System/Library/Frameworks/Network.framework/Versions/A/Network
0x00007ff81125c000 	/usr/lib/libheimdal-asn1.dylib
0x00007ff813b23000 	/System/Library/PrivateFrameworks/CommonAuth.framework/Versions/A/CommonAuth
0x00007ff813351000 	/System/Library/PrivateFrameworks/AudioSession.framework/Versions/A/AudioSession
0x00007ff8112ec000 	/System/Library/PrivateFrameworks/MediaExperience.framework/Versions/A/MediaExperience
0x00007ff8131e3000 	/System/Library/PrivateFrameworks/AudioSession.framework/libSessionUtility.dylib
0x00007ff813779000 	/System/Library/PrivateFrameworks/AudioResourceArbitration.framework/Versions/A/AudioResourceArbitration
0x00007ff8177fa000 	/System/Library/PrivateFrameworks/PowerLog.framework/Versions/A/PowerLog
0x00007ff811265000 	/System/Library/PrivateFrameworks/IconFoundation.framework/Versions/A/IconFoundation
0x00007ff8165b0000 	/System/Library/PrivateFrameworks/SpeechRecognitionCore.framework/Versions/A/SpeechRecognitionCore
0x0000000106e1a000 	/Users/jreastonmarks/.p2/pool/plugins/org.eclipse.justj.openjdk.hotspot.jre.full.macosx.x86_64_17.0.4.v20221004-1257/jre/lib/server/libjvm.dylib
0x0000000105cf7000 	/Users/jreastonmarks/.p2/pool/plugins/org.eclipse.justj.openjdk.hotspot.jre.full.macosx.x86_64_17.0.4.v20221004-1257/jre/lib/libjimage.dylib
0x0000000105d6e000 	/Users/jreastonmarks/.p2/pool/plugins/org.eclipse.justj.openjdk.hotspot.jre.full.macosx.x86_64_17.0.4.v20221004-1257/jre/lib/libjava.dylib
0x0000000105d5d000 	/Users/jreastonmarks/.p2/pool/plugins/org.eclipse.justj.openjdk.hotspot.jre.full.macosx.x86_64_17.0.4.v20221004-1257/jre/lib/libzip.dylib
0x000000010680a000 	/Users/jreastonmarks/.p2/pool/plugins/org.eclipse.justj.openjdk.hotspot.jre.full.macosx.x86_64_17.0.4.v20221004-1257/jre/lib/libverify.dylib
0x0000000106831000 	/Users/jreastonmarks/.p2/pool/plugins/org.eclipse.justj.openjdk.hotspot.jre.full.macosx.x86_64_17.0.4.v20221004-1257/jre/lib/libnio.dylib
0x0000000106860000 	/Users/jreastonmarks/.p2/pool/plugins/org.eclipse.justj.openjdk.hotspot.jre.full.macosx.x86_64_17.0.4.v20221004-1257/jre/lib/libnet.dylib
0x000000012bed4000 	/private/var/folders/_p/m6x4kgz57tl496mjv9yzmr3m0000gn/T/opencv_openpnp3988490300587180046/nu/pattern/opencv/osx/x86_64/libopencv_java455.dylib
0x00007ff90aecb000 	/System/Library/Frameworks/AVFoundation.framework/Versions/A/AVFoundation
0x00007ffa22cf2000 	/System/Library/Frameworks/AVFAudio.framework/Versions/A/AVFAudio
0x00007ff81841e000 	/System/Library/PrivateFrameworks/AVFCore.framework/Versions/A/AVFCore
0x00007ff81f699000 	/System/Library/PrivateFrameworks/AVFCapture.framework/Versions/A/AVFCapture
0x00007ff8147c8000 	/System/Library/Frameworks/IOBluetooth.framework/Versions/A/IOBluetooth
0x00007ff817753000 	/System/Library/Frameworks/CoreBluetooth.framework/Versions/A/CoreBluetooth
0x00007ff81a742000 	/System/Library/Frameworks/AudioUnit.framework/Versions/A/AudioUnit
0x00007ff80f969000 	/System/Library/PrivateFrameworks/CoreUtils.framework/Versions/A/CoreUtils
0x00007ffb0a840000 	/System/Library/PrivateFrameworks/CoreUtilsExtras.framework/Versions/A/CoreUtilsExtras
0x00007ff909b3e000 	/System/Library/PrivateFrameworks/AirPlaySync.framework/Versions/A/AirPlaySync
0x00007ff812513000 	/System/Library/Frameworks/MediaToolbox.framework/Versions/A/MediaToolbox
0x00007ff817dbb000 	/System/Library/PrivateFrameworks/CoreAVCHD.framework/Versions/A/CoreAVCHD
0x00007ff816c90000 	/System/Library/Frameworks/MediaAccessibility.framework/Versions/A/MediaAccessibility
0x00007ff817db7000 	/System/Library/PrivateFrameworks/Mangrove.framework/Versions/A/Mangrove
0x00007ff80fb78000 	/System/Library/PrivateFrameworks/AssertionServices.framework/Versions/A/AssertionServices
0x00007ff816c9b000 	/System/Library/PrivateFrameworks/AlgosScoreFramework.framework/Versions/A/AlgosScoreFramework
0x00007ffb07b34000 	/System/Library/PrivateFrameworks/CMPhoto.framework/Versions/A/CMPhoto
0x00007ff81890f000 	/System/Library/PrivateFrameworks/AppleVPA.framework/Versions/A/AppleVPA
0x00007ff8179fc000 	/System/Library/PrivateFrameworks/CoreAUC.framework/Versions/A/CoreAUC
0x00007ffb07b1d000 	/System/Library/PrivateFrameworks/CMImaging.framework/Versions/A/CMImaging
0x00007ff81f7eb000 	/System/Library/PrivateFrameworks/Quagga.framework/Versions/A/Quagga
0x00007ff90554c000 	/System/Library/PrivateFrameworks/CMCapture.framework/Versions/A/CMCapture
0x00007ff81353a000 	/System/Library/Frameworks/CoreMediaIO.framework/Versions/A/CoreMediaIO
0x00007ff81a86a000 	/System/Library/PrivateFrameworks/Espresso.framework/Versions/A/Espresso
0x00007ff81a133000 	/System/Library/PrivateFrameworks/AppSupport.framework/Versions/A/AppSupport
0x00007ffa1126a000 	/System/Library/PrivateFrameworks/ANECompiler.framework/Versions/A/ANECompiler
0x00007ff81c4ba000 	/System/Library/PrivateFrameworks/AppleNeuralEngine.framework/Versions/A/AppleNeuralEngine
0x00007ffb0e0f3000 	/System/Library/PrivateFrameworks/MIL.framework/Versions/A/MIL
0x00007ffa240ee000 	/System/Library/Frameworks/MetalPerformanceShadersGraph.framework/Versions/A/MetalPerformanceShadersGraph
0x00007ff81b409000 	/System/Library/PrivateFrameworks/ANEServices.framework/Versions/A/ANEServices
0x00007ff813bb4000 	/System/Library/PrivateFrameworks/CorePhoneNumbers.framework/Versions/A/CorePhoneNumbers
0x00007ff80828c000 	/usr/lib/libsandbox.1.dylib
0x00007ff811162000 	/usr/lib/libMatch.1.dylib
0x00007ff90f92b000 	/usr/lib/libncurses.5.4.dylib
0x00007ff819dc2000 	/System/Library/PrivateFrameworks/BackBoardServices.framework/Versions/A/BackBoardServices
0x00007ff81860e000 	/System/Library/PrivateFrameworks/FrontBoardServices.framework/Versions/A/FrontBoardServices
0x00007ff81869f000 	/System/Library/PrivateFrameworks/BoardServices.framework/Versions/A/BoardServices
0x0000000129ff5000 	/System/Library/Components/AudioCodecs.component/Contents/MacOS/AudioCodecs
0x00007ff80814d000 	/System/Library/PrivateFrameworks/CoreServicesInternal.framework/Versions/A/CoreServicesInternal
0x00007ffa15b28000 	/System/Library/Extensions/AppleIntelHD5000GraphicsMTLDriver.bundle/Contents/MacOS/AppleIntelHD5000GraphicsMTLDriver
0x00007ff90bb7b000 	/System/Library/PrivateFrameworks/GPURawCounter.framework/Versions/A/GPURawCounter


VM Arguments:
jvm_args: -Dfile.encoding=UTF-8 -XX:+ShowCodeDetailsInExceptionMessages 
java_command: edu.uh.compsci.eastonmark.jeremy.biovision.BioVision /Users/jreastonmarks/Downloads/haarcascade_car.xml /Users/jreastonmarks/Downloads/videoplayback.mp4
java_class_path (initial): /Users/jreastonmarks/Library/CloudStorage/GoogleDrive-coachjeremyeastonmarks@gmail.com/My Drive/UH/RCE/src/biovision/target/classes:/Users/jreastonmarks/.m2/repository/org/openpnp/opencv/4.5.5-1/opencv-4.5.5-1.jar
Launcher Type: SUN_STANDARD

[Global flags]
     intx CICompilerCount                          = 4                                         {product} {ergonomic}
     uint ConcGCThreads                            = 2                                         {product} {ergonomic}
     uint G1ConcRefinementThreads                  = 8                                         {product} {ergonomic}
   size_t G1HeapRegionSize                         = 2097152                                   {product} {ergonomic}
    uintx GCDrainStackTargetSize                   = 64                                        {product} {ergonomic}
   size_t InitialHeapSize                          = 268435456                                 {product} {ergonomic}
   size_t MarkStackSize                            = 4194304                                   {product} {ergonomic}
   size_t MaxHeapSize                              = 4294967296                                {product} {ergonomic}
   size_t MaxNewSize                               = 2575302656                                {product} {ergonomic}
   size_t MinHeapDeltaBytes                        = 2097152                                   {product} {ergonomic}
   size_t MinHeapSize                              = 8388608                                   {product} {ergonomic}
    uintx NonNMethodCodeHeapSize                   = 5839372                                {pd product} {ergonomic}
    uintx NonProfiledCodeHeapSize                  = 122909434                              {pd product} {ergonomic}
    uintx ProfiledCodeHeapSize                     = 122909434                              {pd product} {ergonomic}
    uintx ReservedCodeCacheSize                    = 251658240                              {pd product} {ergonomic}
     bool SegmentedCodeCache                       = true                                      {product} {ergonomic}
     bool ShowCodeDetailsInExceptionMessages       = true                                   {manageable} {command line}
   size_t SoftMaxHeapSize                          = 4294967296                             {manageable} {ergonomic}
     bool UseCompressedClassPointers               = true                           {product lp64_product} {ergonomic}
     bool UseCompressedOops                        = true                           {product lp64_product} {ergonomic}
     bool UseG1GC                                  = true                                      {product} {ergonomic}
     bool UseNUMA                                  = false                                     {product} {ergonomic}
     bool UseNUMAInterleaving                      = false                                     {product} {ergonomic}

Logging:
Log output configuration:
 #0: stdout all=warning uptime,level,tags
 #1: stderr all=off uptime,level,tags

Environment Variables:
PATH=/usr/bin:/bin:/usr/sbin:/sbin
SHELL=/bin/bash
TMPDIR=/var/folders/_p/m6x4kgz57tl496mjv9yzmr3m0000gn/T/

Signal Handlers:
   SIGSEGV: _ZL13crash_handleriP9__siginfoPv in libjvm.dylib, mask=11100110000111110111111111111111, flags=SA_RESTART|SA_SIGINFO
    SIGBUS: _ZL13crash_handleriP9__siginfoPv in libjvm.dylib, mask=11100110000111110111111111111111, flags=SA_RESTART|SA_SIGINFO
    SIGFPE: _ZL13crash_handleriP9__siginfoPv in libjvm.dylib, mask=11100110000111110111111111111111, flags=SA_RESTART|SA_SIGINFO
   SIGPIPE: _ZL17javaSignalHandleriP9__siginfoPv in libjvm.dylib, mask=11100110000111110111111111111111, flags=SA_RESTART|SA_SIGINFO
   SIGXFSZ: _ZL17javaSignalHandleriP9__siginfoPv in libjvm.dylib, mask=11100110000111110111111111111111, flags=SA_RESTART|SA_SIGINFO
    SIGILL: _ZL13crash_handleriP9__siginfoPv in libjvm.dylib, mask=11100110000111110111111111111111, flags=SA_RESTART|SA_SIGINFO
   SIGUSR2: _ZL10SR_handleriP9__siginfoP17__darwin_ucontext in libjvm.dylib, mask=00100000000000000000000000000000, flags=SA_RESTART|SA_SIGINFO
    SIGHUP: _ZL11UserHandleriPvS_ in libjvm.dylib, mask=11100110000111110111111111111111, flags=SA_RESTART|SA_SIGINFO
    SIGINT: _ZL11UserHandleriPvS_ in libjvm.dylib, mask=11100110000111110111111111111111, flags=SA_RESTART|SA_SIGINFO
   SIGTERM: _ZL11UserHandleriPvS_ in libjvm.dylib, mask=11100110000111110111111111111111, flags=SA_RESTART|SA_SIGINFO
   SIGQUIT: _ZL11UserHandleriPvS_ in libjvm.dylib, mask=11100110000111110111111111111111, flags=SA_RESTART|SA_SIGINFO
  *** Handler was modified!
  *** Expected: _ZL17javaSignalHandleriP9__siginfoPv in libjvm.dylib, mask=11100110100111111111111111111111, flags=SA_RESTART|SA_SIGINFO
   SIGTRAP: _ZL13crash_handleriP9__siginfoPv in libjvm.dylib, mask=11100110000111110111111111111111, flags=SA_RESTART|SA_SIGINFO


---------------  S Y S T E M  ---------------

OS:
uname: Darwin 21.6.0 Darwin Kernel Version 21.6.0: Mon Aug 22 20:17:10 PDT 2022; root:xnu-8020.140.49~2/RELEASE_X86_64 x86_64
OS uptime: 21 days 23:54 hours
rlimit (soft/hard): STACK 8192k/65532k , CORE 0k/infinity , NPROC 2784/4176 , NOFILE 10240/infinity , AS infinity/infinity , CPU infinity/infinity , DATA infinity/infinity , FSIZE infinity/infinity , MEMLOCK infinity/infinity , RSS infinity/infinity
load average: 4.23 4.49 4.71

CPU: total 8 (initial active 8) (4 cores per cpu, 2 threads per core) family 6 model 70 stepping 1 microcode 0x1c, cx8, cmov, fxsr, ht, mmx, sse, sse2, sse3, ssse3, sse4.1, sse4.2, popcnt, lzcnt, tsc, tscinvbit, avx, avx2, aes, erms, clmul, bmi1, bmi2, fma, vzeroupper, clflush

Memory: 4k page, physical 16777216k(565776k free), swap 5242880k(1321216k free)

vm_info: OpenJDK 64-Bit Server VM (17.0.4.1+1) for bsd-amd64 JRE (17.0.4.1+1), built on Aug 17 2022 13:35:43 by "temurin" with clang 4.2.1 Compatible Apple LLVM 10.0.1 (clang-1001.0.46.4)

END.
