#
# A fatal error has been detected by the Java Runtime Environment:
#
#  SIGSEGV (0xb) at pc=0x000000012da4c8f9, pid=8532, tid=6147
#
# JRE version: OpenJDK Runtime Environment Temurin-17.0.4.1+1 (17.0.4.1+1) (build 17.0.4.1+1)
# Java VM: OpenJDK 64-Bit Server VM Temurin-17.0.4.1+1 (17.0.4.1+1, mixed mode, tiered, compressed oops, compressed class ptrs, g1 gc, bsd-amd64)
# Problematic frame:
# C  [libopencv_java455.dylib+0xc8f9]  Java_org_opencv_core_Mat_nPutD+0x129
#
# No core dump will be written. Core dumps have been disabled. To enable core dumping, try "ulimit -c unlimited" before starting Java again
#
# If you would like to submit a bug report, please visit:
#   https://github.com/adoptium/adoptium-support/issues
# The crash happened outside the Java Virtual Machine in native code.
# See problematic frame for where to report the bug.
#

---------------  S U M M A R Y ------------

Command Line: -Dfile.encoding=UTF-8 -XX:+ShowCodeDetailsInExceptionMessages edu.uh.compsci.eastonmark.jeremy.biovision.BioVision /Users/jreastonmarks/Downloads/haarcascade_car.xml /Users/jreastonmarks/Downloads/videoplayback.mp4

Host: "MacBookPro11,4" x86_64 2200 MHz, 8 cores, 16G, Darwin 21.6.0, macOS 10.16 (21G115)
Time: Thu Nov  3 21:26:50 2022 CDT elapsed time: 2.804714 seconds (0d 0h 0m 2s)

---------------  T H R E A D  ---------------

Current thread (0x00007f9a2080c000):  JavaThread "main" [_thread_in_native, id=6147, stack(0x0000700008ff9000,0x00007000090f9000)]

Stack: [0x0000700008ff9000,0x00007000090f9000],  sp=0x00007000090f8700,  free space=1021k
Native frames: (J=compiled Java code, j=interpreted, Vv=VM code, C=native code)
C  [libopencv_java455.dylib+0xc8f9]  Java_org_opencv_core_Mat_nPutD+0x129
J 510  org.opencv.core.Mat.nPutD(JIII[D)I (0 bytes) @ 0x000000011d564e87 [0x000000011d564da0+0x00000000000000e7]
J 513 c2 org.opencv.core.Mat.put(II[D)I (88 bytes) @ 0x000000011d5656b0 [0x000000011d565620+0x0000000000000090]
J 516 c1 edu.uh.compsci.eastonmark.jeremy.biovision.BioVision.singleStreamParse(Lorg/opencv/core/Mat;II)Lorg/opencv/core/Mat; (869 bytes) @ 0x00000001160ae564 [0x00000001160ad620+0x0000000000000f44]
j  edu.uh.compsci.eastonmark.jeremy.biovision.BioVision.detectAndDisplay(Lorg/opencv/core/Mat;)V+31
j  edu.uh.compsci.eastonmark.jeremy.biovision.BioVision.run(Ljava/lang/String;Ljava/lang/String;)V+126
j  edu.uh.compsci.eastonmark.jeremy.biovision.BioVision.main([Ljava/lang/String;)V+20
v  ~StubRoutines::call_stub
V  [libjvm.dylib+0x51bc86]  JavaCalls::call_helper(JavaValue*, methodHandle const&, JavaCallArguments*, JavaThread*)+0x2b6
V  [libjvm.dylib+0x57f048]  jni_invoke_static(JNIEnv_*, JavaValue*, _jobject*, JNICallType, _jmethodID*, JNI_ArgumentPusher*, JavaThread*)+0x158
V  [libjvm.dylib+0x582598]  jni_CallStaticVoidMethod+0x198
C  [libjli.dylib+0x4fcd]  JavaMain+0xc1d
C  [libjli.dylib+0x7699]  ThreadJavaMain+0x9
C  [libsystem_pthread.dylib+0x64e1]  _pthread_start+0x7d
C  [libsystem_pthread.dylib+0x1f6b]  thread_start+0xf

Java frames: (J=compiled Java code, j=interpreted, Vv=VM code)
J 510  org.opencv.core.Mat.nPutD(JIII[D)I (0 bytes) @ 0x000000011d564e0a [0x000000011d564da0+0x000000000000006a]
J 513 c2 org.opencv.core.Mat.put(II[D)I (88 bytes) @ 0x000000011d5656b0 [0x000000011d565620+0x0000000000000090]
J 516 c1 edu.uh.compsci.eastonmark.jeremy.biovision.BioVision.singleStreamParse(Lorg/opencv/core/Mat;II)Lorg/opencv/core/Mat; (869 bytes) @ 0x00000001160ae564 [0x00000001160ad620+0x0000000000000f44]
j  edu.uh.compsci.eastonmark.jeremy.biovision.BioVision.detectAndDisplay(Lorg/opencv/core/Mat;)V+31
j  edu.uh.compsci.eastonmark.jeremy.biovision.BioVision.run(Ljava/lang/String;Ljava/lang/String;)V+126
j  edu.uh.compsci.eastonmark.jeremy.biovision.BioVision.main([Ljava/lang/String;)V+20
v  ~StubRoutines::call_stub

siginfo: si_signo: 11 (SIGSEGV), si_code: 1 (SEGV_MAPERR), si_addr: 0x00007f9a26be7f0c

Register to memory mapping:

RAX=0x0 is NULL
RBX=0x00000000000000d8 is an unknown value
RCX=0x0000000000000003 is an unknown value
RDX=0x0 is NULL
RSP=0x00007000090f8700 is pointing into the stack for thread: 0x00007f9a2080c000
RBP=0x00007000090f8780 is pointing into the stack for thread: 0x00007f9a2080c000
RSI=0x0 is NULL
RDI=0x0000000042ff4010 is an unknown value
R8 =0x00007f9a26be7f0c is an unknown value
R9 =0x000000070ecb1018 points into unknown readable memory: 0x0000000000000000 | 00 00 00 00 00 00 00 00
R10=0xffffffffffffff04 is an unknown value
R11=0x0000000000000003 is an unknown value
R12=0x0000000000000003 is an unknown value
R13=0x000000012da4d564: Java_org_opencv_core_Mat_nPutD+0xd94 in /private/var/folders/_p/m6x4kgz57tl496mjv9yzmr3m0000gn/T/opencv_openpnp16957206606704253036/nu/pattern/opencv/osx/x86_64/libopencv_java455.dylib at 0x000000012da40000
R14=0x00006000017e8f00 points into unknown readable memory: 0x0000000242ff4010 | 10 40 ff 42 02 00 00 00
R15=0xfffffffffffffe40 is an unknown value


Registers:
RAX=0x0000000000000000, RBX=0x00000000000000d8, RCX=0x0000000000000003, RDX=0x0000000000000000
RSP=0x00007000090f8700, RBP=0x00007000090f8780, RSI=0x0000000000000000, RDI=0x0000000042ff4010
R8 =0x00007f9a26be7f0c, R9 =0x000000070ecb1018, R10=0xffffffffffffff04, R11=0x0000000000000003
R12=0x0000000000000003, R13=0x000000012da4d564, R14=0x00006000017e8f00, R15=0xfffffffffffffe40
RIP=0x000000012da4c8f9, EFLAGS=0x0000000000010293, ERR=0x0000000000000006
  TRAPNO=0x000000000000000e

Top of Stack: (sp=0x00007000090f8700)
0x00007000090f8700:   00007000090f8790 000000012da47060
0x00007000090f8710:   0000000242ff4010 0000000000000000
0x00007000090f8720:   0000000000000000 000000070ecb1018
0x00007000090f8730:   0000000000000000 00007f9a2080c2a8
0x00007000090f8740:   0000000300000000 00000000fffffe40
0x00007000090f8750:   fffffffffffffe40 0000000114424ba0
0x00007000090f8760:   0000000000000000 0000000000000090
0x00007000090f8770:   00007000090f87c8 00007f9a2080c000
0x00007000090f8780:   00007000090f87e0 000000011d564e87
0x00007000090f8790:   00007000090f87b8 000000011d564adc
0x00007000090f87a0:   0000000000000090 0000000000000000
0x00007000090f87b0:   0000000000000003 000000070ecb1008
0x00007000090f87c0:   000000070ecb1008 000000070da1bcf8
0x00007000090f87d0:   000000070da1bcf8 000000070ecb0ef8
0x00007000090f87e0:   000000070ecb0ef8 000000011d5656b0
0x00007000090f87f0:   ffffff04fffffe40 000000070ecb1008
0x00007000090f8800:   00000000ffffff04 000000011d565640
0x00007000090f8810:   000000070da1bcf8 0000000000000206
0x00007000090f8820:   00007000090f8a20 00000001160ae564
0x00007000090f8830:   0000000107444000 00007ff846f86000
0x00007000090f8840:   00007000090f8870 00007ff8056365a4
0x00007000090f8850:   00007ff80563656c 0000000000000060
0x00007000090f8860:   0000000000000001 00007ff846f86000
0x00007000090f8870:   00000000000002d0 0000000000000000
0x00007000090f8880:   89938887928f8e99 0000000115a7b97d
0x00007000090f8890:   0000000000000000 00000001144272b8
0x00007000090f88a0:   00007000090f88a0 0000000000000000
0x00007000090f88b0:   00007000090f8910 00000001149089a0
0x00007000090f88c0:   0000000000000000 000000070da1bcf8
0x00007000090f88d0:   0000016800000180 000000070da1b7c0
0x00007000090f88e0:   000000d800000500 000000070ecb0ef8
0x00007000090f88f0:   000002d000000280 000000070da1b820 

Instructions: (pc=0x000000012da4c8f9)
0x000000012da4c7f9:   00 41 8b 5e 08 29 cb 0f 8e 99 0c 00 00 45 89 c7
0x000000012da4c809:   41 8b 56 0c 44 39 c2 0f 8e 89 0c 00 00 89 4d c8
0x000000012da4c819:   48 8b 75 10 0f af d3 44 29 fa 45 8b 26 41 c1 ec
0x000000012da4c829:   03 41 81 e4 ff 01 00 00 41 ff c4 44 0f af e2 45
0x000000012da4c839:   39 cc 45 0f 4f e1 48 8b 07 31 d2 48 89 7d b8 ff
0x000000012da4c849:   90 f0 06 00 00 41 8b 5e 0c 45 85 e4 44 89 65 c4
0x000000012da4c859:   48 89 45 a8 49 89 c1 0f 8e 07 06 00 00 44 39 fb
0x000000012da4c869:   0f 8e fe 05 00 00 48 63 45 c8 4d 63 d7 49 89 c7
0x000000012da4c879:   41 8b 3e 4c 8d 2d e1 0c 00 00 4c 8b 4d a8 8b 45
0x000000012da4c889:   c4 41 89 c4 4c 89 7d d0 66 2e 0f 1f 84 00 00 00
0x000000012da4c899:   00 00 0f 1f 44 00 00 89 f8 83 e0 07 83 f8 06 0f
0x000000012da4c8a9:   87 41 02 00 00 49 63 44 85 00 4c 01 e8 ff e0 49
0x000000012da4c8b9:   8b 46 48 48 8b 08 49 0f af cf 4c 8b 40 08 4d 0f
0x000000012da4c8c9:   af c2 49 01 c8 4d 03 46 10 31 d2 31 c0 44 89 e1
0x000000012da4c8d9:   0f 1f 80 00 00 00 00 f2 41 0f 2d 34 c1 85 f6 79
0x000000012da4c8e9:   02 31 f6 81 fe ff 00 00 00 7c 05 be ff 00 00 00
0x000000012da4c8f9:   41 88 34 00 44 8d 61 ff 41 8b 3e 48 83 c2 f8 83
0x000000012da4c909:   f9 02 0f 8c db 01 00 00 89 fe c1 ee 03 81 e6 ff
0x000000012da4c919:   01 00 00 48 89 c3 48 ff c3 44 89 e1 39 f0 48 89
0x000000012da4c929:   d8 72 b4 e9 bb 01 00 00 49 8b 46 48 48 8b 08 49
0x000000012da4c939:   0f af cf 48 8b 40 08 49 0f af c2 48 01 c8 49 03
0x000000012da4c949:   46 10 31 c9 31 db 90 44 89 e6 f2 41 0f 2d 3c d9
0x000000012da4c959:   89 3c 98 44 8d 66 ff 41 8b 3e 48 83 c1 f8 83 fe
0x000000012da4c969:   02 7c 18 89 fe c1 ee 03 81 e6 ff 01 00 00 48 89
0x000000012da4c979:   da 48 ff c2 39 f3 48 89 d3 72 cc 49 29 c9 e9 63
0x000000012da4c989:   01 00 00 49 8b 46 48 41 89 f8 41 c1 e8 03 41 81
0x000000012da4c999:   e0 ff 01 00 00 48 8b 08 49 0f af cf 48 8b 50 08
0x000000012da4c9a9:   49 0f af d2 48 01 ca 49 03 56 10 31 db 31 c0 44
0x000000012da4c9b9:   89 e1 0f 1f 44 00 00 f2 41 0f 2d 34 c1 85 f6 79
0x000000012da4c9c9:   02 31 f6 81 fe ff ff 00 00 7c 05 be ff ff 00 00
0x000000012da4c9d9:   66 89 34 42 44 8d 61 ff 48 83 c3 f8 83 f9 02 0f
0x000000012da4c9e9:   8c 84 00 00 00 48 89 c6 48 ff c6 44 89 e1 44 39 


Stack slot to memory mapping:
stack at sp + 0 slots: 0x00007000090f8790 is pointing into the stack for thread: 0x00007f9a2080c000
stack at sp + 1 slots: 0x000000012da47060: Java_org_opencv_core_Mat_n_1clone+0x40 in /private/var/folders/_p/m6x4kgz57tl496mjv9yzmr3m0000gn/T/opencv_openpnp16957206606704253036/nu/pattern/opencv/osx/x86_64/libopencv_java455.dylib at 0x000000012da40000
stack at sp + 2 slots: 0x0000000242ff4010 is an unknown value
stack at sp + 3 slots: 0x0 is NULL
stack at sp + 4 slots: 0x0 is NULL
stack at sp + 5 slots: 0x000000070ecb1018 points into unknown readable memory: 0x0000000000000000 | 00 00 00 00 00 00 00 00
stack at sp + 6 slots: 0x0 is NULL
stack at sp + 7 slots: 0x00007f9a2080c2a8 points into unknown readable memory: 0x00000001092a1e48 | 48 1e 2a 09 01 00 00 00


---------------  P R O C E S S  ---------------

Threads class SMR info:
_java_thread_list=0x0000600003387040, length=16, elements={
0x00007f9a2080c000, 0x00007f9a23815200, 0x00007f9a21012000, 0x00007f9a2288a200,
0x00007f9a2082b000, 0x00007f9a22888600, 0x00007f9a25808200, 0x00007f9a21062000,
0x00007f9a22888c00, 0x00007f9a22889a00, 0x00007f9a25817a00, 0x00007f9a2381a400,
0x00007f9a23884e00, 0x00007f9a210c7e00, 0x00007f9a23886200, 0x00007f9a23895400
}

Java Threads: ( => current thread )
=>0x00007f9a2080c000 JavaThread "main" [_thread_in_native, id=6147, stack(0x0000700008ff9000,0x00007000090f9000)]
  0x00007f9a23815200 JavaThread "Reference Handler" daemon [_thread_blocked, id=15619, stack(0x000070000970e000,0x000070000980e000)]
  0x00007f9a21012000 JavaThread "Finalizer" daemon [_thread_blocked, id=15875, stack(0x0000700009811000,0x0000700009911000)]
  0x00007f9a2288a200 JavaThread "Signal Dispatcher" daemon [_thread_blocked, id=42243, stack(0x0000700009a1a000,0x0000700009b1a000)]
  0x00007f9a2082b000 JavaThread "Service Thread" daemon [_thread_blocked, id=41731, stack(0x0000700009b1d000,0x0000700009c1d000)]
  0x00007f9a22888600 JavaThread "Monitor Deflation Thread" daemon [_thread_blocked, id=23043, stack(0x0000700009c20000,0x0000700009d20000)]
  0x00007f9a25808200 JavaThread "C2 CompilerThread0" daemon [_thread_in_native, id=41475, stack(0x0000700009d23000,0x0000700009e23000)]
  0x00007f9a21062000 JavaThread "C1 CompilerThread0" daemon [_thread_blocked, id=23811, stack(0x0000700009e26000,0x0000700009f26000)]
  0x00007f9a22888c00 JavaThread "Sweeper thread" daemon [_thread_blocked, id=41219, stack(0x0000700009f29000,0x000070000a029000)]
  0x00007f9a22889a00 JavaThread "Notification Thread" daemon [_thread_blocked, id=40707, stack(0x000070000a02c000,0x000070000a12c000)]
  0x00007f9a25817a00 JavaThread "Common-Cleaner" daemon [_thread_blocked, id=24835, stack(0x000070000a232000,0x000070000a332000)]
  0x00007f9a2381a400 JavaThread "AppKit Thread" daemon [_thread_in_native, id=259, stack(0x00007ff7b83f6000,0x00007ff7b8bf6000)]
  0x00007f9a23884e00 JavaThread "AWT-Shutdown" [_thread_blocked, id=54275, stack(0x000070000aeeb000,0x000070000afeb000)]
  0x00007f9a210c7e00 JavaThread "Java2D Queue Flusher" daemon [_thread_blocked, id=60931, stack(0x000070000b071000,0x000070000b171000)]
  0x00007f9a23886200 JavaThread "Java2D Disposer" daemon [_thread_blocked, id=63747, stack(0x000070000b174000,0x000070000b274000)]
  0x00007f9a23895400 JavaThread "AWT-EventQueue-0" [_thread_in_native, id=130567, stack(0x000070000b277000,0x000070000b377000)]

Other Threads:
  0x00007f9a26004c60 VMThread "VM Thread" [stack: 0x000070000960b000,0x000070000970b000] [id=15363]
  0x00007f9a21e15300 WatcherThread [stack: 0x000070000a12f000,0x000070000a22f000] [id=40451]
  0x00007f9a21805ae0 GCTaskThread "GC Thread#0" [stack: 0x00007000090fc000,0x00007000091fc000] [id=12291]
  0x00007f9a21c0af60 GCTaskThread "GC Thread#1" [stack: 0x000070000a9dc000,0x000070000aadc000] [id=85519]
  0x00007f9a21c0b3d0 GCTaskThread "GC Thread#2" [stack: 0x000070000aadf000,0x000070000abdf000] [id=85267]
  0x00007f9a21c0b840 GCTaskThread "GC Thread#3" [stack: 0x000070000abe2000,0x000070000ace2000] [id=45059]
  0x00007f9a21c0bcb0 GCTaskThread "GC Thread#4" [stack: 0x000070000ace5000,0x000070000ade5000] [id=45571]
  0x00007f9a21c0c120 GCTaskThread "GC Thread#5" [stack: 0x000070000ade8000,0x000070000aee8000] [id=46083]
  0x00007f9a21806180 ConcurrentGCThread "G1 Main Marker" [stack: 0x00007000091ff000,0x00007000092ff000] [id=12803]
  0x00007f9a21b041a0 ConcurrentGCThread "G1 Conc#0" [stack: 0x0000700009302000,0x0000700009402000] [id=13315]
  0x00007f9a21d041f0 ConcurrentGCThread "G1 Refine#0" [stack: 0x0000700009405000,0x0000700009505000] [id=13571]
  0x00007f9a21808b40 ConcurrentGCThread "G1 Service" [stack: 0x0000700009508000,0x0000700009608000] [id=18435]

Threads with active compile tasks:
C2 CompilerThread0     2823  813       4       java.util.HashMap::putVal (300 bytes)

VM state: not at safepoint (normal execution)

VM Mutex/Monitor currently owned by a thread: None

Heap address: 0x0000000700000000, size: 4096 MB, Compressed Oops mode: Zero based, Oop shift amount: 3

CDS archive(s) not mapped
Compressed class space mapped at: 0x0000000800000000-0x0000000840000000, reserved size: 1073741824
Narrow klass base: 0x0000000800000000, Narrow klass shift: 0, Narrow klass range: 0x40000000

GC Precious Log:
 CPUs: 8 total, 8 available
 Memory: 16384M
 Large Page Support: Disabled
 NUMA Support: Disabled
 Compressed Oops: Enabled (Zero based)
 Heap Region Size: 2M
 Heap Min Capacity: 8M
 Heap Initial Capacity: 256M
 Heap Max Capacity: 4G
 Pre-touch: Disabled
 Parallel Workers: 8
 Concurrent Workers: 2
 Concurrent Refinement Workers: 8
 Periodic GC: Disabled

Heap:
 garbage-first heap   total 262144K, used 30534K [0x0000000700000000, 0x0000000800000000)
  region size 2048K, 12 young (24576K), 1 survivors (2048K)
 Metaspace       used 15782K, committed 16000K, reserved 1064960K
  class space    used 1559K, committed 1664K, reserved 1048576K

Heap Regions: E=young(eden), S=young(survivor), O=old, HS=humongous(starts), HC=humongous(continues), CS=collection set, F=free, OA=open archive, CA=closed archive, TAMS=top-at-mark-start (previous, next)
|   0|0x0000000700000000, 0x0000000700200000, 0x0000000700200000|100%|HS|  |TAMS 0x0000000700000000, 0x0000000700000000| Complete 
|   1|0x0000000700200000, 0x0000000700400000, 0x0000000700400000|100%|HC|  |TAMS 0x0000000700200000, 0x0000000700200000| Complete 
|   2|0x0000000700400000, 0x0000000700600000, 0x0000000700600000|100%|HS|  |TAMS 0x0000000700400000, 0x0000000700400000| Complete 
|   3|0x0000000700600000, 0x0000000700800000, 0x0000000700800000|100%|HC|  |TAMS 0x0000000700600000, 0x0000000700600000| Complete 
|   4|0x0000000700800000, 0x0000000700800000, 0x0000000700a00000|  0%| F|  |TAMS 0x0000000700800000, 0x0000000700800000| Untracked 
|   5|0x0000000700a00000, 0x0000000700a00000, 0x0000000700c00000|  0%| F|  |TAMS 0x0000000700a00000, 0x0000000700a00000| Untracked 
|   6|0x0000000700c00000, 0x0000000700c00000, 0x0000000700e00000|  0%| F|  |TAMS 0x0000000700c00000, 0x0000000700c00000| Untracked 
|   7|0x0000000700e00000, 0x0000000700e00000, 0x0000000701000000|  0%| F|  |TAMS 0x0000000700e00000, 0x0000000700e00000| Untracked 
|   8|0x0000000701000000, 0x0000000701000000, 0x0000000701200000|  0%| F|  |TAMS 0x0000000701000000, 0x0000000701000000| Untracked 
|   9|0x0000000701200000, 0x0000000701200000, 0x0000000701400000|  0%| F|  |TAMS 0x0000000701200000, 0x0000000701200000| Untracked 
|  10|0x0000000701400000, 0x0000000701400000, 0x0000000701600000|  0%| F|  |TAMS 0x0000000701400000, 0x0000000701400000| Untracked 
|  11|0x0000000701600000, 0x0000000701600000, 0x0000000701800000|  0%| F|  |TAMS 0x0000000701600000, 0x0000000701600000| Untracked 
|  12|0x0000000701800000, 0x0000000701800000, 0x0000000701a00000|  0%| F|  |TAMS 0x0000000701800000, 0x0000000701800000| Untracked 
|  13|0x0000000701a00000, 0x0000000701a00000, 0x0000000701c00000|  0%| F|  |TAMS 0x0000000701a00000, 0x0000000701a00000| Untracked 
|  14|0x0000000701c00000, 0x0000000701c00000, 0x0000000701e00000|  0%| F|  |TAMS 0x0000000701c00000, 0x0000000701c00000| Untracked 
|  15|0x0000000701e00000, 0x0000000701e00000, 0x0000000702000000|  0%| F|  |TAMS 0x0000000701e00000, 0x0000000701e00000| Untracked 
|  16|0x0000000702000000, 0x0000000702000000, 0x0000000702200000|  0%| F|  |TAMS 0x0000000702000000, 0x0000000702000000| Untracked 
|  17|0x0000000702200000, 0x0000000702200000, 0x0000000702400000|  0%| F|  |TAMS 0x0000000702200000, 0x0000000702200000| Untracked 
|  18|0x0000000702400000, 0x0000000702400000, 0x0000000702600000|  0%| F|  |TAMS 0x0000000702400000, 0x0000000702400000| Untracked 
|  19|0x0000000702600000, 0x0000000702600000, 0x0000000702800000|  0%| F|  |TAMS 0x0000000702600000, 0x0000000702600000| Untracked 
|  20|0x0000000702800000, 0x0000000702800000, 0x0000000702a00000|  0%| F|  |TAMS 0x0000000702800000, 0x0000000702800000| Untracked 
|  21|0x0000000702a00000, 0x0000000702a00000, 0x0000000702c00000|  0%| F|  |TAMS 0x0000000702a00000, 0x0000000702a00000| Untracked 
|  22|0x0000000702c00000, 0x0000000702c00000, 0x0000000702e00000|  0%| F|  |TAMS 0x0000000702c00000, 0x0000000702c00000| Untracked 
|  23|0x0000000702e00000, 0x0000000702e00000, 0x0000000703000000|  0%| F|  |TAMS 0x0000000702e00000, 0x0000000702e00000| Untracked 
|  24|0x0000000703000000, 0x0000000703000000, 0x0000000703200000|  0%| F|  |TAMS 0x0000000703000000, 0x0000000703000000| Untracked 
|  25|0x0000000703200000, 0x0000000703200000, 0x0000000703400000|  0%| F|  |TAMS 0x0000000703200000, 0x0000000703200000| Untracked 
|  26|0x0000000703400000, 0x0000000703400000, 0x0000000703600000|  0%| F|  |TAMS 0x0000000703400000, 0x0000000703400000| Untracked 
|  27|0x0000000703600000, 0x0000000703600000, 0x0000000703800000|  0%| F|  |TAMS 0x0000000703600000, 0x0000000703600000| Untracked 
|  28|0x0000000703800000, 0x0000000703800000, 0x0000000703a00000|  0%| F|  |TAMS 0x0000000703800000, 0x0000000703800000| Untracked 
|  29|0x0000000703a00000, 0x0000000703a00000, 0x0000000703c00000|  0%| F|  |TAMS 0x0000000703a00000, 0x0000000703a00000| Untracked 
|  30|0x0000000703c00000, 0x0000000703c00000, 0x0000000703e00000|  0%| F|  |TAMS 0x0000000703c00000, 0x0000000703c00000| Untracked 
|  31|0x0000000703e00000, 0x0000000703e00000, 0x0000000704000000|  0%| F|  |TAMS 0x0000000703e00000, 0x0000000703e00000| Untracked 
|  32|0x0000000704000000, 0x0000000704000000, 0x0000000704200000|  0%| F|  |TAMS 0x0000000704000000, 0x0000000704000000| Untracked 
|  33|0x0000000704200000, 0x0000000704200000, 0x0000000704400000|  0%| F|  |TAMS 0x0000000704200000, 0x0000000704200000| Untracked 
|  34|0x0000000704400000, 0x0000000704400000, 0x0000000704600000|  0%| F|  |TAMS 0x0000000704400000, 0x0000000704400000| Untracked 
|  35|0x0000000704600000, 0x0000000704600000, 0x0000000704800000|  0%| F|  |TAMS 0x0000000704600000, 0x0000000704600000| Untracked 
|  36|0x0000000704800000, 0x0000000704800000, 0x0000000704a00000|  0%| F|  |TAMS 0x0000000704800000, 0x0000000704800000| Untracked 
|  37|0x0000000704a00000, 0x0000000704a00000, 0x0000000704c00000|  0%| F|  |TAMS 0x0000000704a00000, 0x0000000704a00000| Untracked 
|  38|0x0000000704c00000, 0x0000000704c00000, 0x0000000704e00000|  0%| F|  |TAMS 0x0000000704c00000, 0x0000000704c00000| Untracked 
|  39|0x0000000704e00000, 0x0000000704e00000, 0x0000000705000000|  0%| F|  |TAMS 0x0000000704e00000, 0x0000000704e00000| Untracked 
|  40|0x0000000705000000, 0x0000000705000000, 0x0000000705200000|  0%| F|  |TAMS 0x0000000705000000, 0x0000000705000000| Untracked 
|  41|0x0000000705200000, 0x0000000705200000, 0x0000000705400000|  0%| F|  |TAMS 0x0000000705200000, 0x0000000705200000| Untracked 
|  42|0x0000000705400000, 0x0000000705400000, 0x0000000705600000|  0%| F|  |TAMS 0x0000000705400000, 0x0000000705400000| Untracked 
|  43|0x0000000705600000, 0x0000000705600000, 0x0000000705800000|  0%| F|  |TAMS 0x0000000705600000, 0x0000000705600000| Untracked 
|  44|0x0000000705800000, 0x0000000705800000, 0x0000000705a00000|  0%| F|  |TAMS 0x0000000705800000, 0x0000000705800000| Untracked 
|  45|0x0000000705a00000, 0x0000000705a00000, 0x0000000705c00000|  0%| F|  |TAMS 0x0000000705a00000, 0x0000000705a00000| Untracked 
|  46|0x0000000705c00000, 0x0000000705c00000, 0x0000000705e00000|  0%| F|  |TAMS 0x0000000705c00000, 0x0000000705c00000| Untracked 
|  47|0x0000000705e00000, 0x0000000705e00000, 0x0000000706000000|  0%| F|  |TAMS 0x0000000705e00000, 0x0000000705e00000| Untracked 
|  48|0x0000000706000000, 0x0000000706000000, 0x0000000706200000|  0%| F|  |TAMS 0x0000000706000000, 0x0000000706000000| Untracked 
|  49|0x0000000706200000, 0x0000000706200000, 0x0000000706400000|  0%| F|  |TAMS 0x0000000706200000, 0x0000000706200000| Untracked 
|  50|0x0000000706400000, 0x0000000706400000, 0x0000000706600000|  0%| F|  |TAMS 0x0000000706400000, 0x0000000706400000| Untracked 
|  51|0x0000000706600000, 0x0000000706600000, 0x0000000706800000|  0%| F|  |TAMS 0x0000000706600000, 0x0000000706600000| Untracked 
|  52|0x0000000706800000, 0x0000000706800000, 0x0000000706a00000|  0%| F|  |TAMS 0x0000000706800000, 0x0000000706800000| Untracked 
|  53|0x0000000706a00000, 0x0000000706a00000, 0x0000000706c00000|  0%| F|  |TAMS 0x0000000706a00000, 0x0000000706a00000| Untracked 
|  54|0x0000000706c00000, 0x0000000706c00000, 0x0000000706e00000|  0%| F|  |TAMS 0x0000000706c00000, 0x0000000706c00000| Untracked 
|  55|0x0000000706e00000, 0x0000000706e00000, 0x0000000707000000|  0%| F|  |TAMS 0x0000000706e00000, 0x0000000706e00000| Untracked 
|  56|0x0000000707000000, 0x0000000707000000, 0x0000000707200000|  0%| F|  |TAMS 0x0000000707000000, 0x0000000707000000| Untracked 
|  57|0x0000000707200000, 0x0000000707200000, 0x0000000707400000|  0%| F|  |TAMS 0x0000000707200000, 0x0000000707200000| Untracked 
|  58|0x0000000707400000, 0x0000000707400000, 0x0000000707600000|  0%| F|  |TAMS 0x0000000707400000, 0x0000000707400000| Untracked 
|  59|0x0000000707600000, 0x0000000707600000, 0x0000000707800000|  0%| F|  |TAMS 0x0000000707600000, 0x0000000707600000| Untracked 
|  60|0x0000000707800000, 0x0000000707800000, 0x0000000707a00000|  0%| F|  |TAMS 0x0000000707800000, 0x0000000707800000| Untracked 
|  61|0x0000000707a00000, 0x0000000707a00000, 0x0000000707c00000|  0%| F|  |TAMS 0x0000000707a00000, 0x0000000707a00000| Untracked 
|  62|0x0000000707c00000, 0x0000000707c00000, 0x0000000707e00000|  0%| F|  |TAMS 0x0000000707c00000, 0x0000000707c00000| Untracked 
|  63|0x0000000707e00000, 0x0000000707e00000, 0x0000000708000000|  0%| F|  |TAMS 0x0000000707e00000, 0x0000000707e00000| Untracked 
|  64|0x0000000708000000, 0x0000000708000000, 0x0000000708200000|  0%| F|  |TAMS 0x0000000708000000, 0x0000000708000000| Untracked 
|  65|0x0000000708200000, 0x0000000708200000, 0x0000000708400000|  0%| F|  |TAMS 0x0000000708200000, 0x0000000708200000| Untracked 
|  66|0x0000000708400000, 0x0000000708400000, 0x0000000708600000|  0%| F|  |TAMS 0x0000000708400000, 0x0000000708400000| Untracked 
|  67|0x0000000708600000, 0x0000000708600000, 0x0000000708800000|  0%| F|  |TAMS 0x0000000708600000, 0x0000000708600000| Untracked 
|  68|0x0000000708800000, 0x0000000708800000, 0x0000000708a00000|  0%| F|  |TAMS 0x0000000708800000, 0x0000000708800000| Untracked 
|  69|0x0000000708a00000, 0x0000000708a00000, 0x0000000708c00000|  0%| F|  |TAMS 0x0000000708a00000, 0x0000000708a00000| Untracked 
|  70|0x0000000708c00000, 0x0000000708c00000, 0x0000000708e00000|  0%| F|  |TAMS 0x0000000708c00000, 0x0000000708c00000| Untracked 
|  71|0x0000000708e00000, 0x0000000708e00000, 0x0000000709000000|  0%| F|  |TAMS 0x0000000708e00000, 0x0000000708e00000| Untracked 
|  72|0x0000000709000000, 0x0000000709000000, 0x0000000709200000|  0%| F|  |TAMS 0x0000000709000000, 0x0000000709000000| Untracked 
|  73|0x0000000709200000, 0x0000000709200000, 0x0000000709400000|  0%| F|  |TAMS 0x0000000709200000, 0x0000000709200000| Untracked 
|  74|0x0000000709400000, 0x0000000709400000, 0x0000000709600000|  0%| F|  |TAMS 0x0000000709400000, 0x0000000709400000| Untracked 
|  75|0x0000000709600000, 0x0000000709600000, 0x0000000709800000|  0%| F|  |TAMS 0x0000000709600000, 0x0000000709600000| Untracked 
|  76|0x0000000709800000, 0x0000000709800000, 0x0000000709a00000|  0%| F|  |TAMS 0x0000000709800000, 0x0000000709800000| Untracked 
|  77|0x0000000709a00000, 0x0000000709a00000, 0x0000000709c00000|  0%| F|  |TAMS 0x0000000709a00000, 0x0000000709a00000| Untracked 
|  78|0x0000000709c00000, 0x0000000709c00000, 0x0000000709e00000|  0%| F|  |TAMS 0x0000000709c00000, 0x0000000709c00000| Untracked 
|  79|0x0000000709e00000, 0x0000000709e00000, 0x000000070a000000|  0%| F|  |TAMS 0x0000000709e00000, 0x0000000709e00000| Untracked 
|  80|0x000000070a000000, 0x000000070a000000, 0x000000070a200000|  0%| F|  |TAMS 0x000000070a000000, 0x000000070a000000| Untracked 
|  81|0x000000070a200000, 0x000000070a200000, 0x000000070a400000|  0%| F|  |TAMS 0x000000070a200000, 0x000000070a200000| Untracked 
|  82|0x000000070a400000, 0x000000070a400000, 0x000000070a600000|  0%| F|  |TAMS 0x000000070a400000, 0x000000070a400000| Untracked 
|  83|0x000000070a600000, 0x000000070a600000, 0x000000070a800000|  0%| F|  |TAMS 0x000000070a600000, 0x000000070a600000| Untracked 
|  84|0x000000070a800000, 0x000000070a800000, 0x000000070aa00000|  0%| F|  |TAMS 0x000000070a800000, 0x000000070a800000| Untracked 
|  85|0x000000070aa00000, 0x000000070aa00000, 0x000000070ac00000|  0%| F|  |TAMS 0x000000070aa00000, 0x000000070aa00000| Untracked 
|  86|0x000000070ac00000, 0x000000070ac00000, 0x000000070ae00000|  0%| F|  |TAMS 0x000000070ac00000, 0x000000070ac00000| Untracked 
|  87|0x000000070ae00000, 0x000000070ae00000, 0x000000070b000000|  0%| F|  |TAMS 0x000000070ae00000, 0x000000070ae00000| Untracked 
|  88|0x000000070b000000, 0x000000070b000000, 0x000000070b200000|  0%| F|  |TAMS 0x000000070b000000, 0x000000070b000000| Untracked 
|  89|0x000000070b200000, 0x000000070b200000, 0x000000070b400000|  0%| F|  |TAMS 0x000000070b200000, 0x000000070b200000| Untracked 
|  90|0x000000070b400000, 0x000000070b400000, 0x000000070b600000|  0%| F|  |TAMS 0x000000070b400000, 0x000000070b400000| Untracked 
|  91|0x000000070b600000, 0x000000070b600000, 0x000000070b800000|  0%| F|  |TAMS 0x000000070b600000, 0x000000070b600000| Untracked 
|  92|0x000000070b800000, 0x000000070b800000, 0x000000070ba00000|  0%| F|  |TAMS 0x000000070b800000, 0x000000070b800000| Untracked 
|  93|0x000000070ba00000, 0x000000070ba00000, 0x000000070bc00000|  0%| F|  |TAMS 0x000000070ba00000, 0x000000070ba00000| Untracked 
|  94|0x000000070bc00000, 0x000000070bc00000, 0x000000070be00000|  0%| F|  |TAMS 0x000000070bc00000, 0x000000070bc00000| Untracked 
|  95|0x000000070be00000, 0x000000070be00000, 0x000000070c000000|  0%| F|  |TAMS 0x000000070be00000, 0x000000070be00000| Untracked 
|  96|0x000000070c000000, 0x000000070c000000, 0x000000070c200000|  0%| F|  |TAMS 0x000000070c000000, 0x000000070c000000| Untracked 
|  97|0x000000070c200000, 0x000000070c200000, 0x000000070c400000|  0%| F|  |TAMS 0x000000070c200000, 0x000000070c200000| Untracked 
|  98|0x000000070c400000, 0x000000070c400000, 0x000000070c600000|  0%| F|  |TAMS 0x000000070c400000, 0x000000070c400000| Untracked 
|  99|0x000000070c600000, 0x000000070c600000, 0x000000070c800000|  0%| F|  |TAMS 0x000000070c600000, 0x000000070c600000| Untracked 
| 100|0x000000070c800000, 0x000000070c800000, 0x000000070ca00000|  0%| F|  |TAMS 0x000000070c800000, 0x000000070c800000| Untracked 
| 101|0x000000070ca00000, 0x000000070ca00000, 0x000000070cc00000|  0%| F|  |TAMS 0x000000070ca00000, 0x000000070ca00000| Untracked 
| 102|0x000000070cc00000, 0x000000070cc00000, 0x000000070ce00000|  0%| F|  |TAMS 0x000000070cc00000, 0x000000070cc00000| Untracked 
| 103|0x000000070ce00000, 0x000000070ce00000, 0x000000070d000000|  0%| F|  |TAMS 0x000000070ce00000, 0x000000070ce00000| Untracked 
| 104|0x000000070d000000, 0x000000070d000000, 0x000000070d200000|  0%| F|  |TAMS 0x000000070d000000, 0x000000070d000000| Untracked 
| 105|0x000000070d200000, 0x000000070d200000, 0x000000070d400000|  0%| F|  |TAMS 0x000000070d200000, 0x000000070d200000| Untracked 
| 106|0x000000070d400000, 0x000000070d400000, 0x000000070d600000|  0%| F|  |TAMS 0x000000070d400000, 0x000000070d400000| Untracked 
| 107|0x000000070d600000, 0x000000070d600000, 0x000000070d800000|  0%| F|  |TAMS 0x000000070d600000, 0x000000070d600000| Untracked 
| 108|0x000000070d800000, 0x000000070d800000, 0x000000070da00000|  0%| F|  |TAMS 0x000000070d800000, 0x000000070d800000| Untracked 
| 109|0x000000070da00000, 0x000000070dbd1830, 0x000000070dc00000| 90%| S|CS|TAMS 0x000000070da00000, 0x000000070da00000| Complete 
| 110|0x000000070dc00000, 0x000000070dc00000, 0x000000070de00000|  0%| F|  |TAMS 0x000000070dc00000, 0x000000070dc00000| Untracked 
| 111|0x000000070de00000, 0x000000070de00000, 0x000000070e000000|  0%| F|  |TAMS 0x000000070de00000, 0x000000070de00000| Untracked 
| 112|0x000000070e000000, 0x000000070e000000, 0x000000070e200000|  0%| F|  |TAMS 0x000000070e000000, 0x000000070e000000| Untracked 
| 113|0x000000070e200000, 0x000000070e200000, 0x000000070e400000|  0%| F|  |TAMS 0x000000070e200000, 0x000000070e200000| Untracked 
| 114|0x000000070e400000, 0x000000070e400000, 0x000000070e600000|  0%| F|  |TAMS 0x000000070e400000, 0x000000070e400000| Untracked 
| 115|0x000000070e600000, 0x000000070e600000, 0x000000070e800000|  0%| F|  |TAMS 0x000000070e600000, 0x000000070e600000| Untracked 
| 116|0x000000070e800000, 0x000000070e800000, 0x000000070ea00000|  0%| F|  |TAMS 0x000000070e800000, 0x000000070e800000| Untracked 
| 117|0x000000070ea00000, 0x000000070ea00800, 0x000000070ec00000|  0%| E|  |TAMS 0x000000070ea00000, 0x000000070ea00000| Complete 
| 118|0x000000070ec00000, 0x000000070ee00000, 0x000000070ee00000|100%| E|CS|TAMS 0x000000070ec00000, 0x000000070ec00000| Complete 
| 119|0x000000070ee00000, 0x000000070f000000, 0x000000070f000000|100%| E|CS|TAMS 0x000000070ee00000, 0x000000070ee00000| Complete 
| 120|0x000000070f000000, 0x000000070f200000, 0x000000070f200000|100%| E|CS|TAMS 0x000000070f000000, 0x000000070f000000| Complete 
| 121|0x000000070f200000, 0x000000070f400000, 0x000000070f400000|100%| E|CS|TAMS 0x000000070f200000, 0x000000070f200000| Complete 
| 122|0x000000070f400000, 0x000000070f600000, 0x000000070f600000|100%| E|CS|TAMS 0x000000070f400000, 0x000000070f400000| Complete 
| 123|0x000000070f600000, 0x000000070f800000, 0x000000070f800000|100%| E|CS|TAMS 0x000000070f600000, 0x000000070f600000| Complete 
| 124|0x000000070f800000, 0x000000070fa00000, 0x000000070fa00000|100%| E|CS|TAMS 0x000000070f800000, 0x000000070f800000| Complete 
| 125|0x000000070fa00000, 0x000000070fc00000, 0x000000070fc00000|100%| E|CS|TAMS 0x000000070fa00000, 0x000000070fa00000| Complete 
| 126|0x000000070fc00000, 0x000000070fe00000, 0x000000070fe00000|100%| E|CS|TAMS 0x000000070fc00000, 0x000000070fc00000| Complete 
| 127|0x000000070fe00000, 0x0000000710000000, 0x0000000710000000|100%| E|CS|TAMS 0x000000070fe00000, 0x000000070fe00000| Complete 

Card table byte_map: [0x000000010cd08000,0x000000010d508000] _byte_map_base: 0x0000000109508000

Marking Bits (Prev, Next): (CMBitMap*) 0x00007f9a2101fe10, (CMBitMap*) 0x00007f9a2101fe50
 Prev Bits: [0x000000010dd08000, 0x0000000111d08000)
 Next Bits: [0x0000000124a6e000, 0x0000000128a6e000)

Polling page: 0x0000000107424000

Metaspace:

Usage:
  Non-class:     13.89 MB used.
      Class:      1.52 MB used.
       Both:     15.41 MB used.

Virtual space:
  Non-class space:       16.00 MB reserved,      14.00 MB ( 88%) committed,  2 nodes.
      Class space:        1.00 GB reserved,       1.62 MB ( <1%) committed,  1 nodes.
             Both:        1.02 GB reserved,      15.62 MB (  2%) committed. 

Chunk freelists:
   Non-Class:  2.06 MB
       Class:  2.25 MB
        Both:  4.30 MB

MaxMetaspaceSize: unlimited
CompressedClassSpaceSize: 1.00 GB
Initial GC threshold: 21.00 MB
Current GC threshold: 21.00 MB
CDS: off
MetaspaceReclaimPolicy: balanced
 - commit_granule_bytes: 65536.
 - commit_granule_words: 8192.
 - virtual_space_node_default_size: 1048576.
 - enlarge_chunks_in_place: 1.
 - new_chunks_are_fully_committed: 0.
 - uncommit_free_chunks: 1.
 - use_allocation_guard: 0.
 - handle_deallocations: 1.


Internal statistics:

num_allocs_failed_limit: 0.
num_arena_births: 136.
num_arena_deaths: 0.
num_vsnodes_births: 3.
num_vsnodes_deaths: 0.
num_space_committed: 250.
num_space_uncommitted: 0.
num_chunks_returned_to_freelist: 0.
num_chunks_taken_from_freelist: 242.
num_chunk_merges: 0.
num_chunk_splits: 128.
num_chunks_enlarged: 41.
num_purges: 0.
num_inconsistent_stats: 0.

CodeHeap 'non-profiled nmethods': size=120028Kb used=321Kb max_used=321Kb free=119706Kb
 bounds [0x000000011d537000, 0x000000011d7a7000, 0x0000000124a6e000]
CodeHeap 'profiled nmethods': size=120028Kb used=1211Kb max_used=1211Kb free=118817Kb
 bounds [0x0000000116000000, 0x0000000116270000, 0x000000011d537000]
CodeHeap 'non-nmethods': size=5704Kb used=1489Kb max_used=1505Kb free=4214Kb
 bounds [0x0000000115a6e000, 0x0000000115cde000, 0x0000000116000000]
 total_blobs=1708 nmethods=814 adapters=808
 compilation: enabled
              stopped_count=0, restarted_count=0
 full_count=0

Compilation events (20 events):
Event: 2.766 Thread 0x00007f9a25808200 nmethod 789 0x000000011d583310 code [0x000000011d5834a0, 0x000000011d5835d8]
Event: 2.769 Thread 0x00007f9a21062000  792       3       sun.invoke.util.VerifyAccess::isTypeVisible (47 bytes)
Event: 2.770 Thread 0x00007f9a21062000 nmethod 792 0x0000000116127990 code [0x0000000116127b80, 0x0000000116127fb0]
Event: 2.770 Thread 0x00007f9a25808200  793       4       java.util.Arrays::copyOfRange (64 bytes)
Event: 2.772 Thread 0x00007f9a25808200 nmethod 793 0x000000011d584610 code [0x000000011d5847a0, 0x000000011d584a98]
Event: 2.775 Thread 0x00007f9a25808200  798       4       java.lang.StringLatin1::newString (24 bytes)
Event: 2.778 Thread 0x00007f9a25808200 nmethod 798 0x000000011d584f10 code [0x000000011d5850a0, 0x000000011d5854f8]
Event: 2.785 Thread 0x00007f9a21062000  799       1       java.util.concurrent.locks.AbstractOwnableSynchronizer::setExclusiveOwnerThread (6 bytes)
Event: 2.785 Thread 0x00007f9a21062000 nmethod 799 0x000000011d585690 code [0x000000011d585820, 0x000000011d585930]
Event: 2.790 Thread 0x00007f9a21062000  800       1       java.awt.Color::getRGB (5 bytes)
Event: 2.790 Thread 0x00007f9a21062000 nmethod 800 0x000000011d585990 code [0x000000011d585b20, 0x000000011d585bf0]
Event: 2.799 Thread 0x00007f9a21062000  801       3       java.util.AbstractList::<init> (10 bytes)
Event: 2.799 Thread 0x00007f9a21062000 nmethod 801 0x0000000116128190 code [0x0000000116128340, 0x0000000116128510]
Event: 2.799 Thread 0x00007f9a21062000  802       3       java.lang.invoke.LambdaFormEditor$TransformKey::inRange (36 bytes)
Event: 2.800 Thread 0x00007f9a21062000 nmethod 802 0x0000000116128610 code [0x00000001161287a0, 0x00000001161288f0]
Event: 2.801 Thread 0x00007f9a21062000  804       3       java.lang.invoke.DirectMethodHandle::preparedLambdaForm (31 bytes)
Event: 2.801 Thread 0x00007f9a21062000 nmethod 804 0x0000000116128990 code [0x0000000116128b80, 0x0000000116129040]
Event: 2.801 Thread 0x00007f9a21062000  805       3       java.lang.invoke.ClassSpecializer$SpeciesData::fieldCount (10 bytes)
Event: 2.801 Thread 0x00007f9a21062000 nmethod 805 0x0000000116129210 code [0x00000001161293c0, 0x00000001161295a0]
Event: 2.801 Thread 0x00007f9a21062000  806       3       jdk.internal.org.objectweb.asm.ClassReader::<init> (371 bytes)

GC Heap History (4 events):
Event: 2.041 GC heap before
{Heap before GC invocations=0 (full 0):
 garbage-first heap   total 262144K, used 22528K [0x0000000700000000, 0x0000000800000000)
  region size 2048K, 11 young (22528K), 0 survivors (0K)
 Metaspace       used 9750K, committed 9920K, reserved 1064960K
  class space    used 870K, committed 960K, reserved 1048576K
}
Event: 2.044 GC heap after
{Heap after GC invocations=1 (full 0):
 garbage-first heap   total 262144K, used 1831K [0x0000000700000000, 0x0000000800000000)
  region size 2048K, 1 young (2048K), 1 survivors (2048K)
 Metaspace       used 9750K, committed 9920K, reserved 1064960K
  class space    used 870K, committed 960K, reserved 1048576K
}
Event: 2.147 GC heap before
{Heap before GC invocations=1 (full 0):
 garbage-first heap   total 262144K, used 36647K [0x0000000700000000, 0x0000000800000000)
  region size 2048K, 18 young (36864K), 1 survivors (2048K)
 Metaspace       used 9750K, committed 9920K, reserved 1064960K
  class space    used 870K, committed 960K, reserved 1048576K
}
Event: 2.149 GC heap after
{Heap after GC invocations=2 (full 0):
 garbage-first heap   total 262144K, used 1862K [0x0000000700000000, 0x0000000800000000)
  region size 2048K, 1 young (2048K), 1 survivors (2048K)
 Metaspace       used 9750K, committed 9920K, reserved 1064960K
  class space    used 870K, committed 960K, reserved 1048576K
}

Deoptimization events (20 events):
Event: 2.052 Thread 0x00007f9a2080c000 Uncommon trap: trap_request=0xffffff45 fr.pc=0x000000011d5664f0 relative=0x00000000000006f0
Event: 2.052 Thread 0x00007f9a2080c000 Uncommon trap: reason=unstable_if action=reinterpret pc=0x000000011d5664f0 method=edu.uh.compsci.eastonmark.jeremy.biovision.BioVision.singleStreamParse(Lorg/opencv/core/Mat;II)Lorg/opencv/core/Mat; @ 309 c2
Event: 2.052 Thread 0x00007f9a2080c000 DEOPT PACKING pc=0x000000011d5664f0 sp=0x00007000090f88f0
Event: 2.052 Thread 0x00007f9a2080c000 DEOPT UNPACKING pc=0x0000000115ac0099 sp=0x00007000090f88a8 mode 2
Event: 2.102 Thread 0x00007f9a2080c000 DEOPT PACKING pc=0x00000001160b5078 sp=0x00007000090f8770
Event: 2.102 Thread 0x00007f9a2080c000 DEOPT UNPACKING pc=0x0000000115ac082f sp=0x00007000090f7d98 mode 0
Event: 2.110 Thread 0x00007f9a2080c000 Uncommon trap: trap_request=0xffffff45 fr.pc=0x000000011d567e84 relative=0x0000000000000cc4
Event: 2.110 Thread 0x00007f9a2080c000 Uncommon trap: reason=unstable_if action=reinterpret pc=0x000000011d567e84 method=edu.uh.compsci.eastonmark.jeremy.biovision.BioVision.singleStreamParse(Lorg/opencv/core/Mat;II)Lorg/opencv/core/Mat; @ 188 c2
Event: 2.110 Thread 0x00007f9a2080c000 DEOPT PACKING pc=0x000000011d567e84 sp=0x00007000090f88d0
Event: 2.110 Thread 0x00007f9a2080c000 DEOPT UNPACKING pc=0x0000000115ac0099 sp=0x00007000090f88a8 mode 2
Event: 2.182 Thread 0x00007f9a2080c000 DEOPT PACKING pc=0x00000001160ba3f8 sp=0x00007000090f8770
Event: 2.182 Thread 0x00007f9a2080c000 DEOPT UNPACKING pc=0x0000000115ac082f sp=0x00007000090f7d98 mode 0
Event: 2.193 Thread 0x00007f9a2080c000 Uncommon trap: trap_request=0xffffff45 fr.pc=0x000000011d56b344 relative=0x0000000000001ae4
Event: 2.193 Thread 0x00007f9a2080c000 Uncommon trap: reason=unstable_if action=reinterpret pc=0x000000011d56b344 method=edu.uh.compsci.eastonmark.jeremy.biovision.BioVision.singleStreamParse(Lorg/opencv/core/Mat;II)Lorg/opencv/core/Mat; @ 178 c2
Event: 2.193 Thread 0x00007f9a2080c000 DEOPT PACKING pc=0x000000011d56b344 sp=0x00007000090f88c0
Event: 2.193 Thread 0x00007f9a2080c000 DEOPT UNPACKING pc=0x0000000115ac0099 sp=0x00007000090f88b0 mode 2
Event: 2.375 Thread 0x00007f9a2080c000 Uncommon trap: trap_request=0xffffff45 fr.pc=0x000000011d557f18 relative=0x00000000000000f8
Event: 2.375 Thread 0x00007f9a2080c000 Uncommon trap: reason=unstable_if action=reinterpret pc=0x000000011d557f18 method=java.lang.ThreadLocal$ThreadLocalMap.getEntry(Ljava/lang/ThreadLocal;)Ljava/lang/ThreadLocal$ThreadLocalMap$Entry; @ 21 c2
Event: 2.375 Thread 0x00007f9a2080c000 DEOPT PACKING pc=0x000000011d557f18 sp=0x00007000090f8080
Event: 2.375 Thread 0x00007f9a2080c000 DEOPT UNPACKING pc=0x0000000115ac0099 sp=0x00007000090f7fb8 mode 2

Classes unloaded (0 events):
No events

Classes redefined (0 events):
No events

Internal exceptions (20 events):
Event: 2.193 Thread 0x00007f9a2080c000 Implicit null exception at 0x000000011d56a4ac to 0x000000011d56b29f
Event: 2.358 Thread 0x00007f9a2080c000 Exception <a 'java/lang/ClassNotFoundException'{0x000000070f189378}: sun/awt/resources/spi/awtProvider> (0x000000070f189378) 
thrown [src/hotspot/share/classfile/systemDictionary.cpp, line 256]
Event: 2.365 Thread 0x00007f9a2080c000 Exception <a 'java/io/FileNotFoundException'{0x000000070f18fd20}> (0x000000070f18fd20) 
thrown [src/hotspot/share/prims/jni.cpp, line 516]
Event: 2.370 Thread 0x00007f9a2080c000 Exception <a 'java/io/FileNotFoundException'{0x000000070f1bcd10}> (0x000000070f1bcd10) 
thrown [src/hotspot/share/prims/jni.cpp, line 516]
Event: 2.375 Thread 0x00007f9a2080c000 Implicit null exception at 0x000000011d557e7f to 0x000000011d557f00
Event: 2.394 Thread 0x00007f9a2080c000 Exception <a 'java/lang/ClassNotFoundException'{0x000000070f1e2a60}: sun/awt/resources/spi/awtosxProvider> (0x000000070f1e2a60) 
thrown [src/hotspot/share/classfile/systemDictionary.cpp, line 256]
Event: 2.597 Thread 0x00007f9a2080c000 Exception <a 'java/lang/NoSuchMethodError'{0x000000070ef04858}: 'void java.lang.invoke.DirectMethodHandle$Holder.invokeStatic(java.lang.Object, java.lang.Object)'> (0x000000070ef04858) 
thrown [src/hotspot/share/interpreter/linkResolver.cpp, line 759]
Event: 2.639 Thread 0x00007f9a2080c000 Exception <a 'java/lang/NoSuchMethodError'{0x000000070ef41390}: 'void java.lang.invoke.DirectMethodHandle$Holder.invokeStaticInit(java.lang.Object)'> (0x000000070ef41390) 
thrown [src/hotspot/share/interpreter/linkResolver.cpp, line 759]
Event: 2.648 Thread 0x00007f9a2080c000 Exception <a 'java/lang/NoSuchMethodError'{0x000000070ef641c0}: 'java.lang.Object java.lang.invoke.DirectMethodHandle$Holder.newInvokeSpecial(java.lang.Object, java.lang.Object, java.lang.Object, java.lang.Object, java.lang.Object)'> (0x000000070ef641c0) 
thrown [src/hotspot/share/interpreter/linkResolver.cpp, line 759]
Event: 2.649 Thread 0x00007f9a2080c000 Exception <a 'java/lang/NoSuchMethodError'{0x000000070ef6fb88}: 'java.lang.Object java.lang.invoke.DirectMethodHandle$Holder.invokeStatic(java.lang.Object, int, java.lang.Object, java.lang.Object, java.lang.Object, java.lang.Object)'> (0x000000070ef6fb88) 
thrown [src/hotspot/share/interpreter/linkResolver.cpp, line 759]
Event: 2.656 Thread 0x00007f9a2080c000 Exception <a 'java/lang/ClassNotFoundException'{0x000000070efc3140}: com/apple/laf/resources/spi/aquaProvider> (0x000000070efc3140) 
thrown [src/hotspot/share/classfile/systemDictionary.cpp, line 256]
Event: 2.677 Thread 0x00007f9a2080c000 Exception <a 'java/lang/ClassNotFoundException'{0x000000070ec37870}: com/sun/swing/internal/plaf/basic/resources/spi/basicProvider> (0x000000070ec37870) 
thrown [src/hotspot/share/classfile/systemDictionary.cpp, line 256]
Event: 2.701 Thread 0x00007f9a2080c000 Exception <a 'java/lang/NoSuchMethodError'{0x000000070ec691a8}: 'java.lang.Object java.lang.invoke.DirectMethodHandle$Holder.newInvokeSpecial(java.lang.Object, java.lang.Object, java.lang.Object, int, java.lang.Object)'> (0x000000070ec691a8) 
thrown [src/hotspot/share/interpreter/linkResolver.cpp, line 759]
Event: 2.731 Thread 0x00007f9a2080c000 Exception <a 'java/lang/NoSuchMethodError'{0x000000070ec81bd0}: 'java.lang.Object java.lang.invoke.Invokers$Holder.linkToTargetMethod(int, int, int, int, java.lang.Object)'> (0x000000070ec81bd0) 
thrown [src/hotspot/share/interpreter/linkResolver.cpp, line 759]
Event: 2.732 Thread 0x00007f9a2080c000 Exception <a 'java/lang/NoSuchMethodError'{0x000000070ec856b8}: 'void java.lang.invoke.DirectMethodHandle$Holder.invokeStatic(java.lang.Object, java.lang.Object, long)'> (0x000000070ec856b8) 
thrown [src/hotspot/share/interpreter/linkResolver.cpp, line 759]
Event: 2.741 Thread 0x00007f9a2381a400 Exception <a 'java/lang/NoSuchMethodError'{0x000000070ee4b698}: 'void java.lang.invoke.DirectMethodHandle$Holder.invokeSpecial(java.lang.Object, java.lang.Object, long)'> (0x000000070ee4b698) 
thrown [src/hotspot/share/interpreter/linkResolver.cpp, line 759]
Event: 2.768 Thread 0x00007f9a2080c000 Exception <a 'java/lang/NoSuchMethodError'{0x000000070ec9c740}: 'void java.lang.invoke.DirectMethodHandle$Holder.invokeStatic(java.lang.Object, long, long)'> (0x000000070ec9c740) 
thrown [src/hotspot/share/interpreter/linkResolver.cpp, line 759]
Event: 2.768 Thread 0x00007f9a2080c000 Exception <a 'java/lang/NoSuchMethodError'{0x000000070eca1d68}: 'java.lang.Object java.lang.invoke.DirectMethodHandle$Holder.newInvokeSpecial(java.lang.Object, long)'> (0x000000070eca1d68) 
thrown [src/hotspot/share/interpreter/linkResolver.cpp, line 759]
Event: 2.770 Thread 0x00007f9a2080c000 Exception <a 'java/lang/NoSuchMethodError'{0x000000070ecac0b0}: 'java.lang.Object java.lang.invoke.DirectMethodHandle$Holder.newInvokeSpecial(java.lang.Object, java.lang.Object, int)'> (0x000000070ecac0b0) 
thrown [src/hotspot/share/interpreter/linkResolver.cpp, line 759]
Event: 2.775 Thread 0x00007f9a2381a400 Exception <a 'java/lang/NoSuchMethodError'{0x000000070ee59e20}: 'void java.lang.invoke.DirectMethodHandle$Holder.invokeStatic(java.lang.Object, long)'> (0x000000070ee59e20) 
thrown [src/hotspot/share/interpreter/linkResolver.cpp, line 759]

VM Operations (10 events):
Event: 0.182 Executing VM operation: HandshakeAllThreads
Event: 0.182 Executing VM operation: HandshakeAllThreads done
Event: 0.275 Executing VM operation: HandshakeAllThreads
Event: 0.275 Executing VM operation: HandshakeAllThreads done
Event: 1.278 Executing VM operation: Cleanup
Event: 1.278 Executing VM operation: Cleanup done
Event: 2.041 Executing VM operation: G1CollectForAllocation
Event: 2.044 Executing VM operation: G1CollectForAllocation done
Event: 2.147 Executing VM operation: G1CollectForAllocation
Event: 2.149 Executing VM operation: G1CollectForAllocation done

Events (20 events):
Event: 2.797 loading class sun/font/FontStrike done
Event: 2.797 loading class sun/font/PhysicalStrike done
Event: 2.797 loading class sun/font/StrikeCache
Event: 2.797 loading class sun/font/StrikeCache done
Event: 2.798 loading class sun/font/StrikeCache$1
Event: 2.798 loading class sun/font/StrikeCache$1 done
Event: 2.798 loading class sun/font/GlyphList
Event: 2.798 loading class sun/font/GlyphList done
Event: 2.799 loading class sun/font/FontManagerFactory
Event: 2.799 loading class sun/font/FontManagerFactory done
Event: 2.799 loading class sun/font/FontManagerFactory$1
Event: 2.800 loading class sun/font/FontManagerFactory$1 done
Event: 2.800 loading class sun/font/CFontManager
Event: 2.800 loading class sun/font/CFontManager done
Event: 2.800 loading class sun/font/CompositeFont
Event: 2.800 loading class sun/font/CompositeFont done
Event: 2.800 loading class sun/font/SunFontManager$2
Event: 2.801 loading class sun/font/SunFontManager$2 done
Event: 2.802 loading class sun/font/CFontConfiguration
Event: 2.802 loading class sun/awt/FontConfiguration


Dynamic libraries:
0x0000000107427000 	/Users/jreastonmarks/.p2/pool/plugins/org.eclipse.justj.openjdk.hotspot.jre.full.macosx.x86_64_17.0.4.v20221004-1257/jre/lib/libjli.dylib
0x00007ff810535000 	/usr/lib/libz.1.dylib
0x00007ff810615000 	/usr/lib/libSystem.B.dylib
0x00007ff810610000 	/usr/lib/system/libcache.dylib
0x00007ff8105cc000 	/usr/lib/system/libcommonCrypto.dylib
0x00007ff8105f5000 	/usr/lib/system/libcompiler_rt.dylib
0x00007ff8105eb000 	/usr/lib/system/libcopyfile.dylib
0x00007ff8055a3000 	/usr/lib/system/libcorecrypto.dylib
0x00007ff805661000 	/usr/lib/system/libdispatch.dylib
0x00007ff805821000 	/usr/lib/system/libdyld.dylib
0x00007ff810607000 	/usr/lib/system/libkeymgr.dylib
0x00007ff8105aa000 	/usr/lib/system/libmacho.dylib
0x00007ff80fc2b000 	/usr/lib/system/libquarantine.dylib
0x00007ff810605000 	/usr/lib/system/libremovefile.dylib
0x00007ff80a7b6000 	/usr/lib/system/libsystem_asl.dylib
0x00007ff80554c000 	/usr/lib/system/libsystem_blocks.dylib
0x00007ff8056e5000 	/usr/lib/system/libsystem_c.dylib
0x00007ff8105fd000 	/usr/lib/system/libsystem_collections.dylib
0x00007ff80eedf000 	/usr/lib/system/libsystem_configuration.dylib
0x00007ff80e188000 	/usr/lib/system/libsystem_containermanager.dylib
0x00007ff8102e2000 	/usr/lib/system/libsystem_coreservices.dylib
0x00007ff807e57000 	/usr/lib/system/libsystem_darwin.dylib
0x00007ff810608000 	/usr/lib/system/libsystem_dnssd.dylib
0x00007ff8056e2000 	/usr/lib/system/libsystem_featureflags.dylib
0x00007ff805837000 	/usr/lib/system/libsystem_info.dylib
0x00007ff810548000 	/usr/lib/system/libsystem_m.dylib
0x00007ff805635000 	/usr/lib/system/libsystem_malloc.dylib
0x00007ff80a751000 	/usr/lib/system/libsystem_networkextension.dylib
0x00007ff80827d000 	/usr/lib/system/libsystem_notify.dylib
0x00007ff816885000 	/usr/lib/system/libsystem_product_info_filter.dylib
0x00007ff80eee3000 	/usr/lib/system/libsystem_sandbox.dylib
0x00007ff810602000 	/usr/lib/system/libsystem_secinit.dylib
0x00007ff8057dd000 	/usr/lib/system/libsystem_kernel.dylib
0x00007ff80582d000 	/usr/lib/system/libsystem_platform.dylib
0x00007ff805815000 	/usr/lib/system/libsystem_pthread.dylib
0x00007ff80c004000 	/usr/lib/system/libsystem_symptoms.dylib
0x00007ff80558a000 	/usr/lib/system/libsystem_trace.dylib
0x00007ff8105d8000 	/usr/lib/system/libunwind.dylib
0x00007ff80554e000 	/usr/lib/system/libxpc.dylib
0x00007ff8057c7000 	/usr/lib/libc++abi.dylib
0x00007ff8056a8000 	/usr/lib/libobjc.A.dylib
0x00007ff8105e3000 	/usr/lib/liboah.dylib
0x00007ff80576e000 	/usr/lib/libc++.1.dylib
0x00007ff81c687000 	/System/Library/Frameworks/Cocoa.framework/Versions/A/Cocoa
0x00007ff8082db000 	/System/Library/Frameworks/AppKit.framework/Versions/C/AppKit
0x00007ff80b7f2000 	/System/Library/Frameworks/CoreData.framework/Versions/A/CoreData
0x00007ff8066de000 	/System/Library/Frameworks/Foundation.framework/Versions/C/Foundation
0x00007ff80916b000 	/System/Library/PrivateFrameworks/UIFoundation.framework/Versions/A/UIFoundation
0x00007ff816588000 	/System/Library/PrivateFrameworks/RemoteViewServices.framework/Versions/A/RemoteViewServices
0x00007ff80e869000 	/System/Library/PrivateFrameworks/XCTTargetBootstrap.framework/Versions/A/XCTTargetBootstrap
0x00007ff81241e000 	/System/Library/PrivateFrameworks/InternationalSupport.framework/Versions/A/InternationalSupport
0x00007ff8124a8000 	/System/Library/PrivateFrameworks/UserActivity.framework/Versions/A/UserActivity
0x00007ff8117fc000 	/usr/lib/libspindump.dylib
0x00007ff8093fa000 	/System/Library/Frameworks/UniformTypeIdentifiers.framework/Versions/A/UniformTypeIdentifiers
0x00007ff80cf8d000 	/usr/lib/libapp_launch_measurement.dylib
0x00007ff80c1c4000 	/System/Library/PrivateFrameworks/CoreAnalytics.framework/Versions/A/CoreAnalytics
0x00007ff80cf90000 	/System/Library/PrivateFrameworks/CoreAutoLayout.framework/Versions/A/CoreAutoLayout
0x00007ff80e1c0000 	/System/Library/Frameworks/Metal.framework/Versions/A/Metal
0x00007ff80eeef000 	/usr/lib/liblangid.dylib
0x00007ff80e86e000 	/System/Library/PrivateFrameworks/CoreSVG.framework/Versions/A/CoreSVG
0x00007ff80a7e6000 	/System/Library/PrivateFrameworks/SkyLight.framework/Versions/A/SkyLight
0x00007ff80ab85000 	/System/Library/Frameworks/CoreGraphics.framework/Versions/A/CoreGraphics
0x00007ff816c48000 	/System/Library/Frameworks/Accelerate.framework/Versions/A/Accelerate
0x00007ff81127b000 	/System/Library/PrivateFrameworks/IconServices.framework/Versions/A/IconServices
0x00007ff80e1a5000 	/System/Library/Frameworks/IOSurface.framework/Versions/A/IOSurface
0x00007ff80c1f2000 	/usr/lib/libDiagnosticMessagesClient.dylib
0x00007ff81a32b000 	/System/Library/Frameworks/ApplicationServices.framework/Versions/A/ApplicationServices
0x00007ff80e855000 	/System/Library/PrivateFrameworks/DFRFoundation.framework/Versions/A/DFRFoundation
0x00007ff807bc3000 	/usr/lib/libicucore.A.dylib
0x00007ff813214000 	/System/Library/Frameworks/AudioToolbox.framework/Versions/A/AudioToolbox
0x00007ff81242a000 	/System/Library/PrivateFrameworks/DataDetectorsCore.framework/Versions/A/DataDetectorsCore
0x00007ff90e925000 	/System/Library/PrivateFrameworks/TextInput.framework/Versions/A/TextInput
0x00007ff80a769000 	/usr/lib/libMobileGestalt.dylib
0x00007ff80e561000 	/System/Library/Frameworks/Carbon.framework/Versions/A/Frameworks/HIToolbox.framework/Versions/A/HIToolbox
0x00007ff80c98f000 	/System/Library/Frameworks/QuartzCore.framework/Versions/A/QuartzCore
0x00007ff807868000 	/System/Library/Frameworks/Security.framework/Versions/A/Security
0x00007ff8165c0000 	/System/Library/Frameworks/Carbon.framework/Versions/A/Frameworks/SpeechRecognition.framework/Versions/A/SpeechRecognition
0x00007ff80cced000 	/System/Library/PrivateFrameworks/CoreUI.framework/Versions/A/CoreUI
0x00007ff807132000 	/System/Library/Frameworks/CoreAudio.framework/Versions/A/CoreAudio
0x00007ff80c2e1000 	/System/Library/Frameworks/DiskArbitration.framework/Versions/A/DiskArbitration
0x00007ff811bea000 	/System/Library/PrivateFrameworks/MultitouchSupport.framework/Versions/A/MultitouchSupport
0x00007ff80a768000 	/usr/lib/libenergytrace.dylib
0x00007ff8081c7000 	/System/Library/Frameworks/IOKit.framework/Versions/A/IOKit
0x00007ff8169b0000 	/System/Library/Frameworks/CoreServices.framework/Versions/A/CoreServices
0x00007ff80cf27000 	/System/Library/PrivateFrameworks/PerformanceAnalysis.framework/Versions/A/PerformanceAnalysis
0x00007ffa1e607000 	/System/Library/Frameworks/OpenGL.framework/Versions/A/OpenGL
0x00007ff80fb51000 	/System/Library/PrivateFrameworks/MobileKeyBag.framework/Versions/A/MobileKeyBag
0x00007ff80b251000 	/System/Library/Frameworks/ColorSync.framework/Versions/A/ColorSync
0x00007ff805862000 	/System/Library/Frameworks/CoreFoundation.framework/Versions/A/CoreFoundation
0x00007ff80eae5000 	/System/Library/Frameworks/CoreImage.framework/Versions/A/CoreImage
0x00007ff806f46000 	/System/Library/Frameworks/CoreText.framework/Versions/A/CoreText
0x00007ff80e89e000 	/System/Library/Frameworks/ImageIO.framework/Versions/A/ImageIO
0x00007ff81061b000 	/System/Library/PrivateFrameworks/SoftLinking.framework/Versions/A/SoftLinking
0x00007ff80cfd8000 	/usr/lib/libxml2.2.dylib
0x00007ff81089f000 	/usr/lib/libcompression.dylib
0x00007ff812351000 	/System/Library/PrivateFrameworks/TextureIO.framework/Versions/A/TextureIO
0x00007ff810f8d000 	/usr/lib/libate.dylib
0x00007ff810d69000 	/usr/lib/liblzma.5.dylib
0x00007ff8063f0000 	/System/Library/Frameworks/SystemConfiguration.framework/Versions/A/SystemConfiguration
0x00007ff810617000 	/usr/lib/libfakelink.dylib
0x00007ff80a2c1000 	/System/Library/Frameworks/CFNetwork.framework/Versions/A/CFNetwork
0x00007ff810758000 	/usr/lib/libarchive.2.dylib
0x00007ff80eeeb000 	/System/Library/PrivateFrameworks/AppleSystemInfo.framework/Versions/A/AppleSystemInfo
0x00007ff80fc52000 	/usr/lib/libbsm.0.dylib
0x00007ff8098d0000 	/usr/lib/libnetwork.dylib
0x00007ff8105b0000 	/usr/lib/system/libkxld.dylib
0x00007ff80f885000 	/System/Library/PrivateFrameworks/IOMobileFramebuffer.framework/Versions/A/IOMobileFramebuffer
0x00007ffb1dfd6000 	/usr/lib/libCoreEntitlements.dylib
0x00007ff8102c4000 	/System/Library/PrivateFrameworks/AppleFSCompression.framework/Versions/A/AppleFSCompression
0x00007ff80fc3a000 	/usr/lib/libcoretls.dylib
0x00007ff810d83000 	/usr/lib/libcoretls_cfhelpers.dylib
0x00007ff81089a000 	/usr/lib/libpam.2.dylib
0x00007ff80bc23000 	/usr/lib/libsqlite3.dylib
0x00007ff810df2000 	/usr/lib/libxar.1.dylib
0x00007ff8102d4000 	/usr/lib/libbz2.1.0.dylib
0x00007ff81061c000 	/usr/lib/libpcap.A.dylib
0x00007ff80bffc000 	/usr/lib/libdns_services.dylib
0x00007ff81086a000 	/usr/lib/libapple_nghttp2.dylib
0x00007ff810656000 	/usr/lib/libiconv.2.dylib
0x00007ff8105a9000 	/usr/lib/libcharset.1.dylib
0x00007ff80cf5b000 	/System/Library/Frameworks/CoreServices.framework/Versions/A/Frameworks/FSEvents.framework/Versions/A/FSEvents
0x00007ff807e61000 	/System/Library/Frameworks/CoreServices.framework/Versions/A/Frameworks/CarbonCore.framework/Versions/A/CarbonCore
0x00007ff80c245000 	/System/Library/Frameworks/CoreServices.framework/Versions/A/Frameworks/Metadata.framework/Versions/A/Metadata
0x00007ff8102e7000 	/System/Library/Frameworks/CoreServices.framework/Versions/A/Frameworks/OSServices.framework/Versions/A/OSServices
0x00007ff8107df000 	/System/Library/Frameworks/CoreServices.framework/Versions/A/Frameworks/SearchKit.framework/Versions/A/SearchKit
0x00007ff80bf8e000 	/System/Library/Frameworks/CoreServices.framework/Versions/A/Frameworks/AE.framework/Versions/A/AE
0x00007ff805d65000 	/System/Library/Frameworks/CoreServices.framework/Versions/A/Frameworks/LaunchServices.framework/Versions/A/LaunchServices
0x00007ff810d1a000 	/System/Library/Frameworks/CoreServices.framework/Versions/A/Frameworks/DictionaryServices.framework/Versions/A/DictionaryServices
0x00007ff80cf68000 	/System/Library/Frameworks/CoreServices.framework/Versions/A/Frameworks/SharedFileList.framework/Versions/A/SharedFileList
0x00007ff80fc2e000 	/usr/lib/libCheckFix.dylib
0x00007ff80a7cd000 	/System/Library/PrivateFrameworks/TCC.framework/Versions/A/TCC
0x00007ff80eef1000 	/System/Library/PrivateFrameworks/CoreNLP.framework/Versions/A/CoreNLP
0x00007ff80c1f5000 	/System/Library/PrivateFrameworks/MetadataUtilities.framework/Versions/A/MetadataUtilities
0x00007ff8064a1000 	/usr/lib/libmecabra.dylib
0x00007ff80fc62000 	/usr/lib/libmecab.dylib
0x00007ff80646c000 	/usr/lib/libCRFSuite.dylib
0x00007ff80fcbc000 	/usr/lib/libgermantok.dylib
0x00007ff810845000 	/usr/lib/libThaiTokenizer.dylib
0x00007ff80c2e8000 	/System/Library/Frameworks/Accelerate.framework/Versions/A/Frameworks/vImage.framework/Versions/A/vImage
0x00007ff816987000 	/System/Library/Frameworks/Accelerate.framework/Versions/A/Frameworks/vecLib.framework/Versions/A/vecLib
0x00007ff810e33000 	/System/Library/Frameworks/Accelerate.framework/Versions/A/Frameworks/vecLib.framework/Versions/A/libvMisc.dylib
0x00007ff80f6b0000 	/System/Library/Frameworks/Accelerate.framework/Versions/A/Frameworks/vecLib.framework/Versions/A/libvDSP.dylib
0x00007ff8060e0000 	/System/Library/Frameworks/Accelerate.framework/Versions/A/Frameworks/vecLib.framework/Versions/A/libBLAS.dylib
0x00007ff81097c000 	/System/Library/Frameworks/Accelerate.framework/Versions/A/Frameworks/vecLib.framework/Versions/A/libLAPACK.dylib
0x00007ff80fcbf000 	/System/Library/Frameworks/Accelerate.framework/Versions/A/Frameworks/vecLib.framework/Versions/A/libLinearAlgebra.dylib
0x00007ff810882000 	/System/Library/Frameworks/Accelerate.framework/Versions/A/Frameworks/vecLib.framework/Versions/A/libSparseBLAS.dylib
0x00007ff810976000 	/System/Library/Frameworks/Accelerate.framework/Versions/A/Frameworks/vecLib.framework/Versions/A/libQuadrature.dylib
0x00007ff80efdc000 	/System/Library/Frameworks/Accelerate.framework/Versions/A/Frameworks/vecLib.framework/Versions/A/libBNNS.dylib
0x00007ff80637a000 	/System/Library/Frameworks/Accelerate.framework/Versions/A/Frameworks/vecLib.framework/Versions/A/libSparse.dylib
0x00007ff80efd5000 	/System/Library/PrivateFrameworks/LinguisticData.framework/Versions/A/LinguisticData
0x00007ff806330000 	/System/Library/PrivateFrameworks/Lexicon.framework/Versions/A/Lexicon
0x00007ff810e2c000 	/usr/lib/libChineseTokenizer.dylib
0x00007ff806a9b000 	/System/Library/PrivateFrameworks/LanguageModeling.framework/Versions/A/LanguageModeling
0x00007ff810847000 	/System/Library/PrivateFrameworks/AppleSauce.framework/Versions/A/AppleSauce
0x00007ff80f873000 	/System/Library/PrivateFrameworks/CoreEmoji.framework/Versions/A/CoreEmoji
0x00007ff810747000 	/usr/lib/libcmph.dylib
0x00007ff80cf3f000 	/System/Library/Frameworks/OpenDirectory.framework/Versions/A/Frameworks/CFOpenDirectory.framework/Versions/A/CFOpenDirectory
0x00007ff80cf33000 	/System/Library/Frameworks/OpenDirectory.framework/Versions/A/OpenDirectory
0x00007ff810d85000 	/System/Library/PrivateFrameworks/APFS.framework/Versions/A/APFS
0x00007ff80fb89000 	/System/Library/Frameworks/SecurityFoundation.framework/Versions/A/SecurityFoundation
0x00007ff810e00000 	/usr/lib/libutil.dylib
0x00007ff80818b000 	/System/Library/PrivateFrameworks/CoreServicesStore.framework/Versions/A/CoreServicesStore
0x00007ff810e04000 	/usr/lib/libxslt.1.dylib
0x00007ff80fc16000 	/System/Library/PrivateFrameworks/BackgroundTaskManagement.framework/Versions/A/BackgroundTaskManagement
0x00007ff812271000 	/System/Library/Frameworks/ImageIO.framework/Versions/A/Resources/libRadiance.dylib
0x00007ff81227a000 	/System/Library/Frameworks/ImageIO.framework/Versions/A/Resources/libJPEG.dylib
0x00007ff8121c9000 	/System/Library/Frameworks/ImageIO.framework/Versions/A/Resources/libPng.dylib
0x00007ff8121ea000 	/System/Library/Frameworks/ImageIO.framework/Versions/A/Resources/libTIFF.dylib
0x00007ff8122da000 	/System/Library/Frameworks/ImageIO.framework/Versions/A/Resources/libGIF.dylib
0x00007ff811b04000 	/System/Library/Frameworks/ImageIO.framework/Versions/A/Resources/libJP2.dylib
0x00007ff811242000 	/usr/lib/libexpat.1.dylib
0x00007ff811ab9000 	/System/Library/PrivateFrameworks/AppleJPEG.framework/Versions/A/AppleJPEG
0x00007ff80e425000 	/System/Library/PrivateFrameworks/FontServices.framework/libFontParser.dylib
0x00007ff80bf38000 	/System/Library/PrivateFrameworks/RunningBoardServices.framework/Versions/A/RunningBoardServices
0x00007ff81cc42000 	/System/Library/PrivateFrameworks/IOSurfaceAccelerator.framework/Versions/A/IOSurfaceAccelerator
0x00007ff811be6000 	/System/Library/PrivateFrameworks/WatchdogClient.framework/Versions/A/WatchdogClient
0x00007ff806b89000 	/System/Library/Frameworks/CoreDisplay.framework/Versions/A/CoreDisplay
0x00007ff80e323000 	/System/Library/Frameworks/CoreMedia.framework/Versions/A/CoreMedia
0x00007ff80e1b7000 	/System/Library/PrivateFrameworks/IOAccelerator.framework/Versions/A/IOAccelerator
0x00007ff80d0bc000 	/System/Library/Frameworks/CoreVideo.framework/Versions/A/CoreVideo
0x00007ff810898000 	/System/Library/Frameworks/MetalPerformanceShaders.framework/Versions/A/MetalPerformanceShaders
0x00007ff811c23000 	/System/Library/Frameworks/VideoToolbox.framework/Versions/A/VideoToolbox
0x00007ff80be82000 	/System/Library/PrivateFrameworks/BaseBoard.framework/Versions/A/BaseBoard
0x00007ff80bc09000 	/System/Library/PrivateFrameworks/ProtocolBuffer.framework/Versions/A/ProtocolBuffer
0x00007ff81226a000 	/System/Library/PrivateFrameworks/GPUWrangler.framework/Versions/A/GPUWrangler
0x00007ff81224e000 	/System/Library/PrivateFrameworks/IOPresentment.framework/Versions/A/IOPresentment
0x00007ff812274000 	/System/Library/PrivateFrameworks/DSExternalDisplay.framework/Versions/A/DSExternalDisplay
0x00007ffa1e5fb000 	/System/Library/Frameworks/OpenGL.framework/Versions/A/Libraries/libCoreFSCache.dylib
0x00007ffb0b6d2000 	/System/Library/PrivateFrameworks/GPUCompiler.framework/Versions/31001/Libraries/libGPUCompilerUtils.dylib
0x00007ff8122df000 	/System/Library/PrivateFrameworks/CMCaptureCore.framework/Versions/A/CMCaptureCore
0x00007ff8117ea000 	/System/Library/PrivateFrameworks/AppServerSupport.framework/Versions/A/AppServerSupport
0x00007ff813aad000 	/System/Library/PrivateFrameworks/perfdata.framework/Versions/A/perfdata
0x00007ff806cb5000 	/System/Library/PrivateFrameworks/AudioToolboxCore.framework/Versions/A/AudioToolboxCore
0x00007ff80e301000 	/System/Library/PrivateFrameworks/caulk.framework/Versions/A/caulk
0x00007ff8133bf000 	/usr/lib/libAudioStatistics.dylib
0x00007ff90b0b3000 	/System/Library/PrivateFrameworks/SystemPolicy.framework/Versions/A/SystemPolicy
0x00007ff81361a000 	/usr/lib/libSMC.dylib
0x00007ff81c53a000 	/System/Library/Frameworks/CoreMIDI.framework/Versions/A/CoreMIDI
0x00007ff812198000 	/usr/lib/libAudioToolboxUtility.dylib
0x00007ff9072df000 	/System/Library/PrivateFrameworks/OSAServicesClient.framework/Versions/A/OSAServicesClient
0x00007ff813aba000 	/usr/lib/libperfcheck.dylib
0x00007ff90bb60000 	/usr/lib/libmis.dylib
0x00007ffa1e656000 	/System/Library/Frameworks/OpenGL.framework/Versions/A/Libraries/libGLU.dylib
0x00007ffa1e61a000 	/System/Library/Frameworks/OpenGL.framework/Versions/A/Libraries/libGFXShared.dylib
0x00007ffa1e823000 	/System/Library/Frameworks/OpenGL.framework/Versions/A/Libraries/libGL.dylib
0x00007ffa1e623000 	/System/Library/Frameworks/OpenGL.framework/Versions/A/Libraries/libGLImage.dylib
0x00007ffa1e617000 	/System/Library/Frameworks/OpenGL.framework/Versions/A/Libraries/libCVMSPluginSupport.dylib
0x00007ffa1e602000 	/System/Library/Frameworks/OpenGL.framework/Versions/A/Libraries/libCoreVMClient.dylib
0x00007ff80ee6d000 	/System/Library/Frameworks/MetalPerformanceShaders.framework/Versions/A/Frameworks/MPSCore.framework/Versions/A/MPSCore
0x00007ff81022f000 	/System/Library/Frameworks/MetalPerformanceShaders.framework/Versions/A/Frameworks/MPSImage.framework/Versions/A/MPSImage
0x00007ff80fcd5000 	/System/Library/Frameworks/MetalPerformanceShaders.framework/Versions/A/Frameworks/MPSNeuralNetwork.framework/Versions/A/MPSNeuralNetwork
0x00007ff810149000 	/System/Library/Frameworks/MetalPerformanceShaders.framework/Versions/A/Frameworks/MPSMatrix.framework/Versions/A/MPSMatrix
0x00007ff80ff04000 	/System/Library/Frameworks/MetalPerformanceShaders.framework/Versions/A/Frameworks/MPSRayIntersector.framework/Versions/A/MPSRayIntersector
0x00007ff810181000 	/System/Library/Frameworks/MetalPerformanceShaders.framework/Versions/A/Frameworks/MPSNDArray.framework/Versions/A/MPSNDArray
0x00007ffa240db000 	/System/Library/Frameworks/MetalPerformanceShaders.framework/Versions/A/Frameworks/MPSFunctions.framework/Versions/A/MPSFunctions
0x00007ff805fbc000 	/System/Library/PrivateFrameworks/MetalTools.framework/Versions/A/MetalTools
0x00007ff80eee9000 	/System/Library/PrivateFrameworks/AggregateDictionary.framework/Versions/A/AggregateDictionary
0x00007ff811024000 	/usr/lib/libIOReport.dylib
0x00007ffa1fc32000 	/System/Library/Frameworks/OpenCL.framework/Versions/A/OpenCL
0x00007ff811388000 	/System/Library/PrivateFrameworks/FaceCore.framework/Versions/A/FaceCore
0x00007ff811379000 	/System/Library/PrivateFrameworks/GraphVisualizer.framework/Versions/A/GraphVisualizer
0x00007ffb0b5dd000 	/System/Library/PrivateFrameworks/FontServices.framework/Versions/A/FontServices
0x00007ff8117a2000 	/System/Library/PrivateFrameworks/OTSVG.framework/Versions/A/OTSVG
0x00007ff80cca2000 	/System/Library/Frameworks/ApplicationServices.framework/Versions/A/Frameworks/ATS.framework/Versions/A/Resources/libFontRegistry.dylib
0x00007ff8117f2000 	/System/Library/PrivateFrameworks/FontServices.framework/libhvf.dylib
0x00007ffb0b5de000 	/System/Library/PrivateFrameworks/FontServices.framework/libXTFontStaticRegistryData.dylib
0x00007ff8111f2000 	/System/Library/PrivateFrameworks/AppleVA.framework/Versions/A/AppleVA
0x00007ff8133df000 	/System/Library/Frameworks/ApplicationServices.framework/Versions/A/Frameworks/ATS.framework/Versions/A/ATS
0x00007ff80b34f000 	/System/Library/Frameworks/ApplicationServices.framework/Versions/A/Frameworks/HIServices.framework/Versions/A/HIServices
0x00007ff8122e9000 	/System/Library/Frameworks/ApplicationServices.framework/Versions/A/Frameworks/PrintCore.framework/Versions/A/PrintCore
0x00007ff81376d000 	/System/Library/Frameworks/ApplicationServices.framework/Versions/A/Frameworks/QD.framework/Versions/A/QD
0x00007ff813765000 	/System/Library/Frameworks/ApplicationServices.framework/Versions/A/Frameworks/ColorSyncLegacy.framework/Versions/A/ColorSyncLegacy
0x00007ff8133cf000 	/System/Library/Frameworks/ApplicationServices.framework/Versions/A/Frameworks/SpeechSynthesis.framework/Versions/A/SpeechSynthesis
0x00007ff8122aa000 	/System/Library/Frameworks/ApplicationServices.framework/Versions/A/Frameworks/ATSUI.framework/Versions/A/ATSUI
0x00007ff8136fa000 	/usr/lib/libcups.2.dylib
0x00007ff813ac9000 	/System/Library/Frameworks/Kerberos.framework/Versions/A/Kerberos
0x00007ff813ad8000 	/System/Library/Frameworks/GSS.framework/Versions/A/GSS
0x00007ff81344b000 	/usr/lib/libresolv.9.dylib
0x00007ff811801000 	/System/Library/PrivateFrameworks/Heimdal.framework/Versions/A/Heimdal
0x00007ff81a6bd000 	/System/Library/Frameworks/Kerberos.framework/Versions/A/Libraries/libHeimdalProxy.dylib
0x00007ff80c00c000 	/System/Library/Frameworks/Network.framework/Versions/A/Network
0x00007ff81125c000 	/usr/lib/libheimdal-asn1.dylib
0x00007ff813b23000 	/System/Library/PrivateFrameworks/CommonAuth.framework/Versions/A/CommonAuth
0x00007ff813351000 	/System/Library/PrivateFrameworks/AudioSession.framework/Versions/A/AudioSession
0x00007ff8112ec000 	/System/Library/PrivateFrameworks/MediaExperience.framework/Versions/A/MediaExperience
0x00007ff8131e3000 	/System/Library/PrivateFrameworks/AudioSession.framework/libSessionUtility.dylib
0x00007ff813779000 	/System/Library/PrivateFrameworks/AudioResourceArbitration.framework/Versions/A/AudioResourceArbitration
0x00007ff8177fa000 	/System/Library/PrivateFrameworks/PowerLog.framework/Versions/A/PowerLog
0x00007ff811265000 	/System/Library/PrivateFrameworks/IconFoundation.framework/Versions/A/IconFoundation
0x00007ff8165b0000 	/System/Library/PrivateFrameworks/SpeechRecognitionCore.framework/Versions/A/SpeechRecognitionCore
0x000000010857b000 	/Users/jreastonmarks/.p2/pool/plugins/org.eclipse.justj.openjdk.hotspot.jre.full.macosx.x86_64_17.0.4.v20221004-1257/jre/lib/server/libjvm.dylib
0x0000000107458000 	/Users/jreastonmarks/.p2/pool/plugins/org.eclipse.justj.openjdk.hotspot.jre.full.macosx.x86_64_17.0.4.v20221004-1257/jre/lib/libjimage.dylib
0x00000001074cf000 	/Users/jreastonmarks/.p2/pool/plugins/org.eclipse.justj.openjdk.hotspot.jre.full.macosx.x86_64_17.0.4.v20221004-1257/jre/lib/libjava.dylib
0x00000001074be000 	/Users/jreastonmarks/.p2/pool/plugins/org.eclipse.justj.openjdk.hotspot.jre.full.macosx.x86_64_17.0.4.v20221004-1257/jre/lib/libzip.dylib
0x0000000107f6e000 	/Users/jreastonmarks/.p2/pool/plugins/org.eclipse.justj.openjdk.hotspot.jre.full.macosx.x86_64_17.0.4.v20221004-1257/jre/lib/libnio.dylib
0x0000000107f9d000 	/Users/jreastonmarks/.p2/pool/plugins/org.eclipse.justj.openjdk.hotspot.jre.full.macosx.x86_64_17.0.4.v20221004-1257/jre/lib/libnet.dylib
0x000000012da40000 	/private/var/folders/_p/m6x4kgz57tl496mjv9yzmr3m0000gn/T/opencv_openpnp16957206606704253036/nu/pattern/opencv/osx/x86_64/libopencv_java455.dylib
0x00007ff90aecb000 	/System/Library/Frameworks/AVFoundation.framework/Versions/A/AVFoundation
0x00007ffa22cf2000 	/System/Library/Frameworks/AVFAudio.framework/Versions/A/AVFAudio
0x00007ff81841e000 	/System/Library/PrivateFrameworks/AVFCore.framework/Versions/A/AVFCore
0x00007ff81f699000 	/System/Library/PrivateFrameworks/AVFCapture.framework/Versions/A/AVFCapture
0x00007ff8147c8000 	/System/Library/Frameworks/IOBluetooth.framework/Versions/A/IOBluetooth
0x00007ff817753000 	/System/Library/Frameworks/CoreBluetooth.framework/Versions/A/CoreBluetooth
0x00007ff81a742000 	/System/Library/Frameworks/AudioUnit.framework/Versions/A/AudioUnit
0x00007ff80f969000 	/System/Library/PrivateFrameworks/CoreUtils.framework/Versions/A/CoreUtils
0x00007ffb0a840000 	/System/Library/PrivateFrameworks/CoreUtilsExtras.framework/Versions/A/CoreUtilsExtras
0x00007ff909b3e000 	/System/Library/PrivateFrameworks/AirPlaySync.framework/Versions/A/AirPlaySync
0x00007ff812513000 	/System/Library/Frameworks/MediaToolbox.framework/Versions/A/MediaToolbox
0x00007ff817dbb000 	/System/Library/PrivateFrameworks/CoreAVCHD.framework/Versions/A/CoreAVCHD
0x00007ff816c90000 	/System/Library/Frameworks/MediaAccessibility.framework/Versions/A/MediaAccessibility
0x00007ff817db7000 	/System/Library/PrivateFrameworks/Mangrove.framework/Versions/A/Mangrove
0x00007ff80fb78000 	/System/Library/PrivateFrameworks/AssertionServices.framework/Versions/A/AssertionServices
0x00007ff816c9b000 	/System/Library/PrivateFrameworks/AlgosScoreFramework.framework/Versions/A/AlgosScoreFramework
0x00007ffb07b34000 	/System/Library/PrivateFrameworks/CMPhoto.framework/Versions/A/CMPhoto
0x00007ff81890f000 	/System/Library/PrivateFrameworks/AppleVPA.framework/Versions/A/AppleVPA
0x00007ff8179fc000 	/System/Library/PrivateFrameworks/CoreAUC.framework/Versions/A/CoreAUC
0x00007ffb07b1d000 	/System/Library/PrivateFrameworks/CMImaging.framework/Versions/A/CMImaging
0x00007ff81f7eb000 	/System/Library/PrivateFrameworks/Quagga.framework/Versions/A/Quagga
0x00007ff90554c000 	/System/Library/PrivateFrameworks/CMCapture.framework/Versions/A/CMCapture
0x00007ff81353a000 	/System/Library/Frameworks/CoreMediaIO.framework/Versions/A/CoreMediaIO
0x00007ff81a86a000 	/System/Library/PrivateFrameworks/Espresso.framework/Versions/A/Espresso
0x00007ff81a133000 	/System/Library/PrivateFrameworks/AppSupport.framework/Versions/A/AppSupport
0x00007ffa1126a000 	/System/Library/PrivateFrameworks/ANECompiler.framework/Versions/A/ANECompiler
0x00007ff81c4ba000 	/System/Library/PrivateFrameworks/AppleNeuralEngine.framework/Versions/A/AppleNeuralEngine
0x00007ffb0e0f3000 	/System/Library/PrivateFrameworks/MIL.framework/Versions/A/MIL
0x00007ffa240ee000 	/System/Library/Frameworks/MetalPerformanceShadersGraph.framework/Versions/A/MetalPerformanceShadersGraph
0x00007ff81b409000 	/System/Library/PrivateFrameworks/ANEServices.framework/Versions/A/ANEServices
0x00007ff813bb4000 	/System/Library/PrivateFrameworks/CorePhoneNumbers.framework/Versions/A/CorePhoneNumbers
0x00007ff80828c000 	/usr/lib/libsandbox.1.dylib
0x00007ff811162000 	/usr/lib/libMatch.1.dylib
0x00007ff90f92b000 	/usr/lib/libncurses.5.4.dylib
0x00007ff819dc2000 	/System/Library/PrivateFrameworks/BackBoardServices.framework/Versions/A/BackBoardServices
0x00007ff81860e000 	/System/Library/PrivateFrameworks/FrontBoardServices.framework/Versions/A/FrontBoardServices
0x00007ff81869f000 	/System/Library/PrivateFrameworks/BoardServices.framework/Versions/A/BoardServices
0x0000000115000000 	/System/Library/Components/AudioCodecs.component/Contents/MacOS/AudioCodecs
0x00007ff80814d000 	/System/Library/PrivateFrameworks/CoreServicesInternal.framework/Versions/A/CoreServicesInternal
0x00007ffa15b28000 	/System/Library/Extensions/AppleIntelHD5000GraphicsMTLDriver.bundle/Contents/MacOS/AppleIntelHD5000GraphicsMTLDriver
0x00007ff90bb7b000 	/System/Library/PrivateFrameworks/GPURawCounter.framework/Versions/A/GPURawCounter
0x00007ffa1fc8a000 	/System/Library/Frameworks/OpenCL.framework/Versions/A/Libraries/libcldcpuengine.dylib
0x00007ffa195d9000 	/System/Library/Extensions/AppleIntelHD5000GraphicsGLDriver.bundle/Contents/MacOS/AppleIntelHD5000GraphicsGLDriver
0x00007ffa1e694000 	/System/Library/Frameworks/OpenGL.framework/Versions/A/Libraries/libGLProgrammability.dylib
0x00007ff915cfb000 	/System/Library/PrivateFrameworks/GPUSupport.framework/Versions/A/Libraries/libGPUSupportMercury.dylib
0x00007ffa1e9b8000 	/System/Library/Frameworks/OpenGL.framework/Versions/A/Resources/GLRendererFloat.bundle/GLRendererFloat
0x0000000115708000 	/Users/jreastonmarks/.p2/pool/plugins/org.eclipse.justj.openjdk.hotspot.jre.full.macosx.x86_64_17.0.4.v20221004-1257/jre/lib/libawt.dylib
0x00000001157c7000 	/Users/jreastonmarks/.p2/pool/plugins/org.eclipse.justj.openjdk.hotspot.jre.full.macosx.x86_64_17.0.4.v20221004-1257/jre/lib/libmlib_image.dylib
0x00007ffa24044000 	/System/Library/Frameworks/JavaRuntimeSupport.framework/Versions/A/JavaRuntimeSupport
0x00007ff90abd7000 	/System/Library/Frameworks/Carbon.framework/Versions/A/Carbon
0x00007ff818a74000 	/System/Library/PrivateFrameworks/CoreSymbolication.framework/Versions/A/CoreSymbolication
0x00007ff81dfd9000 	/System/Library/Frameworks/Carbon.framework/Versions/A/Frameworks/CommonPanels.framework/Versions/A/CommonPanels
0x00007ff81a0a9000 	/System/Library/Frameworks/Carbon.framework/Versions/A/Frameworks/Help.framework/Versions/A/Help
0x00007ff81dfdd000 	/System/Library/Frameworks/Carbon.framework/Versions/A/Frameworks/ImageCapture.framework/Versions/A/ImageCapture
0x00007ff81dfad000 	/System/Library/Frameworks/Carbon.framework/Versions/A/Frameworks/OpenScripting.framework/Versions/A/OpenScripting
0x00007ff81dfd5000 	/System/Library/Frameworks/Carbon.framework/Versions/A/Frameworks/Ink.framework/Versions/A/Ink
0x00007ff90abd3000 	/System/Library/Frameworks/Carbon.framework/Versions/A/Frameworks/Print.framework/Versions/A/Print
0x00007ff81dfd1000 	/System/Library/Frameworks/Carbon.framework/Versions/A/Frameworks/SecurityHI.framework/Versions/A/SecurityHI
0x00007ff818a39000 	/System/Library/PrivateFrameworks/DebugSymbols.framework/Versions/A/DebugSymbols
0x000000012bc33000 	/Users/jreastonmarks/.p2/pool/plugins/org.eclipse.justj.openjdk.hotspot.jre.full.macosx.x86_64_17.0.4.v20221004-1257/jre/lib/libawt_lwawt.dylib
0x0000000113f6b000 	/Users/jreastonmarks/.p2/pool/plugins/org.eclipse.justj.openjdk.hotspot.jre.full.macosx.x86_64_17.0.4.v20221004-1257/jre/lib/libosxapp.dylib
0x00007ff909ea1000 	/System/Library/Frameworks/ExceptionHandling.framework/Versions/A/ExceptionHandling
0x000000012bee8000 	/Users/jreastonmarks/.p2/pool/plugins/org.eclipse.justj.openjdk.hotspot.jre.full.macosx.x86_64_17.0.4.v20221004-1257/jre/lib/libfontmanager.dylib
0x0000000115906000 	/Users/jreastonmarks/.p2/pool/plugins/org.eclipse.justj.openjdk.hotspot.jre.full.macosx.x86_64_17.0.4.v20221004-1257/jre/lib/libfreetype.dylib
0x00007ff817deb000 	/System/Library/Frameworks/FileProvider.framework/Versions/A/FileProvider
0x00007ff80bdef000 	/System/Library/Frameworks/Accounts.framework/Versions/A/Accounts
0x00007ff817f64000 	/System/Library/PrivateFrameworks/GenerationalStorage.framework/Versions/A/GenerationalStorage
0x00007ff8177ef000 	/System/Library/PrivateFrameworks/SymptomDiagnosticReporter.framework/Versions/A/SymptomDiagnosticReporter
0x00007ff80940e000 	/System/Library/PrivateFrameworks/DesktopServicesPriv.framework/Versions/A/DesktopServicesPriv
0x00007ff80d13b000 	/System/Library/PrivateFrameworks/UserManagement.framework/Versions/A/UserManagement
0x00007ff81375a000 	/System/Library/PrivateFrameworks/NetAuth.framework/Versions/A/NetAuth
0x00007ff814669000 	/System/Library/PrivateFrameworks/Sharing.framework/Versions/A/Sharing
0x00007ff80d10e000 	/System/Library/PrivateFrameworks/login.framework/Versions/A/Frameworks/loginsupport.framework/Versions/A/loginsupport
0x00007ff819bd7000 	/System/Library/PrivateFrameworks/Apple80211.framework/Versions/A/Apple80211
0x00007ff810314000 	/System/Library/PrivateFrameworks/AuthKit.framework/Versions/A/AuthKit
0x00007ff80f890000 	/System/Library/Frameworks/CoreWLAN.framework/Versions/A/CoreWLAN
0x00007ff819c3f000 	/System/Library/PrivateFrameworks/CoreWiFi.framework/Versions/A/CoreWiFi
0x00007ff813478000 	/System/Library/PrivateFrameworks/MultiverseSupport.framework/Versions/A/MultiverseSupport
0x00007ff81a036000 	/System/Library/PrivateFrameworks/RemoteServiceDiscovery.framework/Versions/A/RemoteServiceDiscovery
0x00007ff81790c000 	/System/Library/PrivateFrameworks/DiskManagement.framework/Versions/A/DiskManagement
0x00007ff817820000 	/System/Library/PrivateFrameworks/AppleIDAuthSupport.framework/Versions/A/AppleIDAuthSupport
0x00007ffb05f58000 	/System/Library/PrivateFrameworks/AAAFoundation.framework/Versions/A/AAAFoundation
0x00007ff813b95000 	/System/Library/PrivateFrameworks/KeychainCircle.framework/Versions/A/KeychainCircle
0x00007ff81a046000 	/System/Library/PrivateFrameworks/RemoteXPC.framework/Versions/A/RemoteXPC
0x00007ff8178d8000 	/System/Library/PrivateFrameworks/MediaKit.framework/Versions/A/MediaKit
0x00007ff81782c000 	/System/Library/Frameworks/DiscRecording.framework/Versions/A/DiscRecording
0x00007ff81116a000 	/usr/lib/libCoreStorage.dylib
0x00007ff81a0b1000 	/usr/lib/libcsfde.dylib
0x00007ff814895000 	/System/Library/PrivateFrameworks/ProtectedCloudStorage.framework/Versions/A/ProtectedCloudStorage
0x00007ff81a0ad000 	/System/Library/PrivateFrameworks/EFILogin.framework/Versions/A/EFILogin
0x00007ff817f8a000 	/System/Library/PrivateFrameworks/OctagonTrust.framework/Versions/A/OctagonTrust
0x00007ff91295b000 	/System/Library/CoreServices/RawCamera.bundle/Contents/MacOS/RawCamera
0x00007ff813b33000 	/System/Library/PrivateFrameworks/MobileAsset.framework/Versions/A/MobileAsset
0x00007ff81a769000 	/System/Library/PrivateFrameworks/StreamingZip.framework/Versions/A/StreamingZip
0x00007ff910184000 	/System/Library/Frameworks/Accelerate.framework/Versions/A/Frameworks/vImage.framework/Versions/A/Libraries/libCGInterfaces.dylib
0x00000001158c3000 	/usr/lib/libobjc-trampolines.dylib
0x00007ff80ce33000 	/System/Library/PrivateFrameworks/ViewBridge.framework/Versions/A/ViewBridge
0x00007ff81102d000 	/System/Library/PrivateFrameworks/CrashReporterSupport.framework/Versions/A/CrashReporterSupport
0x00007ff917b9c000 	/System/Library/PrivateFrameworks/OSAnalytics.framework/Versions/A/OSAnalytics
0x00007ff922d4e000 	/System/Library/PrivateFrameworks/Symbolication.framework/Versions/A/Symbolication
0x00007ff90bb3d000 	/System/Library/PrivateFrameworks/MallocStackLogging.framework/Versions/A/MallocStackLogging
0x00007ffa1e82e000 	/System/Library/Frameworks/OpenGL.framework/Versions/A/Resources/GLEngine.bundle/GLEngine
0x00007ff8118b8000 	/System/Library/PrivateFrameworks/login.framework/Versions/A/login
0x0000000132d91000 	/Users/jreastonmarks/.p2/pool/plugins/org.eclipse.justj.openjdk.hotspot.jre.full.macosx.x86_64_17.0.4.v20221004-1257/jre/lib/libosxui.dylib


VM Arguments:
jvm_args: -Dfile.encoding=UTF-8 -XX:+ShowCodeDetailsInExceptionMessages 
java_command: edu.uh.compsci.eastonmark.jeremy.biovision.BioVision /Users/jreastonmarks/Downloads/haarcascade_car.xml /Users/jreastonmarks/Downloads/videoplayback.mp4
java_class_path (initial): /Users/jreastonmarks/Library/CloudStorage/GoogleDrive-coachjeremyeastonmarks@gmail.com/My Drive/UH/RCE/src/biovision/target/classes:/Users/jreastonmarks/.m2/repository/org/openpnp/opencv/4.5.5-1/opencv-4.5.5-1.jar
Launcher Type: SUN_STANDARD

[Global flags]
     intx CICompilerCount                          = 4                                         {product} {ergonomic}
     uint ConcGCThreads                            = 2                                         {product} {ergonomic}
     uint G1ConcRefinementThreads                  = 8                                         {product} {ergonomic}
   size_t G1HeapRegionSize                         = 2097152                                   {product} {ergonomic}
    uintx GCDrainStackTargetSize                   = 64                                        {product} {ergonomic}
   size_t InitialHeapSize                          = 268435456                                 {product} {ergonomic}
   size_t MarkStackSize                            = 4194304                                   {product} {ergonomic}
   size_t MaxHeapSize                              = 4294967296                                {product} {ergonomic}
   size_t MaxNewSize                               = 2575302656                                {product} {ergonomic}
   size_t MinHeapDeltaBytes                        = 2097152                                   {product} {ergonomic}
   size_t MinHeapSize                              = 8388608                                   {product} {ergonomic}
    uintx NonNMethodCodeHeapSize                   = 5839372                                {pd product} {ergonomic}
    uintx NonProfiledCodeHeapSize                  = 122909434                              {pd product} {ergonomic}
    uintx ProfiledCodeHeapSize                     = 122909434                              {pd product} {ergonomic}
    uintx ReservedCodeCacheSize                    = 251658240                              {pd product} {ergonomic}
     bool SegmentedCodeCache                       = true                                      {product} {ergonomic}
     bool ShowCodeDetailsInExceptionMessages       = true                                   {manageable} {command line}
   size_t SoftMaxHeapSize                          = 4294967296                             {manageable} {ergonomic}
     bool UseCompressedClassPointers               = true                           {product lp64_product} {ergonomic}
     bool UseCompressedOops                        = true                           {product lp64_product} {ergonomic}
     bool UseG1GC                                  = true                                      {product} {ergonomic}
     bool UseNUMA                                  = false                                     {product} {ergonomic}
     bool UseNUMAInterleaving                      = false                                     {product} {ergonomic}

Logging:
Log output configuration:
 #0: stdout all=warning uptime,level,tags
 #1: stderr all=off uptime,level,tags

Environment Variables:
PATH=/usr/bin:/bin:/usr/sbin:/sbin
SHELL=/bin/bash
TMPDIR=/var/folders/_p/m6x4kgz57tl496mjv9yzmr3m0000gn/T/

Signal Handlers:
   SIGSEGV: crash_handler in libjvm.dylib, mask=11100110000111110111111111111111, flags=SA_RESTART|SA_SIGINFO
    SIGBUS: crash_handler in libjvm.dylib, mask=11100110000111110111111111111111, flags=SA_RESTART|SA_SIGINFO
    SIGFPE: crash_handler in libjvm.dylib, mask=11100110000111110111111111111111, flags=SA_RESTART|SA_SIGINFO
   SIGPIPE: javaSignalHandler in libjvm.dylib, mask=11100110000111110111111111111111, flags=SA_RESTART|SA_SIGINFO
   SIGXFSZ: javaSignalHandler in libjvm.dylib, mask=11100110000111110111111111111111, flags=SA_RESTART|SA_SIGINFO
    SIGILL: crash_handler in libjvm.dylib, mask=11100110000111110111111111111111, flags=SA_RESTART|SA_SIGINFO
   SIGUSR2: SR_handler in libjvm.dylib, mask=00100000000000000000000000000000, flags=SA_RESTART|SA_SIGINFO
    SIGHUP: UserHandler in libjvm.dylib, mask=11100110000111110111111111111111, flags=SA_RESTART|SA_SIGINFO
    SIGINT: UserHandler in libjvm.dylib, mask=11100110000111110111111111111111, flags=SA_RESTART|SA_SIGINFO
   SIGTERM: UserHandler in libjvm.dylib, mask=11100110000111110111111111111111, flags=SA_RESTART|SA_SIGINFO
   SIGQUIT: UserHandler in libjvm.dylib, mask=11100110000111110111111111111111, flags=SA_RESTART|SA_SIGINFO
  *** Handler was modified!
  *** Expected: javaSignalHandler in libjvm.dylib, mask=11100110100111111111111111111111, flags=SA_RESTART|SA_SIGINFO
   SIGTRAP: crash_handler in libjvm.dylib, mask=11100110000111110111111111111111, flags=SA_RESTART|SA_SIGINFO


---------------  S Y S T E M  ---------------

OS:
uname: Darwin 21.6.0 Darwin Kernel Version 21.6.0: Mon Aug 22 20:17:10 PDT 2022; root:xnu-8020.140.49~2/RELEASE_X86_64 x86_64
OS uptime: 22 days 0:02 hours
rlimit (soft/hard): STACK 8192k/65532k , CORE 0k/infinity , NPROC 2784/4176 , NOFILE 10240/infinity , AS infinity/infinity , CPU infinity/infinity , DATA infinity/infinity , FSIZE infinity/infinity , MEMLOCK infinity/infinity , RSS infinity/infinity
load average: 4.75 4.42 4.56

CPU: total 8 (initial active 8) (4 cores per cpu, 2 threads per core) family 6 model 70 stepping 1 microcode 0x1c, cx8, cmov, fxsr, ht, mmx, sse, sse2, sse3, ssse3, sse4.1, sse4.2, popcnt, lzcnt, tsc, tscinvbit, avx, avx2, aes, erms, clmul, bmi1, bmi2, fma, vzeroupper, clflush

Memory: 4k page, physical 16777216k(71572k free), swap 5242880k(1226240k free)

vm_info: OpenJDK 64-Bit Server VM (17.0.4.1+1) for bsd-amd64 JRE (17.0.4.1+1), built on Aug 17 2022 13:35:43 by "temurin" with clang 4.2.1 Compatible Apple LLVM 10.0.1 (clang-1001.0.46.4)

END.
